
RAxML-NG v. 1.1.0 released on 29.11.2021 by The Exelixis Lab.
Developed by: Alexey M. Kozlov and Alexandros Stamatakis.
Contributors: Diego Darriba, Tomas Flouri, Benoit Morel, Sarah Lutteropp, Ben Bettisworth.
Latest version: https://github.com/amkozlov/raxml-ng
Questions/problems/suggestions? Please visit: https://groups.google.com/forum/#!forum/raxml

System: Intel(R) Xeon(R) Gold 6240 CPU @ 2.60GHz, 36 cores, 376 GB RAM

RAxML-NG was called at 06-May-2022 15:46:25 as follows:

/project/maize_ga1/bin/raxml-ng --all --msa aln1.fa --model GTR+G --prefix O1 --seed 2 --threads 2 --bs-metric fbp,tbe

Analysis options:
  run mode: ML tree search + bootstrapping (Felsenstein Bootstrap + Transfer Bootstrap)
  start tree(s): random (10) + parsimony (10)
  bootstrap replicates: max: 1000 + bootstopping (autoMRE, cutoff: 0.030000)
  random seed: 2
  tip-inner: OFF
  pattern compression: ON
  per-rate scalers: OFF
  site repeats: ON
  branch lengths: proportional (ML estimate, algorithm: NR-FAST)
  SIMD kernels: AVX2
  parallelization: coarse-grained (auto), PTHREADS (2 threads), thread pinning: OFF

[00:00:00] Reading alignment from file: aln1.fa
[00:00:00] Loaded alignment with 18 taxa and 1351 sites

Alignment comprises 1 partitions and 250 patterns

Partition 0: noname
Model: GTR+FO+G4m
Alignment sites / patterns: 1351 / 250
Gaps: 6.95 %
Invariant sites: 60.10 %


NOTE: Binary MSA file created: O1.raxml.rba

Parallelization scheme autoconfig: 2 worker(s) x 1 thread(s)

Parallel reduction/worker buffer size: 1 KB  / 0 KB

[00:00:00] Generating 10 random starting tree(s) with 18 taxa
[00:00:00] Generating 10 parsimony starting tree(s) with 18 taxa
[00:00:00] Data distribution: max. partitions/sites/weight per thread: 1 / 250 / 4000
[00:00:00] Data distribution: max. searches per worker: 510

Starting ML tree search with 20 distinct starting trees

[00:00:01] [worker #1] ML tree search #2, logLikelihood: -4752.194686
[00:00:01] [worker #0] ML tree search #1, logLikelihood: -4752.154908
[00:00:02] [worker #1] ML tree search #4, logLikelihood: -4752.198446
[00:00:02] [worker #0] ML tree search #3, logLikelihood: -4752.156624
[00:00:02] [worker #1] ML tree search #6, logLikelihood: -4752.154844
[00:00:03] [worker #0] ML tree search #5, logLikelihood: -4752.192448
[00:00:03] [worker #1] ML tree search #8, logLikelihood: -4752.190486
[00:00:04] [worker #0] ML tree search #7, logLikelihood: -4752.161597
[00:00:04] [worker #1] ML tree search #10, logLikelihood: -4752.207506
[00:00:04] [worker #1] ML tree search #12, logLikelihood: -4752.186014
[00:00:05] [worker #0] ML tree search #9, logLikelihood: -4752.154214
[00:00:05] [worker #1] ML tree search #14, logLikelihood: -4752.148893
[00:00:05] [worker #0] ML tree search #11, logLikelihood: -4752.185958
[00:00:06] [worker #1] ML tree search #16, logLikelihood: -4752.148970
[00:00:06] [worker #0] ML tree search #13, logLikelihood: -4752.186714
[00:00:07] [worker #1] ML tree search #18, logLikelihood: -4752.148934
[00:00:07] [worker #0] ML tree search #15, logLikelihood: -4752.148945
[00:00:08] [worker #1] ML tree search #20, logLikelihood: -4752.148853
[00:00:08] [worker #0] ML tree search #17, logLikelihood: -4752.150895
[00:00:09] [worker #0] ML tree search #19, logLikelihood: -4752.148957

[00:00:09] ML tree search completed, best tree logLH: -4752.148853

[00:00:09] Starting bootstrapping analysis with 1000 replicates.

[00:00:10] [worker #0] Bootstrap tree #1, logLikelihood: -4806.624881
[00:00:10] [worker #1] Bootstrap tree #2, logLikelihood: -4672.117459
[00:00:10] [worker #1] Bootstrap tree #4, logLikelihood: -4708.665267
[00:00:10] [worker #0] Bootstrap tree #3, logLikelihood: -4732.166946
[00:00:11] [worker #1] Bootstrap tree #6, logLikelihood: -4680.498864
[00:00:11] [worker #1] Bootstrap tree #8, logLikelihood: -4738.034610
[00:00:11] [worker #0] Bootstrap tree #5, logLikelihood: -4546.319921
[00:00:11] [worker #1] Bootstrap tree #10, logLikelihood: -4627.965416
[00:00:12] [worker #0] Bootstrap tree #7, logLikelihood: -4648.421246
[00:00:12] [worker #1] Bootstrap tree #12, logLikelihood: -4754.836828
[00:00:12] [worker #0] Bootstrap tree #9, logLikelihood: -4633.312775
[00:00:12] [worker #1] Bootstrap tree #14, logLikelihood: -4827.034576
[00:00:12] [worker #0] Bootstrap tree #11, logLikelihood: -4692.746260
[00:00:13] [worker #1] Bootstrap tree #16, logLikelihood: -4574.732481
[00:00:13] [worker #1] Bootstrap tree #18, logLikelihood: -4698.272576
[00:00:13] [worker #0] Bootstrap tree #13, logLikelihood: -4652.142714
[00:00:13] [worker #1] Bootstrap tree #20, logLikelihood: -4794.218083
[00:00:13] [worker #0] Bootstrap tree #15, logLikelihood: -4660.667267
[00:00:13] [worker #1] Bootstrap tree #22, logLikelihood: -4628.176936
[00:00:14] [worker #0] Bootstrap tree #17, logLikelihood: -4665.141808
[00:00:14] [worker #1] Bootstrap tree #24, logLikelihood: -4844.489580
[00:00:14] [worker #0] Bootstrap tree #19, logLikelihood: -4666.035051
[00:00:14] [worker #1] Bootstrap tree #26, logLikelihood: -4630.165158
[00:00:15] [worker #1] Bootstrap tree #28, logLikelihood: -4711.209962
[00:00:15] [worker #0] Bootstrap tree #21, logLikelihood: -4618.782245
[00:00:15] [worker #1] Bootstrap tree #30, logLikelihood: -4808.176175
[00:00:15] [worker #0] Bootstrap tree #23, logLikelihood: -4859.483599
[00:00:15] [worker #1] Bootstrap tree #32, logLikelihood: -4603.634084
[00:00:16] [worker #0] Bootstrap tree #25, logLikelihood: -4822.426134
[00:00:16] [worker #1] Bootstrap tree #34, logLikelihood: -4584.301210
[00:00:16] [worker #0] Bootstrap tree #27, logLikelihood: -4768.083228
[00:00:16] [worker #1] Bootstrap tree #36, logLikelihood: -4682.330890
[00:00:16] [worker #0] Bootstrap tree #29, logLikelihood: -4949.280222
[00:00:17] [worker #1] Bootstrap tree #38, logLikelihood: -4565.295526
[00:00:17] [worker #0] Bootstrap tree #31, logLikelihood: -4647.926927
[00:00:17] [worker #1] Bootstrap tree #40, logLikelihood: -4715.851501
[00:00:17] [worker #1] Bootstrap tree #42, logLikelihood: -4989.593737
[00:00:17] [worker #0] Bootstrap tree #33, logLikelihood: -4832.625922
[00:00:18] [worker #1] Bootstrap tree #44, logLikelihood: -4660.600671
[00:00:18] [worker #0] Bootstrap tree #35, logLikelihood: -4812.448688
[00:00:18] [worker #1] Bootstrap tree #46, logLikelihood: -4791.320227
[00:00:18] [worker #1] Bootstrap tree #48, logLikelihood: -4790.193638
[00:00:18] [worker #0] Bootstrap tree #37, logLikelihood: -4618.520856
[00:00:19] [worker #1] Bootstrap tree #50, logLikelihood: -4688.971587
[00:00:19] [worker #0] Bootstrap tree #39, logLikelihood: -4709.807717
[00:00:19] [worker #0] Bootstrap tree #41, logLikelihood: -4601.546473
[00:00:20] [worker #0] Bootstrap tree #43, logLikelihood: -4657.169673
[00:00:20] [worker #0] Bootstrap tree #45, logLikelihood: -4621.487756
[00:00:21] [worker #0] Bootstrap tree #47, logLikelihood: -4787.188291
[00:00:21] [worker #0] Bootstrap tree #49, logLikelihood: -4652.174437
[00:00:22] [worker #1] Bootstrap tree #52, logLikelihood: -4828.924007
[00:00:22] [worker #0] Bootstrap tree #51, logLikelihood: -4818.223067
[00:00:22] [worker #1] Bootstrap tree #54, logLikelihood: -4653.921755
[00:00:22] [worker #0] Bootstrap tree #53, logLikelihood: -4779.522506
[00:00:23] [worker #1] Bootstrap tree #56, logLikelihood: -4825.900193
[00:00:23] [worker #0] Bootstrap tree #55, logLikelihood: -4760.522760
[00:00:23] [worker #1] Bootstrap tree #58, logLikelihood: -4720.506974
[00:00:23] [worker #0] Bootstrap tree #57, logLikelihood: -4678.932611
[00:00:23] [worker #1] Bootstrap tree #60, logLikelihood: -4467.533968
[00:00:24] [worker #0] Bootstrap tree #59, logLikelihood: -4764.654152
[00:00:24] [worker #1] Bootstrap tree #62, logLikelihood: -4688.838474
[00:00:24] [worker #0] Bootstrap tree #61, logLikelihood: -4696.912183
[00:00:24] [worker #1] Bootstrap tree #64, logLikelihood: -4640.486323
[00:00:24] [worker #1] Bootstrap tree #66, logLikelihood: -4652.917077
[00:00:25] [worker #0] Bootstrap tree #63, logLikelihood: -4672.991859
[00:00:25] [worker #0] Bootstrap tree #65, logLikelihood: -4663.437186
[00:00:25] [worker #1] Bootstrap tree #68, logLikelihood: -4770.339364
[00:00:25] [worker #0] Bootstrap tree #67, logLikelihood: -4577.976672
[00:00:26] [worker #1] Bootstrap tree #70, logLikelihood: -4615.241916
[00:00:26] [worker #0] Bootstrap tree #69, logLikelihood: -4660.180515
[00:00:26] [worker #1] Bootstrap tree #72, logLikelihood: -4671.346530
[00:00:26] [worker #1] Bootstrap tree #74, logLikelihood: -4873.489620
[00:00:26] [worker #0] Bootstrap tree #71, logLikelihood: -4725.507454
[00:00:27] [worker #1] Bootstrap tree #76, logLikelihood: -4754.116509
[00:00:27] [worker #0] Bootstrap tree #73, logLikelihood: -4731.481734
[00:00:27] [worker #1] Bootstrap tree #78, logLikelihood: -4677.388536
[00:00:27] [worker #1] Bootstrap tree #80, logLikelihood: -4497.247241
[00:00:28] [worker #0] Bootstrap tree #75, logLikelihood: -4694.720524
[00:00:28] [worker #1] Bootstrap tree #82, logLikelihood: -4692.441588
[00:00:28] [worker #0] Bootstrap tree #77, logLikelihood: -4745.450677
[00:00:28] [worker #1] Bootstrap tree #84, logLikelihood: -4684.132616
[00:00:28] [worker #0] Bootstrap tree #79, logLikelihood: -4608.576467
[00:00:29] [worker #1] Bootstrap tree #86, logLikelihood: -4838.863499
[00:00:29] [worker #1] Bootstrap tree #88, logLikelihood: -4670.604429
[00:00:29] [worker #0] Bootstrap tree #81, logLikelihood: -4505.280535
[00:00:29] [worker #1] Bootstrap tree #90, logLikelihood: -4729.671018
[00:00:30] [worker #0] Bootstrap tree #83, logLikelihood: -4617.624687
[00:00:30] [worker #1] Bootstrap tree #92, logLikelihood: -4566.248697
[00:00:30] [worker #0] Bootstrap tree #85, logLikelihood: -4641.581913
[00:00:30] [worker #1] Bootstrap tree #94, logLikelihood: -4797.912163
[00:00:31] [worker #0] Bootstrap tree #87, logLikelihood: -4707.902193
[00:00:31] [worker #1] Bootstrap tree #96, logLikelihood: -4682.948602
[00:00:31] [worker #1] Bootstrap tree #98, logLikelihood: -4597.726801
[00:00:31] [worker #0] Bootstrap tree #89, logLikelihood: -4720.408761
[00:00:31] [worker #1] Bootstrap tree #100, logLikelihood: -4576.238326
[00:00:32] [worker #0] Bootstrap tree #91, logLikelihood: -4714.890126
[00:00:32] [worker #0] Bootstrap tree #93, logLikelihood: -4708.636990
[00:00:32] [worker #0] Bootstrap tree #95, logLikelihood: -4778.483168
[00:00:33] [worker #0] Bootstrap tree #97, logLikelihood: -4708.852593
[00:00:33] [worker #0] Bootstrap tree #99, logLikelihood: -4857.660743
[00:00:34] [worker #1] Bootstrap tree #102, logLikelihood: -4784.060124
[00:00:34] [worker #0] Bootstrap tree #101, logLikelihood: -4652.131680
[00:00:34] [worker #1] Bootstrap tree #104, logLikelihood: -4667.947943
[00:00:34] [worker #0] Bootstrap tree #103, logLikelihood: -4770.586752
[00:00:35] [worker #1] Bootstrap tree #106, logLikelihood: -4767.482102
[00:00:35] [worker #0] Bootstrap tree #105, logLikelihood: -4548.040482
[00:00:35] [worker #1] Bootstrap tree #108, logLikelihood: -4780.809065
[00:00:35] [worker #1] Bootstrap tree #110, logLikelihood: -4773.337854
[00:00:36] [worker #0] Bootstrap tree #107, logLikelihood: -4745.187666
[00:00:36] [worker #1] Bootstrap tree #112, logLikelihood: -4640.731466
[00:00:36] [worker #0] Bootstrap tree #109, logLikelihood: -4593.712525
[00:00:36] [worker #1] Bootstrap tree #114, logLikelihood: -4680.273322
[00:00:37] [worker #0] Bootstrap tree #111, logLikelihood: -4834.597888
[00:00:37] [worker #1] Bootstrap tree #116, logLikelihood: -4697.854075
[00:00:37] [worker #1] Bootstrap tree #118, logLikelihood: -4876.469254
[00:00:37] [worker #0] Bootstrap tree #113, logLikelihood: -4662.105858
[00:00:38] [worker #1] Bootstrap tree #120, logLikelihood: -4770.354278
[00:00:38] [worker #0] Bootstrap tree #115, logLikelihood: -4730.704073
[00:00:38] [worker #1] Bootstrap tree #122, logLikelihood: -4714.013526
[00:00:38] [worker #0] Bootstrap tree #117, logLikelihood: -4686.725755
[00:00:38] [worker #1] Bootstrap tree #124, logLikelihood: -4780.300811
[00:00:39] [worker #0] Bootstrap tree #119, logLikelihood: -4695.493347
[00:00:39] [worker #1] Bootstrap tree #126, logLikelihood: -4825.721081
[00:00:39] [worker #1] Bootstrap tree #128, logLikelihood: -4718.064250
[00:00:39] [worker #0] Bootstrap tree #121, logLikelihood: -4947.956007
[00:00:40] [worker #1] Bootstrap tree #130, logLikelihood: -4663.906838
[00:00:40] [worker #0] Bootstrap tree #123, logLikelihood: -4811.498892
[00:00:40] [worker #1] Bootstrap tree #132, logLikelihood: -4743.469652
[00:00:40] [worker #0] Bootstrap tree #125, logLikelihood: -4797.999030
[00:00:40] [worker #1] Bootstrap tree #134, logLikelihood: -4653.054012
[00:00:41] [worker #0] Bootstrap tree #127, logLikelihood: -4603.597540
[00:00:41] [worker #1] Bootstrap tree #136, logLikelihood: -4725.670696
[00:00:41] [worker #0] Bootstrap tree #129, logLikelihood: -4684.460968
[00:00:41] [worker #1] Bootstrap tree #138, logLikelihood: -4671.830046
[00:00:41] [worker #1] Bootstrap tree #140, logLikelihood: -4646.226439
[00:00:41] [worker #0] Bootstrap tree #131, logLikelihood: -4797.045005
[00:00:42] [worker #1] Bootstrap tree #142, logLikelihood: -4654.255004
[00:00:42] [worker #0] Bootstrap tree #133, logLikelihood: -4736.663149
[00:00:42] [worker #1] Bootstrap tree #144, logLikelihood: -4829.319325
[00:00:42] [worker #0] Bootstrap tree #135, logLikelihood: -4505.611592
[00:00:43] [worker #1] Bootstrap tree #146, logLikelihood: -4758.198305
[00:00:43] [worker #0] Bootstrap tree #137, logLikelihood: -4625.178063
[00:00:43] [worker #1] Bootstrap tree #148, logLikelihood: -4714.129542
[00:00:43] [worker #0] Bootstrap tree #139, logLikelihood: -4549.660179
[00:00:43] [worker #1] Bootstrap tree #150, logLikelihood: -4552.266737
[00:00:44] [worker #0] Bootstrap tree #141, logLikelihood: -4576.328050
[00:00:44] [worker #0] Bootstrap tree #143, logLikelihood: -4816.369083
[00:00:44] [worker #0] Bootstrap tree #145, logLikelihood: -4639.800584
[00:00:45] [worker #0] Bootstrap tree #147, logLikelihood: -4919.842299
[00:00:45] [worker #0] Bootstrap tree #149, logLikelihood: -4699.283373
[00:00:46] [worker #1] Bootstrap tree #152, logLikelihood: -4478.698119
[00:00:46] [worker #0] Bootstrap tree #151, logLikelihood: -4739.684725
[00:00:46] [worker #1] Bootstrap tree #154, logLikelihood: -4895.530815
[00:00:46] [worker #0] Bootstrap tree #153, logLikelihood: -4706.091521
[00:00:47] [worker #1] Bootstrap tree #156, logLikelihood: -4736.329064
[00:00:47] [worker #0] Bootstrap tree #155, logLikelihood: -4551.822862
[00:00:47] [worker #1] Bootstrap tree #158, logLikelihood: -4642.772896
[00:00:47] [worker #1] Bootstrap tree #160, logLikelihood: -4685.722856
[00:00:47] [worker #0] Bootstrap tree #157, logLikelihood: -4806.861680
[00:00:48] [worker #1] Bootstrap tree #162, logLikelihood: -4959.120351
[00:00:48] [worker #0] Bootstrap tree #159, logLikelihood: -4754.453788
[00:00:48] [worker #1] Bootstrap tree #164, logLikelihood: -4611.772643
[00:00:48] [worker #0] Bootstrap tree #161, logLikelihood: -4730.106851
[00:00:48] [worker #1] Bootstrap tree #166, logLikelihood: -4769.686804
[00:00:49] [worker #0] Bootstrap tree #163, logLikelihood: -4713.716724
[00:00:49] [worker #1] Bootstrap tree #168, logLikelihood: -4693.510442
[00:00:49] [worker #0] Bootstrap tree #165, logLikelihood: -4555.045775
[00:00:49] [worker #1] Bootstrap tree #170, logLikelihood: -4560.756338
[00:00:50] [worker #0] Bootstrap tree #167, logLikelihood: -4615.783147
[00:00:50] [worker #1] Bootstrap tree #172, logLikelihood: -4752.492674
[00:00:50] [worker #1] Bootstrap tree #174, logLikelihood: -4675.732883
[00:00:50] [worker #0] Bootstrap tree #169, logLikelihood: -4785.101930
[00:00:50] [worker #0] Bootstrap tree #171, logLikelihood: -4667.330159
[00:00:51] [worker #1] Bootstrap tree #176, logLikelihood: -4732.107291
[00:00:51] [worker #1] Bootstrap tree #178, logLikelihood: -4641.505080
[00:00:51] [worker #0] Bootstrap tree #173, logLikelihood: -4795.501952
[00:00:51] [worker #1] Bootstrap tree #180, logLikelihood: -4455.653309
[00:00:51] [worker #0] Bootstrap tree #175, logLikelihood: -4720.389541
[00:00:52] [worker #1] Bootstrap tree #182, logLikelihood: -4831.284807
[00:00:52] [worker #0] Bootstrap tree #177, logLikelihood: -4738.345894
[00:00:52] [worker #1] Bootstrap tree #184, logLikelihood: -4660.852508
[00:00:52] [worker #0] Bootstrap tree #179, logLikelihood: -4671.271309
[00:00:53] [worker #1] Bootstrap tree #186, logLikelihood: -4779.744895
[00:00:53] [worker #0] Bootstrap tree #181, logLikelihood: -4659.240313
[00:00:53] [worker #1] Bootstrap tree #188, logLikelihood: -4781.463393
[00:00:53] [worker #0] Bootstrap tree #183, logLikelihood: -4778.074432
[00:00:53] [worker #1] Bootstrap tree #190, logLikelihood: -4668.313584
[00:00:54] [worker #1] Bootstrap tree #192, logLikelihood: -4635.382898
[00:00:54] [worker #0] Bootstrap tree #185, logLikelihood: -4785.728057
[00:00:54] [worker #1] Bootstrap tree #194, logLikelihood: -4715.934860
[00:00:54] [worker #0] Bootstrap tree #187, logLikelihood: -4756.390366
[00:00:54] [worker #1] Bootstrap tree #196, logLikelihood: -4923.138428
[00:00:54] [worker #0] Bootstrap tree #189, logLikelihood: -4658.348734
[00:00:55] [worker #1] Bootstrap tree #198, logLikelihood: -4600.481478
[00:00:55] [worker #0] Bootstrap tree #191, logLikelihood: -4642.372727
[00:00:55] [worker #1] Bootstrap tree #200, logLikelihood: -4617.840225
[00:00:55] [worker #0] Bootstrap tree #193, logLikelihood: -4716.863476
[00:00:56] [worker #0] Bootstrap tree #195, logLikelihood: -4767.800157
[00:00:56] [worker #0] Bootstrap tree #197, logLikelihood: -4690.427840
[00:00:57] [worker #0] Bootstrap tree #199, logLikelihood: -4572.426214
[00:00:57] [worker #1] Bootstrap tree #202, logLikelihood: -4486.006733
[00:00:57] [worker #0] Bootstrap tree #201, logLikelihood: -4913.954853
[00:00:57] [worker #1] Bootstrap tree #204, logLikelihood: -4714.289935
[00:00:58] [worker #0] Bootstrap tree #203, logLikelihood: -4539.479314
[00:00:58] [worker #1] Bootstrap tree #206, logLikelihood: -4580.530158
[00:00:58] [worker #0] Bootstrap tree #205, logLikelihood: -4744.672925
[00:00:58] [worker #1] Bootstrap tree #208, logLikelihood: -4762.145153
[00:00:58] [worker #0] Bootstrap tree #207, logLikelihood: -4787.975066
[00:00:59] [worker #1] Bootstrap tree #210, logLikelihood: -4685.360012
[00:00:59] [worker #0] Bootstrap tree #209, logLikelihood: -4581.981678
[00:00:59] [worker #1] Bootstrap tree #212, logLikelihood: -4695.271414
[00:00:59] [worker #0] Bootstrap tree #211, logLikelihood: -4709.260145
[00:00:59] [worker #1] Bootstrap tree #214, logLikelihood: -4767.309269
[00:01:00] [worker #0] Bootstrap tree #213, logLikelihood: -4824.303171
[00:01:00] [worker #1] Bootstrap tree #216, logLikelihood: -4707.586773
[00:01:00] [worker #1] Bootstrap tree #218, logLikelihood: -4794.511795
[00:01:00] [worker #0] Bootstrap tree #215, logLikelihood: -4974.620663
[00:01:01] [worker #1] Bootstrap tree #220, logLikelihood: -4778.817652
[00:01:01] [worker #0] Bootstrap tree #217, logLikelihood: -4806.207208
[00:01:01] [worker #1] Bootstrap tree #222, logLikelihood: -4636.591129
[00:01:01] [worker #0] Bootstrap tree #219, logLikelihood: -4961.015134
[00:01:01] [worker #1] Bootstrap tree #224, logLikelihood: -4600.853518
[00:01:02] [worker #0] Bootstrap tree #221, logLikelihood: -4753.670751
[00:01:02] [worker #1] Bootstrap tree #226, logLikelihood: -4692.530828
[00:01:02] [worker #1] Bootstrap tree #228, logLikelihood: -4773.391135
[00:01:02] [worker #0] Bootstrap tree #223, logLikelihood: -4613.065525
[00:01:03] [worker #1] Bootstrap tree #230, logLikelihood: -4599.218127
[00:01:03] [worker #0] Bootstrap tree #225, logLikelihood: -4825.054158
[00:01:03] [worker #1] Bootstrap tree #232, logLikelihood: -4765.492693
[00:01:03] [worker #0] Bootstrap tree #227, logLikelihood: -4885.471823
[00:01:03] [worker #1] Bootstrap tree #234, logLikelihood: -4525.641890
[00:01:04] [worker #0] Bootstrap tree #229, logLikelihood: -4694.736989
[00:01:04] [worker #1] Bootstrap tree #236, logLikelihood: -4859.176171
[00:01:04] [worker #0] Bootstrap tree #231, logLikelihood: -4636.479980
[00:01:04] [worker #1] Bootstrap tree #238, logLikelihood: -4744.976386
[00:01:05] [worker #0] Bootstrap tree #233, logLikelihood: -4632.943007
[00:01:05] [worker #1] Bootstrap tree #240, logLikelihood: -4580.475545
[00:01:05] [worker #0] Bootstrap tree #235, logLikelihood: -4873.118953
[00:01:05] [worker #1] Bootstrap tree #242, logLikelihood: -4625.028288
[00:01:06] [worker #0] Bootstrap tree #237, logLikelihood: -4767.952068
[00:01:06] [worker #1] Bootstrap tree #244, logLikelihood: -4807.525219
[00:01:06] [worker #1] Bootstrap tree #246, logLikelihood: -4696.525079
[00:01:06] [worker #0] Bootstrap tree #239, logLikelihood: -4730.843144
[00:01:06] [worker #0] Bootstrap tree #241, logLikelihood: -4690.878484
[00:01:07] [worker #1] Bootstrap tree #248, logLikelihood: -4724.213829
[00:01:07] [worker #0] Bootstrap tree #243, logLikelihood: -4553.966361
[00:01:07] [worker #1] Bootstrap tree #250, logLikelihood: -4899.899587
[00:01:07] [worker #0] Bootstrap tree #245, logLikelihood: -4746.271846
[00:01:08] [worker #0] Bootstrap tree #247, logLikelihood: -4526.225870
[00:01:08] [worker #0] Bootstrap tree #249, logLikelihood: -4613.290376
[00:01:08] [worker #1] Bootstrap tree #252, logLikelihood: -4758.782419
[00:01:09] [worker #0] Bootstrap tree #251, logLikelihood: -4889.185253
[00:01:09] [worker #1] Bootstrap tree #254, logLikelihood: -4631.309473
[00:01:09] [worker #0] Bootstrap tree #253, logLikelihood: -4718.374331
[00:01:09] [worker #1] Bootstrap tree #256, logLikelihood: -4565.155757
[00:01:09] [worker #0] Bootstrap tree #255, logLikelihood: -4625.420071
[00:01:10] [worker #1] Bootstrap tree #258, logLikelihood: -4627.209754
[00:01:10] [worker #0] Bootstrap tree #257, logLikelihood: -4708.116867
[00:01:10] [worker #1] Bootstrap tree #260, logLikelihood: -4829.050860
[00:01:10] [worker #1] Bootstrap tree #262, logLikelihood: -4763.091389
[00:01:10] [worker #0] Bootstrap tree #259, logLikelihood: -4822.855017
[00:01:11] [worker #1] Bootstrap tree #264, logLikelihood: -4766.605195
[00:01:11] [worker #0] Bootstrap tree #261, logLikelihood: -4688.843264
[00:01:11] [worker #1] Bootstrap tree #266, logLikelihood: -4637.857022
[00:01:11] [worker #0] Bootstrap tree #263, logLikelihood: -4815.349298
[00:01:11] [worker #1] Bootstrap tree #268, logLikelihood: -4773.066477
[00:01:12] [worker #0] Bootstrap tree #265, logLikelihood: -4792.094919
[00:01:12] [worker #1] Bootstrap tree #270, logLikelihood: -4817.608100
[00:01:12] [worker #1] Bootstrap tree #272, logLikelihood: -4826.929129
[00:01:12] [worker #0] Bootstrap tree #267, logLikelihood: -4808.133557
[00:01:13] [worker #1] Bootstrap tree #274, logLikelihood: -4838.772433
[00:01:13] [worker #0] Bootstrap tree #269, logLikelihood: -4663.465318
[00:01:13] [worker #1] Bootstrap tree #276, logLikelihood: -4688.982402
[00:01:13] [worker #0] Bootstrap tree #271, logLikelihood: -4830.390499
[00:01:13] [worker #1] Bootstrap tree #278, logLikelihood: -4799.487348
[00:01:14] [worker #0] Bootstrap tree #273, logLikelihood: -4743.847850
[00:01:14] [worker #1] Bootstrap tree #280, logLikelihood: -4752.911326
[00:01:14] [worker #0] Bootstrap tree #275, logLikelihood: -4769.003581
[00:01:14] [worker #1] Bootstrap tree #282, logLikelihood: -4558.580216
[00:01:14] [worker #0] Bootstrap tree #277, logLikelihood: -4641.054361
[00:01:14] [worker #1] Bootstrap tree #284, logLikelihood: -4559.560059
[00:01:15] [worker #0] Bootstrap tree #279, logLikelihood: -4697.450290
[00:01:15] [worker #1] Bootstrap tree #286, logLikelihood: -4841.013381
[00:01:15] [worker #0] Bootstrap tree #281, logLikelihood: -4544.534143
[00:01:15] [worker #1] Bootstrap tree #288, logLikelihood: -4764.593576
[00:01:15] [worker #0] Bootstrap tree #283, logLikelihood: -4842.064315
[00:01:16] [worker #1] Bootstrap tree #290, logLikelihood: -4710.191248
[00:01:16] [worker #0] Bootstrap tree #285, logLikelihood: -4848.785041
[00:01:16] [worker #1] Bootstrap tree #292, logLikelihood: -4904.829127
[00:01:16] [worker #0] Bootstrap tree #287, logLikelihood: -4702.651798
[00:01:17] [worker #1] Bootstrap tree #294, logLikelihood: -4735.130349
[00:01:17] [worker #0] Bootstrap tree #289, logLikelihood: -4927.819117
[00:01:17] [worker #1] Bootstrap tree #296, logLikelihood: -4602.186459
[00:01:17] [worker #0] Bootstrap tree #291, logLikelihood: -4701.818293
[00:01:17] [worker #1] Bootstrap tree #298, logLikelihood: -4579.439920
[00:01:17] [worker #0] Bootstrap tree #293, logLikelihood: -4731.707783
[00:01:18] [worker #1] Bootstrap tree #300, logLikelihood: -4797.551963
[00:01:18] [worker #0] Bootstrap tree #295, logLikelihood: -4659.878806
[00:01:18] [worker #0] Bootstrap tree #297, logLikelihood: -4578.665308
[00:01:19] [worker #0] Bootstrap tree #299, logLikelihood: -4805.584660
[00:01:19] [worker #1] Bootstrap tree #302, logLikelihood: -4811.636879
[00:01:19] [worker #0] Bootstrap tree #301, logLikelihood: -4693.930088
[00:01:20] [worker #1] Bootstrap tree #304, logLikelihood: -5105.096485
[00:01:20] [worker #0] Bootstrap tree #303, logLikelihood: -4714.353762
[00:01:20] [worker #1] Bootstrap tree #306, logLikelihood: -4754.546509
[00:01:20] [worker #0] Bootstrap tree #305, logLikelihood: -4761.363631
[00:01:20] [worker #1] Bootstrap tree #308, logLikelihood: -4723.791993
[00:01:21] [worker #0] Bootstrap tree #307, logLikelihood: -4714.492743
[00:01:21] [worker #1] Bootstrap tree #310, logLikelihood: -4813.971596
[00:01:21] [worker #0] Bootstrap tree #309, logLikelihood: -4683.073904
[00:01:21] [worker #1] Bootstrap tree #312, logLikelihood: -4687.318171
[00:01:21] [worker #0] Bootstrap tree #311, logLikelihood: -4891.977213
[00:01:22] [worker #0] Bootstrap tree #313, logLikelihood: -4925.964602
[00:01:22] [worker #1] Bootstrap tree #314, logLikelihood: -4784.758971
[00:01:22] [worker #1] Bootstrap tree #316, logLikelihood: -4753.117870
[00:01:22] [worker #0] Bootstrap tree #315, logLikelihood: -4782.216355
[00:01:22] [worker #1] Bootstrap tree #318, logLikelihood: -4907.995392
[00:01:23] [worker #0] Bootstrap tree #317, logLikelihood: -4632.292932
[00:01:23] [worker #1] Bootstrap tree #320, logLikelihood: -4884.126174
[00:01:23] [worker #1] Bootstrap tree #322, logLikelihood: -4697.297763
[00:01:23] [worker #0] Bootstrap tree #319, logLikelihood: -4783.032882
[00:01:23] [worker #1] Bootstrap tree #324, logLikelihood: -4657.079293
[00:01:24] [worker #0] Bootstrap tree #321, logLikelihood: -4721.875642
[00:01:24] [worker #1] Bootstrap tree #326, logLikelihood: -4715.143482
[00:01:24] [worker #0] Bootstrap tree #323, logLikelihood: -4854.418656
[00:01:24] [worker #1] Bootstrap tree #328, logLikelihood: -4658.517906
[00:01:24] [worker #0] Bootstrap tree #325, logLikelihood: -4722.056928
[00:01:25] [worker #1] Bootstrap tree #330, logLikelihood: -4716.338543
[00:01:25] [worker #0] Bootstrap tree #327, logLikelihood: -4774.610762
[00:01:25] [worker #1] Bootstrap tree #332, logLikelihood: -4729.713125
[00:01:25] [worker #0] Bootstrap tree #329, logLikelihood: -4867.843538
[00:01:25] [worker #1] Bootstrap tree #334, logLikelihood: -4589.045870
[00:01:26] [worker #0] Bootstrap tree #331, logLikelihood: -4842.101768
[00:01:26] [worker #1] Bootstrap tree #336, logLikelihood: -4658.679057
[00:01:26] [worker #0] Bootstrap tree #333, logLikelihood: -4496.401894
[00:01:26] [worker #1] Bootstrap tree #338, logLikelihood: -4673.446110
[00:01:26] [worker #1] Bootstrap tree #340, logLikelihood: -4611.060373
[00:01:27] [worker #0] Bootstrap tree #335, logLikelihood: -4660.901513
[00:01:27] [worker #1] Bootstrap tree #342, logLikelihood: -4692.853976
[00:01:27] [worker #0] Bootstrap tree #337, logLikelihood: -4640.031978
[00:01:27] [worker #1] Bootstrap tree #344, logLikelihood: -4633.984219
[00:01:27] [worker #0] Bootstrap tree #339, logLikelihood: -4693.458688
[00:01:27] [worker #1] Bootstrap tree #346, logLikelihood: -4847.087685
[00:01:28] [worker #1] Bootstrap tree #348, logLikelihood: -4760.746422
[00:01:28] [worker #0] Bootstrap tree #341, logLikelihood: -4547.777397
[00:01:28] [worker #1] Bootstrap tree #350, logLikelihood: -4797.432617
[00:01:28] [worker #0] Bootstrap tree #343, logLikelihood: -4873.219140
[00:01:29] [worker #0] Bootstrap tree #345, logLikelihood: -4803.538864
[00:01:29] [worker #0] Bootstrap tree #347, logLikelihood: -4611.158040
[00:01:29] [worker #0] Bootstrap tree #349, logLikelihood: -4772.208128
[00:01:30] [worker #1] Bootstrap tree #352, logLikelihood: -4796.245890
[00:01:30] [worker #0] Bootstrap tree #351, logLikelihood: -4744.173247
[00:01:30] [worker #1] Bootstrap tree #354, logLikelihood: -4659.331335
[00:01:31] [worker #0] Bootstrap tree #353, logLikelihood: -4674.391050
[00:01:31] [worker #1] Bootstrap tree #356, logLikelihood: -4724.211169
[00:01:31] [worker #0] Bootstrap tree #355, logLikelihood: -4782.748913
[00:01:31] [worker #1] Bootstrap tree #358, logLikelihood: -4808.087350
[00:01:31] [worker #1] Bootstrap tree #360, logLikelihood: -4638.694508
[00:01:32] [worker #0] Bootstrap tree #357, logLikelihood: -4787.860602
[00:01:32] [worker #1] Bootstrap tree #362, logLikelihood: -4693.762916
[00:01:32] [worker #0] Bootstrap tree #359, logLikelihood: -4720.935522
[00:01:32] [worker #1] Bootstrap tree #364, logLikelihood: -4670.266416
[00:01:32] [worker #0] Bootstrap tree #361, logLikelihood: -4681.228342
[00:01:33] [worker #1] Bootstrap tree #366, logLikelihood: -4735.889284
[00:01:33] [worker #0] Bootstrap tree #363, logLikelihood: -4652.130830
[00:01:33] [worker #1] Bootstrap tree #368, logLikelihood: -4707.059406
[00:01:33] [worker #0] Bootstrap tree #365, logLikelihood: -4735.526695
[00:01:33] [worker #1] Bootstrap tree #370, logLikelihood: -4598.579811
[00:01:34] [worker #0] Bootstrap tree #367, logLikelihood: -4666.234487
[00:01:34] [worker #1] Bootstrap tree #372, logLikelihood: -4893.195762
[00:01:34] [worker #0] Bootstrap tree #369, logLikelihood: -4557.492302
[00:01:34] [worker #1] Bootstrap tree #374, logLikelihood: -4623.288545
[00:01:34] [worker #0] Bootstrap tree #371, logLikelihood: -4778.645208
[00:01:35] [worker #1] Bootstrap tree #376, logLikelihood: -4695.170854
[00:01:35] [worker #0] Bootstrap tree #373, logLikelihood: -4879.264436
[00:01:35] [worker #1] Bootstrap tree #378, logLikelihood: -4827.531955
[00:01:35] [worker #1] Bootstrap tree #380, logLikelihood: -4743.776106
[00:01:35] [worker #0] Bootstrap tree #375, logLikelihood: -4880.815341
[00:01:36] [worker #1] Bootstrap tree #382, logLikelihood: -4698.276745
[00:01:36] [worker #0] Bootstrap tree #377, logLikelihood: -4690.782403
[00:01:36] [worker #1] Bootstrap tree #384, logLikelihood: -4666.977843
[00:01:36] [worker #0] Bootstrap tree #379, logLikelihood: -4761.533370
[00:01:36] [worker #1] Bootstrap tree #386, logLikelihood: -4815.599830
[00:01:37] [worker #1] Bootstrap tree #388, logLikelihood: -4774.824956
[00:01:37] [worker #0] Bootstrap tree #381, logLikelihood: -4659.258997
[00:01:37] [worker #1] Bootstrap tree #390, logLikelihood: -4668.402980
[00:01:37] [worker #0] Bootstrap tree #383, logLikelihood: -4875.483807
[00:01:38] [worker #1] Bootstrap tree #392, logLikelihood: -4628.834157
[00:01:38] [worker #0] Bootstrap tree #385, logLikelihood: -4801.396692
[00:01:38] [worker #1] Bootstrap tree #394, logLikelihood: -4657.263903
[00:01:38] [worker #0] Bootstrap tree #387, logLikelihood: -4544.688596
[00:01:38] [worker #1] Bootstrap tree #396, logLikelihood: -4700.053856
[00:01:39] [worker #0] Bootstrap tree #389, logLikelihood: -4828.617302
[00:01:39] [worker #1] Bootstrap tree #398, logLikelihood: -4777.916203
[00:01:39] [worker #0] Bootstrap tree #391, logLikelihood: -4704.853465
[00:01:39] [worker #1] Bootstrap tree #400, logLikelihood: -4797.508990
[00:01:39] [worker #0] Bootstrap tree #393, logLikelihood: -4759.347658
[00:01:40] [worker #0] Bootstrap tree #395, logLikelihood: -4598.211929
[00:01:40] [worker #0] Bootstrap tree #397, logLikelihood: -4773.499526
[00:01:41] [worker #0] Bootstrap tree #399, logLikelihood: -4842.206726
[00:01:41] [worker #1] Bootstrap tree #402, logLikelihood: -4748.681166
[00:01:41] [worker #0] Bootstrap tree #401, logLikelihood: -4776.152037
[00:01:41] [worker #1] Bootstrap tree #404, logLikelihood: -4768.471418
[00:01:42] [worker #0] Bootstrap tree #403, logLikelihood: -4632.725857
[00:01:42] [worker #1] Bootstrap tree #406, logLikelihood: -4736.177815
[00:01:42] [worker #0] Bootstrap tree #405, logLikelihood: -4756.857854
[00:01:42] [worker #1] Bootstrap tree #408, logLikelihood: -4774.410196
[00:01:42] [worker #0] Bootstrap tree #407, logLikelihood: -4759.378445
[00:01:43] [worker #1] Bootstrap tree #410, logLikelihood: -4786.950252
[00:01:43] [worker #0] Bootstrap tree #409, logLikelihood: -4797.190568
[00:01:43] [worker #1] Bootstrap tree #412, logLikelihood: -4820.797017
[00:01:44] [worker #0] Bootstrap tree #411, logLikelihood: -4689.298330
[00:01:44] [worker #1] Bootstrap tree #414, logLikelihood: -4758.158926
[00:01:44] [worker #1] Bootstrap tree #416, logLikelihood: -4638.848582
[00:01:44] [worker #0] Bootstrap tree #413, logLikelihood: -4689.260156
[00:01:44] [worker #1] Bootstrap tree #418, logLikelihood: -4715.169950
[00:01:44] [worker #0] Bootstrap tree #415, logLikelihood: -4814.678167
[00:01:45] [worker #1] Bootstrap tree #420, logLikelihood: -4604.758419
[00:01:45] [worker #0] Bootstrap tree #417, logLikelihood: -4750.999526
[00:01:45] [worker #1] Bootstrap tree #422, logLikelihood: -4606.693722
[00:01:45] [worker #0] Bootstrap tree #419, logLikelihood: -4648.490272
[00:01:45] [worker #1] Bootstrap tree #424, logLikelihood: -4873.867079
[00:01:46] [worker #1] Bootstrap tree #426, logLikelihood: -4726.402403
[00:01:46] [worker #0] Bootstrap tree #421, logLikelihood: -4697.075840
[00:01:46] [worker #1] Bootstrap tree #428, logLikelihood: -4605.514639
[00:01:46] [worker #0] Bootstrap tree #423, logLikelihood: -4728.348772
[00:01:46] [worker #1] Bootstrap tree #430, logLikelihood: -4904.377944
[00:01:47] [worker #0] Bootstrap tree #425, logLikelihood: -4726.515535
[00:01:47] [worker #1] Bootstrap tree #432, logLikelihood: -4749.558194
[00:01:47] [worker #0] Bootstrap tree #427, logLikelihood: -4629.293193
[00:01:47] [worker #1] Bootstrap tree #434, logLikelihood: -4764.714179
[00:01:47] [worker #0] Bootstrap tree #429, logLikelihood: -4816.463008
[00:01:47] [worker #1] Bootstrap tree #436, logLikelihood: -4648.113710
[00:01:48] [worker #0] Bootstrap tree #431, logLikelihood: -4794.286779
[00:01:48] [worker #1] Bootstrap tree #438, logLikelihood: -4764.648262
[00:01:48] [worker #0] Bootstrap tree #433, logLikelihood: -4467.440815
[00:01:48] [worker #1] Bootstrap tree #440, logLikelihood: -4751.952072
[00:01:48] [worker #0] Bootstrap tree #435, logLikelihood: -4966.394926
[00:01:49] [worker #1] Bootstrap tree #442, logLikelihood: -4877.019224
[00:01:49] [worker #0] Bootstrap tree #437, logLikelihood: -4731.799062
[00:01:49] [worker #1] Bootstrap tree #444, logLikelihood: -4715.589159
[00:01:49] [worker #1] Bootstrap tree #446, logLikelihood: -4794.772013
[00:01:49] [worker #0] Bootstrap tree #439, logLikelihood: -4697.296057
[00:01:50] [worker #1] Bootstrap tree #448, logLikelihood: -4612.113958
[00:01:50] [worker #0] Bootstrap tree #441, logLikelihood: -4550.452906
[00:01:50] [worker #1] Bootstrap tree #450, logLikelihood: -4729.340149
[00:01:50] [worker #0] Bootstrap tree #443, logLikelihood: -4632.047618
[00:01:51] [worker #0] Bootstrap tree #445, logLikelihood: -4776.111991
[00:01:51] [worker #0] Bootstrap tree #447, logLikelihood: -4642.579670
[00:01:52] [worker #0] Bootstrap tree #449, logLikelihood: -4722.925187
[00:01:52] [worker #1] Bootstrap tree #452, logLikelihood: -4745.209768
[00:01:52] [worker #0] Bootstrap tree #451, logLikelihood: -4598.667342
[00:01:53] [worker #1] Bootstrap tree #454, logLikelihood: -4624.721129
[00:01:53] [worker #0] Bootstrap tree #453, logLikelihood: -4693.260434
[00:01:53] [worker #1] Bootstrap tree #456, logLikelihood: -4638.347320
[00:01:53] [worker #0] Bootstrap tree #455, logLikelihood: -4765.253324
[00:01:53] [worker #1] Bootstrap tree #458, logLikelihood: -4847.146425
[00:01:54] [worker #0] Bootstrap tree #457, logLikelihood: -4731.380333
[00:01:54] [worker #1] Bootstrap tree #460, logLikelihood: -4809.736057
[00:01:54] [worker #0] Bootstrap tree #459, logLikelihood: -4547.000622
[00:01:54] [worker #1] Bootstrap tree #462, logLikelihood: -4838.043724
[00:01:55] [worker #0] Bootstrap tree #461, logLikelihood: -4653.687506
[00:01:55] [worker #1] Bootstrap tree #464, logLikelihood: -4757.594409
[00:01:55] [worker #1] Bootstrap tree #466, logLikelihood: -4788.012459
[00:01:55] [worker #0] Bootstrap tree #463, logLikelihood: -4581.821194
[00:01:55] [worker #1] Bootstrap tree #468, logLikelihood: -4648.078545
[00:01:55] [worker #0] Bootstrap tree #465, logLikelihood: -4571.253092
[00:01:56] [worker #1] Bootstrap tree #470, logLikelihood: -4792.086872
[00:01:56] [worker #1] Bootstrap tree #472, logLikelihood: -4651.199209
[00:01:56] [worker #0] Bootstrap tree #467, logLikelihood: -4553.173014
[00:01:56] [worker #1] Bootstrap tree #474, logLikelihood: -4396.415823
[00:01:56] [worker #0] Bootstrap tree #469, logLikelihood: -4590.972618
[00:01:57] [worker #1] Bootstrap tree #476, logLikelihood: -4830.051013
[00:01:57] [worker #0] Bootstrap tree #471, logLikelihood: -4673.696700
[00:01:57] [worker #1] Bootstrap tree #478, logLikelihood: -4883.439787
[00:01:57] [worker #0] Bootstrap tree #473, logLikelihood: -4696.633807
[00:01:57] [worker #1] Bootstrap tree #480, logLikelihood: -4722.906837
[00:01:58] [worker #0] Bootstrap tree #475, logLikelihood: -4763.645811
[00:01:58] [worker #1] Bootstrap tree #482, logLikelihood: -4779.100020
[00:01:58] [worker #0] Bootstrap tree #477, logLikelihood: -4853.570728
[00:01:58] [worker #1] Bootstrap tree #484, logLikelihood: -4896.927297
[00:01:59] [worker #1] Bootstrap tree #486, logLikelihood: -4707.159269
[00:01:59] [worker #0] Bootstrap tree #479, logLikelihood: -4712.022209
[00:01:59] [worker #1] Bootstrap tree #488, logLikelihood: -4615.271522
[00:01:59] [worker #0] Bootstrap tree #481, logLikelihood: -4723.378153
[00:01:59] [worker #1] Bootstrap tree #490, logLikelihood: -4821.897208
[00:01:59] [worker #0] Bootstrap tree #483, logLikelihood: -4619.564508
[00:01:59] [worker #1] Bootstrap tree #492, logLikelihood: -4721.621957
[00:02:00] [worker #0] Bootstrap tree #485, logLikelihood: -4575.377686
[00:02:00] [worker #1] Bootstrap tree #494, logLikelihood: -4845.906770
[00:02:00] [worker #0] Bootstrap tree #487, logLikelihood: -4708.522763
[00:02:00] [worker #1] Bootstrap tree #496, logLikelihood: -4630.495596
[00:02:01] [worker #0] Bootstrap tree #489, logLikelihood: -4796.700693
[00:02:01] [worker #1] Bootstrap tree #498, logLikelihood: -4833.353503
[00:02:01] [worker #0] Bootstrap tree #491, logLikelihood: -4765.742394
[00:02:01] [worker #1] Bootstrap tree #500, logLikelihood: -4528.934740
[00:02:02] [worker #0] Bootstrap tree #493, logLikelihood: -4730.564295
[00:02:02] [worker #0] Bootstrap tree #495, logLikelihood: -4692.261667
[00:02:03] [worker #0] Bootstrap tree #497, logLikelihood: -4687.968334
[00:02:03] [worker #0] Bootstrap tree #499, logLikelihood: -4840.329621
[00:02:04] [worker #1] Bootstrap tree #502, logLikelihood: -4867.609573
[00:02:04] [worker #0] Bootstrap tree #501, logLikelihood: -4977.762706
[00:02:04] [worker #1] Bootstrap tree #504, logLikelihood: -4648.876804
[00:02:04] [worker #0] Bootstrap tree #503, logLikelihood: -4640.846121
[00:02:04] [worker #1] Bootstrap tree #506, logLikelihood: -4540.293926
[00:02:05] [worker #0] Bootstrap tree #505, logLikelihood: -4667.748117
[00:02:05] [worker #1] Bootstrap tree #508, logLikelihood: -4787.323489
[00:02:05] [worker #1] Bootstrap tree #510, logLikelihood: -4719.644202
[00:02:05] [worker #0] Bootstrap tree #507, logLikelihood: -4639.117076
[00:02:05] [worker #1] Bootstrap tree #512, logLikelihood: -4677.525404
[00:02:06] [worker #0] Bootstrap tree #509, logLikelihood: -4698.259780
[00:02:06] [worker #1] Bootstrap tree #514, logLikelihood: -4915.818832
[00:02:06] [worker #1] Bootstrap tree #516, logLikelihood: -4554.882393
[00:02:06] [worker #0] Bootstrap tree #511, logLikelihood: -4721.777355
[00:02:07] [worker #0] Bootstrap tree #513, logLikelihood: -4736.461726
[00:02:07] [worker #1] Bootstrap tree #518, logLikelihood: -4710.845805
[00:02:07] [worker #0] Bootstrap tree #515, logLikelihood: -4757.840442
[00:02:07] [worker #1] Bootstrap tree #520, logLikelihood: -4736.224956
[00:02:07] [worker #1] Bootstrap tree #522, logLikelihood: -4973.883938
[00:02:08] [worker #0] Bootstrap tree #517, logLikelihood: -4786.186858
[00:02:08] [worker #1] Bootstrap tree #524, logLikelihood: -4722.830656
[00:02:08] [worker #0] Bootstrap tree #519, logLikelihood: -4801.802891
[00:02:08] [worker #1] Bootstrap tree #526, logLikelihood: -4712.086025
[00:02:09] [worker #1] Bootstrap tree #528, logLikelihood: -4561.848912
[00:02:09] [worker #0] Bootstrap tree #521, logLikelihood: -4869.489804
[00:02:09] [worker #1] Bootstrap tree #530, logLikelihood: -4757.133543
[00:02:09] [worker #0] Bootstrap tree #523, logLikelihood: -4815.754317
[00:02:09] [worker #1] Bootstrap tree #532, logLikelihood: -4806.870981
[00:02:10] [worker #1] Bootstrap tree #534, logLikelihood: -4705.327444
[00:02:10] [worker #0] Bootstrap tree #525, logLikelihood: -4682.902810
[00:02:10] [worker #1] Bootstrap tree #536, logLikelihood: -4899.529953
[00:02:10] [worker #0] Bootstrap tree #527, logLikelihood: -4837.253139
[00:02:10] [worker #1] Bootstrap tree #538, logLikelihood: -4625.690483
[00:02:10] [worker #0] Bootstrap tree #529, logLikelihood: -4652.258303
[00:02:11] [worker #1] Bootstrap tree #540, logLikelihood: -4640.840089
[00:02:11] [worker #1] Bootstrap tree #542, logLikelihood: -4608.690882
[00:02:11] [worker #0] Bootstrap tree #531, logLikelihood: -4732.427518
[00:02:11] [worker #1] Bootstrap tree #544, logLikelihood: -4737.304903
[00:02:12] [worker #0] Bootstrap tree #533, logLikelihood: -4628.934535
[00:02:12] [worker #1] Bootstrap tree #546, logLikelihood: -4711.692678
[00:02:12] [worker #0] Bootstrap tree #535, logLikelihood: -4609.363295
[00:02:12] [worker #1] Bootstrap tree #548, logLikelihood: -4695.110511
[00:02:12] [worker #0] Bootstrap tree #537, logLikelihood: -4907.188282
[00:02:13] [worker #1] Bootstrap tree #550, logLikelihood: -4644.291980
[00:02:13] [worker #0] Bootstrap tree #539, logLikelihood: -4530.906850
[00:02:13] [worker #0] Bootstrap tree #541, logLikelihood: -4636.328711
[00:02:14] [worker #0] Bootstrap tree #543, logLikelihood: -4781.756668
[00:02:14] [worker #0] Bootstrap tree #545, logLikelihood: -4818.427903
[00:02:15] [worker #0] Bootstrap tree #547, logLikelihood: -4678.093119
[00:02:15] [worker #0] Bootstrap tree #549, logLikelihood: -4621.583899
[00:02:16] [worker #1] Bootstrap tree #552, logLikelihood: -4768.015224
[00:02:16] [worker #0] Bootstrap tree #551, logLikelihood: -4778.244378
[00:02:16] [worker #1] Bootstrap tree #554, logLikelihood: -4757.740558
[00:02:16] [worker #0] Bootstrap tree #553, logLikelihood: -4765.440858
[00:02:16] [worker #1] Bootstrap tree #556, logLikelihood: -4811.038638
[00:02:17] [worker #0] Bootstrap tree #555, logLikelihood: -4538.530618
[00:02:17] [worker #1] Bootstrap tree #558, logLikelihood: -4717.439229
[00:02:17] [worker #0] Bootstrap tree #557, logLikelihood: -4657.121011
[00:02:17] [worker #1] Bootstrap tree #560, logLikelihood: -4935.733364
[00:02:17] [worker #0] Bootstrap tree #559, logLikelihood: -4696.885677
[00:02:18] [worker #1] Bootstrap tree #562, logLikelihood: -4636.926440
[00:02:18] [worker #0] Bootstrap tree #561, logLikelihood: -4613.129628
[00:02:18] [worker #1] Bootstrap tree #564, logLikelihood: -4611.128811
[00:02:18] [worker #0] Bootstrap tree #563, logLikelihood: -4669.796177
[00:02:18] [worker #1] Bootstrap tree #566, logLikelihood: -4820.996178
[00:02:19] [worker #0] Bootstrap tree #565, logLikelihood: -4818.512352
[00:02:19] [worker #1] Bootstrap tree #568, logLikelihood: -4878.029584
[00:02:19] [worker #0] Bootstrap tree #567, logLikelihood: -4730.385176
[00:02:19] [worker #1] Bootstrap tree #570, logLikelihood: -4807.256682
[00:02:20] [worker #1] Bootstrap tree #572, logLikelihood: -4567.105645
[00:02:20] [worker #0] Bootstrap tree #569, logLikelihood: -4827.641475
[00:02:20] [worker #1] Bootstrap tree #574, logLikelihood: -4890.678584
[00:02:20] [worker #0] Bootstrap tree #571, logLikelihood: -4837.074737
[00:02:21] [worker #1] Bootstrap tree #576, logLikelihood: -4706.036538
[00:02:21] [worker #0] Bootstrap tree #573, logLikelihood: -4674.862101
[00:02:21] [worker #1] Bootstrap tree #578, logLikelihood: -4629.289376
[00:02:21] [worker #0] Bootstrap tree #575, logLikelihood: -4533.432078
[00:02:21] [worker #1] Bootstrap tree #580, logLikelihood: -4641.861411
[00:02:21] [worker #0] Bootstrap tree #577, logLikelihood: -4945.006852
[00:02:22] [worker #1] Bootstrap tree #582, logLikelihood: -4697.956264
[00:02:22] [worker #0] Bootstrap tree #579, logLikelihood: -4738.812904
[00:02:22] [worker #1] Bootstrap tree #584, logLikelihood: -4792.694254
[00:02:22] [worker #0] Bootstrap tree #581, logLikelihood: -4712.472024
[00:02:22] [worker #1] Bootstrap tree #586, logLikelihood: -4808.864973
[00:02:23] [worker #1] Bootstrap tree #588, logLikelihood: -4419.092036
[00:02:23] [worker #0] Bootstrap tree #583, logLikelihood: -4847.469402
[00:02:23] [worker #1] Bootstrap tree #590, logLikelihood: -4752.896958
[00:02:23] [worker #0] Bootstrap tree #585, logLikelihood: -4833.228311
[00:02:24] [worker #1] Bootstrap tree #592, logLikelihood: -4773.312438
[00:02:24] [worker #0] Bootstrap tree #587, logLikelihood: -5058.724738
[00:02:24] [worker #1] Bootstrap tree #594, logLikelihood: -4883.386202
[00:02:24] [worker #0] Bootstrap tree #589, logLikelihood: -4646.316876
[00:02:24] [worker #1] Bootstrap tree #596, logLikelihood: -4837.900584
[00:02:25] [worker #1] Bootstrap tree #598, logLikelihood: -4642.239929
[00:02:25] [worker #0] Bootstrap tree #591, logLikelihood: -4817.357098
[00:02:25] [worker #1] Bootstrap tree #600, logLikelihood: -4654.381307
[00:02:25] [worker #0] Bootstrap tree #593, logLikelihood: -4898.262851
[00:02:26] [worker #0] Bootstrap tree #595, logLikelihood: -4803.589589
[00:02:26] [worker #0] Bootstrap tree #597, logLikelihood: -4733.472691
[00:02:26] [worker #0] Bootstrap tree #599, logLikelihood: -4896.821139
[00:02:27] [worker #1] Bootstrap tree #602, logLikelihood: -4739.735717
[00:02:27] [worker #0] Bootstrap tree #601, logLikelihood: -4919.293930
[00:02:28] [worker #1] Bootstrap tree #604, logLikelihood: -4763.714802
[00:02:28] [worker #0] Bootstrap tree #603, logLikelihood: -4749.893149
[00:02:28] [worker #1] Bootstrap tree #606, logLikelihood: -4823.491084
[00:02:28] [worker #0] Bootstrap tree #605, logLikelihood: -4684.084916
[00:02:28] [worker #1] Bootstrap tree #608, logLikelihood: -4856.783091
[00:02:29] [worker #0] Bootstrap tree #607, logLikelihood: -4669.412846
[00:02:29] [worker #1] Bootstrap tree #610, logLikelihood: -4754.345475
[00:02:29] [worker #1] Bootstrap tree #612, logLikelihood: -4807.529993
[00:02:29] [worker #0] Bootstrap tree #609, logLikelihood: -4639.532026
[00:02:30] [worker #1] Bootstrap tree #614, logLikelihood: -4779.708589
[00:02:30] [worker #0] Bootstrap tree #611, logLikelihood: -4813.845230
[00:02:30] [worker #1] Bootstrap tree #616, logLikelihood: -4629.433447
[00:02:30] [worker #1] Bootstrap tree #618, logLikelihood: -4501.320458
[00:02:31] [worker #1] Bootstrap tree #620, logLikelihood: -4846.723199
[00:02:31] [worker #0] Bootstrap tree #613, logLikelihood: -4773.212420
[00:02:31] [worker #1] Bootstrap tree #622, logLikelihood: -4670.535276
[00:02:32] [worker #0] Bootstrap tree #615, logLikelihood: -4483.579408
[00:02:32] [worker #1] Bootstrap tree #624, logLikelihood: -4714.441431
[00:02:32] [worker #0] Bootstrap tree #617, logLikelihood: -4592.061690
[00:02:32] [worker #1] Bootstrap tree #626, logLikelihood: -4783.707876
[00:02:33] [worker #1] Bootstrap tree #628, logLikelihood: -4790.953937
[00:02:33] [worker #0] Bootstrap tree #619, logLikelihood: -4821.535589
[00:02:33] [worker #1] Bootstrap tree #630, logLikelihood: -4753.045931
[00:02:33] [worker #0] Bootstrap tree #621, logLikelihood: -4726.142899
[00:02:34] [worker #1] Bootstrap tree #632, logLikelihood: -4764.717356
[00:02:34] [worker #0] Bootstrap tree #623, logLikelihood: -4685.698990
[00:02:34] [worker #1] Bootstrap tree #634, logLikelihood: -4939.342897
[00:02:35] [worker #1] Bootstrap tree #636, logLikelihood: -4701.717336
[00:02:35] [worker #0] Bootstrap tree #625, logLikelihood: -4839.873062
[00:02:35] [worker #1] Bootstrap tree #638, logLikelihood: -4784.244097
[00:02:36] [worker #1] Bootstrap tree #640, logLikelihood: -4942.156089
[00:02:36] [worker #0] Bootstrap tree #627, logLikelihood: -4596.908188
[00:02:36] [worker #1] Bootstrap tree #642, logLikelihood: -4661.596375
[00:02:36] [worker #0] Bootstrap tree #629, logLikelihood: -4800.911114
[00:02:36] [worker #1] Bootstrap tree #644, logLikelihood: -4754.776439
[00:02:37] [worker #1] Bootstrap tree #646, logLikelihood: -4739.605207
[00:02:37] [worker #0] Bootstrap tree #631, logLikelihood: -4514.020721
[00:02:37] [worker #1] Bootstrap tree #648, logLikelihood: -4677.765189
[00:02:38] [worker #0] Bootstrap tree #633, logLikelihood: -4804.147244
[00:02:38] [worker #1] Bootstrap tree #650, logLikelihood: -4791.111659
[00:02:38] [worker #0] Bootstrap tree #635, logLikelihood: -4750.015277
[00:02:39] [worker #0] Bootstrap tree #637, logLikelihood: -4484.916134
[00:02:39] [worker #0] Bootstrap tree #639, logLikelihood: -4783.705459
[00:02:40] [worker #0] Bootstrap tree #641, logLikelihood: -4691.523573
[00:02:40] [worker #0] Bootstrap tree #643, logLikelihood: -4806.537485
[00:02:41] [worker #0] Bootstrap tree #645, logLikelihood: -4712.624484
[00:02:41] [worker #0] Bootstrap tree #647, logLikelihood: -4640.848535
[00:02:42] [worker #0] Bootstrap tree #649, logLikelihood: -4554.876361
[00:02:43] [worker #1] Bootstrap tree #652, logLikelihood: -4744.794139
[00:02:43] [worker #0] Bootstrap tree #651, logLikelihood: -4595.219517
[00:02:43] [worker #1] Bootstrap tree #654, logLikelihood: -4739.178946
[00:02:43] [worker #0] Bootstrap tree #653, logLikelihood: -4766.516176
[00:02:43] [worker #1] Bootstrap tree #656, logLikelihood: -4831.207282
[00:02:44] [worker #0] Bootstrap tree #655, logLikelihood: -4671.537546
[00:02:44] [worker #1] Bootstrap tree #658, logLikelihood: -4735.616996
[00:02:44] [worker #1] Bootstrap tree #660, logLikelihood: -4658.715602
[00:02:44] [worker #0] Bootstrap tree #657, logLikelihood: -4599.196004
[00:02:45] [worker #0] Bootstrap tree #659, logLikelihood: -4672.023706
[00:02:45] [worker #1] Bootstrap tree #662, logLikelihood: -4962.769685
[00:02:45] [worker #1] Bootstrap tree #664, logLikelihood: -4832.881596
[00:02:45] [worker #0] Bootstrap tree #661, logLikelihood: -4600.836675
[00:02:46] [worker #1] Bootstrap tree #666, logLikelihood: -4746.157675
[00:02:46] [worker #0] Bootstrap tree #663, logLikelihood: -4832.490785
[00:02:46] [worker #1] Bootstrap tree #668, logLikelihood: -4587.612561
[00:02:46] [worker #1] Bootstrap tree #670, logLikelihood: -4582.642890
[00:02:47] [worker #0] Bootstrap tree #665, logLikelihood: -4600.707867
[00:02:47] [worker #1] Bootstrap tree #672, logLikelihood: -4762.694295
[00:02:47] [worker #0] Bootstrap tree #667, logLikelihood: -4926.734184
[00:02:47] [worker #1] Bootstrap tree #674, logLikelihood: -4554.063282
[00:02:48] [worker #1] Bootstrap tree #676, logLikelihood: -4688.877021
[00:02:48] [worker #0] Bootstrap tree #669, logLikelihood: -4802.178392
[00:02:48] [worker #1] Bootstrap tree #678, logLikelihood: -4782.658007
[00:02:49] [worker #0] Bootstrap tree #671, logLikelihood: -4674.518613
[00:02:49] [worker #1] Bootstrap tree #680, logLikelihood: -4868.139761
[00:02:49] [worker #0] Bootstrap tree #673, logLikelihood: -4960.517863
[00:02:49] [worker #1] Bootstrap tree #682, logLikelihood: -4706.343254
[00:02:50] [worker #1] Bootstrap tree #684, logLikelihood: -4603.485308
[00:02:50] [worker #0] Bootstrap tree #675, logLikelihood: -4652.013312
[00:02:50] [worker #1] Bootstrap tree #686, logLikelihood: -4762.248177
[00:02:50] [worker #0] Bootstrap tree #677, logLikelihood: -4598.132954
[00:02:51] [worker #1] Bootstrap tree #688, logLikelihood: -4651.918836
[00:02:51] [worker #0] Bootstrap tree #679, logLikelihood: -4811.716517
[00:02:51] [worker #1] Bootstrap tree #690, logLikelihood: -4702.407228
[00:02:52] [worker #0] Bootstrap tree #681, logLikelihood: -4673.125951
[00:02:52] [worker #1] Bootstrap tree #692, logLikelihood: -4826.557358
[00:02:52] [worker #1] Bootstrap tree #694, logLikelihood: -4696.203671
[00:02:52] [worker #0] Bootstrap tree #683, logLikelihood: -4943.955330
[00:02:52] [worker #1] Bootstrap tree #696, logLikelihood: -4579.057339
[00:02:53] [worker #1] Bootstrap tree #698, logLikelihood: -4769.278177
[00:02:53] [worker #0] Bootstrap tree #685, logLikelihood: -4589.252236
[00:02:53] [worker #1] Bootstrap tree #700, logLikelihood: -4696.272988
[00:02:54] [worker #0] Bootstrap tree #687, logLikelihood: -4756.416042
[00:02:54] [worker #0] Bootstrap tree #689, logLikelihood: -4588.050836
[00:02:55] [worker #0] Bootstrap tree #691, logLikelihood: -4557.339313
[00:02:55] [worker #0] Bootstrap tree #693, logLikelihood: -4602.002786
[00:02:56] [worker #0] Bootstrap tree #695, logLikelihood: -4739.665330
[00:02:56] [worker #0] Bootstrap tree #697, logLikelihood: -4583.943957
[00:02:57] [worker #0] Bootstrap tree #699, logLikelihood: -4602.813262
[00:02:58] [worker #0] Bootstrap tree #701, logLikelihood: -4746.794774
[00:02:58] [worker #1] Bootstrap tree #702, logLikelihood: -4666.917874
[00:02:58] [worker #1] Bootstrap tree #704, logLikelihood: -4752.475084
[00:02:58] [worker #0] Bootstrap tree #703, logLikelihood: -4688.376074
[00:02:58] [worker #1] Bootstrap tree #706, logLikelihood: -4742.973377
[00:02:59] [worker #0] Bootstrap tree #705, logLikelihood: -4761.754028
[00:02:59] [worker #1] Bootstrap tree #708, logLikelihood: -4612.075702
[00:02:59] [worker #0] Bootstrap tree #707, logLikelihood: -4658.836456
[00:03:00] [worker #1] Bootstrap tree #710, logLikelihood: -4630.234539
[00:03:00] [worker #1] Bootstrap tree #712, logLikelihood: -4865.196282
[00:03:00] [worker #0] Bootstrap tree #709, logLikelihood: -4634.275695
[00:03:00] [worker #1] Bootstrap tree #714, logLikelihood: -4509.435568
[00:03:01] [worker #0] Bootstrap tree #711, logLikelihood: -4566.982232
[00:03:01] [worker #1] Bootstrap tree #716, logLikelihood: -4651.217432
[00:03:01] [worker #0] Bootstrap tree #713, logLikelihood: -4615.376509
[00:03:01] [worker #1] Bootstrap tree #718, logLikelihood: -4797.356559
[00:03:02] [worker #0] Bootstrap tree #715, logLikelihood: -4715.778448
[00:03:02] [worker #1] Bootstrap tree #720, logLikelihood: -4794.078833
[00:03:02] [worker #0] Bootstrap tree #717, logLikelihood: -4853.904941
[00:03:02] [worker #1] Bootstrap tree #722, logLikelihood: -4679.707319
[00:03:03] [worker #1] Bootstrap tree #724, logLikelihood: -4639.677624
[00:03:03] [worker #0] Bootstrap tree #719, logLikelihood: -4551.679758
[00:03:03] [worker #1] Bootstrap tree #726, logLikelihood: -4719.600456
[00:03:03] [worker #0] Bootstrap tree #721, logLikelihood: -4827.363871
[00:03:03] [worker #1] Bootstrap tree #728, logLikelihood: -4681.891358
[00:03:04] [worker #1] Bootstrap tree #730, logLikelihood: -4687.471948
[00:03:04] [worker #0] Bootstrap tree #723, logLikelihood: -4867.899029
[00:03:04] [worker #1] Bootstrap tree #732, logLikelihood: -4731.129498
[00:03:05] [worker #1] Bootstrap tree #734, logLikelihood: -4605.772969
[00:03:05] [worker #0] Bootstrap tree #725, logLikelihood: -4633.120219
[00:03:05] [worker #1] Bootstrap tree #736, logLikelihood: -4550.305139
[00:03:05] [worker #1] Bootstrap tree #738, logLikelihood: -4828.765878
[00:03:06] [worker #0] Bootstrap tree #727, logLikelihood: -4545.160824
[00:03:06] [worker #1] Bootstrap tree #740, logLikelihood: -4839.299868
[00:03:06] [worker #0] Bootstrap tree #729, logLikelihood: -4782.447998
[00:03:06] [worker #1] Bootstrap tree #742, logLikelihood: -4689.129744
[00:03:07] [worker #0] Bootstrap tree #731, logLikelihood: -4682.399221
[00:03:07] [worker #1] Bootstrap tree #744, logLikelihood: -4649.737554
[00:03:07] [worker #0] Bootstrap tree #733, logLikelihood: -4779.100669
[00:03:07] [worker #1] Bootstrap tree #746, logLikelihood: -4826.615107
[00:03:08] [worker #1] Bootstrap tree #748, logLikelihood: -4904.829855
[00:03:08] [worker #0] Bootstrap tree #735, logLikelihood: -4619.163881
[00:03:08] [worker #1] Bootstrap tree #750, logLikelihood: -4699.948155
[00:03:08] [worker #0] Bootstrap tree #737, logLikelihood: -4594.220451
[00:03:09] [worker #0] Bootstrap tree #739, logLikelihood: -4694.860475
[00:03:10] [worker #0] Bootstrap tree #741, logLikelihood: -4716.894370
[00:03:10] [worker #0] Bootstrap tree #743, logLikelihood: -4702.628482
[00:03:11] [worker #0] Bootstrap tree #745, logLikelihood: -4708.887089
[00:03:12] [worker #0] Bootstrap tree #747, logLikelihood: -4684.069965
[00:03:12] [worker #0] Bootstrap tree #749, logLikelihood: -4677.485915
[00:03:13] [worker #1] Bootstrap tree #752, logLikelihood: -4762.427029
[00:03:13] [worker #0] Bootstrap tree #751, logLikelihood: -4713.135070
[00:03:14] [worker #1] Bootstrap tree #754, logLikelihood: -4651.256748
[00:03:14] [worker #0] Bootstrap tree #753, logLikelihood: -4698.358008
[00:03:14] [worker #1] Bootstrap tree #756, logLikelihood: -4714.240567
[00:03:14] [worker #1] Bootstrap tree #758, logLikelihood: -4706.852314
[00:03:14] [worker #0] Bootstrap tree #755, logLikelihood: -4684.374896
[00:03:15] [worker #1] Bootstrap tree #760, logLikelihood: -4762.770598
[00:03:15] [worker #0] Bootstrap tree #757, logLikelihood: -4654.502767
[00:03:15] [worker #1] Bootstrap tree #762, logLikelihood: -4718.287874
[00:03:16] [worker #0] Bootstrap tree #759, logLikelihood: -4792.148625
[00:03:16] [worker #1] Bootstrap tree #764, logLikelihood: -4809.152182
[00:03:16] [worker #1] Bootstrap tree #766, logLikelihood: -4689.888896
[00:03:16] [worker #0] Bootstrap tree #761, logLikelihood: -4798.430332
[00:03:16] [worker #0] Bootstrap tree #763, logLikelihood: -4665.727623
[00:03:16] [worker #1] Bootstrap tree #768, logLikelihood: -4737.154082
[00:03:17] [worker #1] Bootstrap tree #770, logLikelihood: -4784.062884
[00:03:17] [worker #0] Bootstrap tree #765, logLikelihood: -4802.030922
[00:03:17] [worker #1] Bootstrap tree #772, logLikelihood: -4713.110079
[00:03:17] [worker #0] Bootstrap tree #767, logLikelihood: -4698.238401
[00:03:18] [worker #1] Bootstrap tree #774, logLikelihood: -4686.462259
[00:03:18] [worker #0] Bootstrap tree #769, logLikelihood: -4618.471050
[00:03:18] [worker #1] Bootstrap tree #776, logLikelihood: -4692.087641
[00:03:18] [worker #1] Bootstrap tree #778, logLikelihood: -4706.610783
[00:03:19] [worker #0] Bootstrap tree #771, logLikelihood: -4737.818021
[00:03:19] [worker #1] Bootstrap tree #780, logLikelihood: -4684.345000
[00:03:19] [worker #1] Bootstrap tree #782, logLikelihood: -4777.065033
[00:03:19] [worker #0] Bootstrap tree #773, logLikelihood: -4691.672022
[00:03:19] [worker #1] Bootstrap tree #784, logLikelihood: -4546.471260
[00:03:20] [worker #1] Bootstrap tree #786, logLikelihood: -4870.996948
[00:03:20] [worker #0] Bootstrap tree #775, logLikelihood: -4614.097213
[00:03:20] [worker #1] Bootstrap tree #788, logLikelihood: -4922.182516
[00:03:21] [worker #0] Bootstrap tree #777, logLikelihood: -4729.072294
[00:03:21] [worker #1] Bootstrap tree #790, logLikelihood: -4809.055776
[00:03:21] [worker #0] Bootstrap tree #779, logLikelihood: -4713.350691
[00:03:21] [worker #1] Bootstrap tree #792, logLikelihood: -4758.227055
[00:03:22] [worker #1] Bootstrap tree #794, logLikelihood: -4624.784219
[00:03:22] [worker #0] Bootstrap tree #781, logLikelihood: -4788.449649
[00:03:22] [worker #1] Bootstrap tree #796, logLikelihood: -4689.119837
[00:03:22] [worker #0] Bootstrap tree #783, logLikelihood: -4811.411430
[00:03:23] [worker #1] Bootstrap tree #798, logLikelihood: -4874.507182
[00:03:23] [worker #0] Bootstrap tree #785, logLikelihood: -4770.762038
[00:03:23] [worker #1] Bootstrap tree #800, logLikelihood: -4692.844186
[00:03:24] [worker #0] Bootstrap tree #787, logLikelihood: -4489.438309
[00:03:24] [worker #0] Bootstrap tree #789, logLikelihood: -4640.197241
[00:03:25] [worker #0] Bootstrap tree #791, logLikelihood: -4809.532337
[00:03:25] [worker #0] Bootstrap tree #793, logLikelihood: -4866.928382
[00:03:26] [worker #0] Bootstrap tree #795, logLikelihood: -4813.780228
[00:03:26] [worker #0] Bootstrap tree #797, logLikelihood: -4608.443976
[00:03:27] [worker #0] Bootstrap tree #799, logLikelihood: -4645.492984
[00:03:28] [worker #1] Bootstrap tree #802, logLikelihood: -4793.621232
[00:03:28] [worker #1] Bootstrap tree #804, logLikelihood: -4773.233256
[00:03:28] [worker #0] Bootstrap tree #801, logLikelihood: -4691.635415
[00:03:28] [worker #1] Bootstrap tree #806, logLikelihood: -4652.756058
[00:03:29] [worker #1] Bootstrap tree #808, logLikelihood: -4831.903378
[00:03:29] [worker #0] Bootstrap tree #803, logLikelihood: -4700.294655
[00:03:29] [worker #1] Bootstrap tree #810, logLikelihood: -4706.646204
[00:03:29] [worker #0] Bootstrap tree #805, logLikelihood: -4791.453584
[00:03:30] [worker #1] Bootstrap tree #812, logLikelihood: -4549.690036
[00:03:30] [worker #1] Bootstrap tree #814, logLikelihood: -4660.896113
[00:03:30] [worker #0] Bootstrap tree #807, logLikelihood: -4895.702705
[00:03:30] [worker #1] Bootstrap tree #816, logLikelihood: -4733.475120
[00:03:30] [worker #1] Bootstrap tree #818, logLikelihood: -4741.944105
[00:03:31] [worker #0] Bootstrap tree #809, logLikelihood: -4779.916539
[00:03:31] [worker #1] Bootstrap tree #820, logLikelihood: -4600.501139
[00:03:31] [worker #0] Bootstrap tree #811, logLikelihood: -4731.246478
[00:03:31] [worker #1] Bootstrap tree #822, logLikelihood: -4590.370882
[00:03:32] [worker #0] Bootstrap tree #813, logLikelihood: -4782.938303
[00:03:32] [worker #1] Bootstrap tree #824, logLikelihood: -4748.580733
[00:03:32] [worker #1] Bootstrap tree #826, logLikelihood: -4845.149917
[00:03:32] [worker #0] Bootstrap tree #815, logLikelihood: -4684.708649
[00:03:33] [worker #1] Bootstrap tree #828, logLikelihood: -4740.846250
[00:03:33] [worker #0] Bootstrap tree #817, logLikelihood: -4771.962415
[00:03:33] [worker #1] Bootstrap tree #830, logLikelihood: -4650.779069
[00:03:34] [worker #0] Bootstrap tree #819, logLikelihood: -4905.908163
[00:03:34] [worker #1] Bootstrap tree #832, logLikelihood: -4909.692613
[00:03:34] [worker #1] Bootstrap tree #834, logLikelihood: -4709.302304
[00:03:34] [worker #0] Bootstrap tree #821, logLikelihood: -4809.196411
[00:03:35] [worker #1] Bootstrap tree #836, logLikelihood: -4778.973787
[00:03:35] [worker #1] Bootstrap tree #838, logLikelihood: -4699.972079
[00:03:35] [worker #0] Bootstrap tree #823, logLikelihood: -4635.201469
[00:03:35] [worker #1] Bootstrap tree #840, logLikelihood: -4591.633086
[00:03:36] [worker #0] Bootstrap tree #825, logLikelihood: -4687.659813
[00:03:36] [worker #1] Bootstrap tree #842, logLikelihood: -4747.814942
[00:03:36] [worker #0] Bootstrap tree #827, logLikelihood: -4858.421567
[00:03:36] [worker #1] Bootstrap tree #844, logLikelihood: -4797.083864
[00:03:37] [worker #0] Bootstrap tree #829, logLikelihood: -4732.901988
[00:03:37] [worker #1] Bootstrap tree #846, logLikelihood: -4824.196842
[00:03:37] [worker #1] Bootstrap tree #848, logLikelihood: -4716.587677
[00:03:38] [worker #0] Bootstrap tree #831, logLikelihood: -4757.480269
[00:03:38] [worker #1] Bootstrap tree #850, logLikelihood: -4810.040192
[00:03:38] [worker #0] Bootstrap tree #833, logLikelihood: -4775.079180
[00:03:39] [worker #0] Bootstrap tree #835, logLikelihood: -4757.570054
[00:03:39] [worker #0] Bootstrap tree #837, logLikelihood: -4534.058172
[00:03:40] [worker #0] Bootstrap tree #839, logLikelihood: -4754.487034
[00:03:40] [worker #0] Bootstrap tree #841, logLikelihood: -4733.694478
[00:03:41] [worker #0] Bootstrap tree #843, logLikelihood: -4763.936554
[00:03:41] [worker #0] Bootstrap tree #845, logLikelihood: -4820.496470
[00:03:42] [worker #0] Bootstrap tree #847, logLikelihood: -4759.153287
[00:03:42] [worker #0] Bootstrap tree #849, logLikelihood: -4663.043400
[00:03:43] [worker #1] Bootstrap tree #852, logLikelihood: -4728.641204
[00:03:43] [worker #0] Bootstrap tree #851, logLikelihood: -4793.819580
[00:03:44] [worker #1] Bootstrap tree #854, logLikelihood: -4840.024631
[00:03:44] [worker #1] Bootstrap tree #856, logLikelihood: -4720.722294
[00:03:44] [worker #0] Bootstrap tree #853, logLikelihood: -4775.186297
[00:03:44] [worker #1] Bootstrap tree #858, logLikelihood: -4702.083126
[00:03:45] [worker #0] Bootstrap tree #855, logLikelihood: -4781.468395
[00:03:45] [worker #1] Bootstrap tree #860, logLikelihood: -4618.128879
[00:03:45] [worker #0] Bootstrap tree #857, logLikelihood: -4652.274653
[00:03:45] [worker #1] Bootstrap tree #862, logLikelihood: -4826.034866
[00:03:46] [worker #1] Bootstrap tree #864, logLikelihood: -4704.164324
[00:03:46] [worker #0] Bootstrap tree #859, logLikelihood: -4842.211416
[00:03:46] [worker #1] Bootstrap tree #866, logLikelihood: -4726.323783
[00:03:46] [worker #0] Bootstrap tree #861, logLikelihood: -4743.351940
[00:03:47] [worker #1] Bootstrap tree #868, logLikelihood: -4964.621686
[00:03:47] [worker #0] Bootstrap tree #863, logLikelihood: -4433.574050
[00:03:47] [worker #1] Bootstrap tree #870, logLikelihood: -4820.815446
[00:03:48] [worker #0] Bootstrap tree #865, logLikelihood: -4820.881641
[00:03:48] [worker #1] Bootstrap tree #872, logLikelihood: -4538.292694
[00:03:48] [worker #0] Bootstrap tree #867, logLikelihood: -4694.916082
[00:03:48] [worker #1] Bootstrap tree #874, logLikelihood: -4786.312179
[00:03:49] [worker #0] Bootstrap tree #869, logLikelihood: -4770.804666
[00:03:49] [worker #1] Bootstrap tree #876, logLikelihood: -4768.037351
[00:03:49] [worker #0] Bootstrap tree #871, logLikelihood: -4949.798375
[00:03:49] [worker #1] Bootstrap tree #878, logLikelihood: -4563.893905
[00:03:50] [worker #0] Bootstrap tree #873, logLikelihood: -4553.654283
[00:03:50] [worker #1] Bootstrap tree #880, logLikelihood: -4602.014654
[00:03:50] [worker #1] Bootstrap tree #882, logLikelihood: -4551.890530
[00:03:50] [worker #0] Bootstrap tree #875, logLikelihood: -4878.939679
[00:03:51] [worker #1] Bootstrap tree #884, logLikelihood: -4933.032281
[00:03:51] [worker #0] Bootstrap tree #877, logLikelihood: -4801.311028
[00:03:51] [worker #1] Bootstrap tree #886, logLikelihood: -4700.601305
[00:03:51] [worker #1] Bootstrap tree #888, logLikelihood: -4608.223114
[00:03:52] [worker #0] Bootstrap tree #879, logLikelihood: -4830.617212
[00:03:52] [worker #1] Bootstrap tree #890, logLikelihood: -4765.264696
[00:03:52] [worker #0] Bootstrap tree #881, logLikelihood: -4689.321351
[00:03:52] [worker #1] Bootstrap tree #892, logLikelihood: -4465.396737
[00:03:53] [worker #1] Bootstrap tree #894, logLikelihood: -4452.693834
[00:03:53] [worker #0] Bootstrap tree #883, logLikelihood: -4816.224805
[00:03:53] [worker #1] Bootstrap tree #896, logLikelihood: -4622.708659
[00:03:54] [worker #0] Bootstrap tree #885, logLikelihood: -4707.961532
[00:03:54] [worker #1] Bootstrap tree #898, logLikelihood: -4687.477964
[00:03:54] [worker #0] Bootstrap tree #887, logLikelihood: -4748.386039
[00:03:54] [worker #1] Bootstrap tree #900, logLikelihood: -4486.039782
[00:03:55] [worker #0] Bootstrap tree #889, logLikelihood: -4635.225612
[00:03:56] [worker #0] Bootstrap tree #891, logLikelihood: -4510.302931
[00:03:56] [worker #0] Bootstrap tree #893, logLikelihood: -4619.175974
[00:03:57] [worker #0] Bootstrap tree #895, logLikelihood: -4978.171276
[00:03:57] [worker #0] Bootstrap tree #897, logLikelihood: -4579.071678
[00:03:58] [worker #0] Bootstrap tree #899, logLikelihood: -4982.124477
[00:03:59] [worker #1] Bootstrap tree #902, logLikelihood: -4794.658325
[00:03:59] [worker #0] Bootstrap tree #901, logLikelihood: -4791.407438
[00:03:59] [worker #1] Bootstrap tree #904, logLikelihood: -4794.196769
[00:03:59] [worker #0] Bootstrap tree #903, logLikelihood: -4716.102402
[00:03:59] [worker #1] Bootstrap tree #906, logLikelihood: -4626.358277
[00:04:00] [worker #1] Bootstrap tree #908, logLikelihood: -4712.399479
[00:04:00] [worker #0] Bootstrap tree #905, logLikelihood: -4772.209611
[00:04:00] [worker #1] Bootstrap tree #910, logLikelihood: -4762.971997
[00:04:01] [worker #0] Bootstrap tree #907, logLikelihood: -4831.416003
[00:04:01] [worker #1] Bootstrap tree #912, logLikelihood: -4718.504388
[00:04:01] [worker #1] Bootstrap tree #914, logLikelihood: -4496.808228
[00:04:01] [worker #0] Bootstrap tree #909, logLikelihood: -4794.026945
[00:04:02] [worker #1] Bootstrap tree #916, logLikelihood: -4855.589914
[00:04:02] [worker #0] Bootstrap tree #911, logLikelihood: -4955.379698
[00:04:02] [worker #1] Bootstrap tree #918, logLikelihood: -4748.758775
[00:04:02] [worker #0] Bootstrap tree #913, logLikelihood: -4751.479743
[00:04:02] [worker #1] Bootstrap tree #920, logLikelihood: -4758.014536
[00:04:03] [worker #1] Bootstrap tree #922, logLikelihood: -4526.827464
[00:04:03] [worker #0] Bootstrap tree #915, logLikelihood: -4825.881028
[00:04:03] [worker #1] Bootstrap tree #924, logLikelihood: -4734.639476
[00:04:04] [worker #0] Bootstrap tree #917, logLikelihood: -4827.732165
[00:04:04] [worker #1] Bootstrap tree #926, logLikelihood: -4677.640187
[00:04:04] [worker #0] Bootstrap tree #919, logLikelihood: -4634.870690
[00:04:04] [worker #1] Bootstrap tree #928, logLikelihood: -4810.201554
[00:04:05] [worker #0] Bootstrap tree #921, logLikelihood: -4556.821831
[00:04:05] [worker #1] Bootstrap tree #930, logLikelihood: -4550.671156
[00:04:05] [worker #0] Bootstrap tree #923, logLikelihood: -4680.328717
[00:04:05] [worker #1] Bootstrap tree #932, logLikelihood: -4643.494042
[00:04:06] [worker #1] Bootstrap tree #934, logLikelihood: -4855.395737
[00:04:06] [worker #0] Bootstrap tree #925, logLikelihood: -4643.778051
[00:04:07] [worker #1] Bootstrap tree #936, logLikelihood: -4830.474074
[00:04:07] [worker #0] Bootstrap tree #927, logLikelihood: -4835.559197
[00:04:07] [worker #1] Bootstrap tree #938, logLikelihood: -4700.358560
[00:04:07] [worker #1] Bootstrap tree #940, logLikelihood: -4677.118793
[00:04:07] [worker #0] Bootstrap tree #929, logLikelihood: -4883.113967
[00:04:08] [worker #1] Bootstrap tree #942, logLikelihood: -4718.982534
[00:04:08] [worker #0] Bootstrap tree #931, logLikelihood: -4740.995964
[00:04:08] [worker #1] Bootstrap tree #944, logLikelihood: -4720.415153
[00:04:09] [worker #0] Bootstrap tree #933, logLikelihood: -4861.177909
[00:04:09] [worker #1] Bootstrap tree #946, logLikelihood: -4895.685988
[00:04:09] [worker #1] Bootstrap tree #948, logLikelihood: -4609.708802
[00:04:09] [worker #0] Bootstrap tree #935, logLikelihood: -4764.590047
[00:04:10] [worker #1] Bootstrap tree #950, logLikelihood: -4735.042984
[00:04:10] [worker #0] Bootstrap tree #937, logLikelihood: -4657.375328
[00:04:10] [worker #0] Bootstrap tree #939, logLikelihood: -4707.813524
[00:04:11] [worker #0] Bootstrap tree #941, logLikelihood: -4974.168455
[00:04:11] [worker #0] Bootstrap tree #943, logLikelihood: -4594.911944
[00:04:12] [worker #0] Bootstrap tree #945, logLikelihood: -4741.134227
[00:04:13] [worker #0] Bootstrap tree #947, logLikelihood: -4710.811830
[00:04:13] [worker #0] Bootstrap tree #949, logLikelihood: -4617.559841
[00:04:14] [worker #1] Bootstrap tree #952, logLikelihood: -4761.595646
[00:04:14] [worker #0] Bootstrap tree #951, logLikelihood: -4777.458732
[00:04:15] [worker #1] Bootstrap tree #954, logLikelihood: -4570.250282
[00:04:15] [worker #0] Bootstrap tree #953, logLikelihood: -4537.833070
[00:04:15] [worker #1] Bootstrap tree #956, logLikelihood: -4688.367362
[00:04:15] [worker #1] Bootstrap tree #958, logLikelihood: -4814.326320
[00:04:15] [worker #0] Bootstrap tree #955, logLikelihood: -4829.038456
[00:04:16] [worker #1] Bootstrap tree #960, logLikelihood: -4646.010729
[00:04:16] [worker #0] Bootstrap tree #957, logLikelihood: -4699.203495
[00:04:16] [worker #1] Bootstrap tree #962, logLikelihood: -4909.406221
[00:04:17] [worker #0] Bootstrap tree #959, logLikelihood: -4801.433232
[00:04:17] [worker #1] Bootstrap tree #964, logLikelihood: -4637.191883
[00:04:17] [worker #0] Bootstrap tree #961, logLikelihood: -4504.690845
[00:04:17] [worker #1] Bootstrap tree #966, logLikelihood: -4662.210183
[00:04:18] [worker #0] Bootstrap tree #963, logLikelihood: -4683.475913
[00:04:18] [worker #1] Bootstrap tree #968, logLikelihood: -4805.408701
[00:04:18] [worker #0] Bootstrap tree #965, logLikelihood: -4884.548552
[00:04:18] [worker #1] Bootstrap tree #970, logLikelihood: -4721.561950
[00:04:19] [worker #0] Bootstrap tree #967, logLikelihood: -4500.938599
[00:04:19] [worker #1] Bootstrap tree #972, logLikelihood: -4593.783229
[00:04:19] [worker #0] Bootstrap tree #969, logLikelihood: -4592.352843
[00:04:19] [worker #1] Bootstrap tree #974, logLikelihood: -4762.299118
[00:04:20] [worker #1] Bootstrap tree #976, logLikelihood: -4782.957700
[00:04:20] [worker #0] Bootstrap tree #971, logLikelihood: -4819.162658
[00:04:20] [worker #1] Bootstrap tree #978, logLikelihood: -4859.771898
[00:04:20] [worker #0] Bootstrap tree #973, logLikelihood: -4701.572936
[00:04:21] [worker #1] Bootstrap tree #980, logLikelihood: -4735.093367
[00:04:21] [worker #1] Bootstrap tree #982, logLikelihood: -4877.686615
[00:04:21] [worker #0] Bootstrap tree #975, logLikelihood: -4818.092105
[00:04:21] [worker #1] Bootstrap tree #984, logLikelihood: -4652.321116
[00:04:22] [worker #1] Bootstrap tree #986, logLikelihood: -4738.031326
[00:04:22] [worker #0] Bootstrap tree #977, logLikelihood: -4656.317260
[00:04:22] [worker #1] Bootstrap tree #988, logLikelihood: -4760.951156
[00:04:22] [worker #0] Bootstrap tree #979, logLikelihood: -4559.851305
[00:04:23] [worker #1] Bootstrap tree #990, logLikelihood: -4643.215945
[00:04:23] [worker #1] Bootstrap tree #992, logLikelihood: -4723.744037
[00:04:23] [worker #0] Bootstrap tree #981, logLikelihood: -4734.473803
[00:04:23] [worker #1] Bootstrap tree #994, logLikelihood: -4578.268023
[00:04:24] [worker #0] Bootstrap tree #983, logLikelihood: -4749.041117
[00:04:24] [worker #1] Bootstrap tree #996, logLikelihood: -4968.265143
[00:04:24] [worker #1] Bootstrap tree #998, logLikelihood: -4671.884741
[00:04:24] [worker #0] Bootstrap tree #985, logLikelihood: -4706.183988
[00:04:25] [worker #1] Bootstrap tree #1000, logLikelihood: -4745.529941
[00:04:25] [worker #0] Bootstrap tree #987, logLikelihood: -4567.060538
[00:04:25] [worker #0] Bootstrap tree #989, logLikelihood: -4734.278802
[00:04:26] [worker #0] Bootstrap tree #991, logLikelihood: -4634.746593
[00:04:26] [worker #0] Bootstrap tree #993, logLikelihood: -4647.236237
[00:04:27] [worker #0] Bootstrap tree #995, logLikelihood: -4861.517984
[00:04:27] [worker #0] Bootstrap tree #997, logLikelihood: -4877.041045
[00:04:28] [worker #0] Bootstrap tree #999, logLikelihood: -4644.299194

Optimized model parameters:

   Partition 0: noname
   Rate heterogeneity: GAMMA (4 cats, mean),  alpha: 1.302719 (ML),  weights&rates: (0.250000,0.193176) (0.250000,0.552047) (0.250000,1.036380) (0.250000,2.218397) 
   Base frequencies (ML): 0.279914 0.232616 0.234649 0.252821 
   Substitution rates (ML): 2.035891 4.779429 1.267674 1.610944 5.808516 1.000000 


Final LogLikelihood: -4752.148853

AIC score: 9588.297707 / AICc score: 9591.059175 / BIC score: 9807.058921
Free parameters (model + branch lengths): 42

WARNING: Best ML tree contains 5 near-zero branches!

Best ML tree with collapsed near-zero branches saved to: /project/maize_ga1/Ga1P_seqs/O1.raxml.bestTreeCollapsed
Best ML tree saved to: /project/maize_ga1/Ga1P_seqs/O1.raxml.bestTree
All ML trees saved to: /project/maize_ga1/Ga1P_seqs/O1.raxml.mlTrees
Best ML tree with Felsenstein bootstrap (FBP) support values saved to: /project/maize_ga1/Ga1P_seqs/O1.raxml.supportFBP
Best ML tree with Transfer bootstrap (TBE) support values saved to: /project/maize_ga1/Ga1P_seqs/O1.raxml.supportTBE
Optimized model saved to: /project/maize_ga1/Ga1P_seqs/O1.raxml.bestModel
Bootstrap trees saved to: /project/maize_ga1/Ga1P_seqs/O1.raxml.bootstraps

Execution log saved to: /project/maize_ga1/Ga1P_seqs/O1.raxml.log

Analysis started: 06-May-2022 15:46:25 / finished: 06-May-2022 15:50:54

Elapsed time: 269.441 seconds

Consumed energy: 8.991 Wh

