
RAxML-NG v. 1.1.0 released on 29.11.2021 by The Exelixis Lab.
Developed by: Alexey M. Kozlov and Alexandros Stamatakis.
Contributors: Diego Darriba, Tomas Flouri, Benoit Morel, Sarah Lutteropp, Ben Bettisworth.
Latest version: https://github.com/amkozlov/raxml-ng
Questions/problems/suggestions? Please visit: https://groups.google.com/forum/#!forum/raxml

System: Intel(R) Xeon(R) Gold 6240 CPU @ 2.60GHz, 36 cores, 376 GB RAM

RAxML-NG was called at 11-Apr-2022 19:12:11 as follows:

/project/maize_ga1/bin/raxml-ng --all --msa aln.fa --model GTR+G --prefix T1 --seed 2 --threads 2 --bs-metric fbp,tbe

Analysis options:
  run mode: ML tree search + bootstrapping (Felsenstein Bootstrap + Transfer Bootstrap)
  start tree(s): random (10) + parsimony (10)
  bootstrap replicates: max: 1000 + bootstopping (autoMRE, cutoff: 0.030000)
  random seed: 2
  tip-inner: OFF
  pattern compression: ON
  per-rate scalers: OFF
  site repeats: ON
  branch lengths: proportional (ML estimate, algorithm: NR-FAST)
  SIMD kernels: AVX2
  parallelization: coarse-grained (auto), PTHREADS (2 threads), thread pinning: OFF

[00:00:00] Reading alignment from file: aln.fa
[00:00:00] Loaded alignment with 21 taxa and 1267 sites

Alignment comprises 1 partitions and 318 patterns

Partition 0: noname
Model: GTR+FO+G4m
Alignment sites / patterns: 1267 / 318
Gaps: 38.72 %
Invariant sites: 75.06 %


NOTE: Binary MSA file created: T1.raxml.rba

Parallelization scheme autoconfig: 2 worker(s) x 1 thread(s)

Parallel reduction/worker buffer size: 1 KB  / 0 KB

[00:00:00] Generating 10 random starting tree(s) with 21 taxa
[00:00:00] Generating 10 parsimony starting tree(s) with 21 taxa
[00:00:00] Data distribution: max. partitions/sites/weight per thread: 1 / 318 / 5088
[00:00:00] Data distribution: max. searches per worker: 510

Starting ML tree search with 20 distinct starting trees

[00:00:01] [worker #0] ML tree search #1, logLikelihood: -4312.615765
[00:00:01] [worker #1] ML tree search #2, logLikelihood: -4315.404111
[00:00:02] [worker #0] ML tree search #3, logLikelihood: -4308.962633
[00:00:02] [worker #1] ML tree search #4, logLikelihood: -4308.961737
[00:00:03] [worker #0] ML tree search #5, logLikelihood: -4314.512174
[00:00:04] [worker #1] ML tree search #6, logLikelihood: -4312.615572
[00:00:04] [worker #0] ML tree search #7, logLikelihood: -4316.137109
[00:00:05] [worker #1] ML tree search #8, logLikelihood: -4315.403265
[00:00:05] [worker #0] ML tree search #9, logLikelihood: -4316.061462
[00:00:06] [worker #1] ML tree search #10, logLikelihood: -4314.511023
[00:00:06] [worker #1] ML tree search #12, logLikelihood: -4308.961428
[00:00:06] [worker #0] ML tree search #11, logLikelihood: -4312.699441
[00:00:07] [worker #1] ML tree search #14, logLikelihood: -4312.698394
[00:00:07] [worker #0] ML tree search #13, logLikelihood: -4308.961576
[00:00:08] [worker #1] ML tree search #16, logLikelihood: -4312.698339
[00:00:08] [worker #0] ML tree search #15, logLikelihood: -4308.961448
[00:00:09] [worker #1] ML tree search #18, logLikelihood: -4308.961449
[00:00:09] [worker #0] ML tree search #17, logLikelihood: -4308.961526
[00:00:09] [worker #0] ML tree search #19, logLikelihood: -4308.961548
[00:00:10] [worker #1] ML tree search #20, logLikelihood: -4308.962690

[00:00:10] ML tree search completed, best tree logLH: -4308.961428

[00:00:10] Starting bootstrapping analysis with 1000 replicates.

[00:00:10] [worker #0] Bootstrap tree #1, logLikelihood: -4222.596197
[00:00:10] [worker #1] Bootstrap tree #2, logLikelihood: -4300.742614
[00:00:11] [worker #0] Bootstrap tree #3, logLikelihood: -4329.300495
[00:00:11] [worker #1] Bootstrap tree #4, logLikelihood: -4464.315958
[00:00:11] [worker #0] Bootstrap tree #5, logLikelihood: -4217.905701
[00:00:12] [worker #1] Bootstrap tree #6, logLikelihood: -4283.548499
[00:00:12] [worker #0] Bootstrap tree #7, logLikelihood: -4079.090463
[00:00:12] [worker #1] Bootstrap tree #8, logLikelihood: -4294.539805
[00:00:13] [worker #0] Bootstrap tree #9, logLikelihood: -4194.597706
[00:00:13] [worker #1] Bootstrap tree #10, logLikelihood: -4199.325581
[00:00:14] [worker #0] Bootstrap tree #11, logLikelihood: -4304.597088
[00:00:14] [worker #1] Bootstrap tree #12, logLikelihood: -4137.169723
[00:00:14] [worker #0] Bootstrap tree #13, logLikelihood: -4166.020682
[00:00:15] [worker #1] Bootstrap tree #14, logLikelihood: -4110.598122
[00:00:15] [worker #0] Bootstrap tree #15, logLikelihood: -4272.971136
[00:00:15] [worker #1] Bootstrap tree #16, logLikelihood: -4406.874688
[00:00:16] [worker #0] Bootstrap tree #17, logLikelihood: -4220.637321
[00:00:16] [worker #1] Bootstrap tree #18, logLikelihood: -4252.888941
[00:00:16] [worker #0] Bootstrap tree #19, logLikelihood: -4205.824880
[00:00:16] [worker #1] Bootstrap tree #20, logLikelihood: -4397.760072
[00:00:17] [worker #0] Bootstrap tree #21, logLikelihood: -4287.425414
[00:00:17] [worker #1] Bootstrap tree #22, logLikelihood: -4142.964878
[00:00:18] [worker #1] Bootstrap tree #24, logLikelihood: -4498.591252
[00:00:18] [worker #0] Bootstrap tree #23, logLikelihood: -4187.998898
[00:00:19] [worker #0] Bootstrap tree #25, logLikelihood: -4263.343160
[00:00:19] [worker #1] Bootstrap tree #26, logLikelihood: -4300.258050
[00:00:19] [worker #1] Bootstrap tree #28, logLikelihood: -4404.569083
[00:00:19] [worker #0] Bootstrap tree #27, logLikelihood: -4211.847357
[00:00:20] [worker #1] Bootstrap tree #30, logLikelihood: -4148.216183
[00:00:20] [worker #0] Bootstrap tree #29, logLikelihood: -4216.422142
[00:00:20] [worker #1] Bootstrap tree #32, logLikelihood: -4049.051904
[00:00:21] [worker #1] Bootstrap tree #34, logLikelihood: -4251.145414
[00:00:21] [worker #0] Bootstrap tree #31, logLikelihood: -4147.236755
[00:00:22] [worker #0] Bootstrap tree #33, logLikelihood: -4298.905283
[00:00:22] [worker #1] Bootstrap tree #36, logLikelihood: -4389.323645
[00:00:22] [worker #0] Bootstrap tree #35, logLikelihood: -4253.300730
[00:00:22] [worker #1] Bootstrap tree #38, logLikelihood: -4253.114697
[00:00:23] [worker #1] Bootstrap tree #40, logLikelihood: -4484.566279
[00:00:23] [worker #0] Bootstrap tree #37, logLikelihood: -4328.982035
[00:00:24] [worker #1] Bootstrap tree #42, logLikelihood: -4134.483072
[00:00:24] [worker #0] Bootstrap tree #39, logLikelihood: -4298.463561
[00:00:24] [worker #1] Bootstrap tree #44, logLikelihood: -4142.533261
[00:00:24] [worker #0] Bootstrap tree #41, logLikelihood: -4355.767729
[00:00:25] [worker #1] Bootstrap tree #46, logLikelihood: -4383.068530
[00:00:25] [worker #0] Bootstrap tree #43, logLikelihood: -4244.922820
[00:00:25] [worker #1] Bootstrap tree #48, logLikelihood: -4281.305699
[00:00:26] [worker #1] Bootstrap tree #50, logLikelihood: -4335.778819
[00:00:26] [worker #0] Bootstrap tree #45, logLikelihood: -4140.894817
[00:00:27] [worker #0] Bootstrap tree #47, logLikelihood: -4419.784850
[00:00:28] [worker #0] Bootstrap tree #49, logLikelihood: -4274.365285
[00:00:28] [worker #0] Bootstrap tree #51, logLikelihood: -4216.798989
[00:00:28] [worker #1] Bootstrap tree #52, logLikelihood: -4491.138718
[00:00:29] [worker #0] Bootstrap tree #53, logLikelihood: -4171.584844
[00:00:29] [worker #1] Bootstrap tree #54, logLikelihood: -4275.948578
[00:00:29] [worker #1] Bootstrap tree #56, logLikelihood: -4200.188913
[00:00:29] [worker #0] Bootstrap tree #55, logLikelihood: -4203.208321
[00:00:30] [worker #0] Bootstrap tree #57, logLikelihood: -4158.478860
[00:00:30] [worker #1] Bootstrap tree #58, logLikelihood: -4367.780727
[00:00:31] [worker #1] Bootstrap tree #60, logLikelihood: -4080.397401
[00:00:31] [worker #0] Bootstrap tree #59, logLikelihood: -4275.845330
[00:00:31] [worker #1] Bootstrap tree #62, logLikelihood: -4164.061745
[00:00:32] [worker #0] Bootstrap tree #61, logLikelihood: -4244.441594
[00:00:32] [worker #1] Bootstrap tree #64, logLikelihood: -4358.200231
[00:00:32] [worker #0] Bootstrap tree #63, logLikelihood: -4242.016277
[00:00:33] [worker #1] Bootstrap tree #66, logLikelihood: -4183.280762
[00:00:33] [worker #0] Bootstrap tree #65, logLikelihood: -4339.412087
[00:00:33] [worker #1] Bootstrap tree #68, logLikelihood: -4136.502758
[00:00:34] [worker #0] Bootstrap tree #67, logLikelihood: -4093.091542
[00:00:34] [worker #1] Bootstrap tree #70, logLikelihood: -4021.837235
[00:00:34] [worker #0] Bootstrap tree #69, logLikelihood: -4179.001532
[00:00:35] [worker #0] Bootstrap tree #71, logLikelihood: -4203.006945
[00:00:35] [worker #1] Bootstrap tree #72, logLikelihood: -4457.821403
[00:00:36] [worker #1] Bootstrap tree #74, logLikelihood: -4183.538698
[00:00:36] [worker #0] Bootstrap tree #73, logLikelihood: -4270.996777
[00:00:36] [worker #1] Bootstrap tree #76, logLikelihood: -4276.883245
[00:00:37] [worker #0] Bootstrap tree #75, logLikelihood: -4552.843729
[00:00:37] [worker #1] Bootstrap tree #78, logLikelihood: -4396.138434
[00:00:37] [worker #0] Bootstrap tree #77, logLikelihood: -4140.812357
[00:00:37] [worker #1] Bootstrap tree #80, logLikelihood: -4053.527176
[00:00:38] [worker #1] Bootstrap tree #82, logLikelihood: -3968.194273
[00:00:38] [worker #0] Bootstrap tree #79, logLikelihood: -4257.949876
[00:00:38] [worker #1] Bootstrap tree #84, logLikelihood: -4181.462042
[00:00:39] [worker #0] Bootstrap tree #81, logLikelihood: -4143.648105
[00:00:39] [worker #1] Bootstrap tree #86, logLikelihood: -4366.827128
[00:00:39] [worker #1] Bootstrap tree #88, logLikelihood: -4426.413669
[00:00:39] [worker #0] Bootstrap tree #83, logLikelihood: -4321.020383
[00:00:40] [worker #1] Bootstrap tree #90, logLikelihood: -4260.174966
[00:00:40] [worker #0] Bootstrap tree #85, logLikelihood: -4107.823048
[00:00:40] [worker #1] Bootstrap tree #92, logLikelihood: -4159.000362
[00:00:41] [worker #0] Bootstrap tree #87, logLikelihood: -3971.852362
[00:00:41] [worker #1] Bootstrap tree #94, logLikelihood: -4215.589421
[00:00:42] [worker #0] Bootstrap tree #89, logLikelihood: -3937.242201
[00:00:42] [worker #1] Bootstrap tree #96, logLikelihood: -4331.830522
[00:00:42] [worker #0] Bootstrap tree #91, logLikelihood: -4662.252970
[00:00:43] [worker #1] Bootstrap tree #98, logLikelihood: -4414.180571
[00:00:43] [worker #0] Bootstrap tree #93, logLikelihood: -4061.045912
[00:00:43] [worker #1] Bootstrap tree #100, logLikelihood: -4068.362831
[00:00:44] [worker #0] Bootstrap tree #95, logLikelihood: -4233.596562
[00:00:44] [worker #0] Bootstrap tree #97, logLikelihood: -4376.204374
[00:00:45] [worker #0] Bootstrap tree #99, logLikelihood: -4276.477372
[00:00:46] [worker #1] Bootstrap tree #102, logLikelihood: -4333.461400
[00:00:46] [worker #0] Bootstrap tree #101, logLikelihood: -4295.355758
[00:00:46] [worker #1] Bootstrap tree #104, logLikelihood: -4405.031558
[00:00:46] [worker #0] Bootstrap tree #103, logLikelihood: -4286.171252
[00:00:47] [worker #1] Bootstrap tree #106, logLikelihood: -4384.247869
[00:00:47] [worker #0] Bootstrap tree #105, logLikelihood: -4326.221021
[00:00:47] [worker #1] Bootstrap tree #108, logLikelihood: -4426.048571
[00:00:48] [worker #0] Bootstrap tree #107, logLikelihood: -4429.278022
[00:00:48] [worker #1] Bootstrap tree #110, logLikelihood: -4334.085853
[00:00:49] [worker #1] Bootstrap tree #112, logLikelihood: -4124.609874
[00:00:49] [worker #0] Bootstrap tree #109, logLikelihood: -4193.182463
[00:00:49] [worker #1] Bootstrap tree #114, logLikelihood: -4228.304909
[00:00:50] [worker #1] Bootstrap tree #116, logLikelihood: -4222.030878
[00:00:50] [worker #0] Bootstrap tree #111, logLikelihood: -4393.389698
[00:00:50] [worker #1] Bootstrap tree #118, logLikelihood: -4214.433349
[00:00:50] [worker #0] Bootstrap tree #113, logLikelihood: -4308.304468
[00:00:51] [worker #1] Bootstrap tree #120, logLikelihood: -4378.665717
[00:00:51] [worker #0] Bootstrap tree #115, logLikelihood: -4313.543988
[00:00:51] [worker #1] Bootstrap tree #122, logLikelihood: -4135.549905
[00:00:52] [worker #0] Bootstrap tree #117, logLikelihood: -4211.800947
[00:00:52] [worker #1] Bootstrap tree #124, logLikelihood: -4062.584698
[00:00:52] [worker #0] Bootstrap tree #119, logLikelihood: -4104.542973
[00:00:53] [worker #1] Bootstrap tree #126, logLikelihood: -4490.468343
[00:00:53] [worker #0] Bootstrap tree #121, logLikelihood: -4359.812973
[00:00:53] [worker #1] Bootstrap tree #128, logLikelihood: -4391.006892
[00:00:53] [worker #0] Bootstrap tree #123, logLikelihood: -4638.961207
[00:00:54] [worker #1] Bootstrap tree #130, logLikelihood: -4023.904777
[00:00:54] [worker #0] Bootstrap tree #125, logLikelihood: -4260.412075
[00:00:54] [worker #1] Bootstrap tree #132, logLikelihood: -4259.950798
[00:00:55] [worker #0] Bootstrap tree #127, logLikelihood: -4227.921120
[00:00:55] [worker #1] Bootstrap tree #134, logLikelihood: -3998.636978
[00:00:55] [worker #0] Bootstrap tree #129, logLikelihood: -4177.367400
[00:00:56] [worker #1] Bootstrap tree #136, logLikelihood: -4475.393606
[00:00:56] [worker #0] Bootstrap tree #131, logLikelihood: -4277.429765
[00:00:56] [worker #1] Bootstrap tree #138, logLikelihood: -4446.609537
[00:00:57] [worker #0] Bootstrap tree #133, logLikelihood: -4250.556625
[00:00:57] [worker #1] Bootstrap tree #140, logLikelihood: -4397.130957
[00:00:57] [worker #0] Bootstrap tree #135, logLikelihood: -4117.215009
[00:00:58] [worker #1] Bootstrap tree #142, logLikelihood: -4164.449596
[00:00:58] [worker #0] Bootstrap tree #137, logLikelihood: -4245.933059
[00:00:58] [worker #1] Bootstrap tree #144, logLikelihood: -4305.129415
[00:00:59] [worker #0] Bootstrap tree #139, logLikelihood: -4103.718857
[00:00:59] [worker #1] Bootstrap tree #146, logLikelihood: -4071.287822
[00:01:00] [worker #0] Bootstrap tree #141, logLikelihood: -4264.889972
[00:01:00] [worker #1] Bootstrap tree #148, logLikelihood: -4380.615623
[00:01:00] [worker #0] Bootstrap tree #143, logLikelihood: -4192.471334
[00:01:00] [worker #1] Bootstrap tree #150, logLikelihood: -4225.276548
[00:01:01] [worker #0] Bootstrap tree #145, logLikelihood: -3890.868500
[00:01:02] [worker #0] Bootstrap tree #147, logLikelihood: -4289.283910
[00:01:02] [worker #0] Bootstrap tree #149, logLikelihood: -4163.688458
[00:01:03] [worker #1] Bootstrap tree #152, logLikelihood: -4202.253001
[00:01:03] [worker #0] Bootstrap tree #151, logLikelihood: -4135.714838
[00:01:04] [worker #1] Bootstrap tree #154, logLikelihood: -4525.753676
[00:01:04] [worker #0] Bootstrap tree #153, logLikelihood: -4371.760271
[00:01:04] [worker #1] Bootstrap tree #156, logLikelihood: -4177.446114
[00:01:05] [worker #1] Bootstrap tree #158, logLikelihood: -4128.519106
[00:01:05] [worker #0] Bootstrap tree #155, logLikelihood: -4132.554067
[00:01:05] [worker #1] Bootstrap tree #160, logLikelihood: -4347.834371
[00:01:06] [worker #0] Bootstrap tree #157, logLikelihood: -4313.617589
[00:01:06] [worker #1] Bootstrap tree #162, logLikelihood: -4501.324183
[00:01:07] [worker #0] Bootstrap tree #159, logLikelihood: -4393.683686
[00:01:07] [worker #1] Bootstrap tree #164, logLikelihood: -4335.331560
[00:01:07] [worker #0] Bootstrap tree #161, logLikelihood: -4143.217390
[00:01:07] [worker #1] Bootstrap tree #166, logLikelihood: -4199.444496
[00:01:08] [worker #0] Bootstrap tree #163, logLikelihood: -4254.597256
[00:01:08] [worker #1] Bootstrap tree #168, logLikelihood: -4140.704275
[00:01:08] [worker #0] Bootstrap tree #165, logLikelihood: -3988.227642
[00:01:09] [worker #1] Bootstrap tree #170, logLikelihood: -4316.068258
[00:01:09] [worker #0] Bootstrap tree #167, logLikelihood: -4373.638561
[00:01:09] [worker #1] Bootstrap tree #172, logLikelihood: -4369.228243
[00:01:10] [worker #0] Bootstrap tree #169, logLikelihood: -4121.876631
[00:01:10] [worker #1] Bootstrap tree #174, logLikelihood: -4111.305336
[00:01:10] [worker #0] Bootstrap tree #171, logLikelihood: -4328.283127
[00:01:11] [worker #1] Bootstrap tree #176, logLikelihood: -4337.484414
[00:01:11] [worker #1] Bootstrap tree #178, logLikelihood: -4156.891040
[00:01:11] [worker #0] Bootstrap tree #173, logLikelihood: -4345.355358
[00:01:12] [worker #1] Bootstrap tree #180, logLikelihood: -4396.009114
[00:01:12] [worker #0] Bootstrap tree #175, logLikelihood: -4185.167608
[00:01:13] [worker #1] Bootstrap tree #182, logLikelihood: -4516.383684
[00:01:13] [worker #0] Bootstrap tree #177, logLikelihood: -4452.105891
[00:01:13] [worker #1] Bootstrap tree #184, logLikelihood: -4163.852257
[00:01:14] [worker #0] Bootstrap tree #179, logLikelihood: -4086.142549
[00:01:14] [worker #1] Bootstrap tree #186, logLikelihood: -4366.549962
[00:01:14] [worker #1] Bootstrap tree #188, logLikelihood: -4230.979612
[00:01:14] [worker #0] Bootstrap tree #181, logLikelihood: -4308.562131
[00:01:15] [worker #1] Bootstrap tree #190, logLikelihood: -4400.881806
[00:01:15] [worker #0] Bootstrap tree #183, logLikelihood: -4148.811495
[00:01:15] [worker #1] Bootstrap tree #192, logLikelihood: -4194.065780
[00:01:15] [worker #0] Bootstrap tree #185, logLikelihood: -4145.861529
[00:01:16] [worker #1] Bootstrap tree #194, logLikelihood: -4347.196120
[00:01:16] [worker #0] Bootstrap tree #187, logLikelihood: -4327.196810
[00:01:16] [worker #1] Bootstrap tree #196, logLikelihood: -4473.096358
[00:01:17] [worker #0] Bootstrap tree #189, logLikelihood: -4458.173290
[00:01:17] [worker #1] Bootstrap tree #198, logLikelihood: -4157.116801
[00:01:17] [worker #0] Bootstrap tree #191, logLikelihood: -4282.094589
[00:01:18] [worker #1] Bootstrap tree #200, logLikelihood: -4045.768510
[00:01:18] [worker #0] Bootstrap tree #193, logLikelihood: -4030.085352
[00:01:19] [worker #0] Bootstrap tree #195, logLikelihood: -4085.953342
[00:01:20] [worker #0] Bootstrap tree #197, logLikelihood: -4495.832634
[00:01:21] [worker #0] Bootstrap tree #199, logLikelihood: -4379.895996
[00:01:22] [worker #1] Bootstrap tree #202, logLikelihood: -4111.248274
[00:01:22] [worker #0] Bootstrap tree #201, logLikelihood: -4118.234308
[00:01:23] [worker #1] Bootstrap tree #204, logLikelihood: -4261.875839
[00:01:23] [worker #0] Bootstrap tree #203, logLikelihood: -4246.565079
[00:01:23] [worker #1] Bootstrap tree #206, logLikelihood: -4189.924266
[00:01:23] [worker #0] Bootstrap tree #205, logLikelihood: -4350.880767
[00:01:24] [worker #1] Bootstrap tree #208, logLikelihood: -4146.031494
[00:01:24] [worker #0] Bootstrap tree #207, logLikelihood: -4080.072216
[00:01:24] [worker #1] Bootstrap tree #210, logLikelihood: -4221.727059
[00:01:25] [worker #0] Bootstrap tree #209, logLikelihood: -4265.788655
[00:01:25] [worker #1] Bootstrap tree #212, logLikelihood: -4360.685841
[00:01:25] [worker #1] Bootstrap tree #214, logLikelihood: -4229.593615
[00:01:26] [worker #0] Bootstrap tree #211, logLikelihood: -4359.041216
[00:01:26] [worker #1] Bootstrap tree #216, logLikelihood: -4293.706098
[00:01:26] [worker #0] Bootstrap tree #213, logLikelihood: -4410.344263
[00:01:27] [worker #1] Bootstrap tree #218, logLikelihood: -4488.629931
[00:01:27] [worker #0] Bootstrap tree #215, logLikelihood: -4146.792575
[00:01:27] [worker #1] Bootstrap tree #220, logLikelihood: -4354.997495
[00:01:27] [worker #0] Bootstrap tree #217, logLikelihood: -4491.611364
[00:01:28] [worker #1] Bootstrap tree #222, logLikelihood: -4401.623533
[00:01:28] [worker #0] Bootstrap tree #219, logLikelihood: -4371.665178
[00:01:28] [worker #1] Bootstrap tree #224, logLikelihood: -4099.626070
[00:01:29] [worker #0] Bootstrap tree #221, logLikelihood: -4244.740990
[00:01:29] [worker #1] Bootstrap tree #226, logLikelihood: -4130.400868
[00:01:30] [worker #1] Bootstrap tree #228, logLikelihood: -4218.386084
[00:01:30] [worker #0] Bootstrap tree #223, logLikelihood: -4180.454784
[00:01:31] [worker #0] Bootstrap tree #225, logLikelihood: -4409.009463
[00:01:31] [worker #1] Bootstrap tree #230, logLikelihood: -4385.712340
[00:01:31] [worker #0] Bootstrap tree #227, logLikelihood: -4157.993212
[00:01:31] [worker #1] Bootstrap tree #232, logLikelihood: -4473.121188
[00:01:32] [worker #0] Bootstrap tree #229, logLikelihood: -4209.761857
[00:01:32] [worker #1] Bootstrap tree #234, logLikelihood: -4238.500325
[00:01:32] [worker #0] Bootstrap tree #231, logLikelihood: -4086.718232
[00:01:33] [worker #1] Bootstrap tree #236, logLikelihood: -4452.515821
[00:01:33] [worker #1] Bootstrap tree #238, logLikelihood: -4488.820373
[00:01:33] [worker #0] Bootstrap tree #233, logLikelihood: -4080.094643
[00:01:34] [worker #1] Bootstrap tree #240, logLikelihood: -4590.256545
[00:01:34] [worker #0] Bootstrap tree #235, logLikelihood: -4393.717788
[00:01:34] [worker #1] Bootstrap tree #242, logLikelihood: -4295.347638
[00:01:35] [worker #0] Bootstrap tree #237, logLikelihood: -4308.737554
[00:01:35] [worker #1] Bootstrap tree #244, logLikelihood: -4158.854892
[00:01:35] [worker #0] Bootstrap tree #239, logLikelihood: -4065.643726
[00:01:35] [worker #1] Bootstrap tree #246, logLikelihood: -4566.864827
[00:01:36] [worker #0] Bootstrap tree #241, logLikelihood: -4213.580219
[00:01:36] [worker #1] Bootstrap tree #248, logLikelihood: -4363.455212
[00:01:36] [worker #0] Bootstrap tree #243, logLikelihood: -4243.680036
[00:01:37] [worker #0] Bootstrap tree #245, logLikelihood: -4298.453455
[00:01:37] [worker #1] Bootstrap tree #250, logLikelihood: -4355.157576
[00:01:37] [worker #0] Bootstrap tree #247, logLikelihood: -4138.366456
[00:01:38] [worker #0] Bootstrap tree #249, logLikelihood: -4146.878444
[00:01:39] [worker #1] Bootstrap tree #252, logLikelihood: -4209.242373
[00:01:39] [worker #0] Bootstrap tree #251, logLikelihood: -4170.518065
[00:01:39] [worker #1] Bootstrap tree #254, logLikelihood: -4054.896933
[00:01:40] [worker #0] Bootstrap tree #253, logLikelihood: -4335.086752
[00:01:40] [worker #1] Bootstrap tree #256, logLikelihood: -4406.398380
[00:01:41] [worker #0] Bootstrap tree #255, logLikelihood: -4287.617084
[00:01:41] [worker #1] Bootstrap tree #258, logLikelihood: -4217.073385
[00:01:41] [worker #0] Bootstrap tree #257, logLikelihood: -4172.823180
[00:01:41] [worker #1] Bootstrap tree #260, logLikelihood: -4351.229032
[00:01:42] [worker #0] Bootstrap tree #259, logLikelihood: -4582.020548
[00:01:42] [worker #1] Bootstrap tree #262, logLikelihood: -4238.094719
[00:01:43] [worker #0] Bootstrap tree #261, logLikelihood: -4325.015278
[00:01:43] [worker #1] Bootstrap tree #264, logLikelihood: -4021.070140
[00:01:43] [worker #0] Bootstrap tree #263, logLikelihood: -4249.454309
[00:01:44] [worker #1] Bootstrap tree #266, logLikelihood: -4426.297167
[00:01:44] [worker #1] Bootstrap tree #268, logLikelihood: -4342.712599
[00:01:44] [worker #0] Bootstrap tree #265, logLikelihood: -4308.659212
[00:01:45] [worker #0] Bootstrap tree #267, logLikelihood: -4171.980376
[00:01:45] [worker #1] Bootstrap tree #270, logLikelihood: -4297.015259
[00:01:46] [worker #0] Bootstrap tree #269, logLikelihood: -4035.853555
[00:01:46] [worker #1] Bootstrap tree #272, logLikelihood: -4256.568872
[00:01:47] [worker #1] Bootstrap tree #274, logLikelihood: -4400.223566
[00:01:47] [worker #0] Bootstrap tree #271, logLikelihood: -4246.318438
[00:01:47] [worker #1] Bootstrap tree #276, logLikelihood: -4467.718418
[00:01:47] [worker #0] Bootstrap tree #273, logLikelihood: -4335.645570
[00:01:48] [worker #1] Bootstrap tree #278, logLikelihood: -4565.665222
[00:01:48] [worker #0] Bootstrap tree #275, logLikelihood: -4438.215224
[00:01:48] [worker #1] Bootstrap tree #280, logLikelihood: -4326.489027
[00:01:49] [worker #1] Bootstrap tree #282, logLikelihood: -4153.222350
[00:01:49] [worker #0] Bootstrap tree #277, logLikelihood: -4183.489712
[00:01:50] [worker #0] Bootstrap tree #279, logLikelihood: -4195.740059
[00:01:50] [worker #1] Bootstrap tree #284, logLikelihood: -4202.300560
[00:01:50] [worker #0] Bootstrap tree #281, logLikelihood: -4236.312471
[00:01:50] [worker #1] Bootstrap tree #286, logLikelihood: -4207.977841
[00:01:51] [worker #1] Bootstrap tree #288, logLikelihood: -4255.039433
[00:01:51] [worker #0] Bootstrap tree #283, logLikelihood: -4226.476135
[00:01:52] [worker #1] Bootstrap tree #290, logLikelihood: -4468.958072
[00:01:52] [worker #0] Bootstrap tree #285, logLikelihood: -4278.409857
[00:01:53] [worker #1] Bootstrap tree #292, logLikelihood: -4156.858826
[00:01:53] [worker #0] Bootstrap tree #287, logLikelihood: -4380.583144
[00:01:53] [worker #1] Bootstrap tree #294, logLikelihood: -4063.758617
[00:01:54] [worker #0] Bootstrap tree #289, logLikelihood: -4472.712342
[00:01:54] [worker #1] Bootstrap tree #296, logLikelihood: -4343.105368
[00:01:54] [worker #1] Bootstrap tree #298, logLikelihood: -4160.424261
[00:01:54] [worker #0] Bootstrap tree #291, logLikelihood: -4405.201438
[00:01:55] [worker #1] Bootstrap tree #300, logLikelihood: -4369.014459
[00:01:55] [worker #0] Bootstrap tree #293, logLikelihood: -4156.912289
[00:01:56] [worker #0] Bootstrap tree #295, logLikelihood: -4084.225223
[00:01:57] [worker #0] Bootstrap tree #297, logLikelihood: -4353.106857
[00:01:57] [worker #0] Bootstrap tree #299, logLikelihood: -4271.822242
[00:01:58] [worker #0] Bootstrap tree #301, logLikelihood: -4154.020261
[00:01:58] [worker #1] Bootstrap tree #302, logLikelihood: -4322.265518
[00:01:59] [worker #0] Bootstrap tree #303, logLikelihood: -4291.250189
[00:01:59] [worker #1] Bootstrap tree #304, logLikelihood: -4469.511718
[00:01:59] [worker #1] Bootstrap tree #306, logLikelihood: -4318.720354
[00:01:59] [worker #0] Bootstrap tree #305, logLikelihood: -4180.383362
[00:02:00] [worker #1] Bootstrap tree #308, logLikelihood: -4273.018625
[00:02:00] [worker #0] Bootstrap tree #307, logLikelihood: -4306.712874
[00:02:01] [worker #1] Bootstrap tree #310, logLikelihood: -4332.334760
[00:02:01] [worker #0] Bootstrap tree #309, logLikelihood: -4081.899706
[00:02:01] [worker #1] Bootstrap tree #312, logLikelihood: -4281.687129
[00:02:02] [worker #1] Bootstrap tree #314, logLikelihood: -4146.677187
[00:02:02] [worker #0] Bootstrap tree #311, logLikelihood: -4329.309706
[00:02:02] [worker #1] Bootstrap tree #316, logLikelihood: -4210.124460
[00:02:02] [worker #0] Bootstrap tree #313, logLikelihood: -4112.226047
[00:02:03] [worker #1] Bootstrap tree #318, logLikelihood: -4420.836101
[00:02:03] [worker #0] Bootstrap tree #315, logLikelihood: -4567.617350
[00:02:03] [worker #1] Bootstrap tree #320, logLikelihood: -4219.942590
[00:02:04] [worker #0] Bootstrap tree #317, logLikelihood: -4229.130045
[00:02:04] [worker #1] Bootstrap tree #322, logLikelihood: -4223.411965
[00:02:04] [worker #0] Bootstrap tree #319, logLikelihood: -4591.140539
[00:02:05] [worker #1] Bootstrap tree #324, logLikelihood: -4223.925070
[00:02:05] [worker #0] Bootstrap tree #321, logLikelihood: -3895.328596
[00:02:05] [worker #1] Bootstrap tree #326, logLikelihood: -4193.137116
[00:02:06] [worker #0] Bootstrap tree #323, logLikelihood: -4386.928173
[00:02:06] [worker #1] Bootstrap tree #328, logLikelihood: -4081.003437
[00:02:06] [worker #0] Bootstrap tree #325, logLikelihood: -4177.685432
[00:02:07] [worker #0] Bootstrap tree #327, logLikelihood: -4298.524846
[00:02:07] [worker #1] Bootstrap tree #330, logLikelihood: -4439.385338
[00:02:07] [worker #0] Bootstrap tree #329, logLikelihood: -4265.647779
[00:02:08] [worker #1] Bootstrap tree #332, logLikelihood: -4050.462505
[00:02:08] [worker #1] Bootstrap tree #334, logLikelihood: -4233.746585
[00:02:08] [worker #0] Bootstrap tree #331, logLikelihood: -4124.784499
[00:02:09] [worker #1] Bootstrap tree #336, logLikelihood: -4471.845650
[00:02:09] [worker #0] Bootstrap tree #333, logLikelihood: -4270.708934
[00:02:09] [worker #1] Bootstrap tree #338, logLikelihood: -4127.840434
[00:02:10] [worker #0] Bootstrap tree #335, logLikelihood: -4241.502756
[00:02:10] [worker #1] Bootstrap tree #340, logLikelihood: -4320.345151
[00:02:10] [worker #0] Bootstrap tree #337, logLikelihood: -4396.089074
[00:02:10] [worker #1] Bootstrap tree #342, logLikelihood: -4197.185988
[00:02:11] [worker #0] Bootstrap tree #339, logLikelihood: -4168.869935
[00:02:11] [worker #1] Bootstrap tree #344, logLikelihood: -4068.872977
[00:02:12] [worker #1] Bootstrap tree #346, logLikelihood: -4260.959942
[00:02:12] [worker #0] Bootstrap tree #341, logLikelihood: -4397.549468
[00:02:13] [worker #1] Bootstrap tree #348, logLikelihood: -4418.493760
[00:02:13] [worker #0] Bootstrap tree #343, logLikelihood: -4263.542604
[00:02:14] [worker #1] Bootstrap tree #350, logLikelihood: -4355.958469
[00:02:14] [worker #0] Bootstrap tree #345, logLikelihood: -4235.491450
[00:02:15] [worker #0] Bootstrap tree #347, logLikelihood: -4354.905601
[00:02:15] [worker #0] Bootstrap tree #349, logLikelihood: -4320.508189
[00:02:16] [worker #0] Bootstrap tree #351, logLikelihood: -4227.573652
[00:02:17] [worker #1] Bootstrap tree #352, logLikelihood: -4205.396109
[00:02:17] [worker #0] Bootstrap tree #353, logLikelihood: -4261.705509
[00:02:17] [worker #1] Bootstrap tree #354, logLikelihood: -4239.945217
[00:02:18] [worker #0] Bootstrap tree #355, logLikelihood: -4314.803636
[00:02:18] [worker #1] Bootstrap tree #356, logLikelihood: -3883.668545
[00:02:19] [worker #1] Bootstrap tree #358, logLikelihood: -4219.234354
[00:02:19] [worker #0] Bootstrap tree #357, logLikelihood: -4090.528209
[00:02:19] [worker #1] Bootstrap tree #360, logLikelihood: -4197.482561
[00:02:20] [worker #0] Bootstrap tree #359, logLikelihood: -4273.461113
[00:02:20] [worker #1] Bootstrap tree #362, logLikelihood: -4337.564730
[00:02:20] [worker #0] Bootstrap tree #361, logLikelihood: -4156.539288
[00:02:20] [worker #1] Bootstrap tree #364, logLikelihood: -4371.474283
[00:02:21] [worker #0] Bootstrap tree #363, logLikelihood: -4281.558922
[00:02:21] [worker #1] Bootstrap tree #366, logLikelihood: -4341.019684
[00:02:21] [worker #0] Bootstrap tree #365, logLikelihood: -4132.699694
[00:02:22] [worker #1] Bootstrap tree #368, logLikelihood: -4355.779455
[00:02:22] [worker #0] Bootstrap tree #367, logLikelihood: -4186.761278
[00:02:22] [worker #1] Bootstrap tree #370, logLikelihood: -4193.219605
[00:02:23] [worker #0] Bootstrap tree #369, logLikelihood: -4179.200297
[00:02:23] [worker #1] Bootstrap tree #372, logLikelihood: -4300.855374
[00:02:23] [worker #0] Bootstrap tree #371, logLikelihood: -4318.434960
[00:02:24] [worker #0] Bootstrap tree #373, logLikelihood: -4190.824886
[00:02:24] [worker #1] Bootstrap tree #374, logLikelihood: -4235.820135
[00:02:25] [worker #0] Bootstrap tree #375, logLikelihood: -4253.676979
[00:02:25] [worker #1] Bootstrap tree #376, logLikelihood: -4442.257239
[00:02:25] [worker #0] Bootstrap tree #377, logLikelihood: -4041.812272
[00:02:25] [worker #1] Bootstrap tree #378, logLikelihood: -4347.621504
[00:02:26] [worker #1] Bootstrap tree #380, logLikelihood: -4166.386529
[00:02:26] [worker #0] Bootstrap tree #379, logLikelihood: -4213.351075
[00:02:26] [worker #1] Bootstrap tree #382, logLikelihood: -4253.950960
[00:02:27] [worker #0] Bootstrap tree #381, logLikelihood: -4240.013815
[00:02:27] [worker #0] Bootstrap tree #383, logLikelihood: -4346.995506
[00:02:27] [worker #1] Bootstrap tree #384, logLikelihood: -4358.415388
[00:02:28] [worker #0] Bootstrap tree #385, logLikelihood: -4289.463840
[00:02:28] [worker #1] Bootstrap tree #386, logLikelihood: -4253.054966
[00:02:29] [worker #0] Bootstrap tree #387, logLikelihood: -4199.767657
[00:02:29] [worker #1] Bootstrap tree #388, logLikelihood: -4349.929309
[00:02:29] [worker #0] Bootstrap tree #389, logLikelihood: -4301.427929
[00:02:30] [worker #1] Bootstrap tree #390, logLikelihood: -3948.669577
[00:02:30] [worker #0] Bootstrap tree #391, logLikelihood: -4373.257990
[00:02:30] [worker #1] Bootstrap tree #392, logLikelihood: -4351.322315
[00:02:30] [worker #0] Bootstrap tree #393, logLikelihood: -4424.723105
[00:02:31] [worker #1] Bootstrap tree #394, logLikelihood: -4379.327207
[00:02:31] [worker #0] Bootstrap tree #395, logLikelihood: -4124.738737
[00:02:31] [worker #1] Bootstrap tree #396, logLikelihood: -4263.384313
[00:02:32] [worker #0] Bootstrap tree #397, logLikelihood: -4285.086184
[00:02:32] [worker #1] Bootstrap tree #398, logLikelihood: -4437.439746
[00:02:33] [worker #0] Bootstrap tree #399, logLikelihood: -4278.858459
[00:02:33] [worker #1] Bootstrap tree #400, logLikelihood: -4345.513443
[00:02:34] [worker #1] Bootstrap tree #402, logLikelihood: -4244.991844
[00:02:34] [worker #0] Bootstrap tree #401, logLikelihood: -4239.547987
[00:02:35] [worker #1] Bootstrap tree #404, logLikelihood: -4108.432102
[00:02:35] [worker #0] Bootstrap tree #403, logLikelihood: -4133.173076
[00:02:36] [worker #0] Bootstrap tree #405, logLikelihood: -4327.776356
[00:02:36] [worker #1] Bootstrap tree #406, logLikelihood: -4282.911780
[00:02:36] [worker #0] Bootstrap tree #407, logLikelihood: -4231.397692
[00:02:36] [worker #1] Bootstrap tree #408, logLikelihood: -4252.385856
[00:02:37] [worker #0] Bootstrap tree #409, logLikelihood: -4027.603407
[00:02:37] [worker #1] Bootstrap tree #410, logLikelihood: -4107.765440
[00:02:37] [worker #0] Bootstrap tree #411, logLikelihood: -4168.347247
[00:02:37] [worker #1] Bootstrap tree #412, logLikelihood: -4202.348193
[00:02:38] [worker #1] Bootstrap tree #414, logLikelihood: -4189.166746
[00:02:38] [worker #0] Bootstrap tree #413, logLikelihood: -4538.971809
[00:02:39] [worker #1] Bootstrap tree #416, logLikelihood: -4335.419901
[00:02:39] [worker #0] Bootstrap tree #415, logLikelihood: -4088.042918
[00:02:39] [worker #0] Bootstrap tree #417, logLikelihood: -4280.275735
[00:02:39] [worker #1] Bootstrap tree #418, logLikelihood: -4236.248670
[00:02:40] [worker #0] Bootstrap tree #419, logLikelihood: -4061.910084
[00:02:40] [worker #1] Bootstrap tree #420, logLikelihood: -4228.850449
[00:02:41] [worker #0] Bootstrap tree #421, logLikelihood: -4436.993233
[00:02:41] [worker #1] Bootstrap tree #422, logLikelihood: -4353.445085
[00:02:41] [worker #1] Bootstrap tree #424, logLikelihood: -4090.124759
[00:02:42] [worker #1] Bootstrap tree #426, logLikelihood: -4368.172458
[00:02:42] [worker #0] Bootstrap tree #423, logLikelihood: -4213.117011
[00:02:42] [worker #1] Bootstrap tree #428, logLikelihood: -4056.967317
[00:02:42] [worker #0] Bootstrap tree #425, logLikelihood: -4152.380428
[00:02:43] [worker #0] Bootstrap tree #427, logLikelihood: -4295.406620
[00:02:43] [worker #1] Bootstrap tree #430, logLikelihood: -4323.633207
[00:02:44] [worker #0] Bootstrap tree #429, logLikelihood: -4156.601968
[00:02:44] [worker #1] Bootstrap tree #432, logLikelihood: -4294.200800
[00:02:44] [worker #1] Bootstrap tree #434, logLikelihood: -4278.499483
[00:02:45] [worker #0] Bootstrap tree #431, logLikelihood: -4294.019295
[00:02:45] [worker #1] Bootstrap tree #436, logLikelihood: -4276.874709
[00:02:45] [worker #0] Bootstrap tree #433, logLikelihood: -4152.060624
[00:02:46] [worker #1] Bootstrap tree #438, logLikelihood: -4247.842456
[00:02:46] [worker #1] Bootstrap tree #440, logLikelihood: -4266.078668
[00:02:46] [worker #0] Bootstrap tree #435, logLikelihood: -4262.333138
[00:02:47] [worker #1] Bootstrap tree #442, logLikelihood: -4274.222247
[00:02:47] [worker #0] Bootstrap tree #437, logLikelihood: -4221.981662
[00:02:47] [worker #1] Bootstrap tree #444, logLikelihood: -4151.504405
[00:02:47] [worker #0] Bootstrap tree #439, logLikelihood: -4140.615573
[00:02:48] [worker #0] Bootstrap tree #441, logLikelihood: -4279.628294
[00:02:48] [worker #1] Bootstrap tree #446, logLikelihood: -4117.100080
[00:02:49] [worker #0] Bootstrap tree #443, logLikelihood: -4156.704477
[00:02:49] [worker #1] Bootstrap tree #448, logLikelihood: -4275.034223
[00:02:49] [worker #0] Bootstrap tree #445, logLikelihood: -4393.679656
[00:02:50] [worker #1] Bootstrap tree #450, logLikelihood: -4185.874305
[00:02:50] [worker #0] Bootstrap tree #447, logLikelihood: -4342.175658
[00:02:51] [worker #0] Bootstrap tree #449, logLikelihood: -4314.779219
[00:02:52] [worker #0] Bootstrap tree #451, logLikelihood: -4182.052508
[00:02:52] [worker #1] Bootstrap tree #452, logLikelihood: -4380.196437
[00:02:53] [worker #1] Bootstrap tree #454, logLikelihood: -4218.551843
[00:02:53] [worker #0] Bootstrap tree #453, logLikelihood: -4258.153975
[00:02:54] [worker #1] Bootstrap tree #456, logLikelihood: -4229.701585
[00:02:54] [worker #0] Bootstrap tree #455, logLikelihood: -4265.609682
[00:02:54] [worker #1] Bootstrap tree #458, logLikelihood: -4163.524344
[00:02:55] [worker #0] Bootstrap tree #457, logLikelihood: -4047.281561
[00:02:55] [worker #1] Bootstrap tree #460, logLikelihood: -4133.328266
[00:02:55] [worker #0] Bootstrap tree #459, logLikelihood: -4373.313889
[00:02:56] [worker #1] Bootstrap tree #462, logLikelihood: -4303.000715
[00:02:56] [worker #0] Bootstrap tree #461, logLikelihood: -4191.760577
[00:02:56] [worker #1] Bootstrap tree #464, logLikelihood: -4115.274187
[00:02:57] [worker #0] Bootstrap tree #463, logLikelihood: -4139.280105
[00:02:57] [worker #1] Bootstrap tree #466, logLikelihood: -4264.898880
[00:02:57] [worker #0] Bootstrap tree #465, logLikelihood: -4147.765813
[00:02:58] [worker #1] Bootstrap tree #468, logLikelihood: -4229.398042
[00:02:58] [worker #0] Bootstrap tree #467, logLikelihood: -4364.371035
[00:02:58] [worker #1] Bootstrap tree #470, logLikelihood: -4164.091869
[00:02:58] [worker #0] Bootstrap tree #469, logLikelihood: -4109.062665
[00:02:59] [worker #1] Bootstrap tree #472, logLikelihood: -4204.026607
[00:02:59] [worker #0] Bootstrap tree #471, logLikelihood: -4465.546442
[00:03:00] [worker #1] Bootstrap tree #474, logLikelihood: -4365.771961
[00:03:00] [worker #0] Bootstrap tree #473, logLikelihood: -4162.186491
[00:03:00] [worker #1] Bootstrap tree #476, logLikelihood: -4451.380410
[00:03:01] [worker #1] Bootstrap tree #478, logLikelihood: -4216.202395
[00:03:01] [worker #0] Bootstrap tree #475, logLikelihood: -4231.246245
[00:03:02] [worker #1] Bootstrap tree #480, logLikelihood: -4116.241158
[00:03:02] [worker #0] Bootstrap tree #477, logLikelihood: -4263.556525
[00:03:02] [worker #1] Bootstrap tree #482, logLikelihood: -4108.381424
[00:03:02] [worker #0] Bootstrap tree #479, logLikelihood: -4307.855164
[00:03:03] [worker #1] Bootstrap tree #484, logLikelihood: -3927.460072
[00:03:03] [worker #0] Bootstrap tree #481, logLikelihood: -4172.696685
[00:03:04] [worker #1] Bootstrap tree #486, logLikelihood: -4427.678610
[00:03:04] [worker #1] Bootstrap tree #488, logLikelihood: -4047.940605
[00:03:05] [worker #0] Bootstrap tree #483, logLikelihood: -4283.536531
[00:03:05] [worker #1] Bootstrap tree #490, logLikelihood: -4180.833726
[00:03:05] [worker #1] Bootstrap tree #492, logLikelihood: -4255.506535
[00:03:05] [worker #0] Bootstrap tree #485, logLikelihood: -4237.034789
[00:03:06] [worker #0] Bootstrap tree #487, logLikelihood: -4257.427029
[00:03:06] [worker #1] Bootstrap tree #494, logLikelihood: -4321.112593
[00:03:06] [worker #0] Bootstrap tree #489, logLikelihood: -4310.714374
[00:03:06] [worker #1] Bootstrap tree #496, logLikelihood: -4149.486951
[00:03:07] [worker #1] Bootstrap tree #498, logLikelihood: -4252.591522
[00:03:07] [worker #0] Bootstrap tree #491, logLikelihood: -4430.192213
[00:03:08] [worker #1] Bootstrap tree #500, logLikelihood: -4306.854498
[00:03:08] [worker #0] Bootstrap tree #493, logLikelihood: -4337.605155
[00:03:09] [worker #0] Bootstrap tree #495, logLikelihood: -4482.881674
[00:03:09] [worker #0] Bootstrap tree #497, logLikelihood: -4296.128039
[00:03:10] [worker #0] Bootstrap tree #499, logLikelihood: -4417.658566
[00:03:12] [worker #1] Bootstrap tree #502, logLikelihood: -4349.361466
[00:03:12] [worker #1] Bootstrap tree #504, logLikelihood: -4144.741070
[00:03:12] [worker #0] Bootstrap tree #501, logLikelihood: -4352.004068
[00:03:12] [worker #1] Bootstrap tree #506, logLikelihood: -4323.689218
[00:03:13] [worker #0] Bootstrap tree #503, logLikelihood: -4116.182245
[00:03:13] [worker #1] Bootstrap tree #508, logLikelihood: -4254.056437
[00:03:14] [worker #0] Bootstrap tree #505, logLikelihood: -4190.767483
[00:03:14] [worker #1] Bootstrap tree #510, logLikelihood: -4098.269026
[00:03:14] [worker #1] Bootstrap tree #512, logLikelihood: -4114.832335
[00:03:15] [worker #0] Bootstrap tree #507, logLikelihood: -4241.392745
[00:03:15] [worker #1] Bootstrap tree #514, logLikelihood: -4373.472228
[00:03:15] [worker #0] Bootstrap tree #509, logLikelihood: -4365.638815
[00:03:16] [worker #1] Bootstrap tree #516, logLikelihood: -4020.460018
[00:03:16] [worker #0] Bootstrap tree #511, logLikelihood: -4256.168199
[00:03:16] [worker #1] Bootstrap tree #518, logLikelihood: -4246.602556
[00:03:17] [worker #1] Bootstrap tree #520, logLikelihood: -4120.731304
[00:03:17] [worker #0] Bootstrap tree #513, logLikelihood: -4249.619569
[00:03:17] [worker #1] Bootstrap tree #522, logLikelihood: -4205.730029
[00:03:18] [worker #0] Bootstrap tree #515, logLikelihood: -4298.967096
[00:03:18] [worker #1] Bootstrap tree #524, logLikelihood: -4141.844335
[00:03:18] [worker #0] Bootstrap tree #517, logLikelihood: -4160.960442
[00:03:19] [worker #0] Bootstrap tree #519, logLikelihood: -4311.407422
[00:03:19] [worker #1] Bootstrap tree #526, logLikelihood: -4173.231609
[00:03:19] [worker #0] Bootstrap tree #521, logLikelihood: -4270.935966
[00:03:20] [worker #1] Bootstrap tree #528, logLikelihood: -4264.413537
[00:03:20] [worker #0] Bootstrap tree #523, logLikelihood: -4166.016854
[00:03:20] [worker #1] Bootstrap tree #530, logLikelihood: -4362.942856
[00:03:21] [worker #0] Bootstrap tree #525, logLikelihood: -4247.493927
[00:03:21] [worker #1] Bootstrap tree #532, logLikelihood: -4619.276769
[00:03:21] [worker #1] Bootstrap tree #534, logLikelihood: -4265.002221
[00:03:21] [worker #0] Bootstrap tree #527, logLikelihood: -4366.768389
[00:03:22] [worker #0] Bootstrap tree #529, logLikelihood: -4182.706309
[00:03:22] [worker #1] Bootstrap tree #536, logLikelihood: -4289.041835
[00:03:23] [worker #1] Bootstrap tree #538, logLikelihood: -4116.771598
[00:03:23] [worker #0] Bootstrap tree #531, logLikelihood: -4314.577184
[00:03:23] [worker #1] Bootstrap tree #540, logLikelihood: -4350.403473
[00:03:24] [worker #0] Bootstrap tree #533, logLikelihood: -4180.870825
[00:03:24] [worker #1] Bootstrap tree #542, logLikelihood: -4425.394698
[00:03:24] [worker #0] Bootstrap tree #535, logLikelihood: -4317.216653
[00:03:25] [worker #1] Bootstrap tree #544, logLikelihood: -4096.652437
[00:03:25] [worker #0] Bootstrap tree #537, logLikelihood: -4404.155195
[00:03:26] [worker #1] Bootstrap tree #546, logLikelihood: -4278.396983
[00:03:26] [worker #0] Bootstrap tree #539, logLikelihood: -4271.594856
[00:03:26] [worker #0] Bootstrap tree #541, logLikelihood: -4244.122404
[00:03:26] [worker #1] Bootstrap tree #548, logLikelihood: -4241.834033
[00:03:27] [worker #0] Bootstrap tree #543, logLikelihood: -3981.376180
[00:03:27] [worker #1] Bootstrap tree #550, logLikelihood: -4157.773003
[00:03:28] [worker #0] Bootstrap tree #545, logLikelihood: -4342.571358
[00:03:28] [worker #0] Bootstrap tree #547, logLikelihood: -3898.200836
[00:03:29] [worker #0] Bootstrap tree #549, logLikelihood: -4396.774106
[00:03:30] [worker #1] Bootstrap tree #552, logLikelihood: -4248.530916
[00:03:30] [worker #0] Bootstrap tree #551, logLikelihood: -4170.646110
[00:03:31] [worker #1] Bootstrap tree #554, logLikelihood: -4244.557341
[00:03:31] [worker #0] Bootstrap tree #553, logLikelihood: -4100.472255
[00:03:32] [worker #1] Bootstrap tree #556, logLikelihood: -4367.040210
[00:03:32] [worker #0] Bootstrap tree #555, logLikelihood: -4214.760509
[00:03:32] [worker #0] Bootstrap tree #557, logLikelihood: -4184.895784
[00:03:32] [worker #1] Bootstrap tree #558, logLikelihood: -4496.124978
[00:03:33] [worker #0] Bootstrap tree #559, logLikelihood: -4238.917975
[00:03:33] [worker #1] Bootstrap tree #560, logLikelihood: -4214.779994
[00:03:33] [worker #0] Bootstrap tree #561, logLikelihood: -4467.143190
[00:03:33] [worker #1] Bootstrap tree #562, logLikelihood: -4066.837783
[00:03:34] [worker #0] Bootstrap tree #563, logLikelihood: -4172.807952
[00:03:34] [worker #1] Bootstrap tree #564, logLikelihood: -4294.459036
[00:03:35] [worker #0] Bootstrap tree #565, logLikelihood: -4239.324408
[00:03:35] [worker #1] Bootstrap tree #566, logLikelihood: -4315.124406
[00:03:35] [worker #1] Bootstrap tree #568, logLikelihood: -4182.207244
[00:03:36] [worker #0] Bootstrap tree #567, logLikelihood: -4216.532827
[00:03:36] [worker #1] Bootstrap tree #570, logLikelihood: -4269.678776
[00:03:36] [worker #0] Bootstrap tree #569, logLikelihood: -4295.917270
[00:03:37] [worker #0] Bootstrap tree #571, logLikelihood: -4351.813874
[00:03:37] [worker #1] Bootstrap tree #572, logLikelihood: -4226.135256
[00:03:38] [worker #0] Bootstrap tree #573, logLikelihood: -4173.095314
[00:03:38] [worker #1] Bootstrap tree #574, logLikelihood: -4491.501768
[00:03:38] [worker #0] Bootstrap tree #575, logLikelihood: -4081.639322
[00:03:39] [worker #1] Bootstrap tree #576, logLikelihood: -4217.951346
[00:03:39] [worker #0] Bootstrap tree #577, logLikelihood: -4371.271585
[00:03:39] [worker #1] Bootstrap tree #578, logLikelihood: -4382.322768
[00:03:40] [worker #0] Bootstrap tree #579, logLikelihood: -4252.890065
[00:03:40] [worker #0] Bootstrap tree #581, logLikelihood: -4264.025432
[00:03:40] [worker #1] Bootstrap tree #580, logLikelihood: -4375.407421
[00:03:41] [worker #0] Bootstrap tree #583, logLikelihood: -4392.943677
[00:03:41] [worker #1] Bootstrap tree #582, logLikelihood: -4234.820805
[00:03:41] [worker #0] Bootstrap tree #585, logLikelihood: -4226.632400
[00:03:41] [worker #1] Bootstrap tree #584, logLikelihood: -4153.319547
[00:03:42] [worker #0] Bootstrap tree #587, logLikelihood: -4429.858107
[00:03:42] [worker #1] Bootstrap tree #586, logLikelihood: -3954.297549
[00:03:42] [worker #1] Bootstrap tree #588, logLikelihood: -4312.672793
[00:03:43] [worker #0] Bootstrap tree #589, logLikelihood: -4145.491862
[00:03:43] [worker #1] Bootstrap tree #590, logLikelihood: -4216.980955
[00:03:43] [worker #0] Bootstrap tree #591, logLikelihood: -4338.375971
[00:03:44] [worker #1] Bootstrap tree #592, logLikelihood: -4230.900995
[00:03:44] [worker #1] Bootstrap tree #594, logLikelihood: -4234.054557
[00:03:44] [worker #0] Bootstrap tree #593, logLikelihood: -4191.030063
[00:03:45] [worker #1] Bootstrap tree #596, logLikelihood: -4456.520765
[00:03:45] [worker #0] Bootstrap tree #595, logLikelihood: -4154.184441
[00:03:46] [worker #0] Bootstrap tree #597, logLikelihood: -4272.751595
[00:03:46] [worker #1] Bootstrap tree #598, logLikelihood: -4419.781174
[00:03:46] [worker #0] Bootstrap tree #599, logLikelihood: -4296.871363
[00:03:47] [worker #1] Bootstrap tree #600, logLikelihood: -4194.393416
[00:03:48] [worker #1] Bootstrap tree #602, logLikelihood: -4401.195526
[00:03:49] [worker #0] Bootstrap tree #601, logLikelihood: -4335.731704
[00:03:49] [worker #1] Bootstrap tree #604, logLikelihood: -4278.358985
[00:03:50] [worker #1] Bootstrap tree #606, logLikelihood: -4460.218101
[00:03:50] [worker #0] Bootstrap tree #603, logLikelihood: -4131.088777
[00:03:50] [worker #1] Bootstrap tree #608, logLikelihood: -4256.684036
[00:03:51] [worker #0] Bootstrap tree #605, logLikelihood: -4235.447596
[00:03:51] [worker #1] Bootstrap tree #610, logLikelihood: -4332.657216
[00:03:51] [worker #0] Bootstrap tree #607, logLikelihood: -4242.592491
[00:03:51] [worker #1] Bootstrap tree #612, logLikelihood: -4031.355720
[00:03:52] [worker #0] Bootstrap tree #609, logLikelihood: -4365.038798
[00:03:53] [worker #1] Bootstrap tree #614, logLikelihood: -4325.186256
[00:03:53] [worker #0] Bootstrap tree #611, logLikelihood: -4234.548864
[00:03:53] [worker #1] Bootstrap tree #616, logLikelihood: -4314.982892
[00:03:53] [worker #0] Bootstrap tree #613, logLikelihood: -4211.033812
[00:03:54] [worker #0] Bootstrap tree #615, logLikelihood: -4058.421175
[00:03:54] [worker #1] Bootstrap tree #618, logLikelihood: -4187.564429
[00:03:54] [worker #1] Bootstrap tree #620, logLikelihood: -4206.980717
[00:03:55] [worker #0] Bootstrap tree #617, logLikelihood: -4336.786740
[00:03:55] [worker #1] Bootstrap tree #622, logLikelihood: -4238.770044
[00:03:55] [worker #1] Bootstrap tree #624, logLikelihood: -4374.828344
[00:03:56] [worker #0] Bootstrap tree #619, logLikelihood: -4529.235968
[00:03:56] [worker #1] Bootstrap tree #626, logLikelihood: -4365.633468
[00:03:56] [worker #0] Bootstrap tree #621, logLikelihood: -4083.486002
[00:03:57] [worker #0] Bootstrap tree #623, logLikelihood: -4079.983772
[00:03:57] [worker #1] Bootstrap tree #628, logLikelihood: -4337.164185
[00:03:57] [worker #0] Bootstrap tree #625, logLikelihood: -4388.114136
[00:03:58] [worker #1] Bootstrap tree #630, logLikelihood: -4123.431449
[00:03:59] [worker #0] Bootstrap tree #627, logLikelihood: -4255.355048
[00:03:59] [worker #1] Bootstrap tree #632, logLikelihood: -4310.600295
[00:03:59] [worker #0] Bootstrap tree #629, logLikelihood: -4124.619451
[00:04:00] [worker #1] Bootstrap tree #634, logLikelihood: -4470.366174
[00:04:00] [worker #0] Bootstrap tree #631, logLikelihood: -4283.438080
[00:04:00] [worker #1] Bootstrap tree #636, logLikelihood: -4341.543143
[00:04:01] [worker #1] Bootstrap tree #638, logLikelihood: -4260.949253
[00:04:01] [worker #0] Bootstrap tree #633, logLikelihood: -4363.103461
[00:04:02] [worker #1] Bootstrap tree #640, logLikelihood: -4284.523061
[00:04:02] [worker #0] Bootstrap tree #635, logLikelihood: -4074.522039
[00:04:03] [worker #1] Bootstrap tree #642, logLikelihood: -4281.056001
[00:04:03] [worker #0] Bootstrap tree #637, logLikelihood: -4377.526249
[00:04:04] [worker #1] Bootstrap tree #644, logLikelihood: -4296.971299
[00:04:04] [worker #0] Bootstrap tree #639, logLikelihood: -4418.732407
[00:04:04] [worker #1] Bootstrap tree #646, logLikelihood: -4285.481270
[00:04:04] [worker #0] Bootstrap tree #641, logLikelihood: -4129.838886
[00:04:05] [worker #0] Bootstrap tree #643, logLikelihood: -4310.569672
[00:04:05] [worker #1] Bootstrap tree #648, logLikelihood: -4316.136434
[00:04:06] [worker #0] Bootstrap tree #645, logLikelihood: -4303.309765
[00:04:06] [worker #1] Bootstrap tree #650, logLikelihood: -4092.107748
[00:04:07] [worker #0] Bootstrap tree #647, logLikelihood: -4112.390184
[00:04:08] [worker #0] Bootstrap tree #649, logLikelihood: -4275.282050
[00:04:09] [worker #1] Bootstrap tree #652, logLikelihood: -4320.706667
[00:04:09] [worker #0] Bootstrap tree #651, logLikelihood: -4125.320485
[00:04:10] [worker #1] Bootstrap tree #654, logLikelihood: -4120.657055
[00:04:10] [worker #0] Bootstrap tree #653, logLikelihood: -4224.789560
[00:04:11] [worker #1] Bootstrap tree #656, logLikelihood: -4293.046566
[00:04:11] [worker #0] Bootstrap tree #655, logLikelihood: -4124.900242
[00:04:11] [worker #1] Bootstrap tree #658, logLikelihood: -4366.218633
[00:04:12] [worker #0] Bootstrap tree #657, logLikelihood: -4130.892381
[00:04:12] [worker #1] Bootstrap tree #660, logLikelihood: -4203.063360
[00:04:12] [worker #0] Bootstrap tree #659, logLikelihood: -4065.501041
[00:04:12] [worker #1] Bootstrap tree #662, logLikelihood: -4288.918076
[00:04:13] [worker #1] Bootstrap tree #664, logLikelihood: -4251.843014
[00:04:13] [worker #0] Bootstrap tree #661, logLikelihood: -4111.232370
[00:04:14] [worker #1] Bootstrap tree #666, logLikelihood: -4331.377306
[00:04:14] [worker #0] Bootstrap tree #663, logLikelihood: -4193.097451
[00:04:15] [worker #1] Bootstrap tree #668, logLikelihood: -4383.920835
[00:04:15] [worker #0] Bootstrap tree #665, logLikelihood: -4338.902577
[00:04:15] [worker #1] Bootstrap tree #670, logLikelihood: -4157.088882
[00:04:15] [worker #0] Bootstrap tree #667, logLikelihood: -4312.253901
[00:04:16] [worker #1] Bootstrap tree #672, logLikelihood: -4464.466656
[00:04:16] [worker #0] Bootstrap tree #669, logLikelihood: -4330.084244
[00:04:16] [worker #1] Bootstrap tree #674, logLikelihood: -3946.833301
[00:04:17] [worker #0] Bootstrap tree #671, logLikelihood: -4255.212430
[00:04:17] [worker #1] Bootstrap tree #676, logLikelihood: -4218.358140
[00:04:17] [worker #0] Bootstrap tree #673, logLikelihood: -4107.307384
[00:04:17] [worker #1] Bootstrap tree #678, logLikelihood: -4261.938047
[00:04:18] [worker #0] Bootstrap tree #675, logLikelihood: -4292.210593
[00:04:18] [worker #0] Bootstrap tree #677, logLikelihood: -4313.937427
[00:04:18] [worker #1] Bootstrap tree #680, logLikelihood: -4195.873548
[00:04:19] [worker #1] Bootstrap tree #682, logLikelihood: -4351.980895
[00:04:19] [worker #0] Bootstrap tree #679, logLikelihood: -4250.475783
[00:04:20] [worker #1] Bootstrap tree #684, logLikelihood: -4274.661508
[00:04:20] [worker #0] Bootstrap tree #681, logLikelihood: -4531.200550
[00:04:20] [worker #0] Bootstrap tree #683, logLikelihood: -4538.416582
[00:04:21] [worker #0] Bootstrap tree #685, logLikelihood: -4152.523441
[00:04:21] [worker #1] Bootstrap tree #686, logLikelihood: -4306.236430
[00:04:21] [worker #0] Bootstrap tree #687, logLikelihood: -4323.728905
[00:04:22] [worker #1] Bootstrap tree #688, logLikelihood: -4123.561416
[00:04:22] [worker #0] Bootstrap tree #689, logLikelihood: -4552.364190
[00:04:22] [worker #1] Bootstrap tree #690, logLikelihood: -4058.168267
[00:04:23] [worker #0] Bootstrap tree #691, logLikelihood: -4305.986340
[00:04:23] [worker #1] Bootstrap tree #692, logLikelihood: -4302.409339
[00:04:23] [worker #0] Bootstrap tree #693, logLikelihood: -4258.409899
[00:04:24] [worker #1] Bootstrap tree #694, logLikelihood: -4207.891872
[00:04:24] [worker #0] Bootstrap tree #695, logLikelihood: -4324.801544
[00:04:24] [worker #1] Bootstrap tree #696, logLikelihood: -4194.997613
[00:04:25] [worker #0] Bootstrap tree #697, logLikelihood: -4346.011294
[00:04:25] [worker #1] Bootstrap tree #698, logLikelihood: -4139.722983
[00:04:25] [worker #0] Bootstrap tree #699, logLikelihood: -4722.736982
[00:04:26] [worker #1] Bootstrap tree #700, logLikelihood: -4283.049819
[00:04:28] [worker #1] Bootstrap tree #702, logLikelihood: -4376.134194
[00:04:28] [worker #0] Bootstrap tree #701, logLikelihood: -4419.532016
[00:04:28] [worker #0] Bootstrap tree #703, logLikelihood: -4245.259458
[00:04:29] [worker #1] Bootstrap tree #704, logLikelihood: -4298.744789
[00:04:29] [worker #0] Bootstrap tree #705, logLikelihood: -4015.858434
[00:04:30] [worker #1] Bootstrap tree #706, logLikelihood: -4353.938978
[00:04:30] [worker #0] Bootstrap tree #707, logLikelihood: -4327.815682
[00:04:30] [worker #1] Bootstrap tree #708, logLikelihood: -4347.396249
[00:04:30] [worker #0] Bootstrap tree #709, logLikelihood: -4287.604097
[00:04:31] [worker #1] Bootstrap tree #710, logLikelihood: -4141.306128
[00:04:31] [worker #0] Bootstrap tree #711, logLikelihood: -4074.624399
[00:04:31] [worker #1] Bootstrap tree #712, logLikelihood: -4107.676865
[00:04:32] [worker #0] Bootstrap tree #713, logLikelihood: -4369.903969
[00:04:32] [worker #1] Bootstrap tree #714, logLikelihood: -4291.533027
[00:04:33] [worker #1] Bootstrap tree #716, logLikelihood: -3997.358766
[00:04:33] [worker #0] Bootstrap tree #715, logLikelihood: -4014.446725
[00:04:33] [worker #0] Bootstrap tree #717, logLikelihood: -4067.714615
[00:04:34] [worker #1] Bootstrap tree #718, logLikelihood: -4256.175827
[00:04:34] [worker #1] Bootstrap tree #720, logLikelihood: -4257.500795
[00:04:34] [worker #0] Bootstrap tree #719, logLikelihood: -4113.679333
[00:04:35] [worker #1] Bootstrap tree #722, logLikelihood: -4213.497470
[00:04:35] [worker #0] Bootstrap tree #721, logLikelihood: -4423.122254
[00:04:35] [worker #1] Bootstrap tree #724, logLikelihood: -4105.120457
[00:04:36] [worker #1] Bootstrap tree #726, logLikelihood: -3979.049452
[00:04:36] [worker #0] Bootstrap tree #723, logLikelihood: -4273.777717
[00:04:37] [worker #1] Bootstrap tree #728, logLikelihood: -4142.899144
[00:04:37] [worker #0] Bootstrap tree #725, logLikelihood: -4113.570878
[00:04:37] [worker #1] Bootstrap tree #730, logLikelihood: -4043.529155
[00:04:37] [worker #0] Bootstrap tree #727, logLikelihood: -4157.760873
[00:04:38] [worker #1] Bootstrap tree #732, logLikelihood: -4202.529166
[00:04:38] [worker #0] Bootstrap tree #729, logLikelihood: -4122.601698
[00:04:38] [worker #1] Bootstrap tree #734, logLikelihood: -4375.092801
[00:04:39] [worker #0] Bootstrap tree #731, logLikelihood: -4338.703072
[00:04:39] [worker #1] Bootstrap tree #736, logLikelihood: -4125.297193
[00:04:40] [worker #1] Bootstrap tree #738, logLikelihood: -4389.765641
[00:04:40] [worker #0] Bootstrap tree #733, logLikelihood: -4228.353880
[00:04:40] [worker #0] Bootstrap tree #735, logLikelihood: -4412.038383
[00:04:40] [worker #1] Bootstrap tree #740, logLikelihood: -4378.811835
[00:04:41] [worker #0] Bootstrap tree #737, logLikelihood: -4153.318670
[00:04:41] [worker #1] Bootstrap tree #742, logLikelihood: -4408.625202
[00:04:42] [worker #0] Bootstrap tree #739, logLikelihood: -4389.978904
[00:04:42] [worker #1] Bootstrap tree #744, logLikelihood: -4415.407125
[00:04:42] [worker #0] Bootstrap tree #741, logLikelihood: -4345.758876
[00:04:43] [worker #1] Bootstrap tree #746, logLikelihood: -4388.480299
[00:04:43] [worker #0] Bootstrap tree #743, logLikelihood: -4396.095360
[00:04:43] [worker #1] Bootstrap tree #748, logLikelihood: -4341.322192
[00:04:44] [worker #0] Bootstrap tree #745, logLikelihood: -4237.610107
[00:04:44] [worker #1] Bootstrap tree #750, logLikelihood: -4430.097863
[00:04:44] [worker #0] Bootstrap tree #747, logLikelihood: -4154.628930
[00:04:45] [worker #0] Bootstrap tree #749, logLikelihood: -4421.726211
[00:04:47] [worker #1] Bootstrap tree #752, logLikelihood: -4121.888597
[00:04:47] [worker #0] Bootstrap tree #751, logLikelihood: -4163.319088
[00:04:48] [worker #1] Bootstrap tree #754, logLikelihood: -4146.772116
[00:04:48] [worker #0] Bootstrap tree #753, logLikelihood: -4217.546422
[00:04:48] [worker #1] Bootstrap tree #756, logLikelihood: -4293.047647
[00:04:49] [worker #1] Bootstrap tree #758, logLikelihood: -4261.711998
[00:04:49] [worker #0] Bootstrap tree #755, logLikelihood: -4351.004173
[00:04:49] [worker #0] Bootstrap tree #757, logLikelihood: -4324.835045
[00:04:49] [worker #1] Bootstrap tree #760, logLikelihood: -4118.564849
[00:04:50] [worker #1] Bootstrap tree #762, logLikelihood: -4176.233567
[00:04:50] [worker #0] Bootstrap tree #759, logLikelihood: -4286.240990
[00:04:51] [worker #0] Bootstrap tree #761, logLikelihood: -3955.069013
[00:04:51] [worker #1] Bootstrap tree #764, logLikelihood: -4243.150495
[00:04:52] [worker #1] Bootstrap tree #766, logLikelihood: -4315.732970
[00:04:52] [worker #0] Bootstrap tree #763, logLikelihood: -4137.357563
[00:04:52] [worker #0] Bootstrap tree #765, logLikelihood: -4364.800318
[00:04:52] [worker #1] Bootstrap tree #768, logLikelihood: -4467.716362
[00:04:53] [worker #0] Bootstrap tree #767, logLikelihood: -4349.957535
[00:04:53] [worker #1] Bootstrap tree #770, logLikelihood: -4259.552509
[00:04:54] [worker #0] Bootstrap tree #769, logLikelihood: -4168.099439
[00:04:54] [worker #1] Bootstrap tree #772, logLikelihood: -4418.296834
[00:04:54] [worker #1] Bootstrap tree #774, logLikelihood: -4281.661616
[00:04:54] [worker #0] Bootstrap tree #771, logLikelihood: -4416.166312
[00:04:55] [worker #0] Bootstrap tree #773, logLikelihood: -4238.301426
[00:04:55] [worker #1] Bootstrap tree #776, logLikelihood: -4049.463242
[00:04:56] [worker #1] Bootstrap tree #778, logLikelihood: -4148.362836
[00:04:56] [worker #0] Bootstrap tree #775, logLikelihood: -4208.360173
[00:04:56] [worker #1] Bootstrap tree #780, logLikelihood: -4281.252933
[00:04:57] [worker #0] Bootstrap tree #777, logLikelihood: -4128.589585
[00:04:57] [worker #1] Bootstrap tree #782, logLikelihood: -4309.347103
[00:04:57] [worker #0] Bootstrap tree #779, logLikelihood: -4175.146154
[00:04:58] [worker #1] Bootstrap tree #784, logLikelihood: -4122.954601
[00:04:58] [worker #0] Bootstrap tree #781, logLikelihood: -4149.517582
[00:04:58] [worker #1] Bootstrap tree #786, logLikelihood: -4251.851772
[00:04:59] [worker #1] Bootstrap tree #788, logLikelihood: -4323.408547
[00:04:59] [worker #0] Bootstrap tree #783, logLikelihood: -4430.516119
[00:04:59] [worker #1] Bootstrap tree #790, logLikelihood: -4422.055840
[00:04:59] [worker #0] Bootstrap tree #785, logLikelihood: -4311.257602
[00:05:00] [worker #1] Bootstrap tree #792, logLikelihood: -4361.169567
[00:05:00] [worker #0] Bootstrap tree #787, logLikelihood: -4484.114888
[00:05:00] [worker #1] Bootstrap tree #794, logLikelihood: -4210.568605
[00:05:01] [worker #0] Bootstrap tree #789, logLikelihood: -4103.347210
[00:05:01] [worker #1] Bootstrap tree #796, logLikelihood: -4067.258472
[00:05:01] [worker #0] Bootstrap tree #791, logLikelihood: -4321.715630
[00:05:02] [worker #1] Bootstrap tree #798, logLikelihood: -4350.942250
[00:05:02] [worker #0] Bootstrap tree #793, logLikelihood: -4430.174900
[00:05:03] [worker #1] Bootstrap tree #800, logLikelihood: -4389.497734
[00:05:03] [worker #0] Bootstrap tree #795, logLikelihood: -4300.271945
[00:05:04] [worker #0] Bootstrap tree #797, logLikelihood: -4209.791436
[00:05:04] [worker #0] Bootstrap tree #799, logLikelihood: -4026.315892
[00:05:07] [worker #1] Bootstrap tree #802, logLikelihood: -4166.013406
[00:05:07] [worker #0] Bootstrap tree #801, logLikelihood: -4322.607549
[00:05:07] [worker #1] Bootstrap tree #804, logLikelihood: -4227.981216
[00:05:08] [worker #0] Bootstrap tree #803, logLikelihood: -4088.376677
[00:05:08] [worker #1] Bootstrap tree #806, logLikelihood: -4106.673802
[00:05:08] [worker #1] Bootstrap tree #808, logLikelihood: -4337.310866
[00:05:08] [worker #0] Bootstrap tree #805, logLikelihood: -4286.724931
[00:05:09] [worker #1] Bootstrap tree #810, logLikelihood: -4134.568358
[00:05:09] [worker #0] Bootstrap tree #807, logLikelihood: -4419.665992
[00:05:09] [worker #1] Bootstrap tree #812, logLikelihood: -4111.738760
[00:05:10] [worker #0] Bootstrap tree #809, logLikelihood: -4279.425420
[00:05:10] [worker #1] Bootstrap tree #814, logLikelihood: -4397.941402
[00:05:11] [worker #0] Bootstrap tree #811, logLikelihood: -4398.841984
[00:05:11] [worker #1] Bootstrap tree #816, logLikelihood: -4243.310012
[00:05:11] [worker #0] Bootstrap tree #813, logLikelihood: -4147.428040
[00:05:11] [worker #1] Bootstrap tree #818, logLikelihood: -4276.092526
[00:05:12] [worker #0] Bootstrap tree #815, logLikelihood: -4304.202372
[00:05:12] [worker #1] Bootstrap tree #820, logLikelihood: -4188.803404
[00:05:13] [worker #1] Bootstrap tree #822, logLikelihood: -4386.775929
[00:05:13] [worker #0] Bootstrap tree #817, logLikelihood: -4383.993255
[00:05:13] [worker #1] Bootstrap tree #824, logLikelihood: -4032.865257
[00:05:14] [worker #1] Bootstrap tree #826, logLikelihood: -4277.029435
[00:05:14] [worker #0] Bootstrap tree #819, logLikelihood: -4256.611071
[00:05:14] [worker #0] Bootstrap tree #821, logLikelihood: -4240.627085
[00:05:14] [worker #1] Bootstrap tree #828, logLikelihood: -4223.720063
[00:05:15] [worker #1] Bootstrap tree #830, logLikelihood: -4240.997269
[00:05:15] [worker #0] Bootstrap tree #823, logLikelihood: -4262.444497
[00:05:15] [worker #1] Bootstrap tree #832, logLikelihood: -4406.466769
[00:05:16] [worker #0] Bootstrap tree #825, logLikelihood: -4441.579367
[00:05:16] [worker #1] Bootstrap tree #834, logLikelihood: -4102.378288
[00:05:17] [worker #0] Bootstrap tree #827, logLikelihood: -4391.408903
[00:05:17] [worker #1] Bootstrap tree #836, logLikelihood: -4185.995367
[00:05:17] [worker #1] Bootstrap tree #838, logLikelihood: -4269.320155
[00:05:18] [worker #0] Bootstrap tree #829, logLikelihood: -4223.478680
[00:05:18] [worker #1] Bootstrap tree #840, logLikelihood: -4305.441533
[00:05:19] [worker #0] Bootstrap tree #831, logLikelihood: -4527.897642
[00:05:19] [worker #1] Bootstrap tree #842, logLikelihood: -4230.325460
[00:05:19] [worker #0] Bootstrap tree #833, logLikelihood: -4437.682995
[00:05:20] [worker #0] Bootstrap tree #835, logLikelihood: -4241.417682
[00:05:20] [worker #1] Bootstrap tree #844, logLikelihood: -4208.948612
[00:05:20] [worker #1] Bootstrap tree #846, logLikelihood: -4390.208869
[00:05:21] [worker #0] Bootstrap tree #837, logLikelihood: -4208.018716
[00:05:21] [worker #1] Bootstrap tree #848, logLikelihood: -4283.763160
[00:05:21] [worker #0] Bootstrap tree #839, logLikelihood: -4324.048409
[00:05:22] [worker #1] Bootstrap tree #850, logLikelihood: -4192.586350
[00:05:22] [worker #0] Bootstrap tree #841, logLikelihood: -4247.650039
[00:05:22] [worker #0] Bootstrap tree #843, logLikelihood: -4128.626323
[00:05:24] [worker #0] Bootstrap tree #845, logLikelihood: -4259.645910
[00:05:25] [worker #0] Bootstrap tree #847, logLikelihood: -4067.975452
[00:05:25] [worker #0] Bootstrap tree #849, logLikelihood: -4228.973948
[00:05:28] [worker #0] Bootstrap tree #851, logLikelihood: -4179.134774
[00:05:29] [worker #0] Bootstrap tree #853, logLikelihood: -4324.710997
[00:05:29] [worker #1] Bootstrap tree #852, logLikelihood: -4444.831616
[00:05:30] [worker #1] Bootstrap tree #854, logLikelihood: -4299.991209
[00:05:30] [worker #0] Bootstrap tree #855, logLikelihood: -4187.819365
[00:05:30] [worker #1] Bootstrap tree #856, logLikelihood: -4123.419789
[00:05:31] [worker #0] Bootstrap tree #857, logLikelihood: -4144.850354
[00:05:31] [worker #1] Bootstrap tree #858, logLikelihood: -4325.512827
[00:05:31] [worker #0] Bootstrap tree #859, logLikelihood: -4195.616447
[00:05:31] [worker #1] Bootstrap tree #860, logLikelihood: -4343.519840
[00:05:32] [worker #1] Bootstrap tree #862, logLikelihood: -4168.284960
[00:05:32] [worker #1] Bootstrap tree #864, logLikelihood: -4156.209581
[00:05:33] [worker #0] Bootstrap tree #861, logLikelihood: -4261.560664
[00:05:33] [worker #0] Bootstrap tree #863, logLikelihood: -4139.170653
[00:05:33] [worker #1] Bootstrap tree #866, logLikelihood: -4282.541834
[00:05:34] [worker #0] Bootstrap tree #865, logLikelihood: -4432.299887
[00:05:34] [worker #1] Bootstrap tree #868, logLikelihood: -4566.073140
[00:05:35] [worker #1] Bootstrap tree #870, logLikelihood: -4213.847537
[00:05:35] [worker #0] Bootstrap tree #867, logLikelihood: -4233.270749
[00:05:35] [worker #1] Bootstrap tree #872, logLikelihood: -4181.124431
[00:05:35] [worker #0] Bootstrap tree #869, logLikelihood: -4172.676610
[00:05:36] [worker #1] Bootstrap tree #874, logLikelihood: -4173.489305
[00:05:36] [worker #0] Bootstrap tree #871, logLikelihood: -4555.534538
[00:05:36] [worker #1] Bootstrap tree #876, logLikelihood: -4255.329930
[00:05:37] [worker #0] Bootstrap tree #873, logLikelihood: -4171.650051
[00:05:37] [worker #1] Bootstrap tree #878, logLikelihood: -4115.263670
[00:05:37] [worker #0] Bootstrap tree #875, logLikelihood: -4274.669430
[00:05:38] [worker #1] Bootstrap tree #880, logLikelihood: -4124.487710
[00:05:38] [worker #1] Bootstrap tree #882, logLikelihood: -4207.559957
[00:05:38] [worker #0] Bootstrap tree #877, logLikelihood: -4317.650121
[00:05:39] [worker #1] Bootstrap tree #884, logLikelihood: -4318.629324
[00:05:39] [worker #1] Bootstrap tree #886, logLikelihood: -4239.859018
[00:05:39] [worker #0] Bootstrap tree #879, logLikelihood: -4252.187612
[00:05:40] [worker #1] Bootstrap tree #888, logLikelihood: -4152.955433
[00:05:40] [worker #0] Bootstrap tree #881, logLikelihood: -4330.546568
[00:05:41] [worker #1] Bootstrap tree #890, logLikelihood: -4159.506191
[00:05:41] [worker #0] Bootstrap tree #883, logLikelihood: -4309.170609
[00:05:41] [worker #0] Bootstrap tree #885, logLikelihood: -4382.664105
[00:05:41] [worker #1] Bootstrap tree #892, logLikelihood: -4262.371687
[00:05:42] [worker #1] Bootstrap tree #894, logLikelihood: -4407.024071
[00:05:42] [worker #0] Bootstrap tree #887, logLikelihood: -4225.261094
[00:05:43] [worker #0] Bootstrap tree #889, logLikelihood: -4339.940593
[00:05:43] [worker #1] Bootstrap tree #896, logLikelihood: -4394.090687
[00:05:43] [worker #1] Bootstrap tree #898, logLikelihood: -4337.166948
[00:05:44] [worker #0] Bootstrap tree #891, logLikelihood: -4092.778346
[00:05:44] [worker #1] Bootstrap tree #900, logLikelihood: -4281.495295
[00:05:44] [worker #0] Bootstrap tree #893, logLikelihood: -4156.501595
[00:05:45] [worker #0] Bootstrap tree #895, logLikelihood: -4231.715153
[00:05:46] [worker #0] Bootstrap tree #897, logLikelihood: -4319.046868
[00:05:46] [worker #0] Bootstrap tree #899, logLikelihood: -4396.961415
[00:05:49] [worker #0] Bootstrap tree #901, logLikelihood: -4395.008840
[00:05:50] [worker #1] Bootstrap tree #902, logLikelihood: -4459.187915
[00:05:50] [worker #0] Bootstrap tree #903, logLikelihood: -4167.256330
[00:05:50] [worker #1] Bootstrap tree #904, logLikelihood: -4419.286227
[00:05:51] [worker #0] Bootstrap tree #905, logLikelihood: -4572.149954
[00:05:51] [worker #1] Bootstrap tree #906, logLikelihood: -4314.851277
[00:05:51] [worker #1] Bootstrap tree #908, logLikelihood: -4211.113393
[00:05:51] [worker #0] Bootstrap tree #907, logLikelihood: -4373.296155
[00:05:52] [worker #0] Bootstrap tree #909, logLikelihood: -4137.963431
[00:05:52] [worker #1] Bootstrap tree #910, logLikelihood: -4452.308498
[00:05:53] [worker #0] Bootstrap tree #911, logLikelihood: -4337.347938
[00:05:53] [worker #1] Bootstrap tree #912, logLikelihood: -4167.621472
[00:05:53] [worker #0] Bootstrap tree #913, logLikelihood: -4353.195384
[00:05:54] [worker #1] Bootstrap tree #914, logLikelihood: -3974.642885
[00:05:54] [worker #1] Bootstrap tree #916, logLikelihood: -4304.760727
[00:05:55] [worker #0] Bootstrap tree #915, logLikelihood: -4328.123194
[00:05:55] [worker #1] Bootstrap tree #918, logLikelihood: -4244.977968
[00:05:55] [worker #0] Bootstrap tree #917, logLikelihood: -4237.509270
[00:05:56] [worker #1] Bootstrap tree #920, logLikelihood: -4116.471698
[00:05:56] [worker #1] Bootstrap tree #922, logLikelihood: -4054.091500
[00:05:56] [worker #0] Bootstrap tree #919, logLikelihood: -4242.588660
[00:05:57] [worker #1] Bootstrap tree #924, logLikelihood: -4568.669022
[00:05:57] [worker #0] Bootstrap tree #921, logLikelihood: -4160.968039
[00:05:58] [worker #1] Bootstrap tree #926, logLikelihood: -4261.931817
[00:05:58] [worker #0] Bootstrap tree #923, logLikelihood: -4124.142336
[00:05:58] [worker #1] Bootstrap tree #928, logLikelihood: -4142.903234
[00:05:59] [worker #1] Bootstrap tree #930, logLikelihood: -4181.969266
[00:05:59] [worker #0] Bootstrap tree #925, logLikelihood: -4354.141239
[00:06:00] [worker #1] Bootstrap tree #932, logLikelihood: -4381.684858
[00:06:00] [worker #0] Bootstrap tree #927, logLikelihood: -4233.405999
[00:06:00] [worker #1] Bootstrap tree #934, logLikelihood: -4183.174938
[00:06:00] [worker #0] Bootstrap tree #929, logLikelihood: -4431.248629
[00:06:01] [worker #0] Bootstrap tree #931, logLikelihood: -4282.318850
[00:06:01] [worker #1] Bootstrap tree #936, logLikelihood: -4342.807262
[00:06:01] [worker #1] Bootstrap tree #938, logLikelihood: -4230.342250
[00:06:02] [worker #0] Bootstrap tree #933, logLikelihood: -4377.983041
[00:06:02] [worker #0] Bootstrap tree #935, logLikelihood: -4160.316229
[00:06:03] [worker #0] Bootstrap tree #937, logLikelihood: -4162.900212
[00:06:03] [worker #1] Bootstrap tree #940, logLikelihood: -4230.362145
[00:06:04] [worker #1] Bootstrap tree #942, logLikelihood: -4494.358571
[00:06:04] [worker #0] Bootstrap tree #939, logLikelihood: -4213.341342
[00:06:04] [worker #1] Bootstrap tree #944, logLikelihood: -4078.265174
[00:06:04] [worker #0] Bootstrap tree #941, logLikelihood: -4260.227216
[00:06:05] [worker #1] Bootstrap tree #946, logLikelihood: -3998.620189
[00:06:05] [worker #0] Bootstrap tree #943, logLikelihood: -4405.853845
[00:06:05] [worker #1] Bootstrap tree #948, logLikelihood: -4236.341294
[00:06:06] [worker #1] Bootstrap tree #950, logLikelihood: -4374.850063
[00:06:06] [worker #0] Bootstrap tree #945, logLikelihood: -4290.231238
[00:06:07] [worker #0] Bootstrap tree #947, logLikelihood: -4147.420849
[00:06:07] [worker #0] Bootstrap tree #949, logLikelihood: -4206.727466
[00:06:10] [worker #0] Bootstrap tree #951, logLikelihood: -4279.440914
[00:06:11] [worker #1] Bootstrap tree #952, logLikelihood: -4193.306565
[00:06:11] [worker #0] Bootstrap tree #953, logLikelihood: -4294.980020
[00:06:11] [worker #1] Bootstrap tree #954, logLikelihood: -4357.159909
[00:06:12] [worker #0] Bootstrap tree #955, logLikelihood: -4430.962163
[00:06:12] [worker #1] Bootstrap tree #956, logLikelihood: -4211.382758
[00:06:12] [worker #0] Bootstrap tree #957, logLikelihood: -4376.783959
[00:06:13] [worker #1] Bootstrap tree #958, logLikelihood: -4133.023728
[00:06:13] [worker #0] Bootstrap tree #959, logLikelihood: -4077.990970
[00:06:13] [worker #1] Bootstrap tree #960, logLikelihood: -4231.696905
[00:06:14] [worker #0] Bootstrap tree #961, logLikelihood: -4112.544360
[00:06:14] [worker #1] Bootstrap tree #962, logLikelihood: -4357.397531
[00:06:14] [worker #0] Bootstrap tree #963, logLikelihood: -4189.502055
[00:06:15] [worker #1] Bootstrap tree #964, logLikelihood: -4522.303085
[00:06:15] [worker #0] Bootstrap tree #965, logLikelihood: -4295.671881
[00:06:15] [worker #1] Bootstrap tree #966, logLikelihood: -4224.661532
[00:06:16] [worker #0] Bootstrap tree #967, logLikelihood: -4041.186121
[00:06:17] [worker #1] Bootstrap tree #968, logLikelihood: -4322.647127
[00:06:17] [worker #0] Bootstrap tree #969, logLikelihood: -4259.827005
[00:06:17] [worker #1] Bootstrap tree #970, logLikelihood: -4196.986940
[00:06:17] [worker #0] Bootstrap tree #971, logLikelihood: -4264.850178
[00:06:18] [worker #1] Bootstrap tree #972, logLikelihood: -4300.982822
[00:06:18] [worker #0] Bootstrap tree #973, logLikelihood: -4193.581223
[00:06:18] [worker #1] Bootstrap tree #974, logLikelihood: -4405.363192
[00:06:19] [worker #1] Bootstrap tree #976, logLikelihood: -4289.099076
[00:06:19] [worker #0] Bootstrap tree #975, logLikelihood: -4261.989849
[00:06:20] [worker #1] Bootstrap tree #978, logLikelihood: -4280.870525
[00:06:21] [worker #1] Bootstrap tree #980, logLikelihood: -4285.517278
[00:06:21] [worker #0] Bootstrap tree #977, logLikelihood: -4483.834021
[00:06:22] [worker #1] Bootstrap tree #982, logLikelihood: -4174.646445
[00:06:22] [worker #0] Bootstrap tree #979, logLikelihood: -4224.653237
[00:06:22] [worker #1] Bootstrap tree #984, logLikelihood: -4108.769393
[00:06:22] [worker #0] Bootstrap tree #981, logLikelihood: -4181.842532
[00:06:23] [worker #1] Bootstrap tree #986, logLikelihood: -4339.780414
[00:06:23] [worker #0] Bootstrap tree #983, logLikelihood: -4183.120890
[00:06:24] [worker #0] Bootstrap tree #985, logLikelihood: -4114.083163
[00:06:24] [worker #1] Bootstrap tree #988, logLikelihood: -4345.707703
[00:06:24] [worker #1] Bootstrap tree #990, logLikelihood: -3932.213089
[00:06:24] [worker #0] Bootstrap tree #987, logLikelihood: -3967.597478
[00:06:25] [worker #1] Bootstrap tree #992, logLikelihood: -4150.554630
[00:06:25] [worker #0] Bootstrap tree #989, logLikelihood: -4313.862358
[00:06:26] [worker #1] Bootstrap tree #994, logLikelihood: -4258.423215
[00:06:26] [worker #0] Bootstrap tree #991, logLikelihood: -4245.820571
[00:06:26] [worker #1] Bootstrap tree #996, logLikelihood: -4160.009724
[00:06:27] [worker #0] Bootstrap tree #993, logLikelihood: -4248.332208
[00:06:27] [worker #1] Bootstrap tree #998, logLikelihood: -4493.721297
[00:06:27] [worker #0] Bootstrap tree #995, logLikelihood: -4343.579520
[00:06:28] [worker #0] Bootstrap tree #997, logLikelihood: -4414.673526
[00:06:28] [worker #1] Bootstrap tree #1000, logLikelihood: -4322.666099
[00:06:28] [worker #0] Bootstrap tree #999, logLikelihood: -3925.461331

Optimized model parameters:

   Partition 0: noname
   Rate heterogeneity: GAMMA (4 cats, mean),  alpha: 0.814287 (ML),  weights&rates: (0.250000,0.098595) (0.250000,0.412823) (0.250000,0.960836) (0.250000,2.527746) 
   Base frequencies (ML): 0.286257 0.215913 0.225015 0.272815 
   Substitution rates (ML): 1.286968 4.279655 1.322302 1.322798 5.342841 1.000000 


Final LogLikelihood: -4308.961428

AIC score: 8713.922857 / AICc score: 8717.784926 / BIC score: 8960.854401
Free parameters (model + branch lengths): 48

WARNING: Best ML tree contains 6 near-zero branches!

Best ML tree with collapsed near-zero branches saved to: /project/maize_ga1/B73_Ga1P/T1.raxml.bestTreeCollapsed
Best ML tree saved to: /project/maize_ga1/B73_Ga1P/T1.raxml.bestTree
All ML trees saved to: /project/maize_ga1/B73_Ga1P/T1.raxml.mlTrees
Best ML tree with Felsenstein bootstrap (FBP) support values saved to: /project/maize_ga1/B73_Ga1P/T1.raxml.supportFBP
Best ML tree with Transfer bootstrap (TBE) support values saved to: /project/maize_ga1/B73_Ga1P/T1.raxml.supportTBE
Optimized model saved to: /project/maize_ga1/B73_Ga1P/T1.raxml.bestModel
Bootstrap trees saved to: /project/maize_ga1/B73_Ga1P/T1.raxml.bootstraps

Execution log saved to: /project/maize_ga1/B73_Ga1P/T1.raxml.log

Analysis started: 11-Apr-2022 19:12:11 / finished: 11-Apr-2022 19:18:43

Elapsed time: 391.456 seconds

Consumed energy: 15.360 Wh

