
RAxML-NG v. 1.1.0 released on 29.11.2021 by The Exelixis Lab.
Developed by: Alexey M. Kozlov and Alexandros Stamatakis.
Contributors: Diego Darriba, Tomas Flouri, Benoit Morel, Sarah Lutteropp, Ben Bettisworth.
Latest version: https://github.com/amkozlov/raxml-ng
Questions/problems/suggestions? Please visit: https://groups.google.com/forum/#!forum/raxml

System: Intel(R) Xeon(R) Gold 6240 CPU @ 2.60GHz, 36 cores, 376 GB RAM

RAxML-NG was called at 20-Aug-2022 13:29:21 as follows:

/project/maize_ga1/bin/raxml-ng --all --msa Ga1P_aln.fa --model GTR+G --prefix X2 --seed 2 --threads 2 --bs-metric fbp,tbe

Analysis options:
  run mode: ML tree search + bootstrapping (Felsenstein Bootstrap + Transfer Bootstrap)
  start tree(s): random (10) + parsimony (10)
  bootstrap replicates: max: 1000 + bootstopping (autoMRE, cutoff: 0.030000)
  random seed: 2
  tip-inner: OFF
  pattern compression: ON
  per-rate scalers: OFF
  site repeats: ON
  branch lengths: proportional (ML estimate, algorithm: NR-FAST)
  SIMD kernels: AVX2
  parallelization: coarse-grained (auto), PTHREADS (2 threads), thread pinning: OFF

[00:00:00] Reading alignment from file: Ga1P_aln.fa
[00:00:00] Loaded alignment with 22 taxa and 1349 sites

Alignment comprises 1 partitions and 406 patterns

Partition 0: noname
Model: GTR+FO+G4m
Alignment sites / patterns: 1349 / 406
Gaps: 40.67 %
Invariant sites: 55.82 %


NOTE: Binary MSA file created: X2.raxml.rba

Parallelization scheme autoconfig: 2 worker(s) x 1 thread(s)

Parallel reduction/worker buffer size: 1 KB  / 0 KB

[00:00:00] Generating 10 random starting tree(s) with 22 taxa
[00:00:00] Generating 10 parsimony starting tree(s) with 22 taxa
[00:00:00] Data distribution: max. partitions/sites/weight per thread: 1 / 406 / 6496
[00:00:00] Data distribution: max. searches per worker: 510

Starting ML tree search with 20 distinct starting trees

[00:00:01] [worker #0] ML tree search #1, logLikelihood: -5614.548219
[00:00:02] [worker #1] ML tree search #2, logLikelihood: -5616.049256
[00:00:03] [worker #0] ML tree search #3, logLikelihood: -5616.568630
[00:00:03] [worker #1] ML tree search #4, logLikelihood: -5610.547774
[00:00:05] [worker #1] ML tree search #6, logLikelihood: -5617.438439
[00:00:05] [worker #0] ML tree search #5, logLikelihood: -5610.751608
[00:00:06] [worker #1] ML tree search #8, logLikelihood: -5616.570260
[00:00:07] [worker #0] ML tree search #7, logLikelihood: -5616.091085
[00:00:08] [worker #1] ML tree search #10, logLikelihood: -5610.541214
[00:00:08] [worker #0] ML tree search #9, logLikelihood: -5616.569715
[00:00:09] [worker #1] ML tree search #12, logLikelihood: -5610.541969
[00:00:10] [worker #0] ML tree search #11, logLikelihood: -5610.747856
[00:00:10] [worker #1] ML tree search #14, logLikelihood: -5614.545829
[00:00:11] [worker #0] ML tree search #13, logLikelihood: -5610.747687
[00:00:12] [worker #1] ML tree search #16, logLikelihood: -5614.546768
[00:00:12] [worker #0] ML tree search #15, logLikelihood: -5610.538526
[00:00:13] [worker #1] ML tree search #18, logLikelihood: -5610.538258
[00:00:14] [worker #0] ML tree search #17, logLikelihood: -5617.049023
[00:00:14] [worker #1] ML tree search #20, logLikelihood: -5618.020613
[00:00:15] [worker #0] ML tree search #19, logLikelihood: -5614.547274

[00:00:15] ML tree search completed, best tree logLH: -5610.538258

[00:00:15] Starting bootstrapping analysis with 1000 replicates.

[00:00:16] [worker #1] Bootstrap tree #2, logLikelihood: -5710.200128
[00:00:16] [worker #0] Bootstrap tree #1, logLikelihood: -5444.198918
[00:00:17] [worker #1] Bootstrap tree #4, logLikelihood: -5787.072566
[00:00:18] [worker #0] Bootstrap tree #3, logLikelihood: -5690.712245
[00:00:18] [worker #1] Bootstrap tree #6, logLikelihood: -5606.496234
[00:00:19] [worker #0] Bootstrap tree #5, logLikelihood: -5366.340110
[00:00:20] [worker #1] Bootstrap tree #8, logLikelihood: -5417.465436
[00:00:20] [worker #0] Bootstrap tree #7, logLikelihood: -5545.906064
[00:00:20] [worker #1] Bootstrap tree #10, logLikelihood: -5983.882368
[00:00:21] [worker #0] Bootstrap tree #9, logLikelihood: -5519.114983
[00:00:21] [worker #1] Bootstrap tree #12, logLikelihood: -5649.004076
[00:00:22] [worker #1] Bootstrap tree #14, logLikelihood: -5701.232319
[00:00:22] [worker #0] Bootstrap tree #11, logLikelihood: -5411.013200
[00:00:23] [worker #0] Bootstrap tree #13, logLikelihood: -5261.881408
[00:00:23] [worker #1] Bootstrap tree #16, logLikelihood: -5615.209064
[00:00:24] [worker #0] Bootstrap tree #15, logLikelihood: -5191.455098
[00:00:24] [worker #1] Bootstrap tree #18, logLikelihood: -5714.508429
[00:00:25] [worker #0] Bootstrap tree #17, logLikelihood: -5531.637101
[00:00:25] [worker #1] Bootstrap tree #20, logLikelihood: -5496.022365
[00:00:25] [worker #0] Bootstrap tree #19, logLikelihood: -5300.239368
[00:00:26] [worker #0] Bootstrap tree #21, logLikelihood: -5517.808328
[00:00:26] [worker #1] Bootstrap tree #22, logLikelihood: -5382.950838
[00:00:27] [worker #0] Bootstrap tree #23, logLikelihood: -5606.849267
[00:00:27] [worker #1] Bootstrap tree #24, logLikelihood: -5623.466259
[00:00:28] [worker #1] Bootstrap tree #26, logLikelihood: -5375.169880
[00:00:28] [worker #0] Bootstrap tree #25, logLikelihood: -5543.395063
[00:00:29] [worker #0] Bootstrap tree #27, logLikelihood: -5546.853442
[00:00:29] [worker #1] Bootstrap tree #28, logLikelihood: -5473.761098
[00:00:30] [worker #1] Bootstrap tree #30, logLikelihood: -5598.258261
[00:00:30] [worker #0] Bootstrap tree #29, logLikelihood: -5666.403838
[00:00:30] [worker #1] Bootstrap tree #32, logLikelihood: -5501.696528
[00:00:31] [worker #0] Bootstrap tree #31, logLikelihood: -5660.345422
[00:00:31] [worker #1] Bootstrap tree #34, logLikelihood: -5652.469776
[00:00:32] [worker #0] Bootstrap tree #33, logLikelihood: -5574.684752
[00:00:32] [worker #1] Bootstrap tree #36, logLikelihood: -5629.712375
[00:00:32] [worker #0] Bootstrap tree #35, logLikelihood: -5644.056680
[00:00:33] [worker #1] Bootstrap tree #38, logLikelihood: -5702.166761
[00:00:33] [worker #0] Bootstrap tree #37, logLikelihood: -5810.319251
[00:00:34] [worker #1] Bootstrap tree #40, logLikelihood: -5710.418308
[00:00:35] [worker #0] Bootstrap tree #39, logLikelihood: -5484.549561
[00:00:36] [worker #1] Bootstrap tree #42, logLikelihood: -5376.492745
[00:00:36] [worker #0] Bootstrap tree #41, logLikelihood: -5463.852508
[00:00:37] [worker #1] Bootstrap tree #44, logLikelihood: -5317.623215
[00:00:37] [worker #0] Bootstrap tree #43, logLikelihood: -5496.037694
[00:00:37] [worker #1] Bootstrap tree #46, logLikelihood: -5742.550377
[00:00:37] [worker #0] Bootstrap tree #45, logLikelihood: -5518.289363
[00:00:38] [worker #0] Bootstrap tree #47, logLikelihood: -5559.714603
[00:00:38] [worker #1] Bootstrap tree #48, logLikelihood: -5802.062206
[00:00:40] [worker #1] Bootstrap tree #50, logLikelihood: -5646.223630
[00:00:40] [worker #0] Bootstrap tree #49, logLikelihood: -5395.082867
[00:00:41] [worker #0] Bootstrap tree #51, logLikelihood: -5533.036152
[00:00:41] [worker #1] Bootstrap tree #52, logLikelihood: -5618.123708
[00:00:42] [worker #0] Bootstrap tree #53, logLikelihood: -5551.855571
[00:00:42] [worker #1] Bootstrap tree #54, logLikelihood: -5722.380998
[00:00:43] [worker #0] Bootstrap tree #55, logLikelihood: -5466.017663
[00:00:43] [worker #1] Bootstrap tree #56, logLikelihood: -5655.481599
[00:00:44] [worker #0] Bootstrap tree #57, logLikelihood: -5600.537570
[00:00:44] [worker #1] Bootstrap tree #58, logLikelihood: -5718.729110
[00:00:45] [worker #0] Bootstrap tree #59, logLikelihood: -5510.374307
[00:00:45] [worker #1] Bootstrap tree #60, logLikelihood: -5270.096862
[00:00:46] [worker #1] Bootstrap tree #62, logLikelihood: -5451.156762
[00:00:46] [worker #0] Bootstrap tree #61, logLikelihood: -5561.481850
[00:00:47] [worker #1] Bootstrap tree #64, logLikelihood: -5529.217976
[00:00:47] [worker #0] Bootstrap tree #63, logLikelihood: -5621.322464
[00:00:47] [worker #1] Bootstrap tree #66, logLikelihood: -5389.746992
[00:00:48] [worker #0] Bootstrap tree #65, logLikelihood: -5467.722977
[00:00:49] [worker #0] Bootstrap tree #67, logLikelihood: -5401.855735
[00:00:49] [worker #1] Bootstrap tree #68, logLikelihood: -5600.505068
[00:00:49] [worker #1] Bootstrap tree #70, logLikelihood: -5415.251224
[00:00:50] [worker #0] Bootstrap tree #69, logLikelihood: -5528.103394
[00:00:50] [worker #1] Bootstrap tree #72, logLikelihood: -5621.802264
[00:00:51] [worker #0] Bootstrap tree #71, logLikelihood: -5584.237236
[00:00:51] [worker #1] Bootstrap tree #74, logLikelihood: -5517.995722
[00:00:52] [worker #1] Bootstrap tree #76, logLikelihood: -5594.566068
[00:00:53] [worker #1] Bootstrap tree #78, logLikelihood: -5685.371033
[00:00:53] [worker #0] Bootstrap tree #73, logLikelihood: -5601.507033
[00:00:54] [worker #1] Bootstrap tree #80, logLikelihood: -5362.656014
[00:00:54] [worker #0] Bootstrap tree #75, logLikelihood: -5564.289124
[00:00:55] [worker #1] Bootstrap tree #82, logLikelihood: -5410.670331
[00:00:55] [worker #0] Bootstrap tree #77, logLikelihood: -5497.403091
[00:00:56] [worker #1] Bootstrap tree #84, logLikelihood: -5328.754592
[00:00:56] [worker #0] Bootstrap tree #79, logLikelihood: -5599.975470
[00:00:56] [worker #1] Bootstrap tree #86, logLikelihood: -5674.149512
[00:00:57] [worker #0] Bootstrap tree #81, logLikelihood: -5639.910427
[00:00:58] [worker #1] Bootstrap tree #88, logLikelihood: -5633.378177
[00:00:58] [worker #0] Bootstrap tree #83, logLikelihood: -5444.731097
[00:00:58] [worker #1] Bootstrap tree #90, logLikelihood: -5391.772229
[00:00:59] [worker #0] Bootstrap tree #85, logLikelihood: -5404.292369
[00:00:59] [worker #1] Bootstrap tree #92, logLikelihood: -5559.979717
[00:01:00] [worker #1] Bootstrap tree #94, logLikelihood: -5669.896806
[00:01:00] [worker #0] Bootstrap tree #87, logLikelihood: -5511.265033
[00:01:01] [worker #1] Bootstrap tree #96, logLikelihood: -5849.168663
[00:01:01] [worker #0] Bootstrap tree #89, logLikelihood: -5252.765697
[00:01:02] [worker #1] Bootstrap tree #98, logLikelihood: -5823.226906
[00:01:02] [worker #0] Bootstrap tree #91, logLikelihood: -5563.146994
[00:01:03] [worker #1] Bootstrap tree #100, logLikelihood: -5304.300683
[00:01:03] [worker #0] Bootstrap tree #93, logLikelihood: -5484.516007
[00:01:04] [worker #0] Bootstrap tree #95, logLikelihood: -5563.256521
[00:01:05] [worker #0] Bootstrap tree #97, logLikelihood: -5530.948779
[00:01:06] [worker #0] Bootstrap tree #99, logLikelihood: -5632.609554
[00:01:07] [worker #1] Bootstrap tree #102, logLikelihood: -5534.996687
[00:01:08] [worker #0] Bootstrap tree #101, logLikelihood: -5736.569808
[00:01:08] [worker #1] Bootstrap tree #104, logLikelihood: -5587.128942
[00:01:09] [worker #0] Bootstrap tree #103, logLikelihood: -5438.124862
[00:01:09] [worker #1] Bootstrap tree #106, logLikelihood: -5609.523181
[00:01:10] [worker #1] Bootstrap tree #108, logLikelihood: -5675.477249
[00:01:10] [worker #0] Bootstrap tree #105, logLikelihood: -5630.798915
[00:01:11] [worker #1] Bootstrap tree #110, logLikelihood: -5347.157174
[00:01:11] [worker #0] Bootstrap tree #107, logLikelihood: -5621.410683
[00:01:12] [worker #1] Bootstrap tree #112, logLikelihood: -5435.831000
[00:01:12] [worker #0] Bootstrap tree #109, logLikelihood: -5524.821832
[00:01:12] [worker #1] Bootstrap tree #114, logLikelihood: -5565.023112
[00:01:13] [worker #1] Bootstrap tree #116, logLikelihood: -5475.263767
[00:01:14] [worker #1] Bootstrap tree #118, logLikelihood: -5512.841778
[00:01:14] [worker #0] Bootstrap tree #111, logLikelihood: -5464.221158
[00:01:15] [worker #1] Bootstrap tree #120, logLikelihood: -5588.216530
[00:01:15] [worker #0] Bootstrap tree #113, logLikelihood: -5633.943011
[00:01:16] [worker #1] Bootstrap tree #122, logLikelihood: -5567.847569
[00:01:16] [worker #0] Bootstrap tree #115, logLikelihood: -5636.849498
[00:01:16] [worker #1] Bootstrap tree #124, logLikelihood: -5471.779293
[00:01:17] [worker #1] Bootstrap tree #126, logLikelihood: -5882.587336
[00:01:18] [worker #0] Bootstrap tree #117, logLikelihood: -5537.912720
[00:01:18] [worker #1] Bootstrap tree #128, logLikelihood: -5497.066501
[00:01:18] [worker #0] Bootstrap tree #119, logLikelihood: -5370.520086
[00:01:19] [worker #1] Bootstrap tree #130, logLikelihood: -5463.358659
[00:01:20] [worker #0] Bootstrap tree #121, logLikelihood: -5641.825992
[00:01:20] [worker #1] Bootstrap tree #132, logLikelihood: -5598.985669
[00:01:21] [worker #0] Bootstrap tree #123, logLikelihood: -5651.363841
[00:01:21] [worker #1] Bootstrap tree #134, logLikelihood: -5283.364012
[00:01:22] [worker #0] Bootstrap tree #125, logLikelihood: -5394.562347
[00:01:22] [worker #1] Bootstrap tree #136, logLikelihood: -5658.682735
[00:01:23] [worker #1] Bootstrap tree #138, logLikelihood: -5349.016035
[00:01:23] [worker #0] Bootstrap tree #127, logLikelihood: -5689.061731
[00:01:24] [worker #1] Bootstrap tree #140, logLikelihood: -5725.390248
[00:01:24] [worker #0] Bootstrap tree #129, logLikelihood: -5589.207820
[00:01:25] [worker #1] Bootstrap tree #142, logLikelihood: -5581.015776
[00:01:25] [worker #0] Bootstrap tree #131, logLikelihood: -5677.181464
[00:01:25] [worker #1] Bootstrap tree #144, logLikelihood: -5540.885527
[00:01:26] [worker #1] Bootstrap tree #146, logLikelihood: -5594.368280
[00:01:26] [worker #0] Bootstrap tree #133, logLikelihood: -5747.648379
[00:01:27] [worker #1] Bootstrap tree #148, logLikelihood: -5420.039983
[00:01:27] [worker #0] Bootstrap tree #135, logLikelihood: -5484.841210
[00:01:28] [worker #0] Bootstrap tree #137, logLikelihood: -5451.036168
[00:01:28] [worker #1] Bootstrap tree #150, logLikelihood: -5528.370512
[00:01:29] [worker #0] Bootstrap tree #139, logLikelihood: -5597.858367
[00:01:30] [worker #0] Bootstrap tree #141, logLikelihood: -5788.875816
[00:01:31] [worker #0] Bootstrap tree #143, logLikelihood: -5565.489157
[00:01:32] [worker #0] Bootstrap tree #145, logLikelihood: -5246.961556
[00:01:32] [worker #0] Bootstrap tree #147, logLikelihood: -5521.200496
[00:01:33] [worker #0] Bootstrap tree #149, logLikelihood: -5481.974562
[00:01:35] [worker #1] Bootstrap tree #152, logLikelihood: -5568.567192
[00:01:35] [worker #0] Bootstrap tree #151, logLikelihood: -5588.244029
[00:01:35] [worker #1] Bootstrap tree #154, logLikelihood: -5795.215465
[00:01:36] [worker #0] Bootstrap tree #153, logLikelihood: -5529.745665
[00:01:36] [worker #1] Bootstrap tree #156, logLikelihood: -5511.958508
[00:01:37] [worker #0] Bootstrap tree #155, logLikelihood: -5624.706142
[00:01:37] [worker #1] Bootstrap tree #158, logLikelihood: -5443.217949
[00:01:38] [worker #0] Bootstrap tree #157, logLikelihood: -5580.155455
[00:01:38] [worker #1] Bootstrap tree #160, logLikelihood: -5586.990706
[00:01:39] [worker #0] Bootstrap tree #159, logLikelihood: -5550.746788
[00:01:40] [worker #1] Bootstrap tree #162, logLikelihood: -5933.043343
[00:01:40] [worker #1] Bootstrap tree #164, logLikelihood: -5494.115012
[00:01:41] [worker #0] Bootstrap tree #161, logLikelihood: -5347.271320
[00:01:42] [worker #1] Bootstrap tree #166, logLikelihood: -5607.740708
[00:01:42] [worker #0] Bootstrap tree #163, logLikelihood: -5623.247300
[00:01:42] [worker #1] Bootstrap tree #168, logLikelihood: -5655.681585
[00:01:43] [worker #1] Bootstrap tree #170, logLikelihood: -5465.659902
[00:01:44] [worker #0] Bootstrap tree #165, logLikelihood: -5376.538548
[00:01:44] [worker #1] Bootstrap tree #172, logLikelihood: -5463.125463
[00:01:45] [worker #0] Bootstrap tree #167, logLikelihood: -5458.237110
[00:01:45] [worker #1] Bootstrap tree #174, logLikelihood: -5553.750257
[00:01:46] [worker #0] Bootstrap tree #169, logLikelihood: -5266.650345
[00:01:46] [worker #1] Bootstrap tree #176, logLikelihood: -5726.966068
[00:01:47] [worker #0] Bootstrap tree #171, logLikelihood: -5620.777095
[00:01:47] [worker #1] Bootstrap tree #178, logLikelihood: -5528.821687
[00:01:48] [worker #0] Bootstrap tree #173, logLikelihood: -5837.438493
[00:01:48] [worker #1] Bootstrap tree #180, logLikelihood: -5631.998496
[00:01:49] [worker #0] Bootstrap tree #175, logLikelihood: -5892.806285
[00:01:49] [worker #1] Bootstrap tree #182, logLikelihood: -5775.706306
[00:01:50] [worker #1] Bootstrap tree #184, logLikelihood: -5535.440187
[00:01:50] [worker #0] Bootstrap tree #177, logLikelihood: -5811.624677
[00:01:51] [worker #1] Bootstrap tree #186, logLikelihood: -5358.099857
[00:01:51] [worker #0] Bootstrap tree #179, logLikelihood: -5428.915822
[00:01:52] [worker #1] Bootstrap tree #188, logLikelihood: -5615.547550
[00:01:52] [worker #0] Bootstrap tree #181, logLikelihood: -5597.826794
[00:01:53] [worker #0] Bootstrap tree #183, logLikelihood: -5799.868296
[00:01:54] [worker #1] Bootstrap tree #190, logLikelihood: -5608.003944
[00:01:54] [worker #0] Bootstrap tree #185, logLikelihood: -5666.768069
[00:01:55] [worker #1] Bootstrap tree #192, logLikelihood: -5656.361306
[00:01:55] [worker #0] Bootstrap tree #187, logLikelihood: -5738.228735
[00:01:56] [worker #1] Bootstrap tree #194, logLikelihood: -5601.855204
[00:01:56] [worker #1] Bootstrap tree #196, logLikelihood: -5936.291751
[00:01:57] [worker #0] Bootstrap tree #189, logLikelihood: -5604.277901
[00:01:57] [worker #1] Bootstrap tree #198, logLikelihood: -5542.908307
[00:01:57] [worker #0] Bootstrap tree #191, logLikelihood: -5699.982026
[00:01:58] [worker #1] Bootstrap tree #200, logLikelihood: -5387.059785
[00:01:59] [worker #0] Bootstrap tree #193, logLikelihood: -5441.602100
[00:02:00] [worker #0] Bootstrap tree #195, logLikelihood: -5422.502091
[00:02:01] [worker #0] Bootstrap tree #197, logLikelihood: -5749.945620
[00:02:02] [worker #0] Bootstrap tree #199, logLikelihood: -5649.648470
[00:02:03] [worker #1] Bootstrap tree #202, logLikelihood: -5515.272972
[00:02:03] [worker #0] Bootstrap tree #201, logLikelihood: -5296.833499
[00:02:04] [worker #1] Bootstrap tree #204, logLikelihood: -5654.645486
[00:02:04] [worker #0] Bootstrap tree #203, logLikelihood: -5451.069655
[00:02:05] [worker #1] Bootstrap tree #206, logLikelihood: -5623.876149
[00:02:05] [worker #0] Bootstrap tree #205, logLikelihood: -5665.617665
[00:02:06] [worker #1] Bootstrap tree #208, logLikelihood: -5682.372788
[00:02:06] [worker #0] Bootstrap tree #207, logLikelihood: -5263.913492
[00:02:07] [worker #1] Bootstrap tree #210, logLikelihood: -5540.890393
[00:02:07] [worker #0] Bootstrap tree #209, logLikelihood: -5311.958192
[00:02:08] [worker #1] Bootstrap tree #212, logLikelihood: -5777.014901
[00:02:08] [worker #0] Bootstrap tree #211, logLikelihood: -5745.649629
[00:02:09] [worker #1] Bootstrap tree #214, logLikelihood: -5452.157337
[00:02:09] [worker #0] Bootstrap tree #213, logLikelihood: -5712.029496
[00:02:09] [worker #1] Bootstrap tree #216, logLikelihood: -5659.384425
[00:02:10] [worker #1] Bootstrap tree #218, logLikelihood: -5752.775411
[00:02:10] [worker #0] Bootstrap tree #215, logLikelihood: -5587.570339
[00:02:11] [worker #1] Bootstrap tree #220, logLikelihood: -5693.860512
[00:02:11] [worker #0] Bootstrap tree #217, logLikelihood: -5675.143245
[00:02:12] [worker #1] Bootstrap tree #222, logLikelihood: -5619.918904
[00:02:12] [worker #0] Bootstrap tree #219, logLikelihood: -5740.623655
[00:02:12] [worker #1] Bootstrap tree #224, logLikelihood: -5488.581083
[00:02:13] [worker #0] Bootstrap tree #221, logLikelihood: -5626.195974
[00:02:13] [worker #1] Bootstrap tree #226, logLikelihood: -5383.727873
[00:02:14] [worker #1] Bootstrap tree #228, logLikelihood: -5557.851514
[00:02:14] [worker #0] Bootstrap tree #223, logLikelihood: -5386.750898
[00:02:15] [worker #1] Bootstrap tree #230, logLikelihood: -5469.673289
[00:02:16] [worker #1] Bootstrap tree #232, logLikelihood: -5547.791889
[00:02:16] [worker #0] Bootstrap tree #225, logLikelihood: -5576.893512
[00:02:17] [worker #1] Bootstrap tree #234, logLikelihood: -5626.035743
[00:02:17] [worker #0] Bootstrap tree #227, logLikelihood: -5694.992230
[00:02:18] [worker #1] Bootstrap tree #236, logLikelihood: -5799.878390
[00:02:18] [worker #0] Bootstrap tree #229, logLikelihood: -5447.136871
[00:02:19] [worker #0] Bootstrap tree #231, logLikelihood: -5320.883665
[00:02:19] [worker #1] Bootstrap tree #238, logLikelihood: -5532.493826
[00:02:20] [worker #0] Bootstrap tree #233, logLikelihood: -5503.360025
[00:02:20] [worker #1] Bootstrap tree #240, logLikelihood: -5811.322952
[00:02:21] [worker #0] Bootstrap tree #235, logLikelihood: -5580.760263
[00:02:21] [worker #1] Bootstrap tree #242, logLikelihood: -5481.420667
[00:02:22] [worker #0] Bootstrap tree #237, logLikelihood: -5516.236768
[00:02:22] [worker #1] Bootstrap tree #244, logLikelihood: -5452.618933
[00:02:23] [worker #0] Bootstrap tree #239, logLikelihood: -5668.556378
[00:02:23] [worker #1] Bootstrap tree #246, logLikelihood: -5643.408939
[00:02:23] [worker #0] Bootstrap tree #241, logLikelihood: -5830.360020
[00:02:24] [worker #1] Bootstrap tree #248, logLikelihood: -5761.407076
[00:02:24] [worker #0] Bootstrap tree #243, logLikelihood: -5567.966043
[00:02:25] [worker #1] Bootstrap tree #250, logLikelihood: -5593.741836
[00:02:26] [worker #0] Bootstrap tree #245, logLikelihood: -5499.992785
[00:02:27] [worker #0] Bootstrap tree #247, logLikelihood: -5503.773056
[00:02:28] [worker #0] Bootstrap tree #249, logLikelihood: -5545.356253
[00:02:29] [worker #0] Bootstrap tree #251, logLikelihood: -5514.610647
[00:02:29] [worker #1] Bootstrap tree #252, logLikelihood: -5483.542526
[00:02:30] [worker #1] Bootstrap tree #254, logLikelihood: -5457.861769
[00:02:30] [worker #0] Bootstrap tree #253, logLikelihood: -5626.403042
[00:02:31] [worker #0] Bootstrap tree #255, logLikelihood: -5474.297067
[00:02:31] [worker #1] Bootstrap tree #256, logLikelihood: -5537.717247
[00:02:32] [worker #1] Bootstrap tree #258, logLikelihood: -5701.451310
[00:02:32] [worker #0] Bootstrap tree #257, logLikelihood: -5382.957760
[00:02:33] [worker #1] Bootstrap tree #260, logLikelihood: -5644.142322
[00:02:33] [worker #0] Bootstrap tree #259, logLikelihood: -5725.762842
[00:02:34] [worker #1] Bootstrap tree #262, logLikelihood: -5742.312308
[00:02:35] [worker #1] Bootstrap tree #264, logLikelihood: -5430.693957
[00:02:35] [worker #0] Bootstrap tree #261, logLikelihood: -5542.679590
[00:02:35] [worker #0] Bootstrap tree #263, logLikelihood: -5744.039420
[00:02:36] [worker #1] Bootstrap tree #266, logLikelihood: -5481.336136
[00:02:37] [worker #1] Bootstrap tree #268, logLikelihood: -5644.277567
[00:02:37] [worker #0] Bootstrap tree #265, logLikelihood: -5524.106801
[00:02:37] [worker #1] Bootstrap tree #270, logLikelihood: -5492.188870
[00:02:38] [worker #0] Bootstrap tree #267, logLikelihood: -5549.662599
[00:02:39] [worker #0] Bootstrap tree #269, logLikelihood: -5334.487384
[00:02:39] [worker #1] Bootstrap tree #272, logLikelihood: -5667.886131
[00:02:40] [worker #1] Bootstrap tree #274, logLikelihood: -5907.540762
[00:02:40] [worker #0] Bootstrap tree #271, logLikelihood: -5670.328139
[00:02:41] [worker #1] Bootstrap tree #276, logLikelihood: -5782.572701
[00:02:41] [worker #0] Bootstrap tree #273, logLikelihood: -5570.744523
[00:02:42] [worker #1] Bootstrap tree #278, logLikelihood: -5586.028511
[00:02:42] [worker #1] Bootstrap tree #280, logLikelihood: -5760.380532
[00:02:43] [worker #0] Bootstrap tree #275, logLikelihood: -5653.325528
[00:02:43] [worker #1] Bootstrap tree #282, logLikelihood: -5675.134871
[00:02:43] [worker #0] Bootstrap tree #277, logLikelihood: -5546.529845
[00:02:44] [worker #1] Bootstrap tree #284, logLikelihood: -5536.208071
[00:02:44] [worker #0] Bootstrap tree #279, logLikelihood: -5209.002768
[00:02:45] [worker #1] Bootstrap tree #286, logLikelihood: -5634.538852
[00:02:45] [worker #0] Bootstrap tree #281, logLikelihood: -5539.618491
[00:02:46] [worker #1] Bootstrap tree #288, logLikelihood: -5686.705125
[00:02:46] [worker #0] Bootstrap tree #283, logLikelihood: -5472.523808
[00:02:46] [worker #1] Bootstrap tree #290, logLikelihood: -5757.628518
[00:02:47] [worker #1] Bootstrap tree #292, logLikelihood: -5347.735602
[00:02:47] [worker #0] Bootstrap tree #285, logLikelihood: -5559.452948
[00:02:48] [worker #1] Bootstrap tree #294, logLikelihood: -5357.323434
[00:02:49] [worker #0] Bootstrap tree #287, logLikelihood: -5747.676413
[00:02:49] [worker #1] Bootstrap tree #296, logLikelihood: -5601.421264
[00:02:50] [worker #1] Bootstrap tree #298, logLikelihood: -5646.992899
[00:02:50] [worker #0] Bootstrap tree #289, logLikelihood: -5681.078455
[00:02:51] [worker #1] Bootstrap tree #300, logLikelihood: -5738.533091
[00:02:51] [worker #0] Bootstrap tree #291, logLikelihood: -5549.789712
[00:02:52] [worker #0] Bootstrap tree #293, logLikelihood: -5729.465278
[00:02:53] [worker #0] Bootstrap tree #295, logLikelihood: -5487.719356
[00:02:54] [worker #0] Bootstrap tree #297, logLikelihood: -5738.534534
[00:02:55] [worker #0] Bootstrap tree #299, logLikelihood: -5524.013166
[00:02:57] [worker #0] Bootstrap tree #301, logLikelihood: -5605.424481
[00:02:57] [worker #1] Bootstrap tree #302, logLikelihood: -5727.830922
[00:02:58] [worker #0] Bootstrap tree #303, logLikelihood: -5684.963053
[00:02:58] [worker #1] Bootstrap tree #304, logLikelihood: -5778.596014
[00:02:59] [worker #1] Bootstrap tree #306, logLikelihood: -5929.337738
[00:02:59] [worker #0] Bootstrap tree #305, logLikelihood: -5616.835628
[00:02:59] [worker #1] Bootstrap tree #308, logLikelihood: -5657.757481
[00:03:01] [worker #0] Bootstrap tree #307, logLikelihood: -5724.954034
[00:03:01] [worker #1] Bootstrap tree #310, logLikelihood: -5692.735326
[00:03:01] [worker #0] Bootstrap tree #309, logLikelihood: -5571.289059
[00:03:02] [worker #1] Bootstrap tree #312, logLikelihood: -5616.329207
[00:03:03] [worker #0] Bootstrap tree #311, logLikelihood: -5464.566724
[00:03:03] [worker #1] Bootstrap tree #314, logLikelihood: -5662.342398
[00:03:03] [worker #1] Bootstrap tree #316, logLikelihood: -5784.875891
[00:03:03] [worker #0] Bootstrap tree #313, logLikelihood: -5507.627532
[00:03:04] [worker #0] Bootstrap tree #315, logLikelihood: -5578.444859
[00:03:04] [worker #1] Bootstrap tree #318, logLikelihood: -5482.751648
[00:03:05] [worker #1] Bootstrap tree #320, logLikelihood: -5603.423916
[00:03:05] [worker #0] Bootstrap tree #317, logLikelihood: -5629.229952
[00:03:06] [worker #0] Bootstrap tree #319, logLikelihood: -5942.535160
[00:03:06] [worker #1] Bootstrap tree #322, logLikelihood: -5547.410594
[00:03:07] [worker #0] Bootstrap tree #321, logLikelihood: -5301.066584
[00:03:07] [worker #1] Bootstrap tree #324, logLikelihood: -5534.823172
[00:03:08] [worker #1] Bootstrap tree #326, logLikelihood: -5484.536073
[00:03:08] [worker #0] Bootstrap tree #323, logLikelihood: -5580.334792
[00:03:09] [worker #1] Bootstrap tree #328, logLikelihood: -5477.667519
[00:03:09] [worker #0] Bootstrap tree #325, logLikelihood: -5468.670729
[00:03:10] [worker #0] Bootstrap tree #327, logLikelihood: -5503.153725
[00:03:10] [worker #1] Bootstrap tree #330, logLikelihood: -5439.418834
[00:03:11] [worker #0] Bootstrap tree #329, logLikelihood: -5533.693006
[00:03:11] [worker #1] Bootstrap tree #332, logLikelihood: -5355.387080
[00:03:12] [worker #0] Bootstrap tree #331, logLikelihood: -5312.655508
[00:03:12] [worker #1] Bootstrap tree #334, logLikelihood: -5499.488582
[00:03:13] [worker #1] Bootstrap tree #336, logLikelihood: -5570.219239
[00:03:14] [worker #0] Bootstrap tree #333, logLikelihood: -5495.960383
[00:03:14] [worker #1] Bootstrap tree #338, logLikelihood: -5551.441364
[00:03:15] [worker #0] Bootstrap tree #335, logLikelihood: -5457.840681
[00:03:15] [worker #1] Bootstrap tree #340, logLikelihood: -5758.265085
[00:03:16] [worker #1] Bootstrap tree #342, logLikelihood: -5488.216688
[00:03:16] [worker #0] Bootstrap tree #337, logLikelihood: -5628.453235
[00:03:16] [worker #1] Bootstrap tree #344, logLikelihood: -5523.894469
[00:03:17] [worker #0] Bootstrap tree #339, logLikelihood: -5412.945797
[00:03:17] [worker #1] Bootstrap tree #346, logLikelihood: -5429.910557
[00:03:18] [worker #1] Bootstrap tree #348, logLikelihood: -5822.202949
[00:03:18] [worker #0] Bootstrap tree #341, logLikelihood: -5794.813523
[00:03:19] [worker #1] Bootstrap tree #350, logLikelihood: -5833.470613
[00:03:19] [worker #0] Bootstrap tree #343, logLikelihood: -5768.984402
[00:03:20] [worker #0] Bootstrap tree #345, logLikelihood: -5550.516677
[00:03:21] [worker #0] Bootstrap tree #347, logLikelihood: -5616.426827
[00:03:23] [worker #0] Bootstrap tree #349, logLikelihood: -5599.764403
[00:03:24] [worker #1] Bootstrap tree #352, logLikelihood: -5687.307093
[00:03:24] [worker #0] Bootstrap tree #351, logLikelihood: -5749.236961
[00:03:25] [worker #1] Bootstrap tree #354, logLikelihood: -5670.777145
[00:03:26] [worker #0] Bootstrap tree #353, logLikelihood: -5453.900142
[00:03:26] [worker #1] Bootstrap tree #356, logLikelihood: -5324.374839
[00:03:26] [worker #0] Bootstrap tree #355, logLikelihood: -5351.724005
[00:03:27] [worker #1] Bootstrap tree #358, logLikelihood: -5583.021588
[00:03:27] [worker #1] Bootstrap tree #360, logLikelihood: -5556.370875
[00:03:28] [worker #0] Bootstrap tree #357, logLikelihood: -5605.873113
[00:03:28] [worker #1] Bootstrap tree #362, logLikelihood: -5782.316252
[00:03:28] [worker #0] Bootstrap tree #359, logLikelihood: -5334.282400
[00:03:29] [worker #1] Bootstrap tree #364, logLikelihood: -5542.750867
[00:03:29] [worker #0] Bootstrap tree #361, logLikelihood: -5346.974609
[00:03:30] [worker #1] Bootstrap tree #366, logLikelihood: -5721.457979
[00:03:30] [worker #0] Bootstrap tree #363, logLikelihood: -5614.365355
[00:03:31] [worker #1] Bootstrap tree #368, logLikelihood: -5798.432086
[00:03:32] [worker #1] Bootstrap tree #370, logLikelihood: -5341.568911
[00:03:32] [worker #0] Bootstrap tree #365, logLikelihood: -5377.824567
[00:03:33] [worker #1] Bootstrap tree #372, logLikelihood: -5507.247479
[00:03:33] [worker #0] Bootstrap tree #367, logLikelihood: -5789.359210
[00:03:34] [worker #1] Bootstrap tree #374, logLikelihood: -5441.629249
[00:03:35] [worker #0] Bootstrap tree #369, logLikelihood: -5429.055510
[00:03:35] [worker #1] Bootstrap tree #376, logLikelihood: -5715.850048
[00:03:36] [worker #0] Bootstrap tree #371, logLikelihood: -5555.189240
[00:03:36] [worker #1] Bootstrap tree #378, logLikelihood: -5588.802138
[00:03:37] [worker #0] Bootstrap tree #373, logLikelihood: -5544.783642
[00:03:37] [worker #1] Bootstrap tree #380, logLikelihood: -5323.740178
[00:03:38] [worker #1] Bootstrap tree #382, logLikelihood: -5329.766709
[00:03:38] [worker #0] Bootstrap tree #375, logLikelihood: -5668.412543
[00:03:39] [worker #1] Bootstrap tree #384, logLikelihood: -5728.346033
[00:03:39] [worker #0] Bootstrap tree #377, logLikelihood: -5458.779339
[00:03:40] [worker #1] Bootstrap tree #386, logLikelihood: -5659.318786
[00:03:41] [worker #0] Bootstrap tree #379, logLikelihood: -5566.234514
[00:03:41] [worker #0] Bootstrap tree #381, logLikelihood: -5519.976214
[00:03:42] [worker #1] Bootstrap tree #388, logLikelihood: -5700.471149
[00:03:42] [worker #0] Bootstrap tree #383, logLikelihood: -5615.815972
[00:03:43] [worker #0] Bootstrap tree #385, logLikelihood: -5481.509575
[00:03:44] [worker #1] Bootstrap tree #390, logLikelihood: -5370.218628
[00:03:44] [worker #0] Bootstrap tree #387, logLikelihood: -5553.762127
[00:03:44] [worker #1] Bootstrap tree #392, logLikelihood: -5556.368967
[00:03:45] [worker #1] Bootstrap tree #394, logLikelihood: -5464.538485
[00:03:46] [worker #0] Bootstrap tree #389, logLikelihood: -5714.805730
[00:03:46] [worker #1] Bootstrap tree #396, logLikelihood: -5657.326333
[00:03:47] [worker #0] Bootstrap tree #391, logLikelihood: -5584.002504
[00:03:47] [worker #1] Bootstrap tree #398, logLikelihood: -5772.601621
[00:03:48] [worker #1] Bootstrap tree #400, logLikelihood: -5402.573494
[00:03:48] [worker #0] Bootstrap tree #393, logLikelihood: -5583.961910
[00:03:50] [worker #0] Bootstrap tree #395, logLikelihood: -5452.166440
[00:03:51] [worker #0] Bootstrap tree #397, logLikelihood: -5689.841137
[00:03:52] [worker #0] Bootstrap tree #399, logLikelihood: -5550.742337
[00:03:53] [worker #1] Bootstrap tree #402, logLikelihood: -5452.053487
[00:03:54] [worker #1] Bootstrap tree #404, logLikelihood: -5567.066561
[00:03:54] [worker #0] Bootstrap tree #401, logLikelihood: -5728.816409
[00:03:55] [worker #1] Bootstrap tree #406, logLikelihood: -5471.665681
[00:03:55] [worker #0] Bootstrap tree #403, logLikelihood: -5613.903999
[00:03:56] [worker #1] Bootstrap tree #408, logLikelihood: -5552.581374
[00:03:56] [worker #0] Bootstrap tree #405, logLikelihood: -5648.763693
[00:03:56] [worker #1] Bootstrap tree #410, logLikelihood: -5576.377685
[00:03:57] [worker #0] Bootstrap tree #407, logLikelihood: -5566.336933
[00:03:58] [worker #0] Bootstrap tree #409, logLikelihood: -5509.277763
[00:03:58] [worker #1] Bootstrap tree #412, logLikelihood: -5708.493597
[00:03:59] [worker #1] Bootstrap tree #414, logLikelihood: -5426.113834
[00:03:59] [worker #0] Bootstrap tree #411, logLikelihood: -5658.040992
[00:03:59] [worker #1] Bootstrap tree #416, logLikelihood: -5532.585507
[00:04:00] [worker #0] Bootstrap tree #413, logLikelihood: -5810.745336
[00:04:00] [worker #1] Bootstrap tree #418, logLikelihood: -5457.590447
[00:04:01] [worker #1] Bootstrap tree #420, logLikelihood: -5470.363500
[00:04:01] [worker #0] Bootstrap tree #415, logLikelihood: -5389.786061
[00:04:02] [worker #1] Bootstrap tree #422, logLikelihood: -5603.182136
[00:04:02] [worker #0] Bootstrap tree #417, logLikelihood: -5719.641243
[00:04:02] [worker #1] Bootstrap tree #424, logLikelihood: -5400.593005
[00:04:03] [worker #0] Bootstrap tree #419, logLikelihood: -5539.503780
[00:04:04] [worker #1] Bootstrap tree #426, logLikelihood: -5438.494216
[00:04:04] [worker #0] Bootstrap tree #421, logLikelihood: -5664.588493
[00:04:05] [worker #0] Bootstrap tree #423, logLikelihood: -5576.852586
[00:04:05] [worker #1] Bootstrap tree #428, logLikelihood: -5475.625615
[00:04:06] [worker #0] Bootstrap tree #425, logLikelihood: -5543.932164
[00:04:06] [worker #1] Bootstrap tree #430, logLikelihood: -5632.664499
[00:04:07] [worker #0] Bootstrap tree #427, logLikelihood: -5545.647277
[00:04:08] [worker #1] Bootstrap tree #432, logLikelihood: -5506.472242
[00:04:08] [worker #1] Bootstrap tree #434, logLikelihood: -5561.738203
[00:04:09] [worker #0] Bootstrap tree #429, logLikelihood: -5588.690457
[00:04:09] [worker #1] Bootstrap tree #436, logLikelihood: -5554.206215
[00:04:10] [worker #1] Bootstrap tree #438, logLikelihood: -5649.904792
[00:04:11] [worker #0] Bootstrap tree #431, logLikelihood: -5259.806496
[00:04:11] [worker #1] Bootstrap tree #440, logLikelihood: -5628.280028
[00:04:12] [worker #0] Bootstrap tree #433, logLikelihood: -5552.326565
[00:04:12] [worker #1] Bootstrap tree #442, logLikelihood: -5474.150327
[00:04:13] [worker #0] Bootstrap tree #435, logLikelihood: -5620.805546
[00:04:13] [worker #1] Bootstrap tree #444, logLikelihood: -5703.942008
[00:04:14] [worker #0] Bootstrap tree #437, logLikelihood: -5411.940461
[00:04:14] [worker #1] Bootstrap tree #446, logLikelihood: -5349.090987
[00:04:15] [worker #1] Bootstrap tree #448, logLikelihood: -5655.956749
[00:04:16] [worker #0] Bootstrap tree #439, logLikelihood: -5365.063113
[00:04:16] [worker #1] Bootstrap tree #450, logLikelihood: -5553.645764
[00:04:17] [worker #0] Bootstrap tree #441, logLikelihood: -5614.356587
[00:04:18] [worker #0] Bootstrap tree #443, logLikelihood: -5546.800627
[00:04:19] [worker #0] Bootstrap tree #445, logLikelihood: -5684.943838
[00:04:21] [worker #0] Bootstrap tree #447, logLikelihood: -5594.579146
[00:04:22] [worker #0] Bootstrap tree #449, logLikelihood: -5545.398542
[00:04:23] [worker #1] Bootstrap tree #452, logLikelihood: -5694.141054
[00:04:23] [worker #0] Bootstrap tree #451, logLikelihood: -5378.889339
[00:04:24] [worker #0] Bootstrap tree #453, logLikelihood: -5650.178553
[00:04:24] [worker #1] Bootstrap tree #454, logLikelihood: -5605.753936
[00:04:25] [worker #1] Bootstrap tree #456, logLikelihood: -5575.629427
[00:04:25] [worker #0] Bootstrap tree #455, logLikelihood: -5606.337791
[00:04:26] [worker #1] Bootstrap tree #458, logLikelihood: -5252.752257
[00:04:26] [worker #0] Bootstrap tree #457, logLikelihood: -5434.203224
[00:04:26] [worker #1] Bootstrap tree #460, logLikelihood: -5335.911098
[00:04:27] [worker #1] Bootstrap tree #462, logLikelihood: -5406.723380
[00:04:27] [worker #0] Bootstrap tree #459, logLikelihood: -5385.444026
[00:04:28] [worker #1] Bootstrap tree #464, logLikelihood: -5460.839910
[00:04:28] [worker #0] Bootstrap tree #461, logLikelihood: -5463.788210
[00:04:29] [worker #1] Bootstrap tree #466, logLikelihood: -5747.443887
[00:04:29] [worker #0] Bootstrap tree #463, logLikelihood: -5389.555437
[00:04:30] [worker #1] Bootstrap tree #468, logLikelihood: -5445.084762
[00:04:30] [worker #1] Bootstrap tree #470, logLikelihood: -5502.551498
[00:04:31] [worker #0] Bootstrap tree #465, logLikelihood: -5451.313638
[00:04:31] [worker #1] Bootstrap tree #472, logLikelihood: -5633.993913
[00:04:32] [worker #0] Bootstrap tree #467, logLikelihood: -5552.129359
[00:04:32] [worker #1] Bootstrap tree #474, logLikelihood: -5587.569723
[00:04:33] [worker #1] Bootstrap tree #476, logLikelihood: -5691.010830
[00:04:33] [worker #0] Bootstrap tree #469, logLikelihood: -5500.341462
[00:04:33] [worker #1] Bootstrap tree #478, logLikelihood: -5440.769930
[00:04:34] [worker #0] Bootstrap tree #471, logLikelihood: -5568.225795
[00:04:35] [worker #1] Bootstrap tree #480, logLikelihood: -5445.100676
[00:04:35] [worker #0] Bootstrap tree #473, logLikelihood: -5425.477598
[00:04:35] [worker #1] Bootstrap tree #482, logLikelihood: -5664.895270
[00:04:36] [worker #1] Bootstrap tree #484, logLikelihood: -5271.766898
[00:04:37] [worker #0] Bootstrap tree #475, logLikelihood: -5635.277629
[00:04:37] [worker #1] Bootstrap tree #486, logLikelihood: -5679.471184
[00:04:38] [worker #0] Bootstrap tree #477, logLikelihood: -5482.419997
[00:04:38] [worker #1] Bootstrap tree #488, logLikelihood: -5430.823793
[00:04:39] [worker #1] Bootstrap tree #490, logLikelihood: -5564.312941
[00:04:39] [worker #0] Bootstrap tree #479, logLikelihood: -5604.953523
[00:04:40] [worker #1] Bootstrap tree #492, logLikelihood: -5521.286085
[00:04:40] [worker #0] Bootstrap tree #481, logLikelihood: -5520.643732
[00:04:41] [worker #0] Bootstrap tree #483, logLikelihood: -5386.407898
[00:04:41] [worker #1] Bootstrap tree #494, logLikelihood: -5678.196005
[00:04:42] [worker #1] Bootstrap tree #496, logLikelihood: -5442.988190
[00:04:42] [worker #0] Bootstrap tree #485, logLikelihood: -5607.396308
[00:04:43] [worker #1] Bootstrap tree #498, logLikelihood: -5454.720246
[00:04:43] [worker #0] Bootstrap tree #487, logLikelihood: -5636.147402
[00:04:45] [worker #1] Bootstrap tree #500, logLikelihood: -5471.727485
[00:04:45] [worker #0] Bootstrap tree #489, logLikelihood: -5611.819459
[00:04:46] [worker #0] Bootstrap tree #491, logLikelihood: -5754.015974
[00:04:47] [worker #0] Bootstrap tree #493, logLikelihood: -5792.384074
[00:04:48] [worker #0] Bootstrap tree #495, logLikelihood: -5630.686380
[00:04:50] [worker #0] Bootstrap tree #497, logLikelihood: -5538.229128
[00:04:51] [worker #0] Bootstrap tree #499, logLikelihood: -5577.727222
[00:04:53] [worker #1] Bootstrap tree #502, logLikelihood: -5616.537710
[00:04:53] [worker #0] Bootstrap tree #501, logLikelihood: -5668.025756
[00:04:54] [worker #1] Bootstrap tree #504, logLikelihood: -5541.039263
[00:04:54] [worker #0] Bootstrap tree #503, logLikelihood: -5605.064648
[00:04:55] [worker #0] Bootstrap tree #505, logLikelihood: -5324.106102
[00:04:55] [worker #1] Bootstrap tree #506, logLikelihood: -5680.915464
[00:04:56] [worker #0] Bootstrap tree #507, logLikelihood: -5599.946026
[00:04:56] [worker #1] Bootstrap tree #508, logLikelihood: -5514.116525
[00:04:57] [worker #0] Bootstrap tree #509, logLikelihood: -5628.012243
[00:04:57] [worker #1] Bootstrap tree #510, logLikelihood: -5615.965807
[00:04:57] [worker #0] Bootstrap tree #511, logLikelihood: -5861.829167
[00:04:58] [worker #1] Bootstrap tree #512, logLikelihood: -5574.265578
[00:04:59] [worker #0] Bootstrap tree #513, logLikelihood: -5632.499615
[00:04:59] [worker #1] Bootstrap tree #514, logLikelihood: -5789.121773
[00:05:00] [worker #0] Bootstrap tree #515, logLikelihood: -5389.044695
[00:05:01] [worker #1] Bootstrap tree #516, logLikelihood: -5386.591069
[00:05:01] [worker #0] Bootstrap tree #517, logLikelihood: -5500.227620
[00:05:01] [worker #1] Bootstrap tree #518, logLikelihood: -5441.048825
[00:05:02] [worker #0] Bootstrap tree #519, logLikelihood: -5753.923669
[00:05:02] [worker #1] Bootstrap tree #520, logLikelihood: -5445.351430
[00:05:03] [worker #1] Bootstrap tree #522, logLikelihood: -5487.181867
[00:05:03] [worker #0] Bootstrap tree #521, logLikelihood: -5562.951060
[00:05:04] [worker #1] Bootstrap tree #524, logLikelihood: -5572.453503
[00:05:04] [worker #0] Bootstrap tree #523, logLikelihood: -5609.681534
[00:05:05] [worker #1] Bootstrap tree #526, logLikelihood: -5475.608169
[00:05:06] [worker #0] Bootstrap tree #525, logLikelihood: -5653.929854
[00:05:06] [worker #1] Bootstrap tree #528, logLikelihood: -5619.050998
[00:05:07] [worker #1] Bootstrap tree #530, logLikelihood: -5810.205744
[00:05:07] [worker #0] Bootstrap tree #527, logLikelihood: -5644.758013
[00:05:08] [worker #0] Bootstrap tree #529, logLikelihood: -5489.324439
[00:05:08] [worker #1] Bootstrap tree #532, logLikelihood: -5816.799877
[00:05:09] [worker #1] Bootstrap tree #534, logLikelihood: -5566.991704
[00:05:09] [worker #0] Bootstrap tree #531, logLikelihood: -5838.063838
[00:05:10] [worker #0] Bootstrap tree #533, logLikelihood: -5508.540450
[00:05:10] [worker #1] Bootstrap tree #536, logLikelihood: -5512.005840
[00:05:11] [worker #1] Bootstrap tree #538, logLikelihood: -5384.875135
[00:05:11] [worker #0] Bootstrap tree #535, logLikelihood: -5571.394318
[00:05:12] [worker #1] Bootstrap tree #540, logLikelihood: -5523.346705
[00:05:12] [worker #0] Bootstrap tree #537, logLikelihood: -5613.305040
[00:05:13] [worker #1] Bootstrap tree #542, logLikelihood: -5428.494884
[00:05:13] [worker #0] Bootstrap tree #539, logLikelihood: -5524.798555
[00:05:14] [worker #1] Bootstrap tree #544, logLikelihood: -5398.745688
[00:05:14] [worker #0] Bootstrap tree #541, logLikelihood: -5479.855149
[00:05:15] [worker #1] Bootstrap tree #546, logLikelihood: -5371.177084
[00:05:15] [worker #0] Bootstrap tree #543, logLikelihood: -5538.470843
[00:05:16] [worker #1] Bootstrap tree #548, logLikelihood: -5613.567316
[00:05:17] [worker #0] Bootstrap tree #545, logLikelihood: -5553.270705
[00:05:18] [worker #1] Bootstrap tree #550, logLikelihood: -5292.505664
[00:05:18] [worker #0] Bootstrap tree #547, logLikelihood: -5473.118647
[00:05:19] [worker #0] Bootstrap tree #549, logLikelihood: -5301.455652
[00:05:21] [worker #1] Bootstrap tree #552, logLikelihood: -5422.394895
[00:05:21] [worker #0] Bootstrap tree #551, logLikelihood: -5633.191708
[00:05:22] [worker #1] Bootstrap tree #554, logLikelihood: -5399.873691
[00:05:22] [worker #0] Bootstrap tree #553, logLikelihood: -5476.395699
[00:05:23] [worker #1] Bootstrap tree #556, logLikelihood: -5599.702010
[00:05:23] [worker #0] Bootstrap tree #555, logLikelihood: -5393.151460
[00:05:24] [worker #1] Bootstrap tree #558, logLikelihood: -5850.444272
[00:05:24] [worker #0] Bootstrap tree #557, logLikelihood: -5557.928758
[00:05:25] [worker #1] Bootstrap tree #560, logLikelihood: -5525.912902
[00:05:25] [worker #0] Bootstrap tree #559, logLikelihood: -5380.894956
[00:05:26] [worker #0] Bootstrap tree #561, logLikelihood: -5554.115361
[00:05:26] [worker #1] Bootstrap tree #562, logLikelihood: -5458.173536
[00:05:27] [worker #1] Bootstrap tree #564, logLikelihood: -5620.221584
[00:05:28] [worker #1] Bootstrap tree #566, logLikelihood: -5552.389700
[00:05:28] [worker #0] Bootstrap tree #563, logLikelihood: -5355.806329
[00:05:29] [worker #0] Bootstrap tree #565, logLikelihood: -5510.690056
[00:05:29] [worker #1] Bootstrap tree #568, logLikelihood: -5388.897591
[00:05:30] [worker #1] Bootstrap tree #570, logLikelihood: -5802.865172
[00:05:30] [worker #0] Bootstrap tree #567, logLikelihood: -5648.323779
[00:05:31] [worker #1] Bootstrap tree #572, logLikelihood: -5446.871221
[00:05:31] [worker #0] Bootstrap tree #569, logLikelihood: -5522.457582
[00:05:32] [worker #0] Bootstrap tree #571, logLikelihood: -5530.097289
[00:05:32] [worker #1] Bootstrap tree #574, logLikelihood: -5660.597479
[00:05:33] [worker #1] Bootstrap tree #576, logLikelihood: -5558.436637
[00:05:33] [worker #0] Bootstrap tree #573, logLikelihood: -5555.228207
[00:05:34] [worker #1] Bootstrap tree #578, logLikelihood: -5561.430817
[00:05:34] [worker #0] Bootstrap tree #575, logLikelihood: -5340.570352
[00:05:35] [worker #1] Bootstrap tree #580, logLikelihood: -5434.327533
[00:05:35] [worker #0] Bootstrap tree #577, logLikelihood: -5666.136885
[00:05:35] [worker #1] Bootstrap tree #582, logLikelihood: -5307.529205
[00:05:37] [worker #0] Bootstrap tree #579, logLikelihood: -5414.645757
[00:05:37] [worker #1] Bootstrap tree #584, logLikelihood: -5461.897995
[00:05:38] [worker #1] Bootstrap tree #586, logLikelihood: -5485.927575
[00:05:38] [worker #0] Bootstrap tree #581, logLikelihood: -5741.883569
[00:05:39] [worker #0] Bootstrap tree #583, logLikelihood: -5558.057074
[00:05:39] [worker #1] Bootstrap tree #588, logLikelihood: -5643.740726
[00:05:39] [worker #1] Bootstrap tree #590, logLikelihood: -5712.746971
[00:05:40] [worker #0] Bootstrap tree #585, logLikelihood: -5481.131635
[00:05:40] [worker #1] Bootstrap tree #592, logLikelihood: -5771.741310
[00:05:41] [worker #0] Bootstrap tree #587, logLikelihood: -5600.578775
[00:05:41] [worker #1] Bootstrap tree #594, logLikelihood: -5597.072140
[00:05:41] [worker #0] Bootstrap tree #589, logLikelihood: -5413.873513
[00:05:42] [worker #1] Bootstrap tree #596, logLikelihood: -5807.972807
[00:05:43] [worker #0] Bootstrap tree #591, logLikelihood: -5595.667885
[00:05:44] [worker #1] Bootstrap tree #598, logLikelihood: -5606.066279
[00:05:44] [worker #0] Bootstrap tree #593, logLikelihood: -5635.239938
[00:05:45] [worker #1] Bootstrap tree #600, logLikelihood: -5623.367620
[00:05:45] [worker #0] Bootstrap tree #595, logLikelihood: -5588.917573
[00:05:46] [worker #0] Bootstrap tree #597, logLikelihood: -5551.700231
[00:05:48] [worker #0] Bootstrap tree #599, logLikelihood: -5598.228708
[00:05:50] [worker #1] Bootstrap tree #602, logLikelihood: -5694.157942
[00:05:50] [worker #0] Bootstrap tree #601, logLikelihood: -5643.693065
[00:05:51] [worker #1] Bootstrap tree #604, logLikelihood: -5497.526759
[00:05:51] [worker #0] Bootstrap tree #603, logLikelihood: -5351.477408
[00:05:52] [worker #1] Bootstrap tree #606, logLikelihood: -5585.530803
[00:05:53] [worker #0] Bootstrap tree #605, logLikelihood: -5482.485747
[00:05:53] [worker #1] Bootstrap tree #608, logLikelihood: -5522.898166
[00:05:54] [worker #1] Bootstrap tree #610, logLikelihood: -5490.834717
[00:05:54] [worker #0] Bootstrap tree #607, logLikelihood: -5588.057764
[00:05:55] [worker #1] Bootstrap tree #612, logLikelihood: -5633.277584
[00:05:55] [worker #0] Bootstrap tree #609, logLikelihood: -5679.385594
[00:05:55] [worker #1] Bootstrap tree #614, logLikelihood: -5593.722932
[00:05:56] [worker #0] Bootstrap tree #611, logLikelihood: -5601.304346
[00:05:56] [worker #1] Bootstrap tree #616, logLikelihood: -5694.729883
[00:05:57] [worker #0] Bootstrap tree #613, logLikelihood: -5501.409515
[00:05:57] [worker #1] Bootstrap tree #618, logLikelihood: -5597.989135
[00:05:58] [worker #0] Bootstrap tree #615, logLikelihood: -5335.357922
[00:05:58] [worker #1] Bootstrap tree #620, logLikelihood: -5384.839067
[00:05:59] [worker #0] Bootstrap tree #617, logLikelihood: -5500.864916
[00:06:00] [worker #1] Bootstrap tree #622, logLikelihood: -5738.178195
[00:06:00] [worker #0] Bootstrap tree #619, logLikelihood: -5705.865100
[00:06:00] [worker #1] Bootstrap tree #624, logLikelihood: -5594.003486
[00:06:01] [worker #0] Bootstrap tree #621, logLikelihood: -5408.612453
[00:06:01] [worker #1] Bootstrap tree #626, logLikelihood: -5542.636102
[00:06:02] [worker #1] Bootstrap tree #628, logLikelihood: -5713.161150
[00:06:02] [worker #0] Bootstrap tree #623, logLikelihood: -5686.374459
[00:06:03] [worker #1] Bootstrap tree #630, logLikelihood: -5229.848871
[00:06:03] [worker #0] Bootstrap tree #625, logLikelihood: -5570.983277
[00:06:04] [worker #0] Bootstrap tree #627, logLikelihood: -5596.897425
[00:06:04] [worker #1] Bootstrap tree #632, logLikelihood: -5531.999791
[00:06:05] [worker #1] Bootstrap tree #634, logLikelihood: -5693.809803
[00:06:05] [worker #0] Bootstrap tree #629, logLikelihood: -5524.221157
[00:06:06] [worker #1] Bootstrap tree #636, logLikelihood: -5583.621971
[00:06:06] [worker #0] Bootstrap tree #631, logLikelihood: -5658.305632
[00:06:07] [worker #1] Bootstrap tree #638, logLikelihood: -5696.558818
[00:06:07] [worker #0] Bootstrap tree #633, logLikelihood: -5704.785431
[00:06:08] [worker #1] Bootstrap tree #640, logLikelihood: -5671.415947
[00:06:09] [worker #1] Bootstrap tree #642, logLikelihood: -5619.837050
[00:06:09] [worker #0] Bootstrap tree #635, logLikelihood: -5465.117186
[00:06:10] [worker #1] Bootstrap tree #644, logLikelihood: -5612.054785
[00:06:10] [worker #0] Bootstrap tree #637, logLikelihood: -5711.541380
[00:06:10] [worker #1] Bootstrap tree #646, logLikelihood: -5777.996173
[00:06:11] [worker #0] Bootstrap tree #639, logLikelihood: -5526.054189
[00:06:12] [worker #1] Bootstrap tree #648, logLikelihood: -5570.511599
[00:06:12] [worker #0] Bootstrap tree #641, logLikelihood: -5390.808413
[00:06:13] [worker #1] Bootstrap tree #650, logLikelihood: -5388.239655
[00:06:13] [worker #0] Bootstrap tree #643, logLikelihood: -5590.863003
[00:06:14] [worker #0] Bootstrap tree #645, logLikelihood: -5654.206756
[00:06:15] [worker #0] Bootstrap tree #647, logLikelihood: -5484.969967
[00:06:16] [worker #0] Bootstrap tree #649, logLikelihood: -5524.758440
[00:06:18] [worker #1] Bootstrap tree #652, logLikelihood: -5526.010808
[00:06:19] [worker #0] Bootstrap tree #651, logLikelihood: -5477.141575
[00:06:19] [worker #1] Bootstrap tree #654, logLikelihood: -5408.782726
[00:06:19] [worker #0] Bootstrap tree #653, logLikelihood: -5671.163613
[00:06:20] [worker #1] Bootstrap tree #656, logLikelihood: -5600.480490
[00:06:21] [worker #0] Bootstrap tree #655, logLikelihood: -5504.027813
[00:06:21] [worker #1] Bootstrap tree #658, logLikelihood: -5665.857310
[00:06:22] [worker #0] Bootstrap tree #657, logLikelihood: -5444.951604
[00:06:22] [worker #1] Bootstrap tree #660, logLikelihood: -5553.763029
[00:06:22] [worker #0] Bootstrap tree #659, logLikelihood: -5369.193245
[00:06:23] [worker #1] Bootstrap tree #662, logLikelihood: -5640.687151
[00:06:23] [worker #0] Bootstrap tree #661, logLikelihood: -5412.945040
[00:06:24] [worker #1] Bootstrap tree #664, logLikelihood: -5386.044875
[00:06:25] [worker #0] Bootstrap tree #663, logLikelihood: -5482.407005
[00:06:25] [worker #1] Bootstrap tree #666, logLikelihood: -5441.690185
[00:06:26] [worker #0] Bootstrap tree #665, logLikelihood: -5326.199146
[00:06:26] [worker #1] Bootstrap tree #668, logLikelihood: -5735.360602
[00:06:27] [worker #0] Bootstrap tree #667, logLikelihood: -5872.663494
[00:06:27] [worker #1] Bootstrap tree #670, logLikelihood: -5654.963384
[00:06:28] [worker #0] Bootstrap tree #669, logLikelihood: -5537.362911
[00:06:28] [worker #0] Bootstrap tree #671, logLikelihood: -5500.332903
[00:06:28] [worker #1] Bootstrap tree #672, logLikelihood: -5594.492430
[00:06:29] [worker #1] Bootstrap tree #674, logLikelihood: -5354.109294
[00:06:30] [worker #0] Bootstrap tree #673, logLikelihood: -5597.857800
[00:06:30] [worker #1] Bootstrap tree #676, logLikelihood: -5320.847824
[00:06:31] [worker #0] Bootstrap tree #675, logLikelihood: -5674.303277
[00:06:31] [worker #1] Bootstrap tree #678, logLikelihood: -5590.137623
[00:06:32] [worker #0] Bootstrap tree #677, logLikelihood: -5731.505080
[00:06:32] [worker #1] Bootstrap tree #680, logLikelihood: -5531.903001
[00:06:33] [worker #0] Bootstrap tree #679, logLikelihood: -5580.815508
[00:06:34] [worker #1] Bootstrap tree #682, logLikelihood: -5568.856852
[00:06:34] [worker #0] Bootstrap tree #681, logLikelihood: -5577.159193
[00:06:34] [worker #1] Bootstrap tree #684, logLikelihood: -5404.496941
[00:06:35] [worker #1] Bootstrap tree #686, logLikelihood: -5384.738188
[00:06:35] [worker #0] Bootstrap tree #683, logLikelihood: -5839.351978
[00:06:36] [worker #1] Bootstrap tree #688, logLikelihood: -5542.631964
[00:06:37] [worker #0] Bootstrap tree #685, logLikelihood: -5370.217269
[00:06:37] [worker #1] Bootstrap tree #690, logLikelihood: -5431.160884
[00:06:38] [worker #0] Bootstrap tree #687, logLikelihood: -5668.976014
[00:06:38] [worker #1] Bootstrap tree #692, logLikelihood: -5655.179806
[00:06:39] [worker #0] Bootstrap tree #689, logLikelihood: -5725.639296
[00:06:40] [worker #1] Bootstrap tree #694, logLikelihood: -5488.664208
[00:06:40] [worker #0] Bootstrap tree #691, logLikelihood: -5510.828769
[00:06:41] [worker #1] Bootstrap tree #696, logLikelihood: -5651.055813
[00:06:41] [worker #0] Bootstrap tree #693, logLikelihood: -5433.968358
[00:06:42] [worker #1] Bootstrap tree #698, logLikelihood: -5535.414176
[00:06:42] [worker #0] Bootstrap tree #695, logLikelihood: -5617.925728
[00:06:43] [worker #0] Bootstrap tree #697, logLikelihood: -5757.347468
[00:06:43] [worker #1] Bootstrap tree #700, logLikelihood: -5430.968894
[00:06:44] [worker #0] Bootstrap tree #699, logLikelihood: -5855.560018
[00:06:47] [worker #1] Bootstrap tree #702, logLikelihood: -5743.458564
[00:06:47] [worker #0] Bootstrap tree #701, logLikelihood: -5686.070166
[00:06:47] [worker #1] Bootstrap tree #704, logLikelihood: -5740.597210
[00:06:48] [worker #0] Bootstrap tree #703, logLikelihood: -5677.924844
[00:06:48] [worker #1] Bootstrap tree #706, logLikelihood: -5470.016069
[00:06:49] [worker #1] Bootstrap tree #708, logLikelihood: -5594.734138
[00:06:49] [worker #0] Bootstrap tree #705, logLikelihood: -5645.759227
[00:06:50] [worker #1] Bootstrap tree #710, logLikelihood: -5473.992423
[00:06:51] [worker #1] Bootstrap tree #712, logLikelihood: -5431.885293
[00:06:51] [worker #0] Bootstrap tree #707, logLikelihood: -5735.660307
[00:06:51] [worker #1] Bootstrap tree #714, logLikelihood: -5780.952238
[00:06:52] [worker #0] Bootstrap tree #709, logLikelihood: -5558.248051
[00:06:52] [worker #1] Bootstrap tree #716, logLikelihood: -5247.377269
[00:06:53] [worker #0] Bootstrap tree #711, logLikelihood: -5554.011025
[00:06:53] [worker #1] Bootstrap tree #718, logLikelihood: -5654.590348
[00:06:54] [worker #0] Bootstrap tree #713, logLikelihood: -5663.174935
[00:06:54] [worker #1] Bootstrap tree #720, logLikelihood: -5407.813859
[00:06:55] [worker #0] Bootstrap tree #715, logLikelihood: -5562.288059
[00:06:55] [worker #1] Bootstrap tree #722, logLikelihood: -5574.817114
[00:06:56] [worker #0] Bootstrap tree #717, logLikelihood: -5331.856230
[00:06:56] [worker #1] Bootstrap tree #724, logLikelihood: -5579.240489
[00:06:57] [worker #0] Bootstrap tree #719, logLikelihood: -5385.179329
[00:06:57] [worker #1] Bootstrap tree #726, logLikelihood: -5425.666251
[00:06:57] [worker #1] Bootstrap tree #728, logLikelihood: -5270.650867
[00:06:58] [worker #0] Bootstrap tree #721, logLikelihood: -5630.689700
[00:06:58] [worker #1] Bootstrap tree #730, logLikelihood: -5558.321150
[00:06:59] [worker #0] Bootstrap tree #723, logLikelihood: -5456.024718
[00:06:59] [worker #1] Bootstrap tree #732, logLikelihood: -5532.531277
[00:07:00] [worker #0] Bootstrap tree #725, logLikelihood: -5547.973166
[00:07:01] [worker #1] Bootstrap tree #734, logLikelihood: -5496.409390
[00:07:01] [worker #0] Bootstrap tree #727, logLikelihood: -5450.989135
[00:07:01] [worker #1] Bootstrap tree #736, logLikelihood: -5460.692307
[00:07:02] [worker #1] Bootstrap tree #738, logLikelihood: -5592.545454
[00:07:02] [worker #0] Bootstrap tree #729, logLikelihood: -5668.472879
[00:07:03] [worker #1] Bootstrap tree #740, logLikelihood: -5666.295083
[00:07:03] [worker #0] Bootstrap tree #731, logLikelihood: -5614.752483
[00:07:04] [worker #1] Bootstrap tree #742, logLikelihood: -5476.563663
[00:07:04] [worker #0] Bootstrap tree #733, logLikelihood: -5445.040948
[00:07:05] [worker #1] Bootstrap tree #744, logLikelihood: -5821.831045
[00:07:05] [worker #0] Bootstrap tree #735, logLikelihood: -5798.319560
[00:07:06] [worker #1] Bootstrap tree #746, logLikelihood: -5590.196115
[00:07:06] [worker #0] Bootstrap tree #737, logLikelihood: -5620.649954
[00:07:07] [worker #1] Bootstrap tree #748, logLikelihood: -5629.282596
[00:07:07] [worker #0] Bootstrap tree #739, logLikelihood: -5771.129808
[00:07:08] [worker #1] Bootstrap tree #750, logLikelihood: -5795.240661
[00:07:09] [worker #0] Bootstrap tree #741, logLikelihood: -5733.611784
[00:07:09] [worker #0] Bootstrap tree #743, logLikelihood: -5529.539210
[00:07:10] [worker #0] Bootstrap tree #745, logLikelihood: -5419.379899
[00:07:12] [worker #0] Bootstrap tree #747, logLikelihood: -5481.592061
[00:07:13] [worker #0] Bootstrap tree #749, logLikelihood: -5668.767385
[00:07:16] [worker #1] Bootstrap tree #752, logLikelihood: -5458.596240
[00:07:16] [worker #0] Bootstrap tree #751, logLikelihood: -5473.206356
[00:07:17] [worker #1] Bootstrap tree #754, logLikelihood: -5346.954143
[00:07:17] [worker #0] Bootstrap tree #753, logLikelihood: -5687.588436
[00:07:17] [worker #1] Bootstrap tree #756, logLikelihood: -5572.527879
[00:07:18] [worker #0] Bootstrap tree #755, logLikelihood: -5407.127335
[00:07:18] [worker #1] Bootstrap tree #758, logLikelihood: -5568.955257
[00:07:19] [worker #0] Bootstrap tree #757, logLikelihood: -5699.639661
[00:07:19] [worker #1] Bootstrap tree #760, logLikelihood: -5376.261932
[00:07:20] [worker #0] Bootstrap tree #759, logLikelihood: -5766.677552
[00:07:20] [worker #1] Bootstrap tree #762, logLikelihood: -5529.286324
[00:07:21] [worker #0] Bootstrap tree #761, logLikelihood: -5332.810740
[00:07:21] [worker #1] Bootstrap tree #764, logLikelihood: -5761.534847
[00:07:22] [worker #1] Bootstrap tree #766, logLikelihood: -5473.433286
[00:07:22] [worker #0] Bootstrap tree #763, logLikelihood: -5297.129888
[00:07:23] [worker #1] Bootstrap tree #768, logLikelihood: -5747.698257
[00:07:23] [worker #0] Bootstrap tree #765, logLikelihood: -5708.194828
[00:07:24] [worker #1] Bootstrap tree #770, logLikelihood: -5636.052078
[00:07:24] [worker #0] Bootstrap tree #767, logLikelihood: -5700.368126
[00:07:25] [worker #1] Bootstrap tree #772, logLikelihood: -5793.377047
[00:07:25] [worker #0] Bootstrap tree #769, logLikelihood: -5575.021792
[00:07:26] [worker #1] Bootstrap tree #774, logLikelihood: -5381.180209
[00:07:27] [worker #0] Bootstrap tree #771, logLikelihood: -5616.780632
[00:07:27] [worker #1] Bootstrap tree #776, logLikelihood: -5586.415916
[00:07:27] [worker #1] Bootstrap tree #778, logLikelihood: -5361.272873
[00:07:28] [worker #0] Bootstrap tree #773, logLikelihood: -5455.634002
[00:07:29] [worker #1] Bootstrap tree #780, logLikelihood: -5852.911125
[00:07:29] [worker #0] Bootstrap tree #775, logLikelihood: -5427.914987
[00:07:30] [worker #1] Bootstrap tree #782, logLikelihood: -5657.523273
[00:07:30] [worker #0] Bootstrap tree #777, logLikelihood: -5611.271505
[00:07:31] [worker #1] Bootstrap tree #784, logLikelihood: -5444.582170
[00:07:31] [worker #0] Bootstrap tree #779, logLikelihood: -5670.134400
[00:07:32] [worker #0] Bootstrap tree #781, logLikelihood: -5566.120665
[00:07:32] [worker #1] Bootstrap tree #786, logLikelihood: -5659.475384
[00:07:33] [worker #1] Bootstrap tree #788, logLikelihood: -5598.242439
[00:07:33] [worker #0] Bootstrap tree #783, logLikelihood: -5758.154928
[00:07:34] [worker #1] Bootstrap tree #790, logLikelihood: -5642.217069
[00:07:34] [worker #0] Bootstrap tree #785, logLikelihood: -5370.290404
[00:07:35] [worker #1] Bootstrap tree #792, logLikelihood: -5551.592819
[00:07:35] [worker #0] Bootstrap tree #787, logLikelihood: -5646.004163
[00:07:36] [worker #1] Bootstrap tree #794, logLikelihood: -5438.560232
[00:07:36] [worker #0] Bootstrap tree #789, logLikelihood: -5505.487297
[00:07:37] [worker #1] Bootstrap tree #796, logLikelihood: -5414.205429
[00:07:37] [worker #1] Bootstrap tree #798, logLikelihood: -5466.974414
[00:07:37] [worker #0] Bootstrap tree #791, logLikelihood: -5633.094772
[00:07:39] [worker #0] Bootstrap tree #793, logLikelihood: -5851.797575
[00:07:39] [worker #1] Bootstrap tree #800, logLikelihood: -5648.933612
[00:07:40] [worker #0] Bootstrap tree #795, logLikelihood: -5607.902752
[00:07:42] [worker #0] Bootstrap tree #797, logLikelihood: -5612.953976
[00:07:43] [worker #0] Bootstrap tree #799, logLikelihood: -5421.694579
[00:07:46] [worker #1] Bootstrap tree #802, logLikelihood: -5688.909207
[00:07:46] [worker #0] Bootstrap tree #801, logLikelihood: -5525.462295
[00:07:47] [worker #1] Bootstrap tree #804, logLikelihood: -5461.708413
[00:07:47] [worker #0] Bootstrap tree #803, logLikelihood: -5317.199292
[00:07:47] [worker #1] Bootstrap tree #806, logLikelihood: -5330.775438
[00:07:48] [worker #0] Bootstrap tree #805, logLikelihood: -5509.467749
[00:07:48] [worker #1] Bootstrap tree #808, logLikelihood: -5681.770593
[00:07:49] [worker #0] Bootstrap tree #807, logLikelihood: -5553.849738
[00:07:49] [worker #1] Bootstrap tree #810, logLikelihood: -5554.057472
[00:07:50] [worker #0] Bootstrap tree #809, logLikelihood: -5538.291785
[00:07:50] [worker #1] Bootstrap tree #812, logLikelihood: -5469.337322
[00:07:50] [worker #0] Bootstrap tree #811, logLikelihood: -5304.230041
[00:07:51] [worker #1] Bootstrap tree #814, logLikelihood: -5567.682493
[00:07:51] [worker #0] Bootstrap tree #813, logLikelihood: -5547.833126
[00:07:52] [worker #1] Bootstrap tree #816, logLikelihood: -5636.794559
[00:07:52] [worker #1] Bootstrap tree #818, logLikelihood: -5432.661892
[00:07:53] [worker #0] Bootstrap tree #815, logLikelihood: -5783.198405
[00:07:53] [worker #1] Bootstrap tree #820, logLikelihood: -5409.338524
[00:07:53] [worker #0] Bootstrap tree #817, logLikelihood: -5494.710276
[00:07:54] [worker #1] Bootstrap tree #822, logLikelihood: -5903.850121
[00:07:54] [worker #0] Bootstrap tree #819, logLikelihood: -5593.833947
[00:07:54] [worker #1] Bootstrap tree #824, logLikelihood: -5438.907840
[00:07:55] [worker #1] Bootstrap tree #826, logLikelihood: -5593.349867
[00:07:55] [worker #0] Bootstrap tree #821, logLikelihood: -5465.808038
[00:07:56] [worker #1] Bootstrap tree #828, logLikelihood: -5584.548211
[00:07:57] [worker #0] Bootstrap tree #823, logLikelihood: -5526.144784
[00:07:57] [worker #1] Bootstrap tree #830, logLikelihood: -5552.762574
[00:07:58] [worker #1] Bootstrap tree #832, logLikelihood: -5687.771939
[00:07:58] [worker #0] Bootstrap tree #825, logLikelihood: -5476.228007
[00:07:59] [worker #1] Bootstrap tree #834, logLikelihood: -5328.882944
[00:07:59] [worker #0] Bootstrap tree #827, logLikelihood: -5599.086973
[00:08:00] [worker #1] Bootstrap tree #836, logLikelihood: -5635.706009
[00:08:00] [worker #0] Bootstrap tree #829, logLikelihood: -5431.319813
[00:08:01] [worker #1] Bootstrap tree #838, logLikelihood: -5813.755516
[00:08:01] [worker #1] Bootstrap tree #840, logLikelihood: -5493.839199
[00:08:02] [worker #0] Bootstrap tree #831, logLikelihood: -5747.721004
[00:08:02] [worker #1] Bootstrap tree #842, logLikelihood: -5447.688896
[00:08:02] [worker #0] Bootstrap tree #833, logLikelihood: -5564.316823
[00:08:03] [worker #1] Bootstrap tree #844, logLikelihood: -5322.511612
[00:08:04] [worker #0] Bootstrap tree #835, logLikelihood: -5431.869874
[00:08:04] [worker #1] Bootstrap tree #846, logLikelihood: -5769.588600
[00:08:05] [worker #0] Bootstrap tree #837, logLikelihood: -5545.930456
[00:08:05] [worker #1] Bootstrap tree #848, logLikelihood: -5607.172574
[00:08:06] [worker #0] Bootstrap tree #839, logLikelihood: -5543.603825
[00:08:06] [worker #1] Bootstrap tree #850, logLikelihood: -5472.891695
[00:08:07] [worker #0] Bootstrap tree #841, logLikelihood: -5731.654149
[00:08:08] [worker #0] Bootstrap tree #843, logLikelihood: -5527.811668
[00:08:09] [worker #0] Bootstrap tree #845, logLikelihood: -5710.155611
[00:08:10] [worker #0] Bootstrap tree #847, logLikelihood: -5192.949276
[00:08:11] [worker #0] Bootstrap tree #849, logLikelihood: -5553.737526
[00:08:14] [worker #0] Bootstrap tree #851, logLikelihood: -5590.082780
[00:08:14] [worker #1] Bootstrap tree #852, logLikelihood: -5568.865711
[00:08:15] [worker #0] Bootstrap tree #853, logLikelihood: -5634.095574
[00:08:15] [worker #1] Bootstrap tree #854, logLikelihood: -5541.108300
[00:08:16] [worker #1] Bootstrap tree #856, logLikelihood: -5351.815903
[00:08:16] [worker #0] Bootstrap tree #855, logLikelihood: -5531.280735
[00:08:17] [worker #0] Bootstrap tree #857, logLikelihood: -5449.798424
[00:08:17] [worker #1] Bootstrap tree #858, logLikelihood: -5702.379875
[00:08:18] [worker #0] Bootstrap tree #859, logLikelihood: -5474.570994
[00:08:19] [worker #1] Bootstrap tree #860, logLikelihood: -5697.996495
[00:08:20] [worker #0] Bootstrap tree #861, logLikelihood: -5435.562344
[00:08:20] [worker #1] Bootstrap tree #862, logLikelihood: -5384.137981
[00:08:21] [worker #0] Bootstrap tree #863, logLikelihood: -5732.302456
[00:08:21] [worker #1] Bootstrap tree #864, logLikelihood: -5603.919812
[00:08:21] [worker #0] Bootstrap tree #865, logLikelihood: -5653.933355
[00:08:22] [worker #1] Bootstrap tree #866, logLikelihood: -5414.501713
[00:08:22] [worker #0] Bootstrap tree #867, logLikelihood: -5505.844660
[00:08:22] [worker #1] Bootstrap tree #868, logLikelihood: -5702.845294
[00:08:24] [worker #1] Bootstrap tree #870, logLikelihood: -5770.542603
[00:08:24] [worker #0] Bootstrap tree #869, logLikelihood: -5473.456003
[00:08:24] [worker #1] Bootstrap tree #872, logLikelihood: -5461.601869
[00:08:25] [worker #0] Bootstrap tree #871, logLikelihood: -5711.130939
[00:08:25] [worker #1] Bootstrap tree #874, logLikelihood: -5443.949147
[00:08:27] [worker #0] Bootstrap tree #873, logLikelihood: -5237.210267
[00:08:27] [worker #1] Bootstrap tree #876, logLikelihood: -5602.681080
[00:08:27] [worker #1] Bootstrap tree #878, logLikelihood: -5402.717290
[00:08:28] [worker #0] Bootstrap tree #875, logLikelihood: -5494.809064
[00:08:28] [worker #1] Bootstrap tree #880, logLikelihood: -5663.036551
[00:08:29] [worker #0] Bootstrap tree #877, logLikelihood: -5411.311311
[00:08:30] [worker #1] Bootstrap tree #882, logLikelihood: -5528.624590
[00:08:30] [worker #1] Bootstrap tree #884, logLikelihood: -5536.314504
[00:08:30] [worker #0] Bootstrap tree #879, logLikelihood: -5529.367458
[00:08:31] [worker #1] Bootstrap tree #886, logLikelihood: -5664.236256
[00:08:32] [worker #0] Bootstrap tree #881, logLikelihood: -5441.557761
[00:08:32] [worker #1] Bootstrap tree #888, logLikelihood: -5641.985209
[00:08:33] [worker #0] Bootstrap tree #883, logLikelihood: -5449.636659
[00:08:34] [worker #1] Bootstrap tree #890, logLikelihood: -5576.304141
[00:08:34] [worker #0] Bootstrap tree #885, logLikelihood: -5721.924767
[00:08:34] [worker #0] Bootstrap tree #887, logLikelihood: -5465.669679
[00:08:35] [worker #1] Bootstrap tree #892, logLikelihood: -5626.846773
[00:08:35] [worker #1] Bootstrap tree #894, logLikelihood: -5570.418493
[00:08:36] [worker #0] Bootstrap tree #889, logLikelihood: -5561.997718
[00:08:36] [worker #1] Bootstrap tree #896, logLikelihood: -5679.971124
[00:08:37] [worker #1] Bootstrap tree #898, logLikelihood: -5419.186061
[00:08:37] [worker #1] Bootstrap tree #900, logLikelihood: -5438.648691
[00:08:37] [worker #0] Bootstrap tree #891, logLikelihood: -5416.126223
[00:08:39] [worker #0] Bootstrap tree #893, logLikelihood: -5489.614564
[00:08:40] [worker #0] Bootstrap tree #895, logLikelihood: -5690.431532
[00:08:41] [worker #0] Bootstrap tree #897, logLikelihood: -5524.584134
[00:08:42] [worker #0] Bootstrap tree #899, logLikelihood: -5714.199945
[00:08:45] [worker #1] Bootstrap tree #902, logLikelihood: -5828.168964
[00:08:46] [worker #0] Bootstrap tree #901, logLikelihood: -5667.404977
[00:08:46] [worker #1] Bootstrap tree #904, logLikelihood: -5571.589629
[00:08:47] [worker #0] Bootstrap tree #903, logLikelihood: -5464.370887
[00:08:47] [worker #1] Bootstrap tree #906, logLikelihood: -5762.985154
[00:08:48] [worker #1] Bootstrap tree #908, logLikelihood: -5527.122129
[00:08:48] [worker #0] Bootstrap tree #905, logLikelihood: -5829.773625
[00:08:49] [worker #1] Bootstrap tree #910, logLikelihood: -5419.094646
[00:08:50] [worker #1] Bootstrap tree #912, logLikelihood: -5485.248214
[00:08:50] [worker #0] Bootstrap tree #907, logLikelihood: -5546.921279
[00:08:51] [worker #1] Bootstrap tree #914, logLikelihood: -5370.007631
[00:08:51] [worker #0] Bootstrap tree #909, logLikelihood: -5415.061656
[00:08:51] [worker #1] Bootstrap tree #916, logLikelihood: -5576.279326
[00:08:53] [worker #0] Bootstrap tree #911, logLikelihood: -5656.211303
[00:08:53] [worker #1] Bootstrap tree #918, logLikelihood: -5261.281676
[00:08:53] [worker #1] Bootstrap tree #920, logLikelihood: -5429.139079
[00:08:54] [worker #0] Bootstrap tree #913, logLikelihood: -5732.565690
[00:08:54] [worker #1] Bootstrap tree #922, logLikelihood: -5393.501388
[00:08:55] [worker #0] Bootstrap tree #915, logLikelihood: -5765.326143
[00:08:55] [worker #1] Bootstrap tree #924, logLikelihood: -5492.202352
[00:08:56] [worker #1] Bootstrap tree #926, logLikelihood: -5459.398287
[00:08:57] [worker #1] Bootstrap tree #928, logLikelihood: -5557.550074
[00:08:57] [worker #0] Bootstrap tree #917, logLikelihood: -5696.050735
[00:08:58] [worker #1] Bootstrap tree #930, logLikelihood: -5636.534692
[00:08:58] [worker #0] Bootstrap tree #919, logLikelihood: -5309.032419
[00:08:58] [worker #1] Bootstrap tree #932, logLikelihood: -5564.107663
[00:08:59] [worker #1] Bootstrap tree #934, logLikelihood: -5511.250332
[00:08:59] [worker #0] Bootstrap tree #921, logLikelihood: -5562.579746
[00:09:00] [worker #1] Bootstrap tree #936, logLikelihood: -5575.510774
[00:09:00] [worker #0] Bootstrap tree #923, logLikelihood: -5539.394791
[00:09:01] [worker #1] Bootstrap tree #938, logLikelihood: -5572.185021
[00:09:01] [worker #0] Bootstrap tree #925, logLikelihood: -5647.244803
[00:09:02] [worker #1] Bootstrap tree #940, logLikelihood: -5404.672229
[00:09:02] [worker #0] Bootstrap tree #927, logLikelihood: -5531.881103
[00:09:03] [worker #1] Bootstrap tree #942, logLikelihood: -5802.124284
[00:09:03] [worker #0] Bootstrap tree #929, logLikelihood: -5713.176193
[00:09:04] [worker #1] Bootstrap tree #944, logLikelihood: -5593.782360
[00:09:04] [worker #0] Bootstrap tree #931, logLikelihood: -5592.669654
[00:09:04] [worker #1] Bootstrap tree #946, logLikelihood: -5361.860902
[00:09:05] [worker #0] Bootstrap tree #933, logLikelihood: -5619.598422
[00:09:05] [worker #1] Bootstrap tree #948, logLikelihood: -5651.769580
[00:09:06] [worker #0] Bootstrap tree #935, logLikelihood: -5456.847621
[00:09:07] [worker #1] Bootstrap tree #950, logLikelihood: -5750.050296
[00:09:08] [worker #0] Bootstrap tree #937, logLikelihood: -5503.830974
[00:09:09] [worker #0] Bootstrap tree #939, logLikelihood: -5628.376190
[00:09:10] [worker #0] Bootstrap tree #941, logLikelihood: -5540.282321
[00:09:11] [worker #0] Bootstrap tree #943, logLikelihood: -5502.639999
[00:09:12] [worker #0] Bootstrap tree #945, logLikelihood: -5581.552352
[00:09:13] [worker #0] Bootstrap tree #947, logLikelihood: -5449.816304
[00:09:15] [worker #0] Bootstrap tree #949, logLikelihood: -5684.119313
[00:09:18] [worker #1] Bootstrap tree #952, logLikelihood: -5429.391937
[00:09:18] [worker #0] Bootstrap tree #951, logLikelihood: -5543.441356
[00:09:19] [worker #1] Bootstrap tree #954, logLikelihood: -5615.743956
[00:09:20] [worker #1] Bootstrap tree #956, logLikelihood: -5637.774548
[00:09:20] [worker #0] Bootstrap tree #953, logLikelihood: -5725.251743
[00:09:21] [worker #1] Bootstrap tree #958, logLikelihood: -5501.740711
[00:09:21] [worker #0] Bootstrap tree #955, logLikelihood: -5638.951442
[00:09:22] [worker #1] Bootstrap tree #960, logLikelihood: -5569.202917
[00:09:23] [worker #0] Bootstrap tree #957, logLikelihood: -5560.708116
[00:09:23] [worker #1] Bootstrap tree #962, logLikelihood: -5468.407168
[00:09:23] [worker #0] Bootstrap tree #959, logLikelihood: -5624.896625
[00:09:24] [worker #1] Bootstrap tree #964, logLikelihood: -5574.086778
[00:09:25] [worker #0] Bootstrap tree #961, logLikelihood: -5479.493754
[00:09:25] [worker #1] Bootstrap tree #966, logLikelihood: -5726.397105
[00:09:26] [worker #0] Bootstrap tree #963, logLikelihood: -5532.934524
[00:09:26] [worker #1] Bootstrap tree #968, logLikelihood: -5672.233547
[00:09:27] [worker #1] Bootstrap tree #970, logLikelihood: -5619.067767
[00:09:28] [worker #1] Bootstrap tree #972, logLikelihood: -5395.871519
[00:09:28] [worker #0] Bootstrap tree #965, logLikelihood: -5676.041285
[00:09:29] [worker #1] Bootstrap tree #974, logLikelihood: -5874.405168
[00:09:29] [worker #0] Bootstrap tree #967, logLikelihood: -5431.589746
[00:09:29] [worker #1] Bootstrap tree #976, logLikelihood: -5399.780771
[00:09:30] [worker #0] Bootstrap tree #969, logLikelihood: -5585.515118
[00:09:30] [worker #1] Bootstrap tree #978, logLikelihood: -5444.898309
[00:09:31] [worker #0] Bootstrap tree #971, logLikelihood: -5526.107199
[00:09:31] [worker #1] Bootstrap tree #980, logLikelihood: -5574.919870
[00:09:31] [worker #1] Bootstrap tree #982, logLikelihood: -5693.492172
[00:09:32] [worker #0] Bootstrap tree #973, logLikelihood: -5533.737948
[00:09:32] [worker #1] Bootstrap tree #984, logLikelihood: -5382.801166
[00:09:33] [worker #1] Bootstrap tree #986, logLikelihood: -5485.440344
[00:09:33] [worker #0] Bootstrap tree #975, logLikelihood: -5529.290265
[00:09:34] [worker #0] Bootstrap tree #977, logLikelihood: -5638.853794
[00:09:34] [worker #1] Bootstrap tree #988, logLikelihood: -5651.099492
[00:09:35] [worker #1] Bootstrap tree #990, logLikelihood: -5457.995978
[00:09:35] [worker #0] Bootstrap tree #979, logLikelihood: -5365.785570
[00:09:36] [worker #1] Bootstrap tree #992, logLikelihood: -5455.505632
[00:09:36] [worker #0] Bootstrap tree #981, logLikelihood: -5490.248350
[00:09:37] [worker #1] Bootstrap tree #994, logLikelihood: -5455.796430
[00:09:38] [worker #0] Bootstrap tree #983, logLikelihood: -5675.039372
[00:09:38] [worker #1] Bootstrap tree #996, logLikelihood: -5341.060283
[00:09:39] [worker #0] Bootstrap tree #985, logLikelihood: -5509.616999
[00:09:39] [worker #1] Bootstrap tree #998, logLikelihood: -5599.012047
[00:09:40] [worker #0] Bootstrap tree #987, logLikelihood: -5459.938469
[00:09:40] [worker #1] Bootstrap tree #1000, logLikelihood: -5644.764188
[00:09:40] [worker #0] Bootstrap tree #989, logLikelihood: -5662.402966
[00:09:41] [worker #0] Bootstrap tree #991, logLikelihood: -5673.719529
[00:09:42] [worker #0] Bootstrap tree #993, logLikelihood: -5401.386166
[00:09:44] [worker #0] Bootstrap tree #995, logLikelihood: -5480.220070
[00:09:45] [worker #0] Bootstrap tree #997, logLikelihood: -5503.334995
[00:09:46] [worker #0] Bootstrap tree #999, logLikelihood: -5350.122153

Optimized model parameters:

   Partition 0: noname
   Rate heterogeneity: GAMMA (4 cats, mean),  alpha: 1.317159 (ML),  weights&rates: (0.250000,0.195646) (0.250000,0.554995) (0.250000,1.037600) (0.250000,2.211759) 
   Base frequencies (ML): 0.283566 0.226944 0.229299 0.260191 
   Substitution rates (ML): 1.633122 4.430771 1.407394 1.603029 5.462647 1.000000 


Final LogLikelihood: -5610.538258

AIC score: 11321.076516 / AICc score: 11325.005637 / BIC score: 11581.432458
Free parameters (model + branch lengths): 50

WARNING: Best ML tree contains 7 near-zero branches!

Best ML tree with collapsed near-zero branches saved to: /project/maize_ga1/B73_Ga1P/X2.raxml.bestTreeCollapsed
Best ML tree saved to: /project/maize_ga1/B73_Ga1P/X2.raxml.bestTree
All ML trees saved to: /project/maize_ga1/B73_Ga1P/X2.raxml.mlTrees
Best ML tree with Felsenstein bootstrap (FBP) support values saved to: /project/maize_ga1/B73_Ga1P/X2.raxml.supportFBP
Best ML tree with Transfer bootstrap (TBE) support values saved to: /project/maize_ga1/B73_Ga1P/X2.raxml.supportTBE
Optimized model saved to: /project/maize_ga1/B73_Ga1P/X2.raxml.bestModel
Bootstrap trees saved to: /project/maize_ga1/B73_Ga1P/X2.raxml.bootstraps

Execution log saved to: /project/maize_ga1/B73_Ga1P/X2.raxml.log

Analysis started: 20-Aug-2022 13:29:21 / finished: 20-Aug-2022 13:39:11

Elapsed time: 589.531 seconds

Consumed energy: 25.540 Wh

