
RAxML-NG v. 1.1.0 released on 29.11.2021 by The Exelixis Lab.
Developed by: Alexey M. Kozlov and Alexandros Stamatakis.
Contributors: Diego Darriba, Tomas Flouri, Benoit Morel, Sarah Lutteropp, Ben Bettisworth.
Latest version: https://github.com/amkozlov/raxml-ng
Questions/problems/suggestions? Please visit: https://groups.google.com/forum/#!forum/raxml

System: Intel(R) Xeon(R) Gold 6240R CPU @ 2.40GHz, 48 cores, 376 GB RAM

RAxML-NG was called at 20-Aug-2022 15:08:28 as follows:

/project/maize_ga1/bin/raxml-ng --all --msa all_aln1.fa --model GTR+G --prefix Z1 --seed 87884 --threads 2 --bs-metric fbp,tbe

Analysis options:
  run mode: ML tree search + bootstrapping (Felsenstein Bootstrap + Transfer Bootstrap)
  start tree(s): random (10) + parsimony (10)
  bootstrap replicates: max: 1000 + bootstopping (autoMRE, cutoff: 0.030000)
  random seed: 87884
  tip-inner: OFF
  pattern compression: ON
  per-rate scalers: OFF
  site repeats: ON
  branch lengths: proportional (ML estimate, algorithm: NR-FAST)
  SIMD kernels: AVX2
  parallelization: coarse-grained (auto), PTHREADS (2 threads), thread pinning: OFF

[00:00:00] Reading alignment from file: all_aln1.fa
[00:00:00] Loaded alignment with 43 taxa and 1320 sites

Alignment comprises 1 partitions and 930 patterns

Partition 0: noname
Model: GTR+FO+G4m
Alignment sites / patterns: 1320 / 930
Gaps: 9.65 %
Invariant sites: 38.56 %


NOTE: Binary MSA file created: Z1.raxml.rba

Parallelization scheme autoconfig: 2 worker(s) x 1 thread(s)

Parallel reduction/worker buffer size: 1 KB  / 0 KB

[00:00:00] Generating 10 random starting tree(s) with 43 taxa
[00:00:00] Generating 10 parsimony starting tree(s) with 43 taxa
[00:00:00] Data distribution: max. partitions/sites/weight per thread: 1 / 930 / 14880
[00:00:00] Data distribution: max. searches per worker: 510

Starting ML tree search with 20 distinct starting trees

[00:00:09] [worker #0] ML tree search #1, logLikelihood: -12702.539510
[00:00:15] [worker #1] ML tree search #2, logLikelihood: -12704.281449
[00:00:25] [worker #0] ML tree search #3, logLikelihood: -12710.699347
[00:00:29] [worker #1] ML tree search #4, logLikelihood: -12703.894885
[00:00:39] [worker #0] ML tree search #5, logLikelihood: -12706.280858
[00:00:39] [worker #1] ML tree search #6, logLikelihood: -12704.362115
[00:00:49] [worker #0] ML tree search #7, logLikelihood: -12714.186650
[00:00:55] [worker #1] ML tree search #8, logLikelihood: -12705.687193
[00:00:56] [worker #0] ML tree search #9, logLikelihood: -12705.921939
[00:01:09] [worker #1] ML tree search #10, logLikelihood: -12705.358485
[00:01:10] [worker #0] ML tree search #11, logLikelihood: -12703.365121
[00:01:22] [worker #1] ML tree search #12, logLikelihood: -12710.503150
[00:01:25] [worker #0] ML tree search #13, logLikelihood: -12707.919480
[00:01:36] [worker #0] ML tree search #15, logLikelihood: -12701.200797
[00:01:38] [worker #1] ML tree search #14, logLikelihood: -12704.985652
[00:01:46] [worker #0] ML tree search #17, logLikelihood: -12704.142572
[00:01:57] [worker #1] ML tree search #16, logLikelihood: -12704.734512
[00:01:59] [worker #0] ML tree search #19, logLikelihood: -12704.983927
[00:02:12] [worker #1] ML tree search #18, logLikelihood: -12705.338203
[00:02:26] [worker #1] ML tree search #20, logLikelihood: -12703.874928

[00:02:26] ML tree search completed, best tree logLH: -12701.200797

[00:02:26] Starting bootstrapping analysis with 1000 replicates.

[00:02:32] [worker #0] Bootstrap tree #1, logLikelihood: -12944.159047
[00:02:35] [worker #1] Bootstrap tree #2, logLikelihood: -12856.414595
[00:02:39] [worker #0] Bootstrap tree #3, logLikelihood: -13019.742787
[00:02:47] [worker #1] Bootstrap tree #4, logLikelihood: -13037.664783
[00:02:47] [worker #0] Bootstrap tree #5, logLikelihood: -12759.329255
[00:02:55] [worker #0] Bootstrap tree #7, logLikelihood: -13291.436244
[00:02:57] [worker #1] Bootstrap tree #6, logLikelihood: -12815.554633
[00:03:01] [worker #0] Bootstrap tree #9, logLikelihood: -11997.257258
[00:03:05] [worker #1] Bootstrap tree #8, logLikelihood: -12792.134612
[00:03:08] [worker #0] Bootstrap tree #11, logLikelihood: -12655.222523
[00:03:12] [worker #1] Bootstrap tree #10, logLikelihood: -12662.725418
[00:03:14] [worker #0] Bootstrap tree #13, logLikelihood: -12709.672316
[00:03:21] [worker #0] Bootstrap tree #15, logLikelihood: -12611.091822
[00:03:21] [worker #1] Bootstrap tree #12, logLikelihood: -12535.667428
[00:03:26] [worker #0] Bootstrap tree #17, logLikelihood: -12475.753761
[00:03:34] [worker #1] Bootstrap tree #14, logLikelihood: -12579.195625
[00:03:34] [worker #0] Bootstrap tree #19, logLikelihood: -12266.046976
[00:03:42] [worker #0] Bootstrap tree #21, logLikelihood: -12525.486925
[00:03:46] [worker #1] Bootstrap tree #16, logLikelihood: -12428.767671
[00:03:49] [worker #0] Bootstrap tree #23, logLikelihood: -12822.571290
[00:03:58] [worker #1] Bootstrap tree #18, logLikelihood: -12224.577111
[00:03:59] [worker #0] Bootstrap tree #25, logLikelihood: -12727.195076
[00:04:06] [worker #1] Bootstrap tree #20, logLikelihood: -12212.170561
[00:04:07] [worker #0] Bootstrap tree #27, logLikelihood: -12482.982037
[00:04:12] [worker #1] Bootstrap tree #22, logLikelihood: -12522.993707
[00:04:15] [worker #0] Bootstrap tree #29, logLikelihood: -12472.511944
[00:04:18] [worker #1] Bootstrap tree #24, logLikelihood: -12660.685048
[00:04:25] [worker #0] Bootstrap tree #31, logLikelihood: -12271.693100
[00:04:26] [worker #1] Bootstrap tree #26, logLikelihood: -12435.248207
[00:04:32] [worker #1] Bootstrap tree #28, logLikelihood: -12829.130389
[00:04:35] [worker #0] Bootstrap tree #33, logLikelihood: -12830.813962
[00:04:39] [worker #1] Bootstrap tree #30, logLikelihood: -12950.371509
[00:04:41] [worker #0] Bootstrap tree #35, logLikelihood: -12546.941478
[00:04:47] [worker #0] Bootstrap tree #37, logLikelihood: -12576.515509
[00:04:52] [worker #1] Bootstrap tree #32, logLikelihood: -13161.765637
[00:04:56] [worker #0] Bootstrap tree #39, logLikelihood: -13070.517390
[00:04:59] [worker #1] Bootstrap tree #34, logLikelihood: -12544.052092
[00:05:02] [worker #0] Bootstrap tree #41, logLikelihood: -12509.255314
[00:05:05] [worker #1] Bootstrap tree #36, logLikelihood: -12431.508668
[00:05:08] [worker #0] Bootstrap tree #43, logLikelihood: -12656.725996
[00:05:10] [worker #1] Bootstrap tree #38, logLikelihood: -13006.097196
[00:05:15] [worker #0] Bootstrap tree #45, logLikelihood: -12655.994828
[00:05:16] [worker #1] Bootstrap tree #40, logLikelihood: -12656.503610
[00:05:22] [worker #1] Bootstrap tree #42, logLikelihood: -12731.238913
[00:05:23] [worker #0] Bootstrap tree #47, logLikelihood: -12528.179765
[00:05:29] [worker #1] Bootstrap tree #44, logLikelihood: -12187.941720
[00:05:35] [worker #0] Bootstrap tree #49, logLikelihood: -12403.472925
[00:05:37] [worker #1] Bootstrap tree #46, logLikelihood: -12772.915537
[00:05:44] [worker #1] Bootstrap tree #48, logLikelihood: -12724.502710
[00:05:49] [worker #1] Bootstrap tree #50, logLikelihood: -12572.809097
[00:05:57] [worker #1] Bootstrap tree #52, logLikelihood: -12736.778594
[00:05:57] [worker #0] Bootstrap tree #51, logLikelihood: -12335.034991
[00:06:05] [worker #1] Bootstrap tree #54, logLikelihood: -12714.179208
[00:06:06] [worker #0] Bootstrap tree #53, logLikelihood: -12658.904803
[00:06:11] [worker #1] Bootstrap tree #56, logLikelihood: -12570.186123
[00:06:14] [worker #0] Bootstrap tree #55, logLikelihood: -12588.263607
[00:06:17] [worker #1] Bootstrap tree #58, logLikelihood: -12364.308849
[00:06:21] [worker #0] Bootstrap tree #57, logLikelihood: -12734.704607
[00:06:25] [worker #1] Bootstrap tree #60, logLikelihood: -12436.109529
[00:06:28] [worker #0] Bootstrap tree #59, logLikelihood: -12289.955243
[00:06:32] [worker #1] Bootstrap tree #62, logLikelihood: -12476.833463
[00:06:33] [worker #0] Bootstrap tree #61, logLikelihood: -12602.223482
[00:06:40] [worker #1] Bootstrap tree #64, logLikelihood: -12801.840331
[00:06:44] [worker #0] Bootstrap tree #63, logLikelihood: -13104.468574
[00:06:47] [worker #1] Bootstrap tree #66, logLikelihood: -12843.799111
[00:06:50] [worker #0] Bootstrap tree #65, logLikelihood: -12881.155735
[00:06:56] [worker #0] Bootstrap tree #67, logLikelihood: -12535.989896
[00:06:56] [worker #1] Bootstrap tree #68, logLikelihood: -12555.424452
[00:07:03] [worker #0] Bootstrap tree #69, logLikelihood: -12534.322575
[00:07:05] [worker #1] Bootstrap tree #70, logLikelihood: -12384.662388
[00:07:08] [worker #0] Bootstrap tree #71, logLikelihood: -12623.936295
[00:07:12] [worker #1] Bootstrap tree #72, logLikelihood: -12768.910506
[00:07:17] [worker #0] Bootstrap tree #73, logLikelihood: -12021.427680
[00:07:18] [worker #1] Bootstrap tree #74, logLikelihood: -12611.071563
[00:07:24] [worker #1] Bootstrap tree #76, logLikelihood: -12398.555494
[00:07:25] [worker #0] Bootstrap tree #75, logLikelihood: -13061.812441
[00:07:33] [worker #1] Bootstrap tree #78, logLikelihood: -12741.402198
[00:07:34] [worker #0] Bootstrap tree #77, logLikelihood: -12397.988427
[00:07:41] [worker #0] Bootstrap tree #79, logLikelihood: -12376.955642
[00:07:41] [worker #1] Bootstrap tree #80, logLikelihood: -12436.047957
[00:07:46] [worker #1] Bootstrap tree #82, logLikelihood: -12705.284963
[00:07:48] [worker #0] Bootstrap tree #81, logLikelihood: -12867.992390
[00:07:51] [worker #1] Bootstrap tree #84, logLikelihood: -12534.049522
[00:07:58] [worker #1] Bootstrap tree #86, logLikelihood: -12531.956617
[00:08:00] [worker #0] Bootstrap tree #83, logLikelihood: -12478.941485
[00:08:05] [worker #1] Bootstrap tree #88, logLikelihood: -13019.966252
[00:08:06] [worker #0] Bootstrap tree #85, logLikelihood: -12357.988737
[00:08:11] [worker #1] Bootstrap tree #90, logLikelihood: -12171.996185
[00:08:13] [worker #0] Bootstrap tree #87, logLikelihood: -13140.878133
[00:08:18] [worker #0] Bootstrap tree #89, logLikelihood: -12688.279277
[00:08:19] [worker #1] Bootstrap tree #92, logLikelihood: -12594.194723
[00:08:24] [worker #0] Bootstrap tree #91, logLikelihood: -12886.864013
[00:08:25] [worker #1] Bootstrap tree #94, logLikelihood: -12450.358422
[00:08:31] [worker #0] Bootstrap tree #93, logLikelihood: -12779.856971
[00:08:32] [worker #1] Bootstrap tree #96, logLikelihood: -12963.597856
[00:08:39] [worker #0] Bootstrap tree #95, logLikelihood: -12355.307690
[00:08:41] [worker #1] Bootstrap tree #98, logLikelihood: -12519.672396
[00:08:47] [worker #0] Bootstrap tree #97, logLikelihood: -12227.965344
[00:08:48] [worker #1] Bootstrap tree #100, logLikelihood: -12481.507803
[00:09:03] [worker #0] Bootstrap tree #99, logLikelihood: -12196.139665
[00:09:12] [worker #0] Bootstrap tree #101, logLikelihood: -12609.930505
[00:09:12] [worker #1] Bootstrap tree #102, logLikelihood: -12445.502153
[00:09:18] [worker #0] Bootstrap tree #103, logLikelihood: -12407.903049
[00:09:25] [worker #1] Bootstrap tree #104, logLikelihood: -12839.095438
[00:09:31] [worker #0] Bootstrap tree #105, logLikelihood: -12538.510551
[00:09:32] [worker #1] Bootstrap tree #106, logLikelihood: -12781.968186
[00:09:37] [worker #1] Bootstrap tree #108, logLikelihood: -12529.661184
[00:09:37] [worker #0] Bootstrap tree #107, logLikelihood: -12034.366889
[00:09:44] [worker #0] Bootstrap tree #109, logLikelihood: -12244.328717
[00:09:46] [worker #1] Bootstrap tree #110, logLikelihood: -12697.474197
[00:09:52] [worker #1] Bootstrap tree #112, logLikelihood: -12787.252136
[00:09:53] [worker #0] Bootstrap tree #111, logLikelihood: -12296.067342
[00:09:58] [worker #1] Bootstrap tree #114, logLikelihood: -12237.640623
[00:10:03] [worker #0] Bootstrap tree #113, logLikelihood: -12792.806048
[00:10:05] [worker #1] Bootstrap tree #116, logLikelihood: -12539.507130
[00:10:13] [worker #0] Bootstrap tree #115, logLikelihood: -12869.117889
[00:10:17] [worker #1] Bootstrap tree #118, logLikelihood: -12552.151219
[00:10:20] [worker #0] Bootstrap tree #117, logLikelihood: -12670.062572
[00:10:23] [worker #1] Bootstrap tree #120, logLikelihood: -12684.913377
[00:10:26] [worker #0] Bootstrap tree #119, logLikelihood: -12119.750718
[00:10:34] [worker #0] Bootstrap tree #121, logLikelihood: -12288.954769
[00:10:35] [worker #1] Bootstrap tree #122, logLikelihood: -12530.954843
[00:10:41] [worker #1] Bootstrap tree #124, logLikelihood: -12718.483698
[00:10:41] [worker #0] Bootstrap tree #123, logLikelihood: -12347.061740
[00:10:46] [worker #0] Bootstrap tree #125, logLikelihood: -12817.182487
[00:10:49] [worker #1] Bootstrap tree #126, logLikelihood: -12766.765719
[00:10:54] [worker #0] Bootstrap tree #127, logLikelihood: -12673.773982
[00:10:58] [worker #1] Bootstrap tree #128, logLikelihood: -12496.907599
[00:11:04] [worker #1] Bootstrap tree #130, logLikelihood: -12480.095077
[00:11:06] [worker #0] Bootstrap tree #129, logLikelihood: -12467.727362
[00:11:10] [worker #1] Bootstrap tree #132, logLikelihood: -12089.130360
[00:11:18] [worker #0] Bootstrap tree #131, logLikelihood: -12502.047965
[00:11:19] [worker #1] Bootstrap tree #134, logLikelihood: -12316.961755
[00:11:26] [worker #0] Bootstrap tree #133, logLikelihood: -13311.526545
[00:11:30] [worker #1] Bootstrap tree #136, logLikelihood: -12763.562530
[00:11:31] [worker #0] Bootstrap tree #135, logLikelihood: -12738.184806
[00:11:35] [worker #1] Bootstrap tree #138, logLikelihood: -12525.265631
[00:11:40] [worker #0] Bootstrap tree #137, logLikelihood: -12462.426534
[00:11:45] [worker #1] Bootstrap tree #140, logLikelihood: -12374.554654
[00:11:48] [worker #0] Bootstrap tree #139, logLikelihood: -12526.451461
[00:11:54] [worker #1] Bootstrap tree #142, logLikelihood: -12378.389907
[00:11:55] [worker #0] Bootstrap tree #141, logLikelihood: -12229.738083
[00:12:01] [worker #1] Bootstrap tree #144, logLikelihood: -12380.088530
[00:12:02] [worker #0] Bootstrap tree #143, logLikelihood: -12399.670615
[00:12:10] [worker #0] Bootstrap tree #145, logLikelihood: -12577.956072
[00:12:11] [worker #1] Bootstrap tree #146, logLikelihood: -12478.168588
[00:12:18] [worker #0] Bootstrap tree #147, logLikelihood: -12400.851154
[00:12:19] [worker #1] Bootstrap tree #148, logLikelihood: -12430.216097
[00:12:25] [worker #1] Bootstrap tree #150, logLikelihood: -12793.343922
[00:12:31] [worker #0] Bootstrap tree #149, logLikelihood: -12781.601113
[00:12:37] [worker #0] Bootstrap tree #151, logLikelihood: -12600.164988
[00:12:40] [worker #1] Bootstrap tree #152, logLikelihood: -13473.457863
[00:12:43] [worker #0] Bootstrap tree #153, logLikelihood: -12702.577065
[00:12:47] [worker #1] Bootstrap tree #154, logLikelihood: -12689.641800
[00:12:49] [worker #0] Bootstrap tree #155, logLikelihood: -12995.307401
[00:12:53] [worker #1] Bootstrap tree #156, logLikelihood: -12956.656626
[00:12:56] [worker #0] Bootstrap tree #157, logLikelihood: -12513.612638
[00:13:02] [worker #1] Bootstrap tree #158, logLikelihood: -12457.049757
[00:13:03] [worker #0] Bootstrap tree #159, logLikelihood: -12555.380838
[00:13:08] [worker #1] Bootstrap tree #160, logLikelihood: -12454.828806
[00:13:13] [worker #0] Bootstrap tree #161, logLikelihood: -12339.181266
[00:13:13] [worker #1] Bootstrap tree #162, logLikelihood: -12541.343194
[00:13:19] [worker #0] Bootstrap tree #163, logLikelihood: -12519.257748
[00:13:19] [worker #1] Bootstrap tree #164, logLikelihood: -12506.275376
[00:13:27] [worker #0] Bootstrap tree #165, logLikelihood: -12447.889496
[00:13:27] [worker #1] Bootstrap tree #166, logLikelihood: -12888.734768
[00:13:33] [worker #1] Bootstrap tree #168, logLikelihood: -12684.420188
[00:13:34] [worker #0] Bootstrap tree #167, logLikelihood: -12657.025447
[00:13:41] [worker #1] Bootstrap tree #170, logLikelihood: -12907.010146
[00:13:42] [worker #0] Bootstrap tree #169, logLikelihood: -12567.885381
[00:13:48] [worker #1] Bootstrap tree #172, logLikelihood: -12681.261969
[00:13:48] [worker #0] Bootstrap tree #171, logLikelihood: -12306.343206
[00:13:55] [worker #1] Bootstrap tree #174, logLikelihood: -13067.950420
[00:13:55] [worker #0] Bootstrap tree #173, logLikelihood: -12565.418788
[00:14:00] [worker #1] Bootstrap tree #176, logLikelihood: -12650.875453
[00:14:04] [worker #0] Bootstrap tree #175, logLikelihood: -12902.788397
[00:14:06] [worker #1] Bootstrap tree #178, logLikelihood: -12471.421569
[00:14:13] [worker #0] Bootstrap tree #177, logLikelihood: -12802.253735
[00:14:14] [worker #1] Bootstrap tree #180, logLikelihood: -12552.442496
[00:14:21] [worker #1] Bootstrap tree #182, logLikelihood: -12861.048102
[00:14:26] [worker #0] Bootstrap tree #179, logLikelihood: -12614.211141
[00:14:30] [worker #1] Bootstrap tree #184, logLikelihood: -12793.170574
[00:14:36] [worker #1] Bootstrap tree #186, logLikelihood: -11984.768244
[00:14:36] [worker #0] Bootstrap tree #181, logLikelihood: -12778.168031
[00:14:42] [worker #1] Bootstrap tree #188, logLikelihood: -12569.512684
[00:14:44] [worker #0] Bootstrap tree #183, logLikelihood: -12024.524321
[00:14:48] [worker #1] Bootstrap tree #190, logLikelihood: -12419.338475
[00:14:54] [worker #1] Bootstrap tree #192, logLikelihood: -12860.692211
[00:14:54] [worker #0] Bootstrap tree #185, logLikelihood: -12953.104353
[00:15:00] [worker #1] Bootstrap tree #194, logLikelihood: -12050.032891
[00:15:02] [worker #0] Bootstrap tree #187, logLikelihood: -12384.818478
[00:15:12] [worker #0] Bootstrap tree #189, logLikelihood: -12818.165425
[00:15:13] [worker #1] Bootstrap tree #196, logLikelihood: -12278.438769
[00:15:19] [worker #0] Bootstrap tree #191, logLikelihood: -12208.534270
[00:15:23] [worker #1] Bootstrap tree #198, logLikelihood: -12583.289566
[00:15:26] [worker #0] Bootstrap tree #193, logLikelihood: -12695.808505
[00:15:31] [worker #1] Bootstrap tree #200, logLikelihood: -12879.793983
[00:15:32] [worker #0] Bootstrap tree #195, logLikelihood: -12853.734037
[00:15:40] [worker #0] Bootstrap tree #197, logLikelihood: -12251.833763
[00:15:49] [worker #0] Bootstrap tree #199, logLikelihood: -12425.651735
[00:15:55] [worker #1] Bootstrap tree #202, logLikelihood: -12838.876411
[00:15:57] [worker #0] Bootstrap tree #201, logLikelihood: -12707.957122
[00:16:04] [worker #1] Bootstrap tree #204, logLikelihood: -13243.090646
[00:16:08] [worker #0] Bootstrap tree #203, logLikelihood: -12383.018234
[00:16:09] [worker #1] Bootstrap tree #206, logLikelihood: -12439.134898
[00:16:14] [worker #1] Bootstrap tree #208, logLikelihood: -13154.579706
[00:16:17] [worker #0] Bootstrap tree #205, logLikelihood: -12808.500101
[00:16:22] [worker #1] Bootstrap tree #210, logLikelihood: -12419.448591
[00:16:24] [worker #0] Bootstrap tree #207, logLikelihood: -12796.267023
[00:16:28] [worker #1] Bootstrap tree #212, logLikelihood: -12822.936684
[00:16:33] [worker #0] Bootstrap tree #209, logLikelihood: -12678.266995
[00:16:36] [worker #1] Bootstrap tree #214, logLikelihood: -12917.040549
[00:16:41] [worker #0] Bootstrap tree #211, logLikelihood: -12608.662729
[00:16:46] [worker #1] Bootstrap tree #216, logLikelihood: -12784.219727
[00:16:54] [worker #1] Bootstrap tree #218, logLikelihood: -12231.695246
[00:16:54] [worker #0] Bootstrap tree #213, logLikelihood: -12921.758175
[00:17:02] [worker #1] Bootstrap tree #220, logLikelihood: -12649.431621
[00:17:04] [worker #0] Bootstrap tree #215, logLikelihood: -12812.977390
[00:17:09] [worker #1] Bootstrap tree #222, logLikelihood: -13367.861931
[00:17:11] [worker #0] Bootstrap tree #217, logLikelihood: -12782.345461
[00:17:15] [worker #1] Bootstrap tree #224, logLikelihood: -12735.800720
[00:17:17] [worker #0] Bootstrap tree #219, logLikelihood: -12904.578654
[00:17:21] [worker #1] Bootstrap tree #226, logLikelihood: -12523.005852
[00:17:23] [worker #0] Bootstrap tree #221, logLikelihood: -12229.070501
[00:17:30] [worker #0] Bootstrap tree #223, logLikelihood: -12983.765246
[00:17:31] [worker #1] Bootstrap tree #228, logLikelihood: -12601.340714
[00:17:38] [worker #0] Bootstrap tree #225, logLikelihood: -12775.410071
[00:17:42] [worker #1] Bootstrap tree #230, logLikelihood: -12496.524621
[00:17:43] [worker #0] Bootstrap tree #227, logLikelihood: -12378.767314
[00:17:48] [worker #0] Bootstrap tree #229, logLikelihood: -12384.378680
[00:17:50] [worker #1] Bootstrap tree #232, logLikelihood: -12637.650722
[00:17:54] [worker #0] Bootstrap tree #231, logLikelihood: -12382.591022
[00:17:56] [worker #1] Bootstrap tree #234, logLikelihood: -12752.413081
[00:18:01] [worker #1] Bootstrap tree #236, logLikelihood: -12578.310846
[00:18:02] [worker #0] Bootstrap tree #233, logLikelihood: -12348.375064
[00:18:07] [worker #1] Bootstrap tree #238, logLikelihood: -12210.459703
[00:18:09] [worker #0] Bootstrap tree #235, logLikelihood: -12793.626240
[00:18:13] [worker #1] Bootstrap tree #240, logLikelihood: -13038.372712
[00:18:16] [worker #0] Bootstrap tree #237, logLikelihood: -12724.695009
[00:18:22] [worker #1] Bootstrap tree #242, logLikelihood: -12960.948450
[00:18:27] [worker #0] Bootstrap tree #239, logLikelihood: -12844.883157
[00:18:34] [worker #1] Bootstrap tree #244, logLikelihood: -12452.855519
[00:18:34] [worker #0] Bootstrap tree #241, logLikelihood: -12857.536556
[00:18:39] [worker #1] Bootstrap tree #246, logLikelihood: -12555.073728
[00:18:44] [worker #0] Bootstrap tree #243, logLikelihood: -12556.369044
[00:18:49] [worker #1] Bootstrap tree #248, logLikelihood: -12562.342752
[00:18:56] [worker #0] Bootstrap tree #245, logLikelihood: -12984.668200
[00:18:59] [worker #1] Bootstrap tree #250, logLikelihood: -12517.250744
[00:19:04] [worker #0] Bootstrap tree #247, logLikelihood: -13259.814112
[00:19:11] [worker #0] Bootstrap tree #249, logLikelihood: -12493.949285
[00:19:18] [worker #1] Bootstrap tree #252, logLikelihood: -12286.005772
[00:19:18] [worker #0] Bootstrap tree #251, logLikelihood: -12348.463220
[00:19:24] [worker #0] Bootstrap tree #253, logLikelihood: -12574.149578
[00:19:26] [worker #1] Bootstrap tree #254, logLikelihood: -12639.213211
[00:19:30] [worker #0] Bootstrap tree #255, logLikelihood: -12264.972724
[00:19:32] [worker #1] Bootstrap tree #256, logLikelihood: -12274.053039
[00:19:38] [worker #1] Bootstrap tree #258, logLikelihood: -12202.421979
[00:19:43] [worker #0] Bootstrap tree #257, logLikelihood: -12818.444779
[00:19:45] [worker #1] Bootstrap tree #260, logLikelihood: -12278.759773
[00:19:49] [worker #0] Bootstrap tree #259, logLikelihood: -12338.894911
[00:19:54] [worker #1] Bootstrap tree #262, logLikelihood: -12609.094441
[00:19:58] [worker #0] Bootstrap tree #261, logLikelihood: -12504.857360
[00:20:00] [worker #1] Bootstrap tree #264, logLikelihood: -13126.777760
[00:20:07] [worker #1] Bootstrap tree #266, logLikelihood: -12675.145494
[00:20:07] [worker #0] Bootstrap tree #263, logLikelihood: -12461.967995
[00:20:13] [worker #1] Bootstrap tree #268, logLikelihood: -12144.147878
[00:20:15] [worker #0] Bootstrap tree #265, logLikelihood: -12537.727550
[00:20:19] [worker #1] Bootstrap tree #270, logLikelihood: -12276.991121
[00:20:24] [worker #0] Bootstrap tree #267, logLikelihood: -12891.683359
[00:20:27] [worker #1] Bootstrap tree #272, logLikelihood: -13357.109483
[00:20:31] [worker #0] Bootstrap tree #269, logLikelihood: -12979.228939
[00:20:34] [worker #1] Bootstrap tree #274, logLikelihood: -12552.317754
[00:20:38] [worker #0] Bootstrap tree #271, logLikelihood: -12721.219511
[00:20:40] [worker #1] Bootstrap tree #276, logLikelihood: -12296.996560
[00:20:47] [worker #1] Bootstrap tree #278, logLikelihood: -12690.660664
[00:20:53] [worker #0] Bootstrap tree #273, logLikelihood: -12536.902962
[00:20:53] [worker #1] Bootstrap tree #280, logLikelihood: -12449.945615
[00:20:58] [worker #0] Bootstrap tree #275, logLikelihood: -12764.605705
[00:21:02] [worker #1] Bootstrap tree #282, logLikelihood: -13002.185032
[00:21:05] [worker #0] Bootstrap tree #277, logLikelihood: -12447.550907
[00:21:12] [worker #1] Bootstrap tree #284, logLikelihood: -13178.631732
[00:21:12] [worker #0] Bootstrap tree #279, logLikelihood: -12715.802270
[00:21:18] [worker #0] Bootstrap tree #281, logLikelihood: -12363.382148
[00:21:19] [worker #1] Bootstrap tree #286, logLikelihood: -12706.719558
[00:21:25] [worker #0] Bootstrap tree #283, logLikelihood: -12440.840772
[00:21:31] [worker #1] Bootstrap tree #288, logLikelihood: -12620.909017
[00:21:32] [worker #0] Bootstrap tree #285, logLikelihood: -12511.475733
[00:21:38] [worker #0] Bootstrap tree #287, logLikelihood: -12523.812913
[00:21:39] [worker #1] Bootstrap tree #290, logLikelihood: -12384.558603
[00:21:45] [worker #1] Bootstrap tree #292, logLikelihood: -12097.507365
[00:21:48] [worker #0] Bootstrap tree #289, logLikelihood: -12797.340970
[00:21:54] [worker #1] Bootstrap tree #294, logLikelihood: -12510.838988
[00:21:57] [worker #0] Bootstrap tree #291, logLikelihood: -12271.620098
[00:22:01] [worker #1] Bootstrap tree #296, logLikelihood: -12531.907433
[00:22:03] [worker #0] Bootstrap tree #293, logLikelihood: -12924.494068
[00:22:09] [worker #0] Bootstrap tree #295, logLikelihood: -12672.240883
[00:22:11] [worker #1] Bootstrap tree #298, logLikelihood: -12954.834507
[00:22:20] [worker #0] Bootstrap tree #297, logLikelihood: -11982.299735
[00:22:20] [worker #1] Bootstrap tree #300, logLikelihood: -13141.495237
[00:22:30] [worker #0] Bootstrap tree #299, logLikelihood: -12697.658340
[00:22:36] [worker #1] Bootstrap tree #302, logLikelihood: -12562.094719
[00:22:36] [worker #0] Bootstrap tree #301, logLikelihood: -12938.955669
[00:22:42] [worker #0] Bootstrap tree #303, logLikelihood: -12838.569899
[00:22:45] [worker #1] Bootstrap tree #304, logLikelihood: -12746.408697
[00:22:52] [worker #0] Bootstrap tree #305, logLikelihood: -12242.150279
[00:22:54] [worker #1] Bootstrap tree #306, logLikelihood: -12669.478255
[00:22:58] [worker #0] Bootstrap tree #307, logLikelihood: -12599.231078
[00:23:02] [worker #1] Bootstrap tree #308, logLikelihood: -12529.133257
[00:23:05] [worker #0] Bootstrap tree #309, logLikelihood: -12389.413751
[00:23:08] [worker #1] Bootstrap tree #310, logLikelihood: -12681.325961
[00:23:11] [worker #0] Bootstrap tree #311, logLikelihood: -12908.091026
[00:23:15] [worker #1] Bootstrap tree #312, logLikelihood: -12717.929498
[00:23:19] [worker #0] Bootstrap tree #313, logLikelihood: -12887.383573
[00:23:23] [worker #1] Bootstrap tree #314, logLikelihood: -12290.543923
[00:23:28] [worker #0] Bootstrap tree #315, logLikelihood: -12844.741579
[00:23:29] [worker #1] Bootstrap tree #316, logLikelihood: -12719.682755
[00:23:35] [worker #0] Bootstrap tree #317, logLikelihood: -12255.663977
[00:23:35] [worker #1] Bootstrap tree #318, logLikelihood: -12703.277492
[00:23:41] [worker #0] Bootstrap tree #319, logLikelihood: -12852.913716
[00:23:43] [worker #1] Bootstrap tree #320, logLikelihood: -12803.655753
[00:23:49] [worker #0] Bootstrap tree #321, logLikelihood: -12335.301310
[00:23:51] [worker #1] Bootstrap tree #322, logLikelihood: -12858.795932
[00:23:55] [worker #0] Bootstrap tree #323, logLikelihood: -13008.840206
[00:23:59] [worker #1] Bootstrap tree #324, logLikelihood: -12910.477176
[00:24:04] [worker #0] Bootstrap tree #325, logLikelihood: -13646.234695
[00:24:05] [worker #1] Bootstrap tree #326, logLikelihood: -12569.702919
[00:24:10] [worker #0] Bootstrap tree #327, logLikelihood: -12192.759059
[00:24:13] [worker #1] Bootstrap tree #328, logLikelihood: -12044.919991
[00:24:17] [worker #0] Bootstrap tree #329, logLikelihood: -12509.469154
[00:24:21] [worker #1] Bootstrap tree #330, logLikelihood: -12657.078934
[00:24:25] [worker #0] Bootstrap tree #331, logLikelihood: -12904.952964
[00:24:30] [worker #1] Bootstrap tree #332, logLikelihood: -12425.713965
[00:24:31] [worker #0] Bootstrap tree #333, logLikelihood: -11846.129552
[00:24:38] [worker #1] Bootstrap tree #334, logLikelihood: -13069.032837
[00:24:40] [worker #0] Bootstrap tree #335, logLikelihood: -12675.895174
[00:24:44] [worker #1] Bootstrap tree #336, logLikelihood: -12507.910644
[00:24:45] [worker #0] Bootstrap tree #337, logLikelihood: -12652.564279
[00:24:50] [worker #0] Bootstrap tree #339, logLikelihood: -12294.330168
[00:24:51] [worker #1] Bootstrap tree #338, logLikelihood: -12044.249871
[00:24:56] [worker #0] Bootstrap tree #341, logLikelihood: -12374.637451
[00:24:57] [worker #1] Bootstrap tree #340, logLikelihood: -12322.371610
[00:25:04] [worker #0] Bootstrap tree #343, logLikelihood: -12827.152943
[00:25:05] [worker #1] Bootstrap tree #342, logLikelihood: -12609.748271
[00:25:09] [worker #0] Bootstrap tree #345, logLikelihood: -12799.636646
[00:25:12] [worker #1] Bootstrap tree #344, logLikelihood: -12607.900805
[00:25:21] [worker #0] Bootstrap tree #347, logLikelihood: -12458.121555
[00:25:21] [worker #1] Bootstrap tree #346, logLikelihood: -12616.639999
[00:25:27] [worker #1] Bootstrap tree #348, logLikelihood: -12555.256034
[00:25:28] [worker #0] Bootstrap tree #349, logLikelihood: -12309.187120
[00:25:32] [worker #1] Bootstrap tree #350, logLikelihood: -13105.660080
[00:25:41] [worker #0] Bootstrap tree #351, logLikelihood: -12663.609769
[00:25:45] [worker #1] Bootstrap tree #352, logLikelihood: -13035.788361
[00:25:52] [worker #1] Bootstrap tree #354, logLikelihood: -12519.915418
[00:25:55] [worker #0] Bootstrap tree #353, logLikelihood: -13012.003798
[00:25:58] [worker #1] Bootstrap tree #356, logLikelihood: -12600.839684
[00:26:02] [worker #0] Bootstrap tree #355, logLikelihood: -12847.774330
[00:26:07] [worker #1] Bootstrap tree #358, logLikelihood: -12740.840394
[00:26:07] [worker #0] Bootstrap tree #357, logLikelihood: -12489.819843
[00:26:12] [worker #1] Bootstrap tree #360, logLikelihood: -11992.152307
[00:26:13] [worker #0] Bootstrap tree #359, logLikelihood: -12510.156854
[00:26:20] [worker #0] Bootstrap tree #361, logLikelihood: -12373.745856
[00:26:22] [worker #1] Bootstrap tree #362, logLikelihood: -12485.809061
[00:26:26] [worker #0] Bootstrap tree #363, logLikelihood: -12335.315602
[00:26:30] [worker #1] Bootstrap tree #364, logLikelihood: -12677.848540
[00:26:33] [worker #0] Bootstrap tree #365, logLikelihood: -12366.074332
[00:26:37] [worker #1] Bootstrap tree #366, logLikelihood: -12699.711713
[00:26:42] [worker #0] Bootstrap tree #367, logLikelihood: -12531.395249
[00:26:49] [worker #1] Bootstrap tree #368, logLikelihood: -12724.652590
[00:26:52] [worker #0] Bootstrap tree #369, logLikelihood: -12480.556231
[00:26:56] [worker #1] Bootstrap tree #370, logLikelihood: -12918.204297
[00:26:58] [worker #0] Bootstrap tree #371, logLikelihood: -13119.991508
[00:27:02] [worker #1] Bootstrap tree #372, logLikelihood: -12605.139981
[00:27:04] [worker #0] Bootstrap tree #373, logLikelihood: -13065.795121
[00:27:10] [worker #1] Bootstrap tree #374, logLikelihood: -12872.734332
[00:27:11] [worker #0] Bootstrap tree #375, logLikelihood: -12420.297937
[00:27:16] [worker #1] Bootstrap tree #376, logLikelihood: -12544.390361
[00:27:21] [worker #0] Bootstrap tree #377, logLikelihood: -13072.760460
[00:27:24] [worker #1] Bootstrap tree #378, logLikelihood: -12829.524505
[00:27:30] [worker #1] Bootstrap tree #380, logLikelihood: -12283.569534
[00:27:30] [worker #0] Bootstrap tree #379, logLikelihood: -13189.454123
[00:27:38] [worker #1] Bootstrap tree #382, logLikelihood: -12456.615140
[00:27:42] [worker #0] Bootstrap tree #381, logLikelihood: -12517.879826
[00:27:47] [worker #1] Bootstrap tree #384, logLikelihood: -12709.401719
[00:27:55] [worker #0] Bootstrap tree #383, logLikelihood: -12404.735381
[00:27:56] [worker #1] Bootstrap tree #386, logLikelihood: -12469.991871
[00:28:00] [worker #0] Bootstrap tree #385, logLikelihood: -12767.506746
[00:28:04] [worker #1] Bootstrap tree #388, logLikelihood: -12937.972988
[00:28:11] [worker #1] Bootstrap tree #390, logLikelihood: -12816.883925
[00:28:12] [worker #0] Bootstrap tree #387, logLikelihood: -12390.545174
[00:28:17] [worker #1] Bootstrap tree #392, logLikelihood: -12605.463754
[00:28:19] [worker #0] Bootstrap tree #389, logLikelihood: -12825.121976
[00:28:23] [worker #1] Bootstrap tree #394, logLikelihood: -12345.395151
[00:28:28] [worker #0] Bootstrap tree #391, logLikelihood: -12108.017906
[00:28:30] [worker #1] Bootstrap tree #396, logLikelihood: -12935.796898
[00:28:36] [worker #0] Bootstrap tree #393, logLikelihood: -11889.887869
[00:28:38] [worker #1] Bootstrap tree #398, logLikelihood: -12789.836128
[00:28:44] [worker #0] Bootstrap tree #395, logLikelihood: -12537.517315
[00:28:46] [worker #1] Bootstrap tree #400, logLikelihood: -12587.681868
[00:28:51] [worker #0] Bootstrap tree #397, logLikelihood: -13066.190501
[00:29:01] [worker #0] Bootstrap tree #399, logLikelihood: -12068.377508
[00:29:09] [worker #0] Bootstrap tree #401, logLikelihood: -12421.305542
[00:29:11] [worker #1] Bootstrap tree #402, logLikelihood: -12597.090184
[00:29:15] [worker #0] Bootstrap tree #403, logLikelihood: -12720.016824
[00:29:21] [worker #1] Bootstrap tree #404, logLikelihood: -12475.247086
[00:29:27] [worker #1] Bootstrap tree #406, logLikelihood: -12744.777565
[00:29:27] [worker #0] Bootstrap tree #405, logLikelihood: -12873.385765
[00:29:32] [worker #1] Bootstrap tree #408, logLikelihood: -12444.758350
[00:29:39] [worker #0] Bootstrap tree #407, logLikelihood: -13006.566599
[00:29:39] [worker #1] Bootstrap tree #410, logLikelihood: -12646.455232
[00:29:45] [worker #1] Bootstrap tree #412, logLikelihood: -12401.661726
[00:29:50] [worker #0] Bootstrap tree #409, logLikelihood: -12225.338116
[00:29:52] [worker #1] Bootstrap tree #414, logLikelihood: -12843.459135
[00:29:55] [worker #0] Bootstrap tree #411, logLikelihood: -12381.908129
[00:29:58] [worker #1] Bootstrap tree #416, logLikelihood: -12535.305197
[00:30:02] [worker #0] Bootstrap tree #413, logLikelihood: -12761.747172
[00:30:08] [worker #1] Bootstrap tree #418, logLikelihood: -12658.770476
[00:30:10] [worker #0] Bootstrap tree #415, logLikelihood: -12468.031524
[00:30:16] [worker #0] Bootstrap tree #417, logLikelihood: -12721.870930
[00:30:19] [worker #1] Bootstrap tree #420, logLikelihood: -12241.869785
[00:30:25] [worker #0] Bootstrap tree #419, logLikelihood: -12305.710961
[00:30:26] [worker #1] Bootstrap tree #422, logLikelihood: -12456.280096
[00:30:33] [worker #0] Bootstrap tree #421, logLikelihood: -12274.778380
[00:30:34] [worker #1] Bootstrap tree #424, logLikelihood: -13030.847606
[00:30:40] [worker #0] Bootstrap tree #423, logLikelihood: -12481.569907
[00:30:42] [worker #1] Bootstrap tree #426, logLikelihood: -12521.160978
[00:30:47] [worker #0] Bootstrap tree #425, logLikelihood: -13147.622266
[00:30:48] [worker #1] Bootstrap tree #428, logLikelihood: -12845.603963
[00:30:55] [worker #1] Bootstrap tree #430, logLikelihood: -12363.421832
[00:30:58] [worker #0] Bootstrap tree #427, logLikelihood: -12802.735083
[00:31:00] [worker #1] Bootstrap tree #432, logLikelihood: -12490.329060
[00:31:04] [worker #0] Bootstrap tree #429, logLikelihood: -12411.684161
[00:31:07] [worker #1] Bootstrap tree #434, logLikelihood: -13049.876619
[00:31:13] [worker #0] Bootstrap tree #431, logLikelihood: -12584.695680
[00:31:14] [worker #1] Bootstrap tree #436, logLikelihood: -12152.240227
[00:31:19] [worker #0] Bootstrap tree #433, logLikelihood: -12658.666794
[00:31:22] [worker #1] Bootstrap tree #438, logLikelihood: -12083.564169
[00:31:27] [worker #0] Bootstrap tree #435, logLikelihood: -12459.516158
[00:31:28] [worker #1] Bootstrap tree #440, logLikelihood: -12402.710628
[00:31:34] [worker #0] Bootstrap tree #437, logLikelihood: -13415.056050
[00:31:34] [worker #1] Bootstrap tree #442, logLikelihood: -12492.586400
[00:31:41] [worker #1] Bootstrap tree #444, logLikelihood: -13024.252245
[00:31:47] [worker #0] Bootstrap tree #439, logLikelihood: -13087.913795
[00:31:51] [worker #1] Bootstrap tree #446, logLikelihood: -13109.044019
[00:31:56] [worker #0] Bootstrap tree #441, logLikelihood: -12752.531680
[00:32:02] [worker #0] Bootstrap tree #443, logLikelihood: -13116.801966
[00:32:04] [worker #1] Bootstrap tree #448, logLikelihood: -12828.798730
[00:32:09] [worker #0] Bootstrap tree #445, logLikelihood: -12460.681215
[00:32:12] [worker #1] Bootstrap tree #450, logLikelihood: -12942.738540
[00:32:15] [worker #0] Bootstrap tree #447, logLikelihood: -12543.661742
[00:32:21] [worker #0] Bootstrap tree #449, logLikelihood: -12836.510457
[00:32:28] [worker #1] Bootstrap tree #452, logLikelihood: -12384.806868
[00:32:31] [worker #0] Bootstrap tree #451, logLikelihood: -12567.066077
[00:32:35] [worker #1] Bootstrap tree #454, logLikelihood: -13034.722732
[00:32:39] [worker #0] Bootstrap tree #453, logLikelihood: -12575.853049
[00:32:42] [worker #1] Bootstrap tree #456, logLikelihood: -13148.276296
[00:32:45] [worker #0] Bootstrap tree #455, logLikelihood: -12297.735858
[00:32:50] [worker #1] Bootstrap tree #458, logLikelihood: -12597.448666
[00:32:56] [worker #0] Bootstrap tree #457, logLikelihood: -12392.802912
[00:32:57] [worker #1] Bootstrap tree #460, logLikelihood: -12935.578691
[00:33:04] [worker #0] Bootstrap tree #459, logLikelihood: -12465.307416
[00:33:05] [worker #1] Bootstrap tree #462, logLikelihood: -13036.300479
[00:33:13] [worker #0] Bootstrap tree #461, logLikelihood: -12801.114425
[00:33:13] [worker #1] Bootstrap tree #464, logLikelihood: -12664.948799
[00:33:19] [worker #0] Bootstrap tree #463, logLikelihood: -12906.340982
[00:33:20] [worker #1] Bootstrap tree #466, logLikelihood: -12623.890118
[00:33:26] [worker #1] Bootstrap tree #468, logLikelihood: -12552.638169
[00:33:30] [worker #0] Bootstrap tree #465, logLikelihood: -12208.293964
[00:33:32] [worker #1] Bootstrap tree #470, logLikelihood: -12359.698861
[00:33:36] [worker #0] Bootstrap tree #467, logLikelihood: -12465.996669
[00:33:38] [worker #1] Bootstrap tree #472, logLikelihood: -12505.228872
[00:33:42] [worker #0] Bootstrap tree #469, logLikelihood: -12460.384630
[00:33:43] [worker #1] Bootstrap tree #474, logLikelihood: -12369.301318
[00:33:49] [worker #0] Bootstrap tree #471, logLikelihood: -12574.513569
[00:33:52] [worker #1] Bootstrap tree #476, logLikelihood: -12474.398221
[00:33:55] [worker #0] Bootstrap tree #473, logLikelihood: -12522.602394
[00:33:58] [worker #1] Bootstrap tree #478, logLikelihood: -12588.337958
[00:34:01] [worker #0] Bootstrap tree #475, logLikelihood: -12279.364876
[00:34:07] [worker #1] Bootstrap tree #480, logLikelihood: -12704.426528
[00:34:07] [worker #0] Bootstrap tree #477, logLikelihood: -12776.455060
[00:34:14] [worker #0] Bootstrap tree #479, logLikelihood: -12940.830392
[00:34:22] [worker #1] Bootstrap tree #482, logLikelihood: -12133.255200
[00:34:22] [worker #0] Bootstrap tree #481, logLikelihood: -12856.110150
[00:34:28] [worker #1] Bootstrap tree #484, logLikelihood: -12675.073189
[00:34:30] [worker #0] Bootstrap tree #483, logLikelihood: -12620.989138
[00:34:34] [worker #1] Bootstrap tree #486, logLikelihood: -12352.123148
[00:34:37] [worker #0] Bootstrap tree #485, logLikelihood: -13027.143389
[00:34:40] [worker #1] Bootstrap tree #488, logLikelihood: -12638.820376
[00:34:45] [worker #0] Bootstrap tree #487, logLikelihood: -12719.508250
[00:34:48] [worker #1] Bootstrap tree #490, logLikelihood: -12916.731575
[00:34:52] [worker #0] Bootstrap tree #489, logLikelihood: -13239.721431
[00:34:53] [worker #1] Bootstrap tree #492, logLikelihood: -12390.095064
[00:34:59] [worker #1] Bootstrap tree #494, logLikelihood: -12461.942655
[00:34:59] [worker #0] Bootstrap tree #491, logLikelihood: -12758.688410
[00:35:05] [worker #0] Bootstrap tree #493, logLikelihood: -12556.944692
[00:35:05] [worker #1] Bootstrap tree #496, logLikelihood: -12759.335290
[00:35:10] [worker #1] Bootstrap tree #498, logLikelihood: -12690.299400
[00:35:12] [worker #0] Bootstrap tree #495, logLikelihood: -12539.427825
[00:35:19] [worker #0] Bootstrap tree #497, logLikelihood: -12338.997431
[00:35:21] [worker #1] Bootstrap tree #500, logLikelihood: -12743.606363
[00:35:24] [worker #0] Bootstrap tree #499, logLikelihood: -12268.846732
[00:35:33] [worker #0] Bootstrap tree #501, logLikelihood: -12236.944988
[00:35:37] [worker #1] Bootstrap tree #502, logLikelihood: -12638.957716
[00:35:39] [worker #0] Bootstrap tree #503, logLikelihood: -12888.930101
[00:35:44] [worker #1] Bootstrap tree #504, logLikelihood: -12909.576143
[00:35:46] [worker #0] Bootstrap tree #505, logLikelihood: -12250.621725
[00:35:55] [worker #0] Bootstrap tree #507, logLikelihood: -12278.773430
[00:35:55] [worker #1] Bootstrap tree #506, logLikelihood: -12816.200450
[00:36:03] [worker #1] Bootstrap tree #508, logLikelihood: -12729.256954
[00:36:07] [worker #0] Bootstrap tree #509, logLikelihood: -12286.552912
[00:36:12] [worker #0] Bootstrap tree #511, logLikelihood: -12178.324129
[00:36:13] [worker #1] Bootstrap tree #510, logLikelihood: -12649.867169
[00:36:22] [worker #0] Bootstrap tree #513, logLikelihood: -13024.281794
[00:36:26] [worker #1] Bootstrap tree #512, logLikelihood: -12760.238260
[00:36:27] [worker #0] Bootstrap tree #515, logLikelihood: -12566.248775
[00:36:37] [worker #1] Bootstrap tree #514, logLikelihood: -12396.500967
[00:36:39] [worker #0] Bootstrap tree #517, logLikelihood: -12813.721593
[00:36:43] [worker #1] Bootstrap tree #516, logLikelihood: -12319.174632
[00:36:47] [worker #0] Bootstrap tree #519, logLikelihood: -12591.854395
[00:36:50] [worker #1] Bootstrap tree #518, logLikelihood: -12894.721713
[00:36:55] [worker #0] Bootstrap tree #521, logLikelihood: -12632.100247
[00:36:57] [worker #1] Bootstrap tree #520, logLikelihood: -12088.480269
[00:37:03] [worker #1] Bootstrap tree #522, logLikelihood: -12306.196320
[00:37:05] [worker #0] Bootstrap tree #523, logLikelihood: -12359.339574
[00:37:11] [worker #1] Bootstrap tree #524, logLikelihood: -12736.344465
[00:37:15] [worker #0] Bootstrap tree #525, logLikelihood: -12511.215199
[00:37:21] [worker #1] Bootstrap tree #526, logLikelihood: -13008.611832
[00:37:22] [worker #0] Bootstrap tree #527, logLikelihood: -12370.145150
[00:37:29] [worker #0] Bootstrap tree #529, logLikelihood: -12865.576945
[00:37:29] [worker #1] Bootstrap tree #528, logLikelihood: -12763.355462
[00:37:38] [worker #1] Bootstrap tree #530, logLikelihood: -13112.717716
[00:37:42] [worker #0] Bootstrap tree #531, logLikelihood: -12408.140521
[00:37:43] [worker #1] Bootstrap tree #532, logLikelihood: -12905.581258
[00:37:48] [worker #0] Bootstrap tree #533, logLikelihood: -12633.406836
[00:37:50] [worker #1] Bootstrap tree #534, logLikelihood: -12784.744497
[00:37:54] [worker #0] Bootstrap tree #535, logLikelihood: -12762.207134
[00:37:59] [worker #1] Bootstrap tree #536, logLikelihood: -12808.013247
[00:38:00] [worker #0] Bootstrap tree #537, logLikelihood: -12737.662138
[00:38:07] [worker #1] Bootstrap tree #538, logLikelihood: -12291.418001
[00:38:08] [worker #0] Bootstrap tree #539, logLikelihood: -12793.380771
[00:38:15] [worker #1] Bootstrap tree #540, logLikelihood: -12081.510439
[00:38:16] [worker #0] Bootstrap tree #541, logLikelihood: -12483.275176
[00:38:23] [worker #0] Bootstrap tree #543, logLikelihood: -12665.220936
[00:38:23] [worker #1] Bootstrap tree #542, logLikelihood: -13066.064380
[00:38:29] [worker #1] Bootstrap tree #544, logLikelihood: -12716.624837
[00:38:29] [worker #0] Bootstrap tree #545, logLikelihood: -12793.081901
[00:38:35] [worker #0] Bootstrap tree #547, logLikelihood: -12507.185569
[00:38:36] [worker #1] Bootstrap tree #546, logLikelihood: -12696.204349
[00:38:42] [worker #1] Bootstrap tree #548, logLikelihood: -12409.326738
[00:38:45] [worker #0] Bootstrap tree #549, logLikelihood: -13162.466077
[00:38:51] [worker #1] Bootstrap tree #550, logLikelihood: -12337.478338
[00:38:58] [worker #1] Bootstrap tree #552, logLikelihood: -12773.006224
[00:39:02] [worker #0] Bootstrap tree #551, logLikelihood: -12704.307991
[00:39:04] [worker #1] Bootstrap tree #554, logLikelihood: -12559.583835
[00:39:09] [worker #0] Bootstrap tree #553, logLikelihood: -12279.816279
[00:39:13] [worker #1] Bootstrap tree #556, logLikelihood: -12457.273845
[00:39:14] [worker #0] Bootstrap tree #555, logLikelihood: -12174.862350
[00:39:18] [worker #1] Bootstrap tree #558, logLikelihood: -12981.327523
[00:39:21] [worker #0] Bootstrap tree #557, logLikelihood: -13130.216814
[00:39:26] [worker #1] Bootstrap tree #560, logLikelihood: -12749.272309
[00:39:29] [worker #0] Bootstrap tree #559, logLikelihood: -12416.381075
[00:39:31] [worker #1] Bootstrap tree #562, logLikelihood: -12880.397747
[00:39:36] [worker #0] Bootstrap tree #561, logLikelihood: -12546.279451
[00:39:39] [worker #1] Bootstrap tree #564, logLikelihood: -12459.084182
[00:39:42] [worker #0] Bootstrap tree #563, logLikelihood: -12812.161415
[00:39:47] [worker #1] Bootstrap tree #566, logLikelihood: -12688.782998
[00:39:50] [worker #0] Bootstrap tree #565, logLikelihood: -12884.941696
[00:39:55] [worker #1] Bootstrap tree #568, logLikelihood: -12880.250275
[00:39:57] [worker #0] Bootstrap tree #567, logLikelihood: -12895.154054
[00:40:05] [worker #1] Bootstrap tree #570, logLikelihood: -12450.646508
[00:40:05] [worker #0] Bootstrap tree #569, logLikelihood: -12571.792934
[00:40:11] [worker #1] Bootstrap tree #572, logLikelihood: -12905.049013
[00:40:11] [worker #0] Bootstrap tree #571, logLikelihood: -12105.739017
[00:40:17] [worker #0] Bootstrap tree #573, logLikelihood: -13086.002295
[00:40:18] [worker #1] Bootstrap tree #574, logLikelihood: -12200.563971
[00:40:23] [worker #0] Bootstrap tree #575, logLikelihood: -12664.707499
[00:40:27] [worker #1] Bootstrap tree #576, logLikelihood: -12418.694508
[00:40:30] [worker #0] Bootstrap tree #577, logLikelihood: -12353.679849
[00:40:32] [worker #1] Bootstrap tree #578, logLikelihood: -12431.469902
[00:40:37] [worker #0] Bootstrap tree #579, logLikelihood: -12318.991256
[00:40:40] [worker #1] Bootstrap tree #580, logLikelihood: -12701.365698
[00:40:44] [worker #0] Bootstrap tree #581, logLikelihood: -12651.901362
[00:40:50] [worker #1] Bootstrap tree #582, logLikelihood: -12720.091823
[00:40:55] [worker #0] Bootstrap tree #583, logLikelihood: -12525.767488
[00:40:56] [worker #1] Bootstrap tree #584, logLikelihood: -12313.124988
[00:41:02] [worker #1] Bootstrap tree #586, logLikelihood: -12940.820779
[00:41:04] [worker #0] Bootstrap tree #585, logLikelihood: -12615.040740
[00:41:11] [worker #0] Bootstrap tree #587, logLikelihood: -12917.442425
[00:41:11] [worker #1] Bootstrap tree #588, logLikelihood: -12884.221603
[00:41:19] [worker #0] Bootstrap tree #589, logLikelihood: -12729.916074
[00:41:19] [worker #1] Bootstrap tree #590, logLikelihood: -12743.438472
[00:41:25] [worker #1] Bootstrap tree #592, logLikelihood: -12424.432501
[00:41:29] [worker #0] Bootstrap tree #591, logLikelihood: -12122.788138
[00:41:32] [worker #1] Bootstrap tree #594, logLikelihood: -12584.957485
[00:41:35] [worker #0] Bootstrap tree #593, logLikelihood: -13239.984057
[00:41:39] [worker #1] Bootstrap tree #596, logLikelihood: -12280.081002
[00:41:42] [worker #0] Bootstrap tree #595, logLikelihood: -12465.342333
[00:41:48] [worker #1] Bootstrap tree #598, logLikelihood: -12806.374856
[00:41:48] [worker #0] Bootstrap tree #597, logLikelihood: -12336.130311
[00:41:54] [worker #1] Bootstrap tree #600, logLikelihood: -12298.292233
[00:41:56] [worker #0] Bootstrap tree #599, logLikelihood: -12964.667702
[00:42:04] [worker #1] Bootstrap tree #602, logLikelihood: -12665.297655
[00:42:05] [worker #0] Bootstrap tree #601, logLikelihood: -12814.505843
[00:42:13] [worker #0] Bootstrap tree #603, logLikelihood: -12276.543257
[00:42:17] [worker #1] Bootstrap tree #604, logLikelihood: -12763.120153
[00:42:23] [worker #0] Bootstrap tree #605, logLikelihood: -12459.393700
[00:42:26] [worker #1] Bootstrap tree #606, logLikelihood: -12787.828683
[00:42:31] [worker #0] Bootstrap tree #607, logLikelihood: -12832.670025
[00:42:38] [worker #0] Bootstrap tree #609, logLikelihood: -12524.760580
[00:42:39] [worker #1] Bootstrap tree #608, logLikelihood: -12574.976231
[00:42:43] [worker #0] Bootstrap tree #611, logLikelihood: -12766.291315
[00:42:46] [worker #1] Bootstrap tree #610, logLikelihood: -12315.555341
[00:42:52] [worker #1] Bootstrap tree #612, logLikelihood: -12578.335948
[00:42:55] [worker #0] Bootstrap tree #613, logLikelihood: -12794.370904
[00:43:02] [worker #1] Bootstrap tree #614, logLikelihood: -12784.170685
[00:43:02] [worker #0] Bootstrap tree #615, logLikelihood: -12554.765691
[00:43:07] [worker #1] Bootstrap tree #616, logLikelihood: -12881.083804
[00:43:10] [worker #0] Bootstrap tree #617, logLikelihood: -12001.543940
[00:43:16] [worker #0] Bootstrap tree #619, logLikelihood: -12357.636108
[00:43:16] [worker #1] Bootstrap tree #618, logLikelihood: -12866.776678
[00:43:24] [worker #0] Bootstrap tree #621, logLikelihood: -12153.539203
[00:43:25] [worker #1] Bootstrap tree #620, logLikelihood: -12295.599504
[00:43:31] [worker #1] Bootstrap tree #622, logLikelihood: -12831.120053
[00:43:32] [worker #0] Bootstrap tree #623, logLikelihood: -12866.693175
[00:43:38] [worker #1] Bootstrap tree #624, logLikelihood: -13078.883333
[00:43:39] [worker #0] Bootstrap tree #625, logLikelihood: -12188.007630
[00:43:44] [worker #1] Bootstrap tree #626, logLikelihood: -12921.741169
[00:43:45] [worker #0] Bootstrap tree #627, logLikelihood: -12758.189107
[00:43:51] [worker #1] Bootstrap tree #628, logLikelihood: -12916.170623
[00:43:52] [worker #0] Bootstrap tree #629, logLikelihood: -12511.093941
[00:43:57] [worker #1] Bootstrap tree #630, logLikelihood: -12904.380190
[00:44:00] [worker #0] Bootstrap tree #631, logLikelihood: -13121.580987
[00:44:04] [worker #1] Bootstrap tree #632, logLikelihood: -12426.371481
[00:44:09] [worker #0] Bootstrap tree #633, logLikelihood: -12376.999281
[00:44:13] [worker #1] Bootstrap tree #634, logLikelihood: -12739.018882
[00:44:15] [worker #0] Bootstrap tree #635, logLikelihood: -11841.355049
[00:44:22] [worker #1] Bootstrap tree #636, logLikelihood: -12774.776848
[00:44:23] [worker #0] Bootstrap tree #637, logLikelihood: -12472.772336
[00:44:30] [worker #1] Bootstrap tree #638, logLikelihood: -12807.815848
[00:44:32] [worker #0] Bootstrap tree #639, logLikelihood: -12600.953329
[00:44:36] [worker #1] Bootstrap tree #640, logLikelihood: -12294.519736
[00:44:43] [worker #1] Bootstrap tree #642, logLikelihood: -12457.646651
[00:44:43] [worker #0] Bootstrap tree #641, logLikelihood: -12881.682622
[00:44:52] [worker #0] Bootstrap tree #643, logLikelihood: -13240.496385
[00:44:54] [worker #1] Bootstrap tree #644, logLikelihood: -12479.183222
[00:44:59] [worker #0] Bootstrap tree #645, logLikelihood: -12091.549293
[00:44:59] [worker #1] Bootstrap tree #646, logLikelihood: -12512.910667
[00:45:06] [worker #0] Bootstrap tree #647, logLikelihood: -12403.760983
[00:45:06] [worker #1] Bootstrap tree #648, logLikelihood: -12650.171029
[00:45:14] [worker #1] Bootstrap tree #650, logLikelihood: -12775.430627
[00:45:15] [worker #0] Bootstrap tree #649, logLikelihood: -12885.210511
[00:45:23] [worker #1] Bootstrap tree #652, logLikelihood: -12423.386512
[00:45:30] [worker #0] Bootstrap tree #651, logLikelihood: -12513.183273
[00:45:32] [worker #1] Bootstrap tree #654, logLikelihood: -12712.391898
[00:45:40] [worker #1] Bootstrap tree #656, logLikelihood: -13450.003753
[00:45:42] [worker #0] Bootstrap tree #653, logLikelihood: -12538.907959
[00:45:47] [worker #1] Bootstrap tree #658, logLikelihood: -12252.425266
[00:45:49] [worker #0] Bootstrap tree #655, logLikelihood: -12657.074778
[00:45:55] [worker #1] Bootstrap tree #660, logLikelihood: -12901.503719
[00:45:55] [worker #0] Bootstrap tree #657, logLikelihood: -12450.218712
[00:46:01] [worker #1] Bootstrap tree #662, logLikelihood: -12485.806077
[00:46:02] [worker #0] Bootstrap tree #659, logLikelihood: -12540.702416
[00:46:09] [worker #1] Bootstrap tree #664, logLikelihood: -12615.071995
[00:46:13] [worker #0] Bootstrap tree #661, logLikelihood: -12597.336243
[00:46:15] [worker #1] Bootstrap tree #666, logLikelihood: -12586.097914
[00:46:20] [worker #0] Bootstrap tree #663, logLikelihood: -12463.199786
[00:46:22] [worker #1] Bootstrap tree #668, logLikelihood: -12559.624902
[00:46:27] [worker #1] Bootstrap tree #670, logLikelihood: -12041.957957
[00:46:29] [worker #0] Bootstrap tree #665, logLikelihood: -12767.351618
[00:46:33] [worker #1] Bootstrap tree #672, logLikelihood: -12269.048556
[00:46:35] [worker #0] Bootstrap tree #667, logLikelihood: -12539.203924
[00:46:41] [worker #1] Bootstrap tree #674, logLikelihood: -12937.459028
[00:46:42] [worker #0] Bootstrap tree #669, logLikelihood: -13010.874861
[00:46:48] [worker #1] Bootstrap tree #676, logLikelihood: -12891.614774
[00:46:51] [worker #0] Bootstrap tree #671, logLikelihood: -12993.900132
[00:46:54] [worker #1] Bootstrap tree #678, logLikelihood: -12026.044931
[00:46:57] [worker #0] Bootstrap tree #673, logLikelihood: -12506.635990
[00:47:03] [worker #1] Bootstrap tree #680, logLikelihood: -12822.748838
[00:47:05] [worker #0] Bootstrap tree #675, logLikelihood: -13174.177474
[00:47:10] [worker #1] Bootstrap tree #682, logLikelihood: -12568.913807
[00:47:11] [worker #0] Bootstrap tree #677, logLikelihood: -12678.640300
[00:47:16] [worker #1] Bootstrap tree #684, logLikelihood: -12547.070968
[00:47:18] [worker #0] Bootstrap tree #679, logLikelihood: -12173.553767
[00:47:22] [worker #1] Bootstrap tree #686, logLikelihood: -12515.345033
[00:47:24] [worker #0] Bootstrap tree #681, logLikelihood: -12830.100740
[00:47:27] [worker #1] Bootstrap tree #688, logLikelihood: -12955.216154
[00:47:31] [worker #0] Bootstrap tree #683, logLikelihood: -12483.865821
[00:47:34] [worker #1] Bootstrap tree #690, logLikelihood: -12504.623548
[00:47:40] [worker #0] Bootstrap tree #685, logLikelihood: -12726.883640
[00:47:40] [worker #1] Bootstrap tree #692, logLikelihood: -12333.864196
[00:47:48] [worker #0] Bootstrap tree #687, logLikelihood: -12428.850661
[00:47:49] [worker #1] Bootstrap tree #694, logLikelihood: -12847.410696
[00:47:58] [worker #0] Bootstrap tree #689, logLikelihood: -12850.721580
[00:47:58] [worker #1] Bootstrap tree #696, logLikelihood: -12558.755696
[00:48:04] [worker #0] Bootstrap tree #691, logLikelihood: -12231.557419
[00:48:06] [worker #1] Bootstrap tree #698, logLikelihood: -12489.773551
[00:48:15] [worker #0] Bootstrap tree #693, logLikelihood: -12806.104898
[00:48:15] [worker #1] Bootstrap tree #700, logLikelihood: -12174.748527
[00:48:24] [worker #0] Bootstrap tree #695, logLikelihood: -12779.622896
[00:48:30] [worker #0] Bootstrap tree #697, logLikelihood: -12635.621161
[00:48:37] [worker #0] Bootstrap tree #699, logLikelihood: -12828.928255
[00:48:46] [worker #1] Bootstrap tree #702, logLikelihood: -12534.976505
[00:48:50] [worker #0] Bootstrap tree #701, logLikelihood: -12477.611786
[00:48:54] [worker #1] Bootstrap tree #704, logLikelihood: -12426.973635
[00:48:56] [worker #0] Bootstrap tree #703, logLikelihood: -13321.950158
[00:49:03] [worker #1] Bootstrap tree #706, logLikelihood: -12874.565186
[00:49:04] [worker #0] Bootstrap tree #705, logLikelihood: -12613.640502
[00:49:08] [worker #1] Bootstrap tree #708, logLikelihood: -12325.775078
[00:49:11] [worker #0] Bootstrap tree #707, logLikelihood: -12712.312756
[00:49:14] [worker #1] Bootstrap tree #710, logLikelihood: -12282.901391
[00:49:19] [worker #0] Bootstrap tree #709, logLikelihood: -12686.713436
[00:49:20] [worker #1] Bootstrap tree #712, logLikelihood: -12647.550163
[00:49:26] [worker #1] Bootstrap tree #714, logLikelihood: -12921.484898
[00:49:28] [worker #0] Bootstrap tree #711, logLikelihood: -12610.664711
[00:49:33] [worker #0] Bootstrap tree #713, logLikelihood: -12748.927198
[00:49:35] [worker #1] Bootstrap tree #716, logLikelihood: -12304.928699
[00:49:40] [worker #0] Bootstrap tree #715, logLikelihood: -12393.915470
[00:49:41] [worker #1] Bootstrap tree #718, logLikelihood: -12539.885626
[00:49:46] [worker #0] Bootstrap tree #717, logLikelihood: -12478.392782
[00:49:49] [worker #1] Bootstrap tree #720, logLikelihood: -13104.937214
[00:49:51] [worker #0] Bootstrap tree #719, logLikelihood: -12430.601187
[00:49:56] [worker #1] Bootstrap tree #722, logLikelihood: -12427.155605
[00:50:01] [worker #0] Bootstrap tree #721, logLikelihood: -12439.663685
[00:50:03] [worker #1] Bootstrap tree #724, logLikelihood: -13096.937059
[00:50:09] [worker #1] Bootstrap tree #726, logLikelihood: -12319.990461
[00:50:10] [worker #0] Bootstrap tree #723, logLikelihood: -13073.642169
[00:50:17] [worker #1] Bootstrap tree #728, logLikelihood: -12565.717258
[00:50:17] [worker #0] Bootstrap tree #725, logLikelihood: -12391.210305
[00:50:24] [worker #0] Bootstrap tree #727, logLikelihood: -13122.289278
[00:50:25] [worker #1] Bootstrap tree #730, logLikelihood: -12357.094299
[00:50:32] [worker #0] Bootstrap tree #729, logLikelihood: -12516.117715
[00:50:32] [worker #1] Bootstrap tree #732, logLikelihood: -13178.577961
[00:50:37] [worker #0] Bootstrap tree #731, logLikelihood: -12349.462131
[00:50:38] [worker #1] Bootstrap tree #734, logLikelihood: -12854.537141
[00:50:43] [worker #1] Bootstrap tree #736, logLikelihood: -12019.248213
[00:50:45] [worker #0] Bootstrap tree #733, logLikelihood: -12403.848739
[00:50:49] [worker #1] Bootstrap tree #738, logLikelihood: -12461.824045
[00:50:52] [worker #0] Bootstrap tree #735, logLikelihood: -13130.206667
[00:51:00] [worker #1] Bootstrap tree #740, logLikelihood: -12727.322620
[00:51:04] [worker #0] Bootstrap tree #737, logLikelihood: -13188.413286
[00:51:06] [worker #1] Bootstrap tree #742, logLikelihood: -12573.986121
[00:51:10] [worker #0] Bootstrap tree #739, logLikelihood: -12734.778909
[00:51:11] [worker #1] Bootstrap tree #744, logLikelihood: -12173.090880
[00:51:17] [worker #0] Bootstrap tree #741, logLikelihood: -12652.438906
[00:51:21] [worker #1] Bootstrap tree #746, logLikelihood: -12682.009008
[00:51:27] [worker #1] Bootstrap tree #748, logLikelihood: -12662.117313
[00:51:27] [worker #0] Bootstrap tree #743, logLikelihood: -12524.841506
[00:51:33] [worker #0] Bootstrap tree #745, logLikelihood: -12780.832928
[00:51:34] [worker #1] Bootstrap tree #750, logLikelihood: -13001.942009
[00:51:41] [worker #0] Bootstrap tree #747, logLikelihood: -12213.180236
[00:51:49] [worker #0] Bootstrap tree #749, logLikelihood: -12665.261210
[00:51:58] [worker #1] Bootstrap tree #752, logLikelihood: -12671.088773
[00:52:03] [worker #0] Bootstrap tree #751, logLikelihood: -12896.842795
[00:52:07] [worker #1] Bootstrap tree #754, logLikelihood: -12879.307478
[00:52:10] [worker #0] Bootstrap tree #753, logLikelihood: -13143.336990
[00:52:13] [worker #1] Bootstrap tree #756, logLikelihood: -12216.218050
[00:52:17] [worker #0] Bootstrap tree #755, logLikelihood: -13058.886867
[00:52:20] [worker #1] Bootstrap tree #758, logLikelihood: -12576.645777
[00:52:23] [worker #0] Bootstrap tree #757, logLikelihood: -12205.055362
[00:52:27] [worker #1] Bootstrap tree #760, logLikelihood: -11872.694035
[00:52:30] [worker #0] Bootstrap tree #759, logLikelihood: -12327.726096
[00:52:34] [worker #1] Bootstrap tree #762, logLikelihood: -12530.210827
[00:52:37] [worker #0] Bootstrap tree #761, logLikelihood: -12691.649952
[00:52:42] [worker #1] Bootstrap tree #764, logLikelihood: -12929.849248
[00:52:48] [worker #0] Bootstrap tree #763, logLikelihood: -12888.983654
[00:52:49] [worker #1] Bootstrap tree #766, logLikelihood: -12422.790015
[00:52:57] [worker #1] Bootstrap tree #768, logLikelihood: -12908.044005
[00:52:57] [worker #0] Bootstrap tree #765, logLikelihood: -12823.783103
[00:53:07] [worker #0] Bootstrap tree #767, logLikelihood: -12432.759357
[00:53:07] [worker #1] Bootstrap tree #770, logLikelihood: -12540.590936
[00:53:13] [worker #0] Bootstrap tree #769, logLikelihood: -12383.196684
[00:53:17] [worker #1] Bootstrap tree #772, logLikelihood: -12703.511117
[00:53:20] [worker #0] Bootstrap tree #771, logLikelihood: -12737.931376
[00:53:23] [worker #1] Bootstrap tree #774, logLikelihood: -12859.649576
[00:53:25] [worker #0] Bootstrap tree #773, logLikelihood: -13216.508602
[00:53:29] [worker #1] Bootstrap tree #776, logLikelihood: -11970.059068
[00:53:31] [worker #0] Bootstrap tree #775, logLikelihood: -12961.625908
[00:53:35] [worker #1] Bootstrap tree #778, logLikelihood: -12032.498968
[00:53:41] [worker #1] Bootstrap tree #780, logLikelihood: -12728.168178
[00:53:43] [worker #0] Bootstrap tree #777, logLikelihood: -13124.554247
[00:53:49] [worker #1] Bootstrap tree #782, logLikelihood: -12946.748072
[00:53:54] [worker #1] Bootstrap tree #784, logLikelihood: -12361.767671
[00:53:56] [worker #0] Bootstrap tree #779, logLikelihood: -12945.485238
[00:54:03] [worker #0] Bootstrap tree #781, logLikelihood: -12681.363523
[00:54:04] [worker #1] Bootstrap tree #786, logLikelihood: -12954.065401
[00:54:10] [worker #0] Bootstrap tree #783, logLikelihood: -12710.093135
[00:54:10] [worker #1] Bootstrap tree #788, logLikelihood: -12675.080701
[00:54:16] [worker #0] Bootstrap tree #785, logLikelihood: -12767.183170
[00:54:22] [worker #1] Bootstrap tree #790, logLikelihood: -12423.450567
[00:54:22] [worker #0] Bootstrap tree #787, logLikelihood: -11950.499824
[00:54:28] [worker #0] Bootstrap tree #789, logLikelihood: -12452.003089
[00:54:28] [worker #1] Bootstrap tree #792, logLikelihood: -12544.871903
[00:54:34] [worker #0] Bootstrap tree #791, logLikelihood: -12893.831095
[00:54:39] [worker #1] Bootstrap tree #794, logLikelihood: -12192.016582
[00:54:39] [worker #0] Bootstrap tree #793, logLikelihood: -12496.481314
[00:54:46] [worker #0] Bootstrap tree #795, logLikelihood: -12581.470087
[00:54:47] [worker #1] Bootstrap tree #796, logLikelihood: -12736.584216
[00:54:52] [worker #0] Bootstrap tree #797, logLikelihood: -12777.217026
[00:54:54] [worker #1] Bootstrap tree #798, logLikelihood: -12806.827405
[00:55:02] [worker #1] Bootstrap tree #800, logLikelihood: -12403.386739
[00:55:03] [worker #0] Bootstrap tree #799, logLikelihood: -12539.813027
[00:55:13] [worker #1] Bootstrap tree #802, logLikelihood: -12281.951522
[00:55:16] [worker #0] Bootstrap tree #801, logLikelihood: -12725.756847
[00:55:19] [worker #1] Bootstrap tree #804, logLikelihood: -12306.920184
[00:55:24] [worker #0] Bootstrap tree #803, logLikelihood: -12242.432834
[00:55:25] [worker #1] Bootstrap tree #806, logLikelihood: -12343.188894
[00:55:32] [worker #0] Bootstrap tree #805, logLikelihood: -12174.975013
[00:55:33] [worker #1] Bootstrap tree #808, logLikelihood: -12317.341644
[00:55:38] [worker #0] Bootstrap tree #807, logLikelihood: -12567.545074
[00:55:38] [worker #1] Bootstrap tree #810, logLikelihood: -12677.865047
[00:55:45] [worker #0] Bootstrap tree #809, logLikelihood: -13071.004965
[00:55:47] [worker #1] Bootstrap tree #812, logLikelihood: -13082.893594
[00:55:52] [worker #1] Bootstrap tree #814, logLikelihood: -12327.863114
[00:55:54] [worker #0] Bootstrap tree #811, logLikelihood: -13115.131338
[00:55:58] [worker #1] Bootstrap tree #816, logLikelihood: -12471.968524
[00:56:02] [worker #0] Bootstrap tree #813, logLikelihood: -12658.645235
[00:56:06] [worker #1] Bootstrap tree #818, logLikelihood: -12345.389986
[00:56:09] [worker #0] Bootstrap tree #815, logLikelihood: -12820.905358
[00:56:11] [worker #1] Bootstrap tree #820, logLikelihood: -13272.988978
[00:56:16] [worker #0] Bootstrap tree #817, logLikelihood: -12534.958406
[00:56:18] [worker #1] Bootstrap tree #822, logLikelihood: -12813.057705
[00:56:23] [worker #0] Bootstrap tree #819, logLikelihood: -12718.110711
[00:56:27] [worker #1] Bootstrap tree #824, logLikelihood: -12429.467523
[00:56:29] [worker #0] Bootstrap tree #821, logLikelihood: -12760.607179
[00:56:38] [worker #0] Bootstrap tree #823, logLikelihood: -12045.889829
[00:56:38] [worker #1] Bootstrap tree #826, logLikelihood: -12973.760465
[00:56:46] [worker #1] Bootstrap tree #828, logLikelihood: -12758.283344
[00:56:48] [worker #0] Bootstrap tree #825, logLikelihood: -12686.874771
[00:56:56] [worker #1] Bootstrap tree #830, logLikelihood: -12191.089525
[00:56:56] [worker #0] Bootstrap tree #827, logLikelihood: -13030.846502
[00:57:01] [worker #1] Bootstrap tree #832, logLikelihood: -12652.335557
[00:57:03] [worker #0] Bootstrap tree #829, logLikelihood: -12267.665118
[00:57:09] [worker #1] Bootstrap tree #834, logLikelihood: -12331.141195
[00:57:12] [worker #0] Bootstrap tree #831, logLikelihood: -12917.563241
[00:57:15] [worker #1] Bootstrap tree #836, logLikelihood: -12600.173363
[00:57:19] [worker #0] Bootstrap tree #833, logLikelihood: -12296.767128
[00:57:25] [worker #1] Bootstrap tree #838, logLikelihood: -12739.780348
[00:57:25] [worker #0] Bootstrap tree #835, logLikelihood: -12811.446347
[00:57:30] [worker #1] Bootstrap tree #840, logLikelihood: -12231.097932
[00:57:34] [worker #0] Bootstrap tree #837, logLikelihood: -12153.074961
[00:57:39] [worker #0] Bootstrap tree #839, logLikelihood: -12496.746609
[00:57:40] [worker #1] Bootstrap tree #842, logLikelihood: -12228.639630
[00:57:46] [worker #0] Bootstrap tree #841, logLikelihood: -12423.422889
[00:57:48] [worker #1] Bootstrap tree #844, logLikelihood: -12370.156300
[00:57:54] [worker #0] Bootstrap tree #843, logLikelihood: -12214.807507
[00:57:56] [worker #1] Bootstrap tree #846, logLikelihood: -12672.878053
[00:58:00] [worker #0] Bootstrap tree #845, logLikelihood: -12825.264618
[00:58:02] [worker #1] Bootstrap tree #848, logLikelihood: -12908.064104
[00:58:07] [worker #0] Bootstrap tree #847, logLikelihood: -12573.647557
[00:58:11] [worker #1] Bootstrap tree #850, logLikelihood: -12376.588879
[00:58:18] [worker #0] Bootstrap tree #849, logLikelihood: -12672.655039
[00:58:29] [worker #1] Bootstrap tree #852, logLikelihood: -12626.828611
[00:58:32] [worker #0] Bootstrap tree #851, logLikelihood: -12569.032505
[00:58:36] [worker #1] Bootstrap tree #854, logLikelihood: -12912.013674
[00:58:42] [worker #0] Bootstrap tree #853, logLikelihood: -12815.784281
[00:58:42] [worker #1] Bootstrap tree #856, logLikelihood: -12851.457686
[00:58:49] [worker #1] Bootstrap tree #858, logLikelihood: -12560.094061
[00:58:52] [worker #0] Bootstrap tree #855, logLikelihood: -12308.281256
[00:58:54] [worker #1] Bootstrap tree #860, logLikelihood: -12823.158065
[00:59:00] [worker #1] Bootstrap tree #862, logLikelihood: -13056.242764
[00:59:01] [worker #0] Bootstrap tree #857, logLikelihood: -11536.224473
[00:59:07] [worker #0] Bootstrap tree #859, logLikelihood: -12376.596326
[00:59:08] [worker #1] Bootstrap tree #864, logLikelihood: -12267.996353
[00:59:16] [worker #1] Bootstrap tree #866, logLikelihood: -12765.211388
[00:59:19] [worker #0] Bootstrap tree #861, logLikelihood: -12996.060642
[00:59:25] [worker #0] Bootstrap tree #863, logLikelihood: -12773.463196
[00:59:25] [worker #1] Bootstrap tree #868, logLikelihood: -12882.728490
[00:59:30] [worker #1] Bootstrap tree #870, logLikelihood: -12656.706369
[00:59:32] [worker #0] Bootstrap tree #865, logLikelihood: -12800.921124
[00:59:38] [worker #1] Bootstrap tree #872, logLikelihood: -13201.515603
[00:59:38] [worker #0] Bootstrap tree #867, logLikelihood: -12480.007032
[00:59:43] [worker #0] Bootstrap tree #869, logLikelihood: -12481.220777
[00:59:43] [worker #1] Bootstrap tree #874, logLikelihood: -13041.910511
[00:59:50] [worker #0] Bootstrap tree #871, logLikelihood: -12294.750748
[00:59:53] [worker #1] Bootstrap tree #876, logLikelihood: -12954.166518
[00:59:59] [worker #0] Bootstrap tree #873, logLikelihood: -13184.032712
[00:59:59] [worker #1] Bootstrap tree #878, logLikelihood: -12650.399567
[01:00:05] [worker #0] Bootstrap tree #875, logLikelihood: -12279.165772
[01:00:08] [worker #1] Bootstrap tree #880, logLikelihood: -12746.757301
[01:00:14] [worker #0] Bootstrap tree #877, logLikelihood: -12241.788814
[01:00:18] [worker #1] Bootstrap tree #882, logLikelihood: -12895.994496
[01:00:22] [worker #0] Bootstrap tree #879, logLikelihood: -13061.369541
[01:00:26] [worker #1] Bootstrap tree #884, logLikelihood: -13159.280317
[01:00:29] [worker #0] Bootstrap tree #881, logLikelihood: -12835.991911
[01:00:37] [worker #0] Bootstrap tree #883, logLikelihood: -12800.697939
[01:00:38] [worker #1] Bootstrap tree #886, logLikelihood: -12407.112988
[01:00:43] [worker #0] Bootstrap tree #885, logLikelihood: -12384.270937
[01:00:48] [worker #1] Bootstrap tree #888, logLikelihood: -12594.830018
[01:00:49] [worker #0] Bootstrap tree #887, logLikelihood: -12587.707071
[01:00:55] [worker #1] Bootstrap tree #890, logLikelihood: -12758.560576
[01:00:57] [worker #0] Bootstrap tree #889, logLikelihood: -12940.864998
[01:01:04] [worker #1] Bootstrap tree #892, logLikelihood: -13030.419229
[01:01:04] [worker #0] Bootstrap tree #891, logLikelihood: -12220.922358
[01:01:10] [worker #0] Bootstrap tree #893, logLikelihood: -12655.788338
[01:01:12] [worker #1] Bootstrap tree #894, logLikelihood: -12515.898807
[01:01:17] [worker #0] Bootstrap tree #895, logLikelihood: -12704.375872
[01:01:18] [worker #1] Bootstrap tree #896, logLikelihood: -12302.288566
[01:01:25] [worker #1] Bootstrap tree #898, logLikelihood: -12412.880420
[01:01:26] [worker #0] Bootstrap tree #897, logLikelihood: -12631.678188
[01:01:31] [worker #1] Bootstrap tree #900, logLikelihood: -12722.258097
[01:01:34] [worker #0] Bootstrap tree #899, logLikelihood: -12460.150071
[01:01:44] [worker #1] Bootstrap tree #902, logLikelihood: -12744.413243
[01:01:47] [worker #0] Bootstrap tree #901, logLikelihood: -12426.994872
[01:01:51] [worker #1] Bootstrap tree #904, logLikelihood: -12976.126428
[01:01:53] [worker #0] Bootstrap tree #903, logLikelihood: -12222.658241
[01:01:57] [worker #1] Bootstrap tree #906, logLikelihood: -12604.491263
[01:01:59] [worker #0] Bootstrap tree #905, logLikelihood: -12820.281607
[01:02:03] [worker #1] Bootstrap tree #908, logLikelihood: -12884.302042
[01:02:05] [worker #0] Bootstrap tree #907, logLikelihood: -12449.293480
[01:02:12] [worker #1] Bootstrap tree #910, logLikelihood: -12784.421208
[01:02:13] [worker #0] Bootstrap tree #909, logLikelihood: -13439.113139
[01:02:24] [worker #1] Bootstrap tree #912, logLikelihood: -12860.286269
[01:02:25] [worker #0] Bootstrap tree #911, logLikelihood: -12787.820156
[01:02:31] [worker #1] Bootstrap tree #914, logLikelihood: -12606.547998
[01:02:32] [worker #0] Bootstrap tree #913, logLikelihood: -12450.383824
[01:02:37] [worker #1] Bootstrap tree #916, logLikelihood: -12735.202874
[01:02:38] [worker #0] Bootstrap tree #915, logLikelihood: -12327.412589
[01:02:45] [worker #1] Bootstrap tree #918, logLikelihood: -12548.351193
[01:02:46] [worker #0] Bootstrap tree #917, logLikelihood: -12736.353912
[01:02:51] [worker #0] Bootstrap tree #919, logLikelihood: -12760.196648
[01:02:52] [worker #1] Bootstrap tree #920, logLikelihood: -13147.196136
[01:02:58] [worker #0] Bootstrap tree #921, logLikelihood: -12146.334374
[01:02:59] [worker #1] Bootstrap tree #922, logLikelihood: -12264.911719
[01:03:05] [worker #0] Bootstrap tree #923, logLikelihood: -12576.127948
[01:03:08] [worker #1] Bootstrap tree #924, logLikelihood: -12566.903551
[01:03:12] [worker #0] Bootstrap tree #925, logLikelihood: -12515.854998
[01:03:16] [worker #1] Bootstrap tree #926, logLikelihood: -12684.823973
[01:03:21] [worker #0] Bootstrap tree #927, logLikelihood: -12736.602512
[01:03:21] [worker #1] Bootstrap tree #928, logLikelihood: -12092.160283
[01:03:30] [worker #1] Bootstrap tree #930, logLikelihood: -12249.058725
[01:03:35] [worker #0] Bootstrap tree #929, logLikelihood: -12197.777503
[01:03:39] [worker #1] Bootstrap tree #932, logLikelihood: -12271.363323
[01:03:42] [worker #0] Bootstrap tree #931, logLikelihood: -13037.784979
[01:03:45] [worker #1] Bootstrap tree #934, logLikelihood: -12753.434189
[01:03:49] [worker #0] Bootstrap tree #933, logLikelihood: -13089.010929
[01:03:52] [worker #1] Bootstrap tree #936, logLikelihood: -12791.666692
[01:03:57] [worker #0] Bootstrap tree #935, logLikelihood: -12849.565676
[01:03:59] [worker #1] Bootstrap tree #938, logLikelihood: -12408.378606
[01:04:03] [worker #0] Bootstrap tree #937, logLikelihood: -12866.311785
[01:04:05] [worker #1] Bootstrap tree #940, logLikelihood: -11922.735738
[01:04:09] [worker #0] Bootstrap tree #939, logLikelihood: -12663.578218
[01:04:12] [worker #1] Bootstrap tree #942, logLikelihood: -12710.335617
[01:04:15] [worker #0] Bootstrap tree #941, logLikelihood: -12934.745566
[01:04:21] [worker #0] Bootstrap tree #943, logLikelihood: -12822.004027
[01:04:21] [worker #1] Bootstrap tree #944, logLikelihood: -12433.476774
[01:04:28] [worker #0] Bootstrap tree #945, logLikelihood: -12924.036918
[01:04:30] [worker #1] Bootstrap tree #946, logLikelihood: -12331.382706
[01:04:38] [worker #1] Bootstrap tree #948, logLikelihood: -12409.259115
[01:04:41] [worker #0] Bootstrap tree #947, logLikelihood: -12413.481869
[01:04:44] [worker #1] Bootstrap tree #950, logLikelihood: -12511.216762
[01:04:51] [worker #0] Bootstrap tree #949, logLikelihood: -12423.998545
[01:05:01] [worker #1] Bootstrap tree #952, logLikelihood: -12673.608363
[01:05:05] [worker #0] Bootstrap tree #951, logLikelihood: -12829.514781
[01:05:08] [worker #1] Bootstrap tree #954, logLikelihood: -12458.415389
[01:05:11] [worker #0] Bootstrap tree #953, logLikelihood: -12320.058724
[01:05:14] [worker #1] Bootstrap tree #956, logLikelihood: -12798.050062
[01:05:18] [worker #0] Bootstrap tree #955, logLikelihood: -12872.697343
[01:05:24] [worker #1] Bootstrap tree #958, logLikelihood: -12620.334902
[01:05:25] [worker #0] Bootstrap tree #957, logLikelihood: -12367.253242
[01:05:30] [worker #1] Bootstrap tree #960, logLikelihood: -12416.559615
[01:05:36] [worker #0] Bootstrap tree #959, logLikelihood: -12905.127368
[01:05:37] [worker #1] Bootstrap tree #962, logLikelihood: -12698.598654
[01:05:43] [worker #0] Bootstrap tree #961, logLikelihood: -13009.710869
[01:05:44] [worker #1] Bootstrap tree #964, logLikelihood: -12690.007462
[01:05:48] [worker #0] Bootstrap tree #963, logLikelihood: -12402.799784
[01:05:53] [worker #1] Bootstrap tree #966, logLikelihood: -13039.713079
[01:05:55] [worker #0] Bootstrap tree #965, logLikelihood: -12538.183055
[01:06:02] [worker #0] Bootstrap tree #967, logLikelihood: -12920.564309
[01:06:02] [worker #1] Bootstrap tree #968, logLikelihood: -12376.011839
[01:06:09] [worker #1] Bootstrap tree #970, logLikelihood: -12580.590657
[01:06:12] [worker #0] Bootstrap tree #969, logLikelihood: -12849.103722
[01:06:16] [worker #1] Bootstrap tree #972, logLikelihood: -12227.190661
[01:06:18] [worker #0] Bootstrap tree #971, logLikelihood: -12501.251966
[01:06:23] [worker #1] Bootstrap tree #974, logLikelihood: -12918.899615
[01:06:27] [worker #0] Bootstrap tree #973, logLikelihood: -13196.537085
[01:06:30] [worker #1] Bootstrap tree #976, logLikelihood: -12587.736681
[01:06:34] [worker #0] Bootstrap tree #975, logLikelihood: -12419.538578
[01:06:38] [worker #1] Bootstrap tree #978, logLikelihood: -12609.321764
[01:06:44] [worker #1] Bootstrap tree #980, logLikelihood: -12243.292811
[01:06:46] [worker #0] Bootstrap tree #977, logLikelihood: -12349.710609
[01:06:53] [worker #1] Bootstrap tree #982, logLikelihood: -12202.472586
[01:06:55] [worker #0] Bootstrap tree #979, logLikelihood: -13104.647486
[01:06:59] [worker #1] Bootstrap tree #984, logLikelihood: -12175.206433
[01:07:04] [worker #0] Bootstrap tree #981, logLikelihood: -12915.266133
[01:07:07] [worker #1] Bootstrap tree #986, logLikelihood: -12509.209127
[01:07:12] [worker #0] Bootstrap tree #983, logLikelihood: -12421.181074
[01:07:13] [worker #1] Bootstrap tree #988, logLikelihood: -12212.772153
[01:07:17] [worker #0] Bootstrap tree #985, logLikelihood: -12477.626525
[01:07:21] [worker #1] Bootstrap tree #990, logLikelihood: -12868.590341
[01:07:23] [worker #0] Bootstrap tree #987, logLikelihood: -12912.819850
[01:07:27] [worker #1] Bootstrap tree #992, logLikelihood: -12716.833025
[01:07:29] [worker #0] Bootstrap tree #989, logLikelihood: -12035.635966
[01:07:36] [worker #1] Bootstrap tree #994, logLikelihood: -12752.546878
[01:07:38] [worker #0] Bootstrap tree #991, logLikelihood: -12289.350773
[01:07:44] [worker #1] Bootstrap tree #996, logLikelihood: -12417.778837
[01:07:44] [worker #0] Bootstrap tree #993, logLikelihood: -12907.614344
[01:07:51] [worker #1] Bootstrap tree #998, logLikelihood: -12644.430136
[01:07:51] [worker #0] Bootstrap tree #995, logLikelihood: -12959.088144
[01:07:58] [worker #0] Bootstrap tree #997, logLikelihood: -12466.606579
[01:07:59] [worker #1] Bootstrap tree #1000, logLikelihood: -12835.119295
[01:08:06] [worker #0] Bootstrap tree #999, logLikelihood: -12873.679897

Optimized model parameters:

   Partition 0: noname
   Rate heterogeneity: GAMMA (4 cats, mean),  alpha: 0.750406 (ML),  weights&rates: (0.250000,0.084971) (0.250000,0.386374) (0.250000,0.942205) (0.250000,2.586450) 
   Base frequencies (ML): 0.305468 0.220281 0.210263 0.263988 
   Substitution rates (ML): 1.080131 6.620832 1.495252 0.697928 7.206598 1.000000 


Final LogLikelihood: -12701.200797

AIC score: 25586.401595 / AICc score: 25600.347805 / BIC score: 26063.457200
Free parameters (model + branch lengths): 92

WARNING: Best ML tree contains 7 near-zero branches!

Best ML tree with collapsed near-zero branches saved to: /project/maize_ga1/PME3_seqs/Z1.raxml.bestTreeCollapsed
Best ML tree saved to: /project/maize_ga1/PME3_seqs/Z1.raxml.bestTree
All ML trees saved to: /project/maize_ga1/PME3_seqs/Z1.raxml.mlTrees
Best ML tree with Felsenstein bootstrap (FBP) support values saved to: /project/maize_ga1/PME3_seqs/Z1.raxml.supportFBP
Best ML tree with Transfer bootstrap (TBE) support values saved to: /project/maize_ga1/PME3_seqs/Z1.raxml.supportTBE
Optimized model saved to: /project/maize_ga1/PME3_seqs/Z1.raxml.bestModel
Bootstrap trees saved to: /project/maize_ga1/PME3_seqs/Z1.raxml.bootstraps

Execution log saved to: /project/maize_ga1/PME3_seqs/Z1.raxml.log

Analysis started: 20-Aug-2022 15:08:28 / finished: 20-Aug-2022 16:16:41

Elapsed time: 4092.553 seconds

Consumed energy: 146.586 Wh

