
RAxML-NG v. 1.1.0 released on 29.11.2021 by The Exelixis Lab.
Developed by: Alexey M. Kozlov and Alexandros Stamatakis.
Contributors: Diego Darriba, Tomas Flouri, Benoit Morel, Sarah Lutteropp, Ben Bettisworth.
Latest version: https://github.com/amkozlov/raxml-ng
Questions/problems/suggestions? Please visit: https://groups.google.com/forum/#!forum/raxml

System: Intel(R) Xeon(R) Gold 6240 CPU @ 2.60GHz, 36 cores, 376 GB RAM

RAxML-NG was called at 22-Nov-2022 09:14:51 as follows:

/project/maize_ga1/bin/raxml-ng --all --msa all_chr4.fa --model GTR+G --prefix ab --seed 2 --threads 2 --bs-metric fbp,tbe

Analysis options:
  run mode: ML tree search + bootstrapping (Felsenstein Bootstrap + Transfer Bootstrap)
  start tree(s): random (10) + parsimony (10)
  bootstrap replicates: max: 1000 + bootstopping (autoMRE, cutoff: 0.030000)
  random seed: 2
  tip-inner: OFF
  pattern compression: ON
  per-rate scalers: OFF
  site repeats: ON
  branch lengths: proportional (ML estimate, algorithm: NR-FAST)
  SIMD kernels: AVX2
  parallelization: coarse-grained (auto), PTHREADS (2 threads), thread pinning: OFF

[00:00:00] Reading alignment from file: all_chr4.fa
[00:00:00] Loaded alignment with 410 taxa and 1289 sites

WARNING: Sequences B73_Ga1P_10 and TIL11_chr4_Ga1P_S12 are exactly identical!
WARNING: Sequences FL_scaf33_Ga1P_S1 and KS_scaf32_Ga1P_S5 are exactly identical!
WARNING: Sequences FL_scaf33_Ga1P_S2 and KS_scaf32_Ga1P_S6 are exactly identical!
WARNING: Sequences FL_scaf33_Ga1P_S3 and KS_scaf32_Ga1P_S8 are exactly identical!
WARNING: Sequences FL_scaf33_Ga1P_S4 and FL_scaf33_Ga1P_S6 are exactly identical!
WARNING: Sequences FL_scaf33_Ga1P_S4 and KS_scaf32_Ga1P_S9 are exactly identical!
WARNING: Sequences FL_scaf33_Ga1P_S4 and KS_scaf32_Ga1P_S13 are exactly identical!
WARNING: Sequences FL_scaf33_Ga1P_S5 and KS_scaf32_Ga1P_S11 are exactly identical!
WARNING: Sequences FL_scaf33_Ga1P_S7 and KS_scaf32_Ga1P_S14 are exactly identical!
WARNING: Sequences Gigi_chr4_Ga1P_S5 and Momo_chr4_Ga1P_S5 are exactly identical!
WARNING: Sequences Gigi_chr4_Ga1P_S7 and Momo_chr4_Ga1P_S7 are exactly identical!
WARNING: Sequences Gigi_chr4_Ga1P_S7 and RIL_chr4_Ga1P_S7 are exactly identical!
WARNING: Sequences Gigi_chr4_Ga1P_S7 and RIL_chr4_Ga1P_S15 are exactly identical!
WARNING: Sequences Gigi_chr4_Ga1P_S7 and TIL01_chr4_Ga1P_S7 are exactly identical!
WARNING: Sequences Gigi_chr4_Ga1P_S7 and TIL18_Ga1P_chr4_S7 are exactly identical!
WARNING: Sequences Gigi_chr4_Ga1P_S7 and TIL18_Ga1P_chr4_S18 are exactly identical!
WARNING: Sequences Gigi_chr4_Ga1P_S7 and TIL18_Ga1P_chr4_S29 are exactly identical!
WARNING: Sequences Gigi_chr4_Ga1P_S9 and Momo_chr4_Ga1P_S9 are exactly identical!
WARNING: Sequences Gigi_chr4_Ga1P_S13 and Momo_chr4_Ga1P_S13 are exactly identical!
WARNING: Sequences Gigi_chr4_Ga1P_S15 and Momo_chr4_Ga1P_S15 are exactly identical!
WARNING: Sequences Gigi_chr4_Ga1P_S18 and Momo_chr4_Ga1P_S18 are exactly identical!
WARNING: Sequences Gigi_chr4_Ga1P_S19 and Momo_chr4_Ga1P_S19 are exactly identical!
WARNING: Sequences Gigi_chr4_Ga1P_S21 and Momo_chr4_Ga1P_S21 are exactly identical!
WARNING: Sequences Gigi_chr4_Ga1P_S22 and Momo_chr4_Ga1P_S22 are exactly identical!
WARNING: Sequences Gigi_chr4_Ga1P_S24 and Momo_chr4_Ga1P_S24 are exactly identical!
WARNING: Sequences HP301_Ga1P_PG_16 and TIL01_chr4_Ga1P_S15 are exactly identical!
WARNING: Sequences Mc_scaf35_Ga1P_S2 and Mc_scaf33_Ga1P_S8 are exactly identical!
WARNING: Sequences Mc_scaf35_Ga1P_S4 and Mc_scaf33_Ga1P_S10 are exactly identical!
WARNING: Sequences PI6_chr4_Ga1P_S20 and PI6_chr4_Ga1P_S29 are exactly identical!
WARNING: Sequences PI6_chr4_Ga1P_S20 and PI6_chr4_Ga1P_S37 are exactly identical!
WARNING: Sequences PI6_chr4_Ga1P_S20 and RIM_Ga1P_chr4_S31 are exactly identical!
WARNING: Sequences PI6_chr4_Ga1P_S20 and TIL01_chr4_Ga1P_S35 are exactly identical!
WARNING: Sequences PI6_chr4_Ga1P_S20 and TIL25_chr4_Ga1P_S30 are exactly identical!
WARNING: Sequences PI6_chr4_Ga1P_S28 and PI6_chr4_Ga1P_S36 are exactly identical!
WARNING: Sequences PI6_chr4_Ga1P_S28 and RIL_chr4_Ga1P_S8 are exactly identical!
WARNING: Sequences PI6_chr4_Ga1P_S32 and RIL_chr4_Ga1P_S4 are exactly identical!
WARNING: Sequences PI6_chr4_Ga1P_S33 and RIL_chr4_Ga1P_S3 are exactly identical!
WARNING: Sequences RIM_Ga1P_chr4_S12 and RIM_Ga1P_chr4_S18 are exactly identical!
WARNING: Sequences RIM_Ga1P_chr4_S12 and RIM_Ga1P_chr4_S24 are exactly identical!
WARNING: Sequences RIM_Ga1P_chr4_S16 and RIM_Ga1P_chr4_S22 are exactly identical!
WARNING: Sequences RIM_Ga1P_chr4_S16 and RIM_Ga1P_chr4_S28 are exactly identical!
WARNING: Sequences RIM_Ga1P_chr4_S20 and RIM_Ga1P_chr4_S26 are exactly identical!
WARNING: Sequences RIM_Ga1P_chr4_S21 and RIM_Ga1P_chr4_S27 are exactly identical!
WARNING: Sequences TIL01_chr4_Ga1P_S14 and TIL18_Ga1P_chr4_S36 are exactly identical!
WARNING: Sequences TIL01_chr4_Ga1P_S24 and TIL01_chr4_Ga1P_S26 are exactly identical!
WARNING: Sequences TIL01_chr4_Ga1P_S24 and TIL01_chr4_Ga1P_S28 are exactly identical!
WARNING: Sequences TIL01_chr4_Ga1P_S25 and TIL01_chr4_Ga1P_S27 are exactly identical!
WARNING: Sequences TIL01_chr4_Ga1P_S32 and TIL25_chr4_Ga1P_S27 are exactly identical!
WARNING: Sequences TIL01_chr4_Ga1P_S36 and TIL25_chr4_Ga1P_S31 are exactly identical!
WARNING: Sequences TIL18_Ga1P_chr4_S3 and TIL18_Ga1P_chr4_S14 are exactly identical!
WARNING: Sequences TIL18_Ga1P_chr4_S5 and TIL18_Ga1P_chr4_S16 are exactly identical!
WARNING: Sequences TIL18_Ga1P_chr4_S6 and TIL18_Ga1P_chr4_S17 are exactly identical!
WARNING: Sequences TIL18_Ga1P_chr4_S8 and TIL18_Ga1P_chr4_S19 are exactly identical!
WARNING: Sequences TIL18_Ga1P_chr4_S9 and TIL18_Ga1P_chr4_S20 are exactly identical!
WARNING: Sequences TIL18_Ga1P_chr4_S10 and TIL18_Ga1P_chr4_S21 are exactly identical!
WARNING: Sequences TIL18_Ga1P_chr4_S11 and TIL18_Ga1P_chr4_S22 are exactly identical!
WARNING: Sequences TIL25_chr4_Ga1P_S17 and TIL25_chr4_Ga1P_S20 are exactly identical!
WARNING: Sequences TIL25_chr4_Ga1P_S18 and TIL25_chr4_Ga1P_S24 are exactly identical!
WARNING: Duplicate sequences found: 58

NOTE: Reduced alignment (with duplicates and gap-only sites/taxa removed) 
NOTE: was saved to: /project/maize_ga1/all_ancient/Ga1P/ab.raxml.reduced.phy

Alignment comprises 1 partitions and 930 patterns

Partition 0: noname
Model: GTR+FO+G4m
Alignment sites / patterns: 1289 / 930
Gaps: 25.76 %
Invariant sites: 40.73 %


NOTE: Binary MSA file created: ab.raxml.rba

Parallelization scheme autoconfig: 2 worker(s) x 1 thread(s)

Parallel reduction/worker buffer size: 1 KB  / 0 KB

[00:00:00] Generating 10 random starting tree(s) with 410 taxa
[00:00:00] Generating 10 parsimony starting tree(s) with 410 taxa
[00:00:00] Data distribution: max. partitions/sites/weight per thread: 1 / 930 / 14880
[00:00:00] Data distribution: max. searches per worker: 510

Starting ML tree search with 20 distinct starting trees

[00:04:48] [worker #1] ML tree search #2, logLikelihood: -14747.013595
[00:04:49] [worker #0] ML tree search #1, logLikelihood: -14746.500008
[00:09:22] [worker #0] ML tree search #3, logLikelihood: -14746.628841
[00:09:59] [worker #1] ML tree search #4, logLikelihood: -14748.630761
[00:14:32] [worker #0] ML tree search #5, logLikelihood: -14749.767454
[00:15:09] [worker #1] ML tree search #6, logLikelihood: -14747.538887
[00:19:01] [worker #0] ML tree search #7, logLikelihood: -14746.602545
[00:19:42] [worker #1] ML tree search #8, logLikelihood: -14745.846470
[00:23:23] [worker #0] ML tree search #9, logLikelihood: -14745.710258
[00:24:12] [worker #1] ML tree search #10, logLikelihood: -14746.782168
[00:29:55] [worker #1] ML tree search #12, logLikelihood: -14746.542362
[00:29:56] [worker #0] ML tree search #11, logLikelihood: -14746.582626
[00:34:37] [worker #0] ML tree search #13, logLikelihood: -14747.472718
[00:35:49] [worker #1] ML tree search #14, logLikelihood: -14744.667284
[00:39:39] [worker #0] ML tree search #15, logLikelihood: -14746.462065
[00:40:48] [worker #1] ML tree search #16, logLikelihood: -14751.262767
[00:45:36] [worker #0] ML tree search #17, logLikelihood: -14747.513928
[00:46:12] [worker #1] ML tree search #18, logLikelihood: -14747.490424
[00:50:52] [worker #0] ML tree search #19, logLikelihood: -14744.389912
[00:52:15] [worker #1] ML tree search #20, logLikelihood: -14746.636802

[00:52:15] ML tree search completed, best tree logLH: -14744.389912

[00:52:15] Starting bootstrapping analysis with 1000 replicates.

[00:54:50] [worker #0] Bootstrap tree #1, logLikelihood: -14706.660201
[00:56:36] [worker #1] Bootstrap tree #2, logLikelihood: -14790.089809
[01:01:35] [worker #1] Bootstrap tree #4, logLikelihood: -14800.474527
[01:02:23] [worker #0] Bootstrap tree #3, logLikelihood: -14699.389309
[01:04:38] [worker #1] Bootstrap tree #6, logLikelihood: -13955.586842
[01:05:21] [worker #0] Bootstrap tree #5, logLikelihood: -14356.193604
[01:09:46] [worker #1] Bootstrap tree #8, logLikelihood: -14548.854218
[01:10:00] [worker #0] Bootstrap tree #7, logLikelihood: -14396.321110
[01:13:09] [worker #1] Bootstrap tree #10, logLikelihood: -15192.269595
[01:13:29] [worker #0] Bootstrap tree #9, logLikelihood: -14041.269496
[01:16:53] [worker #1] Bootstrap tree #12, logLikelihood: -14003.790777
[01:17:30] [worker #0] Bootstrap tree #11, logLikelihood: -14520.990381
[01:20:36] [worker #1] Bootstrap tree #14, logLikelihood: -14529.987623
[01:21:54] [worker #0] Bootstrap tree #13, logLikelihood: -14114.790498
[01:23:18] [worker #1] Bootstrap tree #16, logLikelihood: -14284.596808
[01:26:54] [worker #1] Bootstrap tree #18, logLikelihood: -14090.110900
[01:29:57] [worker #0] Bootstrap tree #15, logLikelihood: -14847.529930
[01:30:08] [worker #1] Bootstrap tree #20, logLikelihood: -13954.712612
[01:33:56] [worker #1] Bootstrap tree #22, logLikelihood: -14160.721577
[01:34:10] [worker #0] Bootstrap tree #17, logLikelihood: -13970.827928
[01:38:54] [worker #1] Bootstrap tree #24, logLikelihood: -14829.302070
[01:39:08] [worker #0] Bootstrap tree #19, logLikelihood: -14416.789799
[01:42:26] [worker #1] Bootstrap tree #26, logLikelihood: -14308.864920
[01:43:17] [worker #0] Bootstrap tree #21, logLikelihood: -14084.420166
[01:45:39] [worker #1] Bootstrap tree #28, logLikelihood: -14359.732820
[01:46:59] [worker #0] Bootstrap tree #23, logLikelihood: -14648.705172
[01:48:33] [worker #1] Bootstrap tree #30, logLikelihood: -14129.398978
[01:51:37] [worker #1] Bootstrap tree #32, logLikelihood: -14311.858250
[01:52:26] [worker #0] Bootstrap tree #25, logLikelihood: -14917.891792
[01:54:40] [worker #1] Bootstrap tree #34, logLikelihood: -14151.582249
[01:55:51] [worker #0] Bootstrap tree #27, logLikelihood: -14294.698354
[01:58:03] [worker #1] Bootstrap tree #36, logLikelihood: -14117.872632
[01:58:54] [worker #0] Bootstrap tree #29, logLikelihood: -14530.357141
[02:01:30] [worker #1] Bootstrap tree #38, logLikelihood: -14635.871777
[02:02:10] [worker #0] Bootstrap tree #31, logLikelihood: -14558.686674
[02:04:47] [worker #1] Bootstrap tree #40, logLikelihood: -14713.366231
[02:05:37] [worker #0] Bootstrap tree #33, logLikelihood: -14352.884521
[02:08:15] [worker #1] Bootstrap tree #42, logLikelihood: -13549.542917
[02:10:11] [worker #0] Bootstrap tree #35, logLikelihood: -14060.666532
[02:12:07] [worker #1] Bootstrap tree #44, logLikelihood: -13781.407994
[02:13:19] [worker #0] Bootstrap tree #37, logLikelihood: -15113.963655
[02:15:44] [worker #1] Bootstrap tree #46, logLikelihood: -14210.823761
[02:16:10] [worker #0] Bootstrap tree #39, logLikelihood: -13605.767631
[02:18:51] [worker #1] Bootstrap tree #48, logLikelihood: -14857.510228
[02:19:44] [worker #0] Bootstrap tree #41, logLikelihood: -14893.737927
[02:22:07] [worker #1] Bootstrap tree #50, logLikelihood: -14444.933230
[02:24:07] [worker #0] Bootstrap tree #43, logLikelihood: -13833.965679
[02:27:08] [worker #0] Bootstrap tree #45, logLikelihood: -13802.275019
[02:30:27] [worker #0] Bootstrap tree #47, logLikelihood: -15083.882993
[02:33:32] [worker #0] Bootstrap tree #49, logLikelihood: -14607.864685
[02:36:39] [worker #0] Bootstrap tree #51, logLikelihood: -14022.217629
[02:38:05] [worker #1] Bootstrap tree #52, logLikelihood: -15020.723942
[02:39:41] [worker #0] Bootstrap tree #53, logLikelihood: -13918.716913
[02:41:05] [worker #1] Bootstrap tree #54, logLikelihood: -14154.444919
[02:43:26] [worker #0] Bootstrap tree #55, logLikelihood: -14152.868111
[02:44:28] [worker #1] Bootstrap tree #56, logLikelihood: -14485.726217
[02:47:08] [worker #0] Bootstrap tree #57, logLikelihood: -14136.080815
[02:47:25] [worker #1] Bootstrap tree #58, logLikelihood: -14533.886471
[02:52:08] [worker #0] Bootstrap tree #59, logLikelihood: -14704.764659
[02:53:22] [worker #1] Bootstrap tree #60, logLikelihood: -13761.398720
[02:56:03] [worker #0] Bootstrap tree #61, logLikelihood: -15367.750609
[02:56:42] [worker #1] Bootstrap tree #62, logLikelihood: -13930.392058
[03:00:21] [worker #0] Bootstrap tree #63, logLikelihood: -13909.175376
[03:00:48] [worker #1] Bootstrap tree #64, logLikelihood: -14892.811053
[03:04:18] [worker #0] Bootstrap tree #65, logLikelihood: -14626.561556
[03:04:32] [worker #1] Bootstrap tree #66, logLikelihood: -14224.900051
[03:07:05] [worker #0] Bootstrap tree #67, logLikelihood: -13927.227790
[03:07:37] [worker #1] Bootstrap tree #68, logLikelihood: -14252.676692
[03:10:20] [worker #0] Bootstrap tree #69, logLikelihood: -14356.208666
[03:10:22] [worker #1] Bootstrap tree #70, logLikelihood: -14279.629230
[03:13:13] [worker #1] Bootstrap tree #72, logLikelihood: -14951.491529
[03:13:58] [worker #0] Bootstrap tree #71, logLikelihood: -13850.540165
[03:16:26] [worker #1] Bootstrap tree #74, logLikelihood: -13697.413150
[03:16:53] [worker #0] Bootstrap tree #73, logLikelihood: -14144.683520
[03:19:49] [worker #0] Bootstrap tree #75, logLikelihood: -15035.581002
[03:20:28] [worker #1] Bootstrap tree #76, logLikelihood: -14013.768664
[03:23:52] [worker #0] Bootstrap tree #77, logLikelihood: -14212.204984
[03:25:09] [worker #1] Bootstrap tree #78, logLikelihood: -14435.943883
[03:26:40] [worker #0] Bootstrap tree #79, logLikelihood: -14620.266155
[03:28:18] [worker #1] Bootstrap tree #80, logLikelihood: -13628.906632
[03:30:33] [worker #0] Bootstrap tree #81, logLikelihood: -14448.892024
[03:30:57] [worker #1] Bootstrap tree #82, logLikelihood: -13813.476372
[03:33:51] [worker #1] Bootstrap tree #84, logLikelihood: -15077.281876
[03:36:06] [worker #0] Bootstrap tree #83, logLikelihood: -14061.085575
[03:37:12] [worker #1] Bootstrap tree #86, logLikelihood: -14607.064454
[03:39:55] [worker #0] Bootstrap tree #85, logLikelihood: -14322.126355
[03:41:34] [worker #1] Bootstrap tree #88, logLikelihood: -13690.122884
[03:42:16] [worker #0] Bootstrap tree #87, logLikelihood: -13644.020724
[03:45:05] [worker #1] Bootstrap tree #90, logLikelihood: -14380.642811
[03:46:02] [worker #0] Bootstrap tree #89, logLikelihood: -14598.709151
[03:47:43] [worker #1] Bootstrap tree #92, logLikelihood: -14393.699209
[03:50:33] [worker #0] Bootstrap tree #91, logLikelihood: -14451.546990
[03:52:55] [worker #1] Bootstrap tree #94, logLikelihood: -14515.285800
[03:53:48] [worker #0] Bootstrap tree #93, logLikelihood: -13860.943528
[03:56:48] [worker #1] Bootstrap tree #96, logLikelihood: -15221.909212
[03:57:35] [worker #0] Bootstrap tree #95, logLikelihood: -14032.485862
[04:00:10] [worker #1] Bootstrap tree #98, logLikelihood: -14452.049466
[04:01:42] [worker #0] Bootstrap tree #97, logLikelihood: -15104.317198
[04:02:53] [worker #1] Bootstrap tree #100, logLikelihood: -13853.307728
[04:05:10] [worker #0] Bootstrap tree #99, logLikelihood: -13677.498949
[04:08:56] [worker #0] Bootstrap tree #101, logLikelihood: -14742.927469
[04:09:13] [worker #1] Bootstrap tree #102, logLikelihood: -14244.021838
[04:12:30] [worker #1] Bootstrap tree #104, logLikelihood: -15030.165591
[04:14:26] [worker #0] Bootstrap tree #103, logLikelihood: -14262.809498
[04:15:45] [worker #1] Bootstrap tree #106, logLikelihood: -14452.732345
[04:18:29] [worker #1] Bootstrap tree #108, logLikelihood: -14551.235312
[04:18:43] [worker #0] Bootstrap tree #105, logLikelihood: -14957.288278
[04:22:12] [worker #0] Bootstrap tree #107, logLikelihood: -14358.659146
[04:22:18] [worker #1] Bootstrap tree #110, logLikelihood: -14949.668990
[04:25:15] [worker #1] Bootstrap tree #112, logLikelihood: -13757.979754
[04:27:38] [worker #0] Bootstrap tree #109, logLikelihood: -14602.933032
[04:28:01] [worker #1] Bootstrap tree #114, logLikelihood: -14170.204025
[04:30:50] [worker #0] Bootstrap tree #111, logLikelihood: -13940.458005
[04:30:50] [worker #1] Bootstrap tree #116, logLikelihood: -14276.834535
[04:34:12] [worker #1] Bootstrap tree #118, logLikelihood: -14016.950438
[04:35:02] [worker #0] Bootstrap tree #113, logLikelihood: -14209.887518
[04:36:58] [worker #1] Bootstrap tree #120, logLikelihood: -14639.698216
[04:37:49] [worker #0] Bootstrap tree #115, logLikelihood: -14197.915796
[04:40:04] [worker #1] Bootstrap tree #122, logLikelihood: -14124.669056
[04:41:53] [worker #0] Bootstrap tree #117, logLikelihood: -14145.320044
[04:43:20] [worker #1] Bootstrap tree #124, logLikelihood: -14068.906963
[04:44:32] [worker #0] Bootstrap tree #119, logLikelihood: -14276.767817
[04:46:53] [worker #1] Bootstrap tree #126, logLikelihood: -15026.742635
[04:47:37] [worker #0] Bootstrap tree #121, logLikelihood: -14876.483714
[04:50:28] [worker #1] Bootstrap tree #128, logLikelihood: -14216.599836
[04:51:12] [worker #0] Bootstrap tree #123, logLikelihood: -15273.601145
[04:53:09] [worker #1] Bootstrap tree #130, logLikelihood: -14221.601602
[04:53:47] [worker #0] Bootstrap tree #125, logLikelihood: -13860.976199
[04:55:37] [worker #1] Bootstrap tree #132, logLikelihood: -14512.288723
[04:56:51] [worker #0] Bootstrap tree #127, logLikelihood: -14405.492593
[04:58:46] [worker #1] Bootstrap tree #134, logLikelihood: -14236.321875
[05:00:07] [worker #0] Bootstrap tree #129, logLikelihood: -14179.992819
[05:01:52] [worker #1] Bootstrap tree #136, logLikelihood: -14332.722906
[05:05:01] [worker #0] Bootstrap tree #131, logLikelihood: -13793.613148
[05:05:49] [worker #1] Bootstrap tree #138, logLikelihood: -14427.117668
[05:07:42] [worker #0] Bootstrap tree #133, logLikelihood: -14176.121603
[05:08:51] [worker #1] Bootstrap tree #140, logLikelihood: -14723.813192
[05:10:58] [worker #0] Bootstrap tree #135, logLikelihood: -13643.399293
[05:11:30] [worker #1] Bootstrap tree #142, logLikelihood: -13323.143414
[05:14:10] [worker #0] Bootstrap tree #137, logLikelihood: -14405.840158
[05:14:39] [worker #1] Bootstrap tree #144, logLikelihood: -14438.137181
[05:17:36] [worker #1] Bootstrap tree #146, logLikelihood: -14004.965108
[05:17:45] [worker #0] Bootstrap tree #139, logLikelihood: -13747.905019
[05:20:24] [worker #1] Bootstrap tree #148, logLikelihood: -14183.559777
[05:21:44] [worker #0] Bootstrap tree #141, logLikelihood: -14378.460836
[05:23:35] [worker #1] Bootstrap tree #150, logLikelihood: -14339.975634
[05:25:06] [worker #0] Bootstrap tree #143, logLikelihood: -14077.268283
[05:27:54] [worker #0] Bootstrap tree #145, logLikelihood: -13706.692931
[05:31:21] [worker #0] Bootstrap tree #147, logLikelihood: -14330.436355
[05:34:49] [worker #0] Bootstrap tree #149, logLikelihood: -13991.244044
[05:37:50] [worker #0] Bootstrap tree #151, logLikelihood: -13581.627057
[05:38:57] [worker #1] Bootstrap tree #152, logLikelihood: -14111.776538
[05:41:06] [worker #0] Bootstrap tree #153, logLikelihood: -14498.088391
[05:42:20] [worker #1] Bootstrap tree #154, logLikelihood: -14775.228323
[05:44:24] [worker #0] Bootstrap tree #155, logLikelihood: -14127.592776
[05:44:40] [worker #1] Bootstrap tree #156, logLikelihood: -14209.770322
[05:47:15] [worker #0] Bootstrap tree #157, logLikelihood: -13918.738064
[05:47:47] [worker #1] Bootstrap tree #158, logLikelihood: -14331.149830
[05:50:05] [worker #0] Bootstrap tree #159, logLikelihood: -14131.568575
[05:51:23] [worker #1] Bootstrap tree #160, logLikelihood: -14377.876060
[05:53:00] [worker #0] Bootstrap tree #161, logLikelihood: -14562.176982
[05:55:21] [worker #1] Bootstrap tree #162, logLikelihood: -14969.623219
[05:57:03] [worker #0] Bootstrap tree #163, logLikelihood: -14996.276794
[05:58:37] [worker #1] Bootstrap tree #164, logLikelihood: -15058.979191
[06:00:15] [worker #0] Bootstrap tree #165, logLikelihood: -13968.603355
[06:02:15] [worker #1] Bootstrap tree #166, logLikelihood: -14264.241634
[06:04:19] [worker #0] Bootstrap tree #167, logLikelihood: -13804.976747
[06:05:27] [worker #1] Bootstrap tree #168, logLikelihood: -13896.456552
[06:06:39] [worker #0] Bootstrap tree #169, logLikelihood: -14422.729443
[06:09:25] [worker #1] Bootstrap tree #170, logLikelihood: -14129.004605
[06:09:39] [worker #0] Bootstrap tree #171, logLikelihood: -14662.667300
[06:12:43] [worker #1] Bootstrap tree #172, logLikelihood: -13595.593668
[06:13:33] [worker #0] Bootstrap tree #173, logLikelihood: -14244.678571
[06:16:07] [worker #1] Bootstrap tree #174, logLikelihood: -13844.024667
[06:16:29] [worker #0] Bootstrap tree #175, logLikelihood: -14642.045419
[06:19:54] [worker #0] Bootstrap tree #177, logLikelihood: -14849.467701
[06:20:59] [worker #1] Bootstrap tree #176, logLikelihood: -14436.026167
[06:23:09] [worker #0] Bootstrap tree #179, logLikelihood: -13840.072554
[06:24:35] [worker #1] Bootstrap tree #178, logLikelihood: -14780.834826
[06:27:28] [worker #0] Bootstrap tree #181, logLikelihood: -14566.959266
[06:27:41] [worker #1] Bootstrap tree #180, logLikelihood: -14747.426116
[06:30:30] [worker #1] Bootstrap tree #182, logLikelihood: -15119.146533
[06:30:51] [worker #0] Bootstrap tree #183, logLikelihood: -14806.667450
[06:33:12] [worker #1] Bootstrap tree #184, logLikelihood: -14569.081862
[06:33:49] [worker #0] Bootstrap tree #185, logLikelihood: -14106.796654
[06:35:57] [worker #1] Bootstrap tree #186, logLikelihood: -14523.831500
[06:36:39] [worker #0] Bootstrap tree #187, logLikelihood: -14272.580126
[06:38:31] [worker #1] Bootstrap tree #188, logLikelihood: -14041.475774
[06:41:27] [worker #0] Bootstrap tree #189, logLikelihood: -14189.635193
[06:41:59] [worker #1] Bootstrap tree #190, logLikelihood: -14698.990082
[06:44:42] [worker #1] Bootstrap tree #192, logLikelihood: -13731.895234
[06:45:30] [worker #0] Bootstrap tree #191, logLikelihood: -14736.590830
[06:48:19] [worker #1] Bootstrap tree #194, logLikelihood: -14226.178996
[06:50:15] [worker #0] Bootstrap tree #193, logLikelihood: -14224.393849
[06:51:39] [worker #1] Bootstrap tree #196, logLikelihood: -15209.131240
[06:53:10] [worker #0] Bootstrap tree #195, logLikelihood: -14335.856697
[06:56:18] [worker #1] Bootstrap tree #198, logLikelihood: -13965.792253
[06:57:12] [worker #0] Bootstrap tree #197, logLikelihood: -14763.728441
[06:59:34] [worker #1] Bootstrap tree #200, logLikelihood: -13979.332761
[07:00:02] [worker #0] Bootstrap tree #199, logLikelihood: -13732.891927
[07:03:30] [worker #1] Bootstrap tree #202, logLikelihood: -15262.682579
[07:03:40] [worker #0] Bootstrap tree #201, logLikelihood: -13626.110297
[07:06:11] [worker #1] Bootstrap tree #204, logLikelihood: -14093.215677
[07:06:34] [worker #0] Bootstrap tree #203, logLikelihood: -14360.280094
[07:09:00] [worker #1] Bootstrap tree #206, logLikelihood: -14605.517535
[07:10:15] [worker #0] Bootstrap tree #205, logLikelihood: -14736.046960
[07:11:53] [worker #1] Bootstrap tree #208, logLikelihood: -14535.037943
[07:14:03] [worker #0] Bootstrap tree #207, logLikelihood: -14350.509002
[07:16:29] [worker #1] Bootstrap tree #210, logLikelihood: -14284.930791
[07:17:41] [worker #0] Bootstrap tree #209, logLikelihood: -14134.034472
[07:20:42] [worker #0] Bootstrap tree #211, logLikelihood: -14810.554292
[07:21:58] [worker #1] Bootstrap tree #212, logLikelihood: -14456.957926
[07:24:22] [worker #0] Bootstrap tree #213, logLikelihood: -14329.081946
[07:26:59] [worker #1] Bootstrap tree #214, logLikelihood: -13765.976859
[07:28:13] [worker #0] Bootstrap tree #215, logLikelihood: -14188.783527
[07:30:28] [worker #1] Bootstrap tree #216, logLikelihood: -14415.786038
[07:32:14] [worker #0] Bootstrap tree #217, logLikelihood: -14767.344319
[07:33:56] [worker #1] Bootstrap tree #218, logLikelihood: -14786.145535
[07:35:05] [worker #0] Bootstrap tree #219, logLikelihood: -14622.857643
[07:37:19] [worker #1] Bootstrap tree #220, logLikelihood: -14613.437540
[07:38:20] [worker #0] Bootstrap tree #221, logLikelihood: -14847.705518
[07:39:59] [worker #1] Bootstrap tree #222, logLikelihood: -15202.944744
[07:41:18] [worker #0] Bootstrap tree #223, logLikelihood: -13804.591181
[07:43:04] [worker #1] Bootstrap tree #224, logLikelihood: -14300.548257
[07:44:10] [worker #0] Bootstrap tree #225, logLikelihood: -15319.433407
[07:47:47] [worker #1] Bootstrap tree #226, logLikelihood: -13538.093124
[07:48:10] [worker #0] Bootstrap tree #227, logLikelihood: -14930.556047
[07:51:02] [worker #0] Bootstrap tree #229, logLikelihood: -14252.291445
[07:51:37] [worker #1] Bootstrap tree #228, logLikelihood: -13513.167281
[07:53:48] [worker #0] Bootstrap tree #231, logLikelihood: -13304.973430
[07:56:33] [worker #1] Bootstrap tree #230, logLikelihood: -13959.305931
[07:57:35] [worker #0] Bootstrap tree #233, logLikelihood: -14210.399837
[07:59:13] [worker #1] Bootstrap tree #232, logLikelihood: -14458.378787
[08:01:52] [worker #0] Bootstrap tree #235, logLikelihood: -14340.076378
[08:01:57] [worker #1] Bootstrap tree #234, logLikelihood: -14915.985857
[08:05:03] [worker #1] Bootstrap tree #236, logLikelihood: -14380.308013
[08:06:18] [worker #0] Bootstrap tree #237, logLikelihood: -14377.314291
[08:09:19] [worker #1] Bootstrap tree #238, logLikelihood: -14766.491966
[08:09:40] [worker #0] Bootstrap tree #239, logLikelihood: -13799.036713
[08:13:16] [worker #1] Bootstrap tree #240, logLikelihood: -14336.687796
[08:14:08] [worker #0] Bootstrap tree #241, logLikelihood: -14228.464098
[08:15:59] [worker #1] Bootstrap tree #242, logLikelihood: -14075.813293
[08:17:44] [worker #0] Bootstrap tree #243, logLikelihood: -14677.721992
[08:20:15] [worker #1] Bootstrap tree #244, logLikelihood: -13620.801648
[08:21:50] [worker #0] Bootstrap tree #245, logLikelihood: -14568.047660
[08:23:29] [worker #1] Bootstrap tree #246, logLikelihood: -14283.090050
[08:25:51] [worker #0] Bootstrap tree #247, logLikelihood: -13743.510798
[08:27:13] [worker #1] Bootstrap tree #248, logLikelihood: -14757.799724
[08:28:53] [worker #0] Bootstrap tree #249, logLikelihood: -14659.010157
[08:31:06] [worker #1] Bootstrap tree #250, logLikelihood: -14693.371384
[08:34:29] [worker #1] Bootstrap tree #252, logLikelihood: -14575.641820
[08:34:40] [worker #0] Bootstrap tree #251, logLikelihood: -14425.783840
[08:38:12] [worker #1] Bootstrap tree #254, logLikelihood: -14444.539977
[08:38:32] [worker #0] Bootstrap tree #253, logLikelihood: -13963.294067
[08:40:51] [worker #0] Bootstrap tree #255, logLikelihood: -14111.501896
[08:41:00] [worker #1] Bootstrap tree #256, logLikelihood: -14069.075902
[08:43:36] [worker #1] Bootstrap tree #258, logLikelihood: -14600.878108
[08:43:43] [worker #0] Bootstrap tree #257, logLikelihood: -13742.053679
[08:46:34] [worker #1] Bootstrap tree #260, logLikelihood: -14672.878933
[08:49:09] [worker #1] Bootstrap tree #262, logLikelihood: -14490.362587
[08:49:17] [worker #0] Bootstrap tree #259, logLikelihood: -15399.941708
[08:52:02] [worker #1] Bootstrap tree #264, logLikelihood: -14430.374246
[08:52:37] [worker #0] Bootstrap tree #261, logLikelihood: -14073.716305
[08:55:25] [worker #1] Bootstrap tree #266, logLikelihood: -14360.458280
[08:56:38] [worker #0] Bootstrap tree #263, logLikelihood: -15253.628439
[08:58:37] [worker #1] Bootstrap tree #268, logLikelihood: -14776.654198
[08:59:54] [worker #0] Bootstrap tree #265, logLikelihood: -14977.042549
[09:01:39] [worker #1] Bootstrap tree #270, logLikelihood: -14442.113714
[09:03:47] [worker #0] Bootstrap tree #267, logLikelihood: -14438.268599
[09:03:59] [worker #1] Bootstrap tree #272, logLikelihood: -14867.053613
[09:07:17] [worker #1] Bootstrap tree #274, logLikelihood: -14303.645996
[09:07:22] [worker #0] Bootstrap tree #269, logLikelihood: -13494.973350
[09:09:58] [worker #1] Bootstrap tree #276, logLikelihood: -14969.099545
[09:10:53] [worker #0] Bootstrap tree #271, logLikelihood: -15085.196201
[09:13:11] [worker #1] Bootstrap tree #278, logLikelihood: -14379.164192
[09:14:39] [worker #0] Bootstrap tree #273, logLikelihood: -13563.585172
[09:16:21] [worker #1] Bootstrap tree #280, logLikelihood: -14553.708427
[09:17:58] [worker #0] Bootstrap tree #275, logLikelihood: -14703.669310
[09:19:31] [worker #1] Bootstrap tree #282, logLikelihood: -13572.898003
[09:22:29] [worker #0] Bootstrap tree #277, logLikelihood: -14544.771343
[09:24:03] [worker #1] Bootstrap tree #284, logLikelihood: -14339.686326
[09:26:01] [worker #0] Bootstrap tree #279, logLikelihood: -14440.476619
[09:27:52] [worker #1] Bootstrap tree #286, logLikelihood: -14809.238604
[09:30:41] [worker #0] Bootstrap tree #281, logLikelihood: -14185.277263
[09:32:21] [worker #1] Bootstrap tree #288, logLikelihood: -14773.943160
[09:34:17] [worker #0] Bootstrap tree #283, logLikelihood: -14805.884765
[09:35:06] [worker #1] Bootstrap tree #290, logLikelihood: -14938.213603
[09:37:30] [worker #0] Bootstrap tree #285, logLikelihood: -14611.232522
[09:38:44] [worker #1] Bootstrap tree #292, logLikelihood: -14258.403547
[09:40:47] [worker #0] Bootstrap tree #287, logLikelihood: -14726.488009
[09:41:59] [worker #1] Bootstrap tree #294, logLikelihood: -13864.568092
[09:43:50] [worker #0] Bootstrap tree #289, logLikelihood: -14699.350846
[09:45:06] [worker #1] Bootstrap tree #296, logLikelihood: -14361.755844
[09:47:10] [worker #0] Bootstrap tree #291, logLikelihood: -14497.798764
[09:48:24] [worker #1] Bootstrap tree #298, logLikelihood: -14472.534765
[09:51:07] [worker #1] Bootstrap tree #300, logLikelihood: -14637.085059
[09:52:37] [worker #0] Bootstrap tree #293, logLikelihood: -14299.705492
[09:56:43] [worker #0] Bootstrap tree #295, logLikelihood: -13616.475257
[10:01:23] [worker #0] Bootstrap tree #297, logLikelihood: -14314.883497
[10:05:24] [worker #0] Bootstrap tree #299, logLikelihood: -14299.315354
[10:08:36] [worker #1] Bootstrap tree #302, logLikelihood: -14365.732841
[10:11:03] [worker #0] Bootstrap tree #301, logLikelihood: -13837.461267
[10:11:52] [worker #1] Bootstrap tree #304, logLikelihood: -14634.740797
[10:14:37] [worker #0] Bootstrap tree #303, logLikelihood: -14464.863694
[10:16:10] [worker #1] Bootstrap tree #306, logLikelihood: -14684.710417
[10:18:46] [worker #1] Bootstrap tree #308, logLikelihood: -14240.214619
[10:19:08] [worker #0] Bootstrap tree #305, logLikelihood: -14678.867356
[10:21:57] [worker #1] Bootstrap tree #310, logLikelihood: -14932.205738
[10:22:32] [worker #0] Bootstrap tree #307, logLikelihood: -14597.184091
[10:25:08] [worker #1] Bootstrap tree #312, logLikelihood: -14454.024302
[10:25:13] [worker #0] Bootstrap tree #309, logLikelihood: -14956.816681
[10:28:11] [worker #1] Bootstrap tree #314, logLikelihood: -14347.951893
[10:29:19] [worker #0] Bootstrap tree #311, logLikelihood: -13996.841133
[10:31:25] [worker #1] Bootstrap tree #316, logLikelihood: -14103.709540
[10:32:18] [worker #0] Bootstrap tree #313, logLikelihood: -13705.853900
[10:34:13] [worker #1] Bootstrap tree #318, logLikelihood: -14812.239082
[10:35:14] [worker #0] Bootstrap tree #315, logLikelihood: -14824.142549
[10:37:13] [worker #1] Bootstrap tree #320, logLikelihood: -14293.136035
[10:38:41] [worker #0] Bootstrap tree #317, logLikelihood: -13443.111995
[10:40:04] [worker #1] Bootstrap tree #322, logLikelihood: -14332.741423
[10:43:22] [worker #0] Bootstrap tree #319, logLikelihood: -15181.145822
[10:44:05] [worker #1] Bootstrap tree #324, logLikelihood: -13633.998267
[10:47:09] [worker #1] Bootstrap tree #326, logLikelihood: -14252.071624
[10:48:28] [worker #0] Bootstrap tree #321, logLikelihood: -14459.773982
[10:50:09] [worker #1] Bootstrap tree #328, logLikelihood: -14014.578951
[10:51:44] [worker #0] Bootstrap tree #323, logLikelihood: -14353.882641
[10:55:11] [worker #1] Bootstrap tree #330, logLikelihood: -14793.923221
[10:55:58] [worker #0] Bootstrap tree #325, logLikelihood: -13853.959299
[10:59:10] [worker #0] Bootstrap tree #327, logLikelihood: -14134.215300
[10:59:20] [worker #1] Bootstrap tree #332, logLikelihood: -13814.069960
[11:01:51] [worker #0] Bootstrap tree #329, logLikelihood: -14273.636548
[11:03:00] [worker #1] Bootstrap tree #334, logLikelihood: -13967.591047
[11:05:03] [worker #0] Bootstrap tree #331, logLikelihood: -13336.578414
[11:06:17] [worker #1] Bootstrap tree #336, logLikelihood: -14701.217693
[11:09:34] [worker #0] Bootstrap tree #333, logLikelihood: -14458.672980
[11:11:19] [worker #1] Bootstrap tree #338, logLikelihood: -14166.997797
[11:13:06] [worker #0] Bootstrap tree #335, logLikelihood: -14736.715447
[11:14:56] [worker #1] Bootstrap tree #340, logLikelihood: -14395.815880
[11:16:21] [worker #0] Bootstrap tree #337, logLikelihood: -14365.051278
[11:18:43] [worker #1] Bootstrap tree #342, logLikelihood: -14529.556261
[11:19:35] [worker #0] Bootstrap tree #339, logLikelihood: -13997.350052
[11:22:02] [worker #1] Bootstrap tree #344, logLikelihood: -13615.952558
[11:22:19] [worker #0] Bootstrap tree #341, logLikelihood: -14921.165516
[11:25:06] [worker #1] Bootstrap tree #346, logLikelihood: -14583.404992
[11:25:18] [worker #0] Bootstrap tree #343, logLikelihood: -13966.250466
[11:28:41] [worker #0] Bootstrap tree #345, logLikelihood: -13803.813747
[11:30:32] [worker #1] Bootstrap tree #348, logLikelihood: -14490.113224
[11:33:46] [worker #1] Bootstrap tree #350, logLikelihood: -14851.465160
[11:33:52] [worker #0] Bootstrap tree #347, logLikelihood: -14375.805401
[11:36:31] [worker #0] Bootstrap tree #349, logLikelihood: -14584.548522
[11:40:21] [worker #1] Bootstrap tree #352, logLikelihood: -13920.053555
[11:41:05] [worker #0] Bootstrap tree #351, logLikelihood: -14730.998910
[11:44:16] [worker #0] Bootstrap tree #353, logLikelihood: -13792.067029
[11:44:47] [worker #1] Bootstrap tree #354, logLikelihood: -14179.469693
[11:47:17] [worker #0] Bootstrap tree #355, logLikelihood: -14032.202131
[11:48:08] [worker #1] Bootstrap tree #356, logLikelihood: -14042.028758
[11:49:59] [worker #0] Bootstrap tree #357, logLikelihood: -14199.499400
[11:51:08] [worker #1] Bootstrap tree #358, logLikelihood: -14189.324199
[11:54:21] [worker #0] Bootstrap tree #359, logLikelihood: -14321.390974
[11:54:33] [worker #1] Bootstrap tree #360, logLikelihood: -14629.350199
[11:56:57] [worker #0] Bootstrap tree #361, logLikelihood: -14132.428469
[11:57:11] [worker #1] Bootstrap tree #362, logLikelihood: -14310.366921
[11:59:43] [worker #1] Bootstrap tree #364, logLikelihood: -15264.691806
[12:02:09] [worker #0] Bootstrap tree #363, logLikelihood: -14997.050691
[12:02:26] [worker #1] Bootstrap tree #366, logLikelihood: -13921.632547
[12:05:02] [worker #0] Bootstrap tree #365, logLikelihood: -12804.142826
[12:05:49] [worker #1] Bootstrap tree #368, logLikelihood: -14481.644193
[12:08:39] [worker #1] Bootstrap tree #370, logLikelihood: -14187.332513
[12:08:53] [worker #0] Bootstrap tree #367, logLikelihood: -14095.095554
[12:11:18] [worker #1] Bootstrap tree #372, logLikelihood: -14417.452818
[12:11:49] [worker #0] Bootstrap tree #369, logLikelihood: -14084.529165
[12:14:23] [worker #1] Bootstrap tree #374, logLikelihood: -14275.469951
[12:15:02] [worker #0] Bootstrap tree #371, logLikelihood: -14344.544049
[12:18:43] [worker #1] Bootstrap tree #376, logLikelihood: -14946.810431
[12:19:19] [worker #0] Bootstrap tree #373, logLikelihood: -13830.246950
[12:21:47] [worker #1] Bootstrap tree #378, logLikelihood: -14815.818437
[12:22:25] [worker #0] Bootstrap tree #375, logLikelihood: -14417.735994
[12:24:59] [worker #1] Bootstrap tree #380, logLikelihood: -14400.333613
[12:25:09] [worker #0] Bootstrap tree #377, logLikelihood: -14359.470267
[12:27:43] [worker #1] Bootstrap tree #382, logLikelihood: -14108.560339
[12:30:07] [worker #0] Bootstrap tree #379, logLikelihood: -14310.265760
[12:30:51] [worker #1] Bootstrap tree #384, logLikelihood: -15528.153870
[12:33:08] [worker #0] Bootstrap tree #381, logLikelihood: -13909.311657
[12:33:46] [worker #1] Bootstrap tree #386, logLikelihood: -14220.727817
[12:36:45] [worker #0] Bootstrap tree #383, logLikelihood: -14537.659474
[12:37:05] [worker #1] Bootstrap tree #388, logLikelihood: -15167.661569
[12:40:27] [worker #1] Bootstrap tree #390, logLikelihood: -14453.501489
[12:41:32] [worker #0] Bootstrap tree #385, logLikelihood: -13751.689405
[12:43:23] [worker #1] Bootstrap tree #392, logLikelihood: -14676.052958
[12:44:33] [worker #0] Bootstrap tree #387, logLikelihood: -15084.846601
[12:46:24] [worker #1] Bootstrap tree #394, logLikelihood: -15311.456337
[12:48:26] [worker #0] Bootstrap tree #389, logLikelihood: -14866.114083
[12:51:42] [worker #0] Bootstrap tree #391, logLikelihood: -14775.547011
[12:51:51] [worker #1] Bootstrap tree #396, logLikelihood: -14276.114006
[12:55:14] [worker #0] Bootstrap tree #393, logLikelihood: -14309.846887
[12:56:51] [worker #1] Bootstrap tree #398, logLikelihood: -14975.968600
[12:58:43] [worker #0] Bootstrap tree #395, logLikelihood: -14671.185862
[12:59:43] [worker #1] Bootstrap tree #400, logLikelihood: -14086.596384
[13:02:04] [worker #0] Bootstrap tree #397, logLikelihood: -14328.963267
[13:05:43] [worker #0] Bootstrap tree #399, logLikelihood: -14093.217664
[13:09:39] [worker #0] Bootstrap tree #401, logLikelihood: -14332.538794
[13:11:38] [worker #1] Bootstrap tree #402, logLikelihood: -13684.848662
[13:13:02] [worker #0] Bootstrap tree #403, logLikelihood: -14124.138444
[13:15:02] [worker #1] Bootstrap tree #404, logLikelihood: -14342.347329
[13:17:51] [worker #1] Bootstrap tree #406, logLikelihood: -14418.182567
[13:18:29] [worker #0] Bootstrap tree #405, logLikelihood: -14474.860463
[13:20:31] [worker #1] Bootstrap tree #408, logLikelihood: -14038.541006
[13:23:33] [worker #1] Bootstrap tree #410, logLikelihood: -13956.660060
[13:26:52] [worker #0] Bootstrap tree #407, logLikelihood: -14681.819930
[13:30:29] [worker #1] Bootstrap tree #412, logLikelihood: -14576.134121
[13:30:42] [worker #0] Bootstrap tree #409, logLikelihood: -13715.510953
[13:33:34] [worker #0] Bootstrap tree #411, logLikelihood: -13530.395802
[13:33:52] [worker #1] Bootstrap tree #414, logLikelihood: -14692.876411
[13:36:45] [worker #0] Bootstrap tree #413, logLikelihood: -14398.855752
[13:36:57] [worker #1] Bootstrap tree #416, logLikelihood: -14446.100816
[13:39:46] [worker #0] Bootstrap tree #415, logLikelihood: -13764.052005
[13:40:01] [worker #1] Bootstrap tree #418, logLikelihood: -13744.959313
[13:43:14] [worker #1] Bootstrap tree #420, logLikelihood: -14421.674643
[13:43:18] [worker #0] Bootstrap tree #417, logLikelihood: -14281.847321
[13:45:59] [worker #1] Bootstrap tree #422, logLikelihood: -14625.326185
[13:46:47] [worker #0] Bootstrap tree #419, logLikelihood: -14606.646022
[13:49:21] [worker #1] Bootstrap tree #424, logLikelihood: -13452.945603
[13:49:53] [worker #0] Bootstrap tree #421, logLikelihood: -14540.932973
[13:52:18] [worker #1] Bootstrap tree #426, logLikelihood: -14642.166748
[13:52:55] [worker #0] Bootstrap tree #423, logLikelihood: -14971.280905
[13:56:55] [worker #0] Bootstrap tree #425, logLikelihood: -14563.754884
[13:57:31] [worker #1] Bootstrap tree #428, logLikelihood: -13435.732742
[13:59:52] [worker #0] Bootstrap tree #427, logLikelihood: -14146.996333
[14:01:20] [worker #1] Bootstrap tree #430, logLikelihood: -14360.644375
[14:03:37] [worker #0] Bootstrap tree #429, logLikelihood: -14414.695295
[14:04:23] [worker #1] Bootstrap tree #432, logLikelihood: -14462.299393
[14:06:31] [worker #0] Bootstrap tree #431, logLikelihood: -14307.162104
[14:07:08] [worker #1] Bootstrap tree #434, logLikelihood: -14891.595686
[14:09:13] [worker #0] Bootstrap tree #433, logLikelihood: -13866.556820
[14:09:57] [worker #1] Bootstrap tree #436, logLikelihood: -14788.069408
[14:12:15] [worker #0] Bootstrap tree #435, logLikelihood: -14587.074675
[14:13:27] [worker #1] Bootstrap tree #438, logLikelihood: -14648.054638
[14:15:03] [worker #0] Bootstrap tree #437, logLikelihood: -14144.146678
[14:17:53] [worker #0] Bootstrap tree #439, logLikelihood: -14157.456879
[14:18:00] [worker #1] Bootstrap tree #440, logLikelihood: -14267.520519
[14:23:27] [worker #1] Bootstrap tree #442, logLikelihood: -14709.297569
[14:23:29] [worker #0] Bootstrap tree #441, logLikelihood: -14495.287737
[14:26:27] [worker #1] Bootstrap tree #444, logLikelihood: -13889.676645
[14:27:33] [worker #0] Bootstrap tree #443, logLikelihood: -14759.102015
[14:30:26] [worker #0] Bootstrap tree #445, logLikelihood: -15095.595893
[14:31:16] [worker #1] Bootstrap tree #446, logLikelihood: -13959.058446
[14:33:33] [worker #0] Bootstrap tree #447, logLikelihood: -14134.862451
[14:33:54] [worker #1] Bootstrap tree #448, logLikelihood: -14631.864654
[14:37:10] [worker #1] Bootstrap tree #450, logLikelihood: -14438.774667
[14:37:50] [worker #0] Bootstrap tree #449, logLikelihood: -14281.411488
[14:41:51] [worker #0] Bootstrap tree #451, logLikelihood: -14148.206321
[14:42:37] [worker #1] Bootstrap tree #452, logLikelihood: -14504.843729
[14:44:27] [worker #0] Bootstrap tree #453, logLikelihood: -14607.982072
[14:45:37] [worker #1] Bootstrap tree #454, logLikelihood: -13979.542168
[14:48:31] [worker #1] Bootstrap tree #456, logLikelihood: -14562.439554
[14:48:41] [worker #0] Bootstrap tree #455, logLikelihood: -14291.204747
[14:52:38] [worker #1] Bootstrap tree #458, logLikelihood: -14302.635053
[14:52:41] [worker #0] Bootstrap tree #457, logLikelihood: -14525.233348
[14:55:29] [worker #0] Bootstrap tree #459, logLikelihood: -14453.823170
[14:57:54] [worker #1] Bootstrap tree #460, logLikelihood: -13439.741471
[14:58:48] [worker #0] Bootstrap tree #461, logLikelihood: -13330.756868
[15:02:05] [worker #0] Bootstrap tree #463, logLikelihood: -14212.431448
[15:03:32] [worker #1] Bootstrap tree #462, logLikelihood: -14222.003851
[15:06:45] [worker #0] Bootstrap tree #465, logLikelihood: -13009.914307
[15:06:56] [worker #1] Bootstrap tree #464, logLikelihood: -14650.981249
[15:11:12] [worker #1] Bootstrap tree #466, logLikelihood: -14737.190756
[15:11:57] [worker #0] Bootstrap tree #467, logLikelihood: -13864.495984
[15:14:36] [worker #1] Bootstrap tree #468, logLikelihood: -14293.185327
[15:17:14] [worker #0] Bootstrap tree #469, logLikelihood: -13841.408248
[15:18:38] [worker #1] Bootstrap tree #470, logLikelihood: -14913.604039
[15:20:47] [worker #0] Bootstrap tree #471, logLikelihood: -14815.147885
[15:21:32] [worker #1] Bootstrap tree #472, logLikelihood: -14576.286027
[15:23:58] [worker #0] Bootstrap tree #473, logLikelihood: -14435.560820
[15:24:12] [worker #1] Bootstrap tree #474, logLikelihood: -14311.722908
[15:26:58] [worker #1] Bootstrap tree #476, logLikelihood: -14240.360998
[15:27:12] [worker #0] Bootstrap tree #475, logLikelihood: -13977.312674
[15:29:32] [worker #1] Bootstrap tree #478, logLikelihood: -13442.946724
[15:30:42] [worker #0] Bootstrap tree #477, logLikelihood: -14520.773835
[15:32:28] [worker #1] Bootstrap tree #480, logLikelihood: -14947.903276
[15:33:47] [worker #0] Bootstrap tree #479, logLikelihood: -13801.825565
[15:35:25] [worker #1] Bootstrap tree #482, logLikelihood: -14676.102269
[15:37:05] [worker #0] Bootstrap tree #481, logLikelihood: -14223.649134
[15:39:47] [worker #1] Bootstrap tree #484, logLikelihood: -13470.830434
[15:40:13] [worker #0] Bootstrap tree #483, logLikelihood: -14217.972887
[15:42:47] [worker #1] Bootstrap tree #486, logLikelihood: -15425.884192
[15:43:24] [worker #0] Bootstrap tree #485, logLikelihood: -14019.318336
[15:45:29] [worker #1] Bootstrap tree #488, logLikelihood: -14226.013163
[15:47:44] [worker #0] Bootstrap tree #487, logLikelihood: -14818.820629
[15:48:34] [worker #1] Bootstrap tree #490, logLikelihood: -14217.360588
[15:50:52] [worker #0] Bootstrap tree #489, logLikelihood: -14127.435889
[15:51:27] [worker #1] Bootstrap tree #492, logLikelihood: -14084.391416
[15:54:07] [worker #1] Bootstrap tree #494, logLikelihood: -14638.969880
[15:54:46] [worker #0] Bootstrap tree #491, logLikelihood: -15081.012729
[15:58:34] [worker #0] Bootstrap tree #493, logLikelihood: -13998.527763
[15:59:16] [worker #1] Bootstrap tree #496, logLikelihood: -14081.676655
[16:01:42] [worker #0] Bootstrap tree #495, logLikelihood: -14828.338048
[16:03:15] [worker #1] Bootstrap tree #498, logLikelihood: -14082.889942
[16:04:42] [worker #0] Bootstrap tree #497, logLikelihood: -15005.128651
[16:06:03] [worker #1] Bootstrap tree #500, logLikelihood: -13955.993006
[16:08:28] [worker #0] Bootstrap tree #499, logLikelihood: -14266.283216
[16:12:10] [worker #1] Bootstrap tree #502, logLikelihood: -13878.064993
[16:12:54] [worker #0] Bootstrap tree #501, logLikelihood: -14382.432318
[16:15:59] [worker #0] Bootstrap tree #503, logLikelihood: -14983.322268
[16:16:29] [worker #1] Bootstrap tree #504, logLikelihood: -14374.383884
[16:18:48] [worker #0] Bootstrap tree #505, logLikelihood: -13671.897260
[16:19:55] [worker #1] Bootstrap tree #506, logLikelihood: -14715.465565
[16:22:23] [worker #0] Bootstrap tree #507, logLikelihood: -14680.056023
[16:23:39] [worker #1] Bootstrap tree #508, logLikelihood: -14360.184427
[16:25:50] [worker #0] Bootstrap tree #509, logLikelihood: -14607.020363
[16:26:44] [worker #1] Bootstrap tree #510, logLikelihood: -15000.429459
[16:29:07] [worker #0] Bootstrap tree #511, logLikelihood: -14328.963944
[16:30:07] [worker #1] Bootstrap tree #512, logLikelihood: -13551.352058
[16:32:34] [worker #0] Bootstrap tree #513, logLikelihood: -14382.982276
[16:33:26] [worker #1] Bootstrap tree #514, logLikelihood: -14376.624932
[16:35:40] [worker #0] Bootstrap tree #515, logLikelihood: -14286.904453
[16:36:21] [worker #1] Bootstrap tree #516, logLikelihood: -13899.973023
[16:38:56] [worker #0] Bootstrap tree #517, logLikelihood: -13660.112880
[16:39:26] [worker #1] Bootstrap tree #518, logLikelihood: -14270.151476
[16:41:31] [worker #0] Bootstrap tree #519, logLikelihood: -14387.924135
[16:42:59] [worker #1] Bootstrap tree #520, logLikelihood: -14081.272791
[16:45:52] [worker #0] Bootstrap tree #521, logLikelihood: -13755.029081
[16:46:06] [worker #1] Bootstrap tree #522, logLikelihood: -14408.507667
[16:48:53] [worker #1] Bootstrap tree #524, logLikelihood: -14434.629499
[16:49:05] [worker #0] Bootstrap tree #523, logLikelihood: -14216.203684
[16:51:48] [worker #0] Bootstrap tree #525, logLikelihood: -14391.120503
[16:51:53] [worker #1] Bootstrap tree #526, logLikelihood: -14007.989850
[16:54:53] [worker #0] Bootstrap tree #527, logLikelihood: -15015.972717
[16:55:01] [worker #1] Bootstrap tree #528, logLikelihood: -14149.183581
[16:57:59] [worker #0] Bootstrap tree #529, logLikelihood: -14443.184607
[16:59:14] [worker #1] Bootstrap tree #530, logLikelihood: -15030.151313
[17:01:50] [worker #0] Bootstrap tree #531, logLikelihood: -14684.581462
[17:02:21] [worker #1] Bootstrap tree #532, logLikelihood: -14594.738310
[17:05:08] [worker #0] Bootstrap tree #533, logLikelihood: -14232.880236
[17:05:29] [worker #1] Bootstrap tree #534, logLikelihood: -14409.718221
[17:09:05] [worker #1] Bootstrap tree #536, logLikelihood: -14146.455273
[17:09:17] [worker #0] Bootstrap tree #535, logLikelihood: -14334.419707
[17:12:20] [worker #0] Bootstrap tree #537, logLikelihood: -14913.164281
[17:12:21] [worker #1] Bootstrap tree #538, logLikelihood: -14421.720893
[17:15:07] [worker #0] Bootstrap tree #539, logLikelihood: -14316.948339
[17:15:36] [worker #1] Bootstrap tree #540, logLikelihood: -13917.398783
[17:18:06] [worker #0] Bootstrap tree #541, logLikelihood: -14180.478097
[17:18:42] [worker #1] Bootstrap tree #542, logLikelihood: -15747.913150
[17:21:22] [worker #0] Bootstrap tree #543, logLikelihood: -14058.414517
[17:21:25] [worker #1] Bootstrap tree #544, logLikelihood: -13925.583965
[17:24:16] [worker #0] Bootstrap tree #545, logLikelihood: -14505.602593
[17:24:23] [worker #1] Bootstrap tree #546, logLikelihood: -15350.156110
[17:26:56] [worker #0] Bootstrap tree #547, logLikelihood: -13735.278974
[17:27:40] [worker #1] Bootstrap tree #548, logLikelihood: -14691.465077
[17:29:49] [worker #0] Bootstrap tree #549, logLikelihood: -14204.863564
[17:31:55] [worker #1] Bootstrap tree #550, logLikelihood: -14422.058308
[17:36:58] [worker #0] Bootstrap tree #551, logLikelihood: -14051.016609
[17:37:08] [worker #1] Bootstrap tree #552, logLikelihood: -14061.514588
[17:40:07] [worker #1] Bootstrap tree #554, logLikelihood: -14262.153941
[17:40:17] [worker #0] Bootstrap tree #553, logLikelihood: -14430.603800
[17:43:06] [worker #0] Bootstrap tree #555, logLikelihood: -14187.146394
[17:45:56] [worker #0] Bootstrap tree #557, logLikelihood: -14871.394159
[17:46:03] [worker #1] Bootstrap tree #556, logLikelihood: -15070.552827
[17:50:02] [worker #0] Bootstrap tree #559, logLikelihood: -14007.001517
[17:50:26] [worker #1] Bootstrap tree #558, logLikelihood: -15390.600066
[17:52:59] [worker #0] Bootstrap tree #561, logLikelihood: -14153.193920
[17:54:14] [worker #1] Bootstrap tree #560, logLikelihood: -14281.520290
[17:56:13] [worker #0] Bootstrap tree #563, logLikelihood: -13895.772938
[17:57:20] [worker #1] Bootstrap tree #562, logLikelihood: -13963.916886
[17:59:38] [worker #0] Bootstrap tree #565, logLikelihood: -14271.224982
[18:00:31] [worker #1] Bootstrap tree #564, logLikelihood: -15016.049839
[18:03:14] [worker #1] Bootstrap tree #566, logLikelihood: -14790.446474
[18:03:48] [worker #0] Bootstrap tree #567, logLikelihood: -14202.321781
[18:05:52] [worker #1] Bootstrap tree #568, logLikelihood: -14275.915507
[18:07:10] [worker #0] Bootstrap tree #569, logLikelihood: -14379.942618
[18:08:35] [worker #1] Bootstrap tree #570, logLikelihood: -14672.984951
[18:10:16] [worker #0] Bootstrap tree #571, logLikelihood: -14512.484796
[18:12:51] [worker #1] Bootstrap tree #572, logLikelihood: -14489.107468
[18:14:30] [worker #0] Bootstrap tree #573, logLikelihood: -14679.173695
[18:15:45] [worker #1] Bootstrap tree #574, logLikelihood: -14900.505323
[18:17:50] [worker #0] Bootstrap tree #575, logLikelihood: -14438.713922
[18:19:04] [worker #1] Bootstrap tree #576, logLikelihood: -14181.232537
[18:21:20] [worker #0] Bootstrap tree #577, logLikelihood: -14413.291480
[18:22:16] [worker #1] Bootstrap tree #578, logLikelihood: -14248.919331
[18:24:10] [worker #0] Bootstrap tree #579, logLikelihood: -14072.572684
[18:25:27] [worker #1] Bootstrap tree #580, logLikelihood: -15033.207002
[18:27:24] [worker #0] Bootstrap tree #581, logLikelihood: -14639.494293
[18:27:54] [worker #1] Bootstrap tree #582, logLikelihood: -14364.710141
[18:30:45] [worker #0] Bootstrap tree #583, logLikelihood: -14360.960922
[18:31:07] [worker #1] Bootstrap tree #584, logLikelihood: -14136.889178
[18:34:06] [worker #0] Bootstrap tree #585, logLikelihood: -14734.044048
[18:34:26] [worker #1] Bootstrap tree #586, logLikelihood: -13545.503626
[18:36:45] [worker #0] Bootstrap tree #587, logLikelihood: -15635.178385
[18:38:12] [worker #1] Bootstrap tree #588, logLikelihood: -14392.783213
[18:40:13] [worker #0] Bootstrap tree #589, logLikelihood: -14230.863467
[18:40:58] [worker #1] Bootstrap tree #590, logLikelihood: -14182.194203
[18:42:45] [worker #0] Bootstrap tree #591, logLikelihood: -14077.702219
[18:44:11] [worker #1] Bootstrap tree #592, logLikelihood: -14191.482720
[18:45:24] [worker #0] Bootstrap tree #593, logLikelihood: -14438.873708
[18:47:45] [worker #1] Bootstrap tree #594, logLikelihood: -13977.749827
[18:48:15] [worker #0] Bootstrap tree #595, logLikelihood: -14443.694491
[18:50:20] [worker #1] Bootstrap tree #596, logLikelihood: -14157.726890
[18:51:50] [worker #0] Bootstrap tree #597, logLikelihood: -14232.535746
[18:54:57] [worker #0] Bootstrap tree #599, logLikelihood: -14589.137407
[18:55:05] [worker #1] Bootstrap tree #598, logLikelihood: -14596.065514
[18:59:20] [worker #1] Bootstrap tree #600, logLikelihood: -14658.493267
[19:00:27] Bootstrapping converged after 600 replicates.

Optimized model parameters:

   Partition 0: noname
   Rate heterogeneity: GAMMA (4 cats, mean),  alpha: 0.943696 (ML),  weights&rates: (0.250000,0.125587) (0.250000,0.459149) (0.250000,0.990006) (0.250000,2.425258) 
   Base frequencies (ML): 0.335589 0.164798 0.180627 0.318986 
   Substitution rates (ML): 1.368712 4.436945 1.006288 1.404331 5.711854 1.000000 


Final LogLikelihood: -14744.389912

AIC score: 31140.779824 / AICc score: 34097.931339 / BIC score: 35404.279598
Free parameters (model + branch lengths): 826

WARNING: Best ML tree contains 140 near-zero branches!

Best ML tree with collapsed near-zero branches saved to: /project/maize_ga1/all_ancient/Ga1P/ab.raxml.bestTreeCollapsed
Best ML tree saved to: /project/maize_ga1/all_ancient/Ga1P/ab.raxml.bestTree
All ML trees saved to: /project/maize_ga1/all_ancient/Ga1P/ab.raxml.mlTrees
Best ML tree with Felsenstein bootstrap (FBP) support values saved to: /project/maize_ga1/all_ancient/Ga1P/ab.raxml.supportFBP
Best ML tree with Transfer bootstrap (TBE) support values saved to: /project/maize_ga1/all_ancient/Ga1P/ab.raxml.supportTBE
Optimized model saved to: /project/maize_ga1/all_ancient/Ga1P/ab.raxml.bestModel
Bootstrap trees saved to: /project/maize_ga1/all_ancient/Ga1P/ab.raxml.bootstraps

Execution log saved to: /project/maize_ga1/all_ancient/Ga1P/ab.raxml.log

Analysis started: 22-Nov-2022 09:14:51 / finished: 23-Nov-2022 04:15:20

Elapsed time: 68428.644 seconds

Consumed energy: 3028.925 Wh (= 15 km in an electric car, or 76 km with an e-scooter!)

